#! /opt/homebrew/Cellar/icarus-verilog/12.0/bin/vvp
:ivl_version "12.0 (stable)";
:ivl_delay_selection "TYPICAL";
:vpi_time_precision - 12;
:vpi_module "/opt/homebrew/Cellar/icarus-verilog/12.0/lib/ivl/system.vpi";
:vpi_module "/opt/homebrew/Cellar/icarus-verilog/12.0/lib/ivl/vhdl_sys.vpi";
:vpi_module "/opt/homebrew/Cellar/icarus-verilog/12.0/lib/ivl/vhdl_textio.vpi";
:vpi_module "/opt/homebrew/Cellar/icarus-verilog/12.0/lib/ivl/v2005_math.vpi";
:vpi_module "/opt/homebrew/Cellar/icarus-verilog/12.0/lib/ivl/va_math.vpi";
S_0x13e778d20 .scope module, "top_level_ESN_system" "top_level_ESN_system" 2 3;
 .timescale -9 -12;
v0x13e79f290_0 .net/s "VOUT1", 31 0, v0x13e78f010_0;  1 drivers
v0x13e79f340_0 .net/s "VOUT10", 31 0, v0x13e7908f0_0;  1 drivers
v0x13e79f3d0_0 .net/s "VOUT2", 31 0, v0x13e7921e0_0;  1 drivers
v0x13e79f4a0_0 .net/s "VOUT3", 31 0, v0x13e793a80_0;  1 drivers
v0x13e79f550_0 .net/s "VOUT4", 31 0, v0x13e795410_0;  1 drivers
v0x13e79f620_0 .net/s "VOUT5", 31 0, v0x13e796c80_0;  1 drivers
v0x13e79f6d0_0 .net/s "VOUT6", 31 0, v0x13e7984e0_0;  1 drivers
v0x13e79f780_0 .net/s "VOUT7", 31 0, v0x13e799d80_0;  1 drivers
v0x13e79f830_0 .net/s "VOUT8", 31 0, v0x13e79b7e0_0;  1 drivers
v0x13e79f960_0 .net/s "VOUT9", 31 0, v0x13e79d0c0_0;  1 drivers
v0x13e79f9f0_0 .net "bitstream_out", 31 0, v0x13e79e3d0_0;  1 drivers
v0x13e79fac0_0 .var "clk", 0 0;
v0x13e79fb50_0 .var/i "csv_file", 31 0;
v0x13e79fbe0_0 .var "ext_input", 31 0;
v0x13e79fc70_0 .var "freq_control", 7 0;
v0x13e79fd00_0 .var/i "i", 31 0;
v0x13e79fda0_0 .net "i_outs", 9 0, L_0x13e7a1670;  1 drivers
v0x13e79ff50_0 .var "rst", 0 0;
v0x13e79ffe0_0 .var "seed1", 15 0;
v0x13e7a00c0_0 .var "seed10", 15 0;
v0x13e7a0150_0 .var "seed2", 15 0;
v0x13e7a0220_0 .var "seed3", 15 0;
v0x13e7a02f0_0 .var "seed4", 15 0;
v0x13e7a03c0_0 .var "seed5", 15 0;
v0x13e7a0490_0 .var "seed6", 15 0;
v0x13e7a0560_0 .var "seed7", 15 0;
v0x13e7a0630_0 .var "seed8", 15 0;
v0x13e7a0700_0 .var "seed9", 15 0;
v0x13e7a07d0_0 .var "sp_in_1", 7 0;
v0x13e7a0860_0 .var "sp_in_10", 7 0;
v0x13e7a08f0_0 .var "sp_in_2", 7 0;
v0x13e7a0980_0 .var "sp_in_3", 7 0;
v0x13e7a0a10_0 .var "sp_in_4", 7 0;
v0x13e79fe30_0 .var "sp_in_5", 7 0;
v0x13e7a0ca0_0 .var "sp_in_6", 7 0;
v0x13e7a0d30_0 .var "sp_in_7", 7 0;
v0x13e7a0dc0_0 .var "sp_in_8", 7 0;
v0x13e7a0e50_0 .var "sp_in_9", 7 0;
v0x13e7a0f00_0 .net "step_wave_out", 15 0, v0x13e79edf0_0;  1 drivers
E_0x13e77cbf0 .event posedge, v0x13e78ec30_0;
LS_0x13e7a1670_0_0 .concat8 [ 1 1 1 1], v0x13e78f5c0_0, v0x13e792790_0, v0x13e794010_0, v0x13e7959d0_0;
LS_0x13e7a1670_0_4 .concat8 [ 1 1 1 1], v0x13e797210_0, v0x13e798a70_0, v0x13e79a310_0, v0x13e79be50_0;
LS_0x13e7a1670_0_8 .concat8 [ 1 1 0 0], v0x13e79d650_0, v0x13e790e70_0;
L_0x13e7a1670 .concat8 [ 4 4 2 0], LS_0x13e7a1670_0_0, LS_0x13e7a1670_0_4, LS_0x13e7a1670_0_8;
S_0x13e773cb0 .scope function.real, "convert_to_real" "convert_to_real" 2 211, 2 211 0, S_0x13e778d20;
 .timescale -9 -12;
; Variable convert_to_real is REAL return value of scope S_0x13e773cb0
v0x13e78e490_0 .var "fixed_point_value", 15 0;
TD_top_level_ESN_system.convert_to_real ;
    %load/vec4 v0x13e78e490_0;
    %cvt/rv;
    %pushi/real 1073741824, 4076; load=1024.00
    %div/wr;
    %ret/real 0; Assign to convert_to_real
    %end;
S_0x13e78e530 .scope module, "neuron1" "lif_neuron" 2 44, 3 99 0, S_0x13e778d20;
 .timescale -9 -12;
    .port_info 0 /INPUT 8 "sp_in";
    .port_info 1 /INPUT 32 "ext_input";
    .port_info 2 /INPUT 1 "clk";
    .port_info 3 /INPUT 1 "rst";
    .port_info 4 /INPUT 16 "req_seed";
    .port_info 5 /OUTPUT 32 "VOUT";
    .port_info 6 /OUTPUT 1 "i_out";
P_0x13e78e6f0 .param/l "s0" 0 3 123, C4<00000000>;
P_0x13e78e730 .param/l "s1" 0 3 124, C4<00000001>;
P_0x13e78e770 .param/l "s2" 0 3 125, C4<00000010>;
L_0x13e7a0f90 .functor BUFZ 8, v0x13e78f820_0, C4<00000000>, C4<00000000>, C4<00000000>;
v0x13e78f010_0 .var/s "VOUT", 31 0;
v0x13e78f0d0_0 .var/s "Vth", 31 0;
v0x13e78f170_0 .var/s "a", 31 0;
v0x13e78f220_0 .net "clk", 0 0, v0x13e79fac0_0;  1 drivers
v0x13e78f2d0_0 .var/s "ext_a", 31 0;
v0x13e78f3b0_0 .net "ext_input", 31 0, v0x13e79fbe0_0;  1 drivers
v0x13e78f460_0 .var/s "ext_w", 31 0;
v0x13e78f510_0 .var/i "i", 31 0;
v0x13e78f5c0_0 .var "i_out", 0 0;
v0x13e78f6d0_0 .var/s "leaky", 31 0;
v0x13e78f770_0 .var/i "n", 31 0;
v0x13e78f820_0 .var "n_s", 7 0;
v0x13e78f8d0_0 .net "p_s", 7 0, L_0x13e7a0f90;  1 drivers
v0x13e78f980_0 .net "req", 0 0, v0x13e78ed90_0;  1 drivers
v0x13e78fa30_0 .net "req_seed", 0 15, v0x13e79ffe0_0;  1 drivers
v0x13e78fac0_0 .net "rst", 0 0, v0x13e79ff50_0;  1 drivers
v0x13e78fb50_0 .net "sp_in", 7 0, v0x13e7a07d0_0;  1 drivers
v0x13e78fce0_0 .var/s "v", 31 0;
v0x13e78fd90_0 .var/s "w", 31 0;
S_0x13e78e9a0 .scope module, "req_gen" "lfsr_req_generator" 3 132, 3 1 0, S_0x13e78e530;
 .timescale -9 -12;
    .port_info 0 /INPUT 1 "clk";
    .port_info 1 /INPUT 1 "rst";
    .port_info 2 /INPUT 16 "seed";
    .port_info 3 /OUTPUT 1 "req";
v0x13e78ec30_0 .net "clk", 0 0, v0x13e79fac0_0;  alias, 1 drivers
v0x13e78ece0_0 .var "lfsr", 15 0;
v0x13e78ed90_0 .var "req", 0 0;
v0x13e78ee40_0 .net "rst", 0 0, v0x13e79ff50_0;  alias, 1 drivers
v0x13e78eee0_0 .net "seed", 15 0, v0x13e79ffe0_0;  alias, 1 drivers
E_0x13e78ebd0 .event posedge, v0x13e78ee40_0, v0x13e78ec30_0;
S_0x13e78fef0 .scope module, "neuron10" "lif_neuron" 2 134, 3 99 0, S_0x13e778d20;
 .timescale -9 -12;
    .port_info 0 /INPUT 8 "sp_in";
    .port_info 1 /INPUT 32 "ext_input";
    .port_info 2 /INPUT 1 "clk";
    .port_info 3 /INPUT 1 "rst";
    .port_info 4 /INPUT 16 "req_seed";
    .port_info 5 /OUTPUT 32 "VOUT";
    .port_info 6 /OUTPUT 1 "i_out";
P_0x13e790060 .param/l "s0" 0 3 123, C4<00000000>;
P_0x13e7900a0 .param/l "s1" 0 3 124, C4<00000001>;
P_0x13e7900e0 .param/l "s2" 0 3 125, C4<00000010>;
L_0x13e7a15c0 .functor BUFZ 8, v0x13e7910f0_0, C4<00000000>, C4<00000000>, C4<00000000>;
v0x13e7908f0_0 .var/s "VOUT", 31 0;
v0x13e7909b0_0 .var/s "Vth", 31 0;
v0x13e790a50_0 .var/s "a", 31 0;
v0x13e790b00_0 .net "clk", 0 0, v0x13e79fac0_0;  alias, 1 drivers
v0x13e790b90_0 .var/s "ext_a", 31 0;
v0x13e790c80_0 .net "ext_input", 31 0, v0x13e79fbe0_0;  alias, 1 drivers
v0x13e790d20_0 .var/s "ext_w", 31 0;
v0x13e790dc0_0 .var/i "i", 31 0;
v0x13e790e70_0 .var "i_out", 0 0;
v0x13e790f90_0 .var/s "leaky", 31 0;
v0x13e791040_0 .var/i "n", 31 0;
v0x13e7910f0_0 .var "n_s", 7 0;
v0x13e7911a0_0 .net "p_s", 7 0, L_0x13e7a15c0;  1 drivers
v0x13e791250_0 .net "req", 0 0, v0x13e790670_0;  1 drivers
v0x13e791300_0 .net "req_seed", 0 15, v0x13e7a00c0_0;  1 drivers
v0x13e791390_0 .net "rst", 0 0, v0x13e79ff50_0;  alias, 1 drivers
v0x13e791420_0 .net "sp_in", 7 0, v0x13e7a0860_0;  1 drivers
v0x13e7915b0_0 .var/s "v", 31 0;
v0x13e791650_0 .var/s "w", 31 0;
S_0x13e7902c0 .scope module, "req_gen" "lfsr_req_generator" 3 132, 3 1 0, S_0x13e78fef0;
 .timescale -9 -12;
    .port_info 0 /INPUT 1 "clk";
    .port_info 1 /INPUT 1 "rst";
    .port_info 2 /INPUT 16 "seed";
    .port_info 3 /OUTPUT 1 "req";
v0x13e7904f0_0 .net "clk", 0 0, v0x13e79fac0_0;  alias, 1 drivers
v0x13e7905d0_0 .var "lfsr", 15 0;
v0x13e790670_0 .var "req", 0 0;
v0x13e790720_0 .net "rst", 0 0, v0x13e79ff50_0;  alias, 1 drivers
v0x13e7907f0_0 .net "seed", 15 0, v0x13e7a00c0_0;  alias, 1 drivers
S_0x13e7917b0 .scope module, "neuron2" "lif_neuron" 2 54, 3 99 0, S_0x13e778d20;
 .timescale -9 -12;
    .port_info 0 /INPUT 8 "sp_in";
    .port_info 1 /INPUT 32 "ext_input";
    .port_info 2 /INPUT 1 "clk";
    .port_info 3 /INPUT 1 "rst";
    .port_info 4 /INPUT 16 "req_seed";
    .port_info 5 /OUTPUT 32 "VOUT";
    .port_info 6 /OUTPUT 1 "i_out";
P_0x13e791920 .param/l "s0" 0 3 123, C4<00000000>;
P_0x13e791960 .param/l "s1" 0 3 124, C4<00000001>;
P_0x13e7919a0 .param/l "s2" 0 3 125, C4<00000010>;
L_0x13e7a1040 .functor BUFZ 8, v0x13e7929f0_0, C4<00000000>, C4<00000000>, C4<00000000>;
v0x13e7921e0_0 .var/s "VOUT", 31 0;
v0x13e7922a0_0 .var/s "Vth", 31 0;
v0x13e792340_0 .var/s "a", 31 0;
v0x13e7923f0_0 .net "clk", 0 0, v0x13e79fac0_0;  alias, 1 drivers
v0x13e792480_0 .var/s "ext_a", 31 0;
v0x13e792570_0 .net "ext_input", 31 0, v0x13e79fbe0_0;  alias, 1 drivers
v0x13e792650_0 .var/s "ext_w", 31 0;
v0x13e7926e0_0 .var/i "i", 31 0;
v0x13e792790_0 .var "i_out", 0 0;
v0x13e7928a0_0 .var/s "leaky", 31 0;
v0x13e792940_0 .var/i "n", 31 0;
v0x13e7929f0_0 .var "n_s", 7 0;
v0x13e792aa0_0 .net "p_s", 7 0, L_0x13e7a1040;  1 drivers
v0x13e792b50_0 .net "req", 0 0, v0x13e791f60_0;  1 drivers
v0x13e792c00_0 .net "req_seed", 0 15, v0x13e7a0150_0;  1 drivers
v0x13e792c90_0 .net "rst", 0 0, v0x13e79ff50_0;  alias, 1 drivers
v0x13e792d20_0 .net "sp_in", 7 0, v0x13e7a08f0_0;  1 drivers
v0x13e792eb0_0 .var/s "v", 31 0;
v0x13e792f50_0 .var/s "w", 31 0;
S_0x13e791b70 .scope module, "req_gen" "lfsr_req_generator" 3 132, 3 1 0, S_0x13e7917b0;
 .timescale -9 -12;
    .port_info 0 /INPUT 1 "clk";
    .port_info 1 /INPUT 1 "rst";
    .port_info 2 /INPUT 16 "seed";
    .port_info 3 /OUTPUT 1 "req";
v0x13e791da0_0 .net "clk", 0 0, v0x13e79fac0_0;  alias, 1 drivers
v0x13e791ec0_0 .var "lfsr", 15 0;
v0x13e791f60_0 .var "req", 0 0;
v0x13e791ff0_0 .net "rst", 0 0, v0x13e79ff50_0;  alias, 1 drivers
v0x13e792100_0 .net "seed", 15 0, v0x13e7a0150_0;  alias, 1 drivers
S_0x13e7930b0 .scope module, "neuron3" "lif_neuron" 2 64, 3 99 0, S_0x13e778d20;
 .timescale -9 -12;
    .port_info 0 /INPUT 8 "sp_in";
    .port_info 1 /INPUT 32 "ext_input";
    .port_info 2 /INPUT 1 "clk";
    .port_info 3 /INPUT 1 "rst";
    .port_info 4 /INPUT 16 "req_seed";
    .port_info 5 /OUTPUT 32 "VOUT";
    .port_info 6 /OUTPUT 1 "i_out";
P_0x13e793220 .param/l "s0" 0 3 123, C4<00000000>;
P_0x13e793260 .param/l "s1" 0 3 124, C4<00000001>;
P_0x13e7932a0 .param/l "s2" 0 3 125, C4<00000010>;
L_0x13e7a10f0 .functor BUFZ 8, v0x13e794270_0, C4<00000000>, C4<00000000>, C4<00000000>;
v0x13e793a80_0 .var/s "VOUT", 31 0;
v0x13e793b40_0 .var/s "Vth", 31 0;
v0x13e793be0_0 .var/s "a", 31 0;
v0x13e793c90_0 .net "clk", 0 0, v0x13e79fac0_0;  alias, 1 drivers
v0x13e793d20_0 .var/s "ext_a", 31 0;
v0x13e793e10_0 .net "ext_input", 31 0, v0x13e79fbe0_0;  alias, 1 drivers
v0x13e793eb0_0 .var/s "ext_w", 31 0;
v0x13e793f60_0 .var/i "i", 31 0;
v0x13e794010_0 .var "i_out", 0 0;
v0x13e794120_0 .var/s "leaky", 31 0;
v0x13e7941c0_0 .var/i "n", 31 0;
v0x13e794270_0 .var "n_s", 7 0;
v0x13e794320_0 .net "p_s", 7 0, L_0x13e7a10f0;  1 drivers
v0x13e7943d0_0 .net "req", 0 0, v0x13e793810_0;  1 drivers
v0x13e794480_0 .net "req_seed", 0 15, v0x13e7a0220_0;  1 drivers
v0x13e794510_0 .net "rst", 0 0, v0x13e79ff50_0;  alias, 1 drivers
v0x13e7945a0_0 .net "sp_in", 7 0, v0x13e7a0980_0;  1 drivers
v0x13e794730_0 .var/s "v", 31 0;
v0x13e7947d0_0 .var/s "w", 31 0;
S_0x13e793490 .scope module, "req_gen" "lfsr_req_generator" 3 132, 3 1 0, S_0x13e7930b0;
 .timescale -9 -12;
    .port_info 0 /INPUT 1 "clk";
    .port_info 1 /INPUT 1 "rst";
    .port_info 2 /INPUT 16 "seed";
    .port_info 3 /OUTPUT 1 "req";
v0x13e7936c0_0 .net "clk", 0 0, v0x13e79fac0_0;  alias, 1 drivers
v0x13e793760_0 .var "lfsr", 15 0;
v0x13e793810_0 .var "req", 0 0;
v0x13e7938c0_0 .net "rst", 0 0, v0x13e79ff50_0;  alias, 1 drivers
v0x13e793950_0 .net "seed", 15 0, v0x13e7a0220_0;  alias, 1 drivers
S_0x13e794930 .scope module, "neuron4" "lif_neuron" 2 74, 3 99 0, S_0x13e778d20;
 .timescale -9 -12;
    .port_info 0 /INPUT 8 "sp_in";
    .port_info 1 /INPUT 32 "ext_input";
    .port_info 2 /INPUT 1 "clk";
    .port_info 3 /INPUT 1 "rst";
    .port_info 4 /INPUT 16 "req_seed";
    .port_info 5 /OUTPUT 32 "VOUT";
    .port_info 6 /OUTPUT 1 "i_out";
P_0x13e794aa0 .param/l "s0" 0 3 123, C4<00000000>;
P_0x13e794ae0 .param/l "s1" 0 3 124, C4<00000001>;
P_0x13e794b20 .param/l "s2" 0 3 125, C4<00000010>;
L_0x13e7a11a0 .functor BUFZ 8, v0x13e795c10_0, C4<00000000>, C4<00000000>, C4<00000000>;
v0x13e795410_0 .var/s "VOUT", 31 0;
v0x13e7954a0_0 .var/s "Vth", 31 0;
v0x13e795540_0 .var/s "a", 31 0;
v0x13e7955f0_0 .net "clk", 0 0, v0x13e79fac0_0;  alias, 1 drivers
v0x13e795680_0 .var/s "ext_a", 31 0;
v0x13e795770_0 .net "ext_input", 31 0, v0x13e79fbe0_0;  alias, 1 drivers
v0x13e795890_0 .var/s "ext_w", 31 0;
v0x13e795920_0 .var/i "i", 31 0;
v0x13e7959d0_0 .var "i_out", 0 0;
v0x13e795ae0_0 .var/s "leaky", 31 0;
v0x13e795b70_0 .var/i "n", 31 0;
v0x13e795c10_0 .var "n_s", 7 0;
v0x13e795cc0_0 .net "p_s", 7 0, L_0x13e7a11a0;  1 drivers
v0x13e795d70_0 .net "req", 0 0, v0x13e795160_0;  1 drivers
v0x13e795e20_0 .net "req_seed", 0 15, v0x13e7a02f0_0;  1 drivers
v0x13e795eb0_0 .net "rst", 0 0, v0x13e79ff50_0;  alias, 1 drivers
v0x13e795f40_0 .net "sp_in", 7 0, v0x13e7a0a10_0;  1 drivers
v0x13e7960d0_0 .var/s "v", 31 0;
v0x13e796170_0 .var/s "w", 31 0;
S_0x13e794cf0 .scope module, "req_gen" "lfsr_req_generator" 3 132, 3 1 0, S_0x13e794930;
 .timescale -9 -12;
    .port_info 0 /INPUT 1 "clk";
    .port_info 1 /INPUT 1 "rst";
    .port_info 2 /INPUT 16 "seed";
    .port_info 3 /OUTPUT 1 "req";
v0x13e794f20_0 .net "clk", 0 0, v0x13e79fac0_0;  alias, 1 drivers
v0x13e7950c0_0 .var "lfsr", 15 0;
v0x13e795160_0 .var "req", 0 0;
v0x13e7951f0_0 .net "rst", 0 0, v0x13e79ff50_0;  alias, 1 drivers
v0x13e795380_0 .net "seed", 15 0, v0x13e7a02f0_0;  alias, 1 drivers
S_0x13e7962d0 .scope module, "neuron5" "lif_neuron" 2 84, 3 99 0, S_0x13e778d20;
 .timescale -9 -12;
    .port_info 0 /INPUT 8 "sp_in";
    .port_info 1 /INPUT 32 "ext_input";
    .port_info 2 /INPUT 1 "clk";
    .port_info 3 /INPUT 1 "rst";
    .port_info 4 /INPUT 16 "req_seed";
    .port_info 5 /OUTPUT 32 "VOUT";
    .port_info 6 /OUTPUT 1 "i_out";
P_0x13e796440 .param/l "s0" 0 3 123, C4<00000000>;
P_0x13e796480 .param/l "s1" 0 3 124, C4<00000001>;
P_0x13e7964c0 .param/l "s2" 0 3 125, C4<00000010>;
L_0x13e7a1250 .functor BUFZ 8, v0x13e797470_0, C4<00000000>, C4<00000000>, C4<00000000>;
v0x13e796c80_0 .var/s "VOUT", 31 0;
v0x13e796d40_0 .var/s "Vth", 31 0;
v0x13e796de0_0 .var/s "a", 31 0;
v0x13e796e90_0 .net "clk", 0 0, v0x13e79fac0_0;  alias, 1 drivers
v0x13e796f20_0 .var/s "ext_a", 31 0;
v0x13e797010_0 .net "ext_input", 31 0, v0x13e79fbe0_0;  alias, 1 drivers
v0x13e7970b0_0 .var/s "ext_w", 31 0;
v0x13e797160_0 .var/i "i", 31 0;
v0x13e797210_0 .var "i_out", 0 0;
v0x13e797320_0 .var/s "leaky", 31 0;
v0x13e7973c0_0 .var/i "n", 31 0;
v0x13e797470_0 .var "n_s", 7 0;
v0x13e797520_0 .net "p_s", 7 0, L_0x13e7a1250;  1 drivers
v0x13e7975d0_0 .net "req", 0 0, v0x13e796a10_0;  1 drivers
v0x13e797680_0 .net "req_seed", 0 15, v0x13e7a03c0_0;  1 drivers
v0x13e797710_0 .net "rst", 0 0, v0x13e79ff50_0;  alias, 1 drivers
v0x13e7977a0_0 .net "sp_in", 7 0, v0x13e79fe30_0;  1 drivers
v0x13e797930_0 .var/s "v", 31 0;
v0x13e7979d0_0 .var/s "w", 31 0;
S_0x13e796690 .scope module, "req_gen" "lfsr_req_generator" 3 132, 3 1 0, S_0x13e7962d0;
 .timescale -9 -12;
    .port_info 0 /INPUT 1 "clk";
    .port_info 1 /INPUT 1 "rst";
    .port_info 2 /INPUT 16 "seed";
    .port_info 3 /OUTPUT 1 "req";
v0x13e7968c0_0 .net "clk", 0 0, v0x13e79fac0_0;  alias, 1 drivers
v0x13e796960_0 .var "lfsr", 15 0;
v0x13e796a10_0 .var "req", 0 0;
v0x13e796ac0_0 .net "rst", 0 0, v0x13e79ff50_0;  alias, 1 drivers
v0x13e796b50_0 .net "seed", 15 0, v0x13e7a03c0_0;  alias, 1 drivers
S_0x13e797b30 .scope module, "neuron6" "lif_neuron" 2 94, 3 99 0, S_0x13e778d20;
 .timescale -9 -12;
    .port_info 0 /INPUT 8 "sp_in";
    .port_info 1 /INPUT 32 "ext_input";
    .port_info 2 /INPUT 1 "clk";
    .port_info 3 /INPUT 1 "rst";
    .port_info 4 /INPUT 16 "req_seed";
    .port_info 5 /OUTPUT 32 "VOUT";
    .port_info 6 /OUTPUT 1 "i_out";
P_0x13e797ca0 .param/l "s0" 0 3 123, C4<00000000>;
P_0x13e797ce0 .param/l "s1" 0 3 124, C4<00000001>;
P_0x13e797d20 .param/l "s2" 0 3 125, C4<00000010>;
L_0x13e7a1300 .functor BUFZ 8, v0x13e798cd0_0, C4<00000000>, C4<00000000>, C4<00000000>;
v0x13e7984e0_0 .var/s "VOUT", 31 0;
v0x13e7985a0_0 .var/s "Vth", 31 0;
v0x13e798640_0 .var/s "a", 31 0;
v0x13e7986f0_0 .net "clk", 0 0, v0x13e79fac0_0;  alias, 1 drivers
v0x13e798780_0 .var/s "ext_a", 31 0;
v0x13e798870_0 .net "ext_input", 31 0, v0x13e79fbe0_0;  alias, 1 drivers
v0x13e798910_0 .var/s "ext_w", 31 0;
v0x13e7989c0_0 .var/i "i", 31 0;
v0x13e798a70_0 .var "i_out", 0 0;
v0x13e798b80_0 .var/s "leaky", 31 0;
v0x13e798c20_0 .var/i "n", 31 0;
v0x13e798cd0_0 .var "n_s", 7 0;
v0x13e798d80_0 .net "p_s", 7 0, L_0x13e7a1300;  1 drivers
v0x13e798e30_0 .net "req", 0 0, v0x13e798270_0;  1 drivers
v0x13e798ee0_0 .net "req_seed", 0 15, v0x13e7a0490_0;  1 drivers
v0x13e798f70_0 .net "rst", 0 0, v0x13e79ff50_0;  alias, 1 drivers
v0x13e799000_0 .net "sp_in", 7 0, v0x13e7a0ca0_0;  1 drivers
v0x13e799190_0 .var/s "v", 31 0;
v0x13e799230_0 .var/s "w", 31 0;
S_0x13e797ef0 .scope module, "req_gen" "lfsr_req_generator" 3 132, 3 1 0, S_0x13e797b30;
 .timescale -9 -12;
    .port_info 0 /INPUT 1 "clk";
    .port_info 1 /INPUT 1 "rst";
    .port_info 2 /INPUT 16 "seed";
    .port_info 3 /OUTPUT 1 "req";
v0x13e798120_0 .net "clk", 0 0, v0x13e79fac0_0;  alias, 1 drivers
v0x13e7981c0_0 .var "lfsr", 15 0;
v0x13e798270_0 .var "req", 0 0;
v0x13e798320_0 .net "rst", 0 0, v0x13e79ff50_0;  alias, 1 drivers
v0x13e7983b0_0 .net "seed", 15 0, v0x13e7a0490_0;  alias, 1 drivers
S_0x13e799390 .scope module, "neuron7" "lif_neuron" 2 104, 3 99 0, S_0x13e778d20;
 .timescale -9 -12;
    .port_info 0 /INPUT 8 "sp_in";
    .port_info 1 /INPUT 32 "ext_input";
    .port_info 2 /INPUT 1 "clk";
    .port_info 3 /INPUT 1 "rst";
    .port_info 4 /INPUT 16 "req_seed";
    .port_info 5 /OUTPUT 32 "VOUT";
    .port_info 6 /OUTPUT 1 "i_out";
P_0x13e799580 .param/l "s0" 0 3 123, C4<00000000>;
P_0x13e7995c0 .param/l "s1" 0 3 124, C4<00000001>;
P_0x13e799600 .param/l "s2" 0 3 125, C4<00000010>;
L_0x13e7a13b0 .functor BUFZ 8, v0x13e79a570_0, C4<00000000>, C4<00000000>, C4<00000000>;
v0x13e799d80_0 .var/s "VOUT", 31 0;
v0x13e799e40_0 .var/s "Vth", 31 0;
v0x13e799ee0_0 .var/s "a", 31 0;
v0x13e799f90_0 .net "clk", 0 0, v0x13e79fac0_0;  alias, 1 drivers
v0x13e79a020_0 .var/s "ext_a", 31 0;
v0x13e79a110_0 .net "ext_input", 31 0, v0x13e79fbe0_0;  alias, 1 drivers
v0x13e79a1b0_0 .var/s "ext_w", 31 0;
v0x13e79a260_0 .var/i "i", 31 0;
v0x13e79a310_0 .var "i_out", 0 0;
v0x13e79a420_0 .var/s "leaky", 31 0;
v0x13e79a4c0_0 .var/i "n", 31 0;
v0x13e79a570_0 .var "n_s", 7 0;
v0x13e79a620_0 .net "p_s", 7 0, L_0x13e7a13b0;  1 drivers
v0x13e79a6d0_0 .net "req", 0 0, v0x13e799b10_0;  1 drivers
v0x13e79a780_0 .net "req_seed", 0 15, v0x13e7a0560_0;  1 drivers
v0x13e79a810_0 .net "rst", 0 0, v0x13e79ff50_0;  alias, 1 drivers
v0x13e79a8a0_0 .net "sp_in", 7 0, v0x13e7a0d30_0;  1 drivers
v0x13e79aa30_0 .var/s "v", 31 0;
v0x13e79aad0_0 .var/s "w", 31 0;
S_0x13e799790 .scope module, "req_gen" "lfsr_req_generator" 3 132, 3 1 0, S_0x13e799390;
 .timescale -9 -12;
    .port_info 0 /INPUT 1 "clk";
    .port_info 1 /INPUT 1 "rst";
    .port_info 2 /INPUT 16 "seed";
    .port_info 3 /OUTPUT 1 "req";
v0x13e7999c0_0 .net "clk", 0 0, v0x13e79fac0_0;  alias, 1 drivers
v0x13e799a60_0 .var "lfsr", 15 0;
v0x13e799b10_0 .var "req", 0 0;
v0x13e799bc0_0 .net "rst", 0 0, v0x13e79ff50_0;  alias, 1 drivers
v0x13e799c50_0 .net "seed", 15 0, v0x13e7a0560_0;  alias, 1 drivers
S_0x13e79ac30 .scope module, "neuron8" "lif_neuron" 2 114, 3 99 0, S_0x13e778d20;
 .timescale -9 -12;
    .port_info 0 /INPUT 8 "sp_in";
    .port_info 1 /INPUT 32 "ext_input";
    .port_info 2 /INPUT 1 "clk";
    .port_info 3 /INPUT 1 "rst";
    .port_info 4 /INPUT 16 "req_seed";
    .port_info 5 /OUTPUT 32 "VOUT";
    .port_info 6 /OUTPUT 1 "i_out";
P_0x13e79ada0 .param/l "s0" 0 3 123, C4<00000000>;
P_0x13e79ade0 .param/l "s1" 0 3 124, C4<00000001>;
P_0x13e79ae20 .param/l "s2" 0 3 125, C4<00000010>;
L_0x13e7a1460 .functor BUFZ 8, v0x13e79c050_0, C4<00000000>, C4<00000000>, C4<00000000>;
v0x13e79b7e0_0 .var/s "VOUT", 31 0;
v0x13e79b8a0_0 .var/s "Vth", 31 0;
v0x13e79b940_0 .var/s "a", 31 0;
v0x13e79b9f0_0 .net "clk", 0 0, v0x13e79fac0_0;  alias, 1 drivers
v0x13e79ba80_0 .var/s "ext_a", 31 0;
v0x13e79bb70_0 .net "ext_input", 31 0, v0x13e79fbe0_0;  alias, 1 drivers
v0x13e79bd10_0 .var/s "ext_w", 31 0;
v0x13e79bda0_0 .var/i "i", 31 0;
v0x13e79be50_0 .var "i_out", 0 0;
v0x13e79bef0_0 .var/s "leaky", 31 0;
v0x13e79bfa0_0 .var/i "n", 31 0;
v0x13e79c050_0 .var "n_s", 7 0;
v0x13e79c100_0 .net "p_s", 7 0, L_0x13e7a1460;  1 drivers
v0x13e79c1b0_0 .net "req", 0 0, v0x13e79b4c0_0;  1 drivers
v0x13e79c260_0 .net "req_seed", 0 15, v0x13e7a0630_0;  1 drivers
v0x13e79c2f0_0 .net "rst", 0 0, v0x13e79ff50_0;  alias, 1 drivers
v0x13e79c380_0 .net "sp_in", 7 0, v0x13e7a0dc0_0;  1 drivers
v0x13e79c510_0 .var/s "v", 31 0;
v0x13e79c5b0_0 .var/s "w", 31 0;
S_0x13e79aff0 .scope module, "req_gen" "lfsr_req_generator" 3 132, 3 1 0, S_0x13e79ac30;
 .timescale -9 -12;
    .port_info 0 /INPUT 1 "clk";
    .port_info 1 /INPUT 1 "rst";
    .port_info 2 /INPUT 16 "seed";
    .port_info 3 /OUTPUT 1 "req";
v0x13e79b220_0 .net "clk", 0 0, v0x13e79fac0_0;  alias, 1 drivers
v0x13e794fc0_0 .var "lfsr", 15 0;
v0x13e79b4c0_0 .var "req", 0 0;
v0x13e79b550_0 .net "rst", 0 0, v0x13e79ff50_0;  alias, 1 drivers
v0x13e795280_0 .net "seed", 15 0, v0x13e7a0630_0;  alias, 1 drivers
S_0x13e79c710 .scope module, "neuron9" "lif_neuron" 2 124, 3 99 0, S_0x13e778d20;
 .timescale -9 -12;
    .port_info 0 /INPUT 8 "sp_in";
    .port_info 1 /INPUT 32 "ext_input";
    .port_info 2 /INPUT 1 "clk";
    .port_info 3 /INPUT 1 "rst";
    .port_info 4 /INPUT 16 "req_seed";
    .port_info 5 /OUTPUT 32 "VOUT";
    .port_info 6 /OUTPUT 1 "i_out";
P_0x13e79c880 .param/l "s0" 0 3 123, C4<00000000>;
P_0x13e79c8c0 .param/l "s1" 0 3 124, C4<00000001>;
P_0x13e79c900 .param/l "s2" 0 3 125, C4<00000010>;
L_0x13e7a1510 .functor BUFZ 8, v0x13e79d8b0_0, C4<00000000>, C4<00000000>, C4<00000000>;
v0x13e79d0c0_0 .var/s "VOUT", 31 0;
v0x13e79d180_0 .var/s "Vth", 31 0;
v0x13e79d220_0 .var/s "a", 31 0;
v0x13e79d2d0_0 .net "clk", 0 0, v0x13e79fac0_0;  alias, 1 drivers
v0x13e79d360_0 .var/s "ext_a", 31 0;
v0x13e79d450_0 .net "ext_input", 31 0, v0x13e79fbe0_0;  alias, 1 drivers
v0x13e79d4f0_0 .var/s "ext_w", 31 0;
v0x13e79d5a0_0 .var/i "i", 31 0;
v0x13e79d650_0 .var "i_out", 0 0;
v0x13e79d760_0 .var/s "leaky", 31 0;
v0x13e79d800_0 .var/i "n", 31 0;
v0x13e79d8b0_0 .var "n_s", 7 0;
v0x13e79d960_0 .net "p_s", 7 0, L_0x13e7a1510;  1 drivers
v0x13e79da10_0 .net "req", 0 0, v0x13e79ce50_0;  1 drivers
v0x13e79dac0_0 .net "req_seed", 0 15, v0x13e7a0700_0;  1 drivers
v0x13e79db50_0 .net "rst", 0 0, v0x13e79ff50_0;  alias, 1 drivers
v0x13e79dbe0_0 .net "sp_in", 7 0, v0x13e7a0e50_0;  1 drivers
v0x13e79dd70_0 .var/s "v", 31 0;
v0x13e79de10_0 .var/s "w", 31 0;
S_0x13e79cad0 .scope module, "req_gen" "lfsr_req_generator" 3 132, 3 1 0, S_0x13e79c710;
 .timescale -9 -12;
    .port_info 0 /INPUT 1 "clk";
    .port_info 1 /INPUT 1 "rst";
    .port_info 2 /INPUT 16 "seed";
    .port_info 3 /OUTPUT 1 "req";
v0x13e79cd00_0 .net "clk", 0 0, v0x13e79fac0_0;  alias, 1 drivers
v0x13e79cda0_0 .var "lfsr", 15 0;
v0x13e79ce50_0 .var "req", 0 0;
v0x13e79cf00_0 .net "rst", 0 0, v0x13e79ff50_0;  alias, 1 drivers
v0x13e79cf90_0 .net "seed", 15 0, v0x13e7a0700_0;  alias, 1 drivers
S_0x13e79df70 .scope module, "uut" "top_module" 2 35, 3 50 0, S_0x13e778d20;
 .timescale -9 -12;
    .port_info 0 /INPUT 1 "clk";
    .port_info 1 /INPUT 1 "rst";
    .port_info 2 /INPUT 8 "freq_control";
    .port_info 3 /OUTPUT 32 "bitstream_out";
    .port_info 4 /OUTPUT 16 "step_wave_out";
v0x13e79ee90_0 .net "bitstream_out", 31 0, v0x13e79e3d0_0;  alias, 1 drivers
v0x13e79ef40_0 .net "clk", 0 0, v0x13e79fac0_0;  alias, 1 drivers
v0x13e79efd0_0 .net "freq_control", 7 0, v0x13e79fc70_0;  1 drivers
v0x13e79f080_0 .net "rst", 0 0, v0x13e79ff50_0;  alias, 1 drivers
v0x13e79f110_0 .net "step_wave_out", 15 0, v0x13e79edf0_0;  alias, 1 drivers
S_0x13e79e160 .scope module, "bitstream_conv" "bitstream_converter" 3 64, 3 72 0, S_0x13e79df70;
 .timescale -9 -12;
    .port_info 0 /INPUT 16 "y_t";
    .port_info 1 /INPUT 1 "rst";
    .port_info 2 /OUTPUT 32 "bitstream_out";
v0x13e79e3d0_0 .var "bitstream_out", 31 0;
v0x13e79e490_0 .var/i "i", 31 0;
v0x13e79e540_0 .var/i "num_on_bits", 31 0;
v0x13e79e600_0 .net "rst", 0 0, v0x13e79ff50_0;  alias, 1 drivers
v0x13e79e690_0 .net "y_t", 15 0, v0x13e79edf0_0;  alias, 1 drivers
E_0x13e79c9e0 .event anyedge, v0x13e78ee40_0, v0x13e79e690_0, v0x13e79e540_0;
S_0x13e79e7b0 .scope module, "step_wave" "step_function" 3 58, 3 21 0, S_0x13e79df70;
 .timescale -9 -12;
    .port_info 0 /INPUT 1 "clk";
    .port_info 1 /INPUT 1 "rst";
    .port_info 2 /OUTPUT 16 "step_wave_out";
P_0x13e79e980 .param/l "MAX_STEPS" 0 3 27, +C4<00000000000000000000000000100000>;
P_0x13e79e9c0 .param/l "STEP_INTERVAL" 1 3 33, +C4<00000000000000000000000000000010>;
P_0x13e79ea00 .param/l "T" 0 3 26, +C4<00000000000000000000000001000000>;
v0x13e79ec30_0 .net "clk", 0 0, v0x13e79fac0_0;  alias, 1 drivers
v0x13e79ecc0_0 .var "counter", 6 0;
v0x13e79ed60_0 .net "rst", 0 0, v0x13e79ff50_0;  alias, 1 drivers
v0x13e79edf0_0 .var "step_wave_out", 15 0;
    .scope S_0x13e79e7b0;
T_1 ;
    %wait E_0x13e78ebd0;
    %load/vec4 v0x13e79ed60_0;
    %flag_set/vec4 8;
    %jmp/0xz  T_1.0, 8;
    %pushi/vec4 0, 0, 16;
    %assign/vec4 v0x13e79edf0_0, 0;
    %pushi/vec4 0, 0, 7;
    %assign/vec4 v0x13e79ecc0_0, 0;
    %jmp T_1.1;
T_1.0 ;
    %load/vec4 v0x13e79ecc0_0;
    %addi 1, 0, 7;
    %assign/vec4 v0x13e79ecc0_0, 0;
    %load/vec4 v0x13e79ecc0_0;
    %pad/u 32;
    %pushi/vec4 2, 0, 32;
    %mod;
    %cmpi/e 0, 0, 32;
    %flag_get/vec4 4;
    %jmp/0 T_1.4, 4;
    %load/vec4 v0x13e79edf0_0;
    %pad/u 32;
    %cmpi/u 32, 0, 32;
    %flag_get/vec4 5;
    %and;
T_1.4;
    %flag_set/vec4 8;
    %jmp/0xz  T_1.2, 8;
    %load/vec4 v0x13e79edf0_0;
    %addi 1, 0, 16;
    %assign/vec4 v0x13e79edf0_0, 0;
T_1.2 ;
T_1.1 ;
    %jmp T_1;
    .thread T_1;
    .scope S_0x13e79e160;
T_2 ;
    %wait E_0x13e79c9e0;
    %load/vec4 v0x13e79e600_0;
    %flag_set/vec4 8;
    %jmp/0xz  T_2.0, 8;
    %pushi/vec4 0, 0, 32;
    %store/vec4 v0x13e79e3d0_0, 0, 32;
    %jmp T_2.1;
T_2.0 ;
    %load/vec4 v0x13e79e690_0;
    %pad/u 32;
    %muli 32, 0, 32;
    %ix/load 4, 16, 0;
    %flag_set/imm 4, 0;
    %shiftr 4;
    %store/vec4 v0x13e79e540_0, 0, 32;
    %pushi/vec4 0, 0, 32;
    %store/vec4 v0x13e79e3d0_0, 0, 32;
    %pushi/vec4 0, 0, 32;
    %store/vec4 v0x13e79e490_0, 0, 32;
T_2.2 ;
    %load/vec4 v0x13e79e490_0;
    %load/vec4 v0x13e79e540_0;
    %cmp/s;
    %jmp/0xz T_2.3, 5;
    %pushi/vec4 1, 0, 1;
    %ix/getv/s 4, v0x13e79e490_0;
    %store/vec4 v0x13e79e3d0_0, 4, 1;
    %load/vec4 v0x13e79e490_0;
    %addi 1, 0, 32;
    %store/vec4 v0x13e79e490_0, 0, 32;
    %jmp T_2.2;
T_2.3 ;
T_2.1 ;
    %jmp T_2;
    .thread T_2, $push;
    .scope S_0x13e78e9a0;
T_3 ;
    %wait E_0x13e78ebd0;
    %load/vec4 v0x13e78ee40_0;
    %flag_set/vec4 8;
    %jmp/0xz  T_3.0, 8;
    %load/vec4 v0x13e78eee0_0;
    %assign/vec4 v0x13e78ece0_0, 0;
    %pushi/vec4 0, 0, 1;
    %assign/vec4 v0x13e78ed90_0, 0;
    %jmp T_3.1;
T_3.0 ;
    %load/vec4 v0x13e78ece0_0;
    %parti/s 15, 0, 2;
    %load/vec4 v0x13e78ece0_0;
    %parti/s 1, 15, 5;
    %load/vec4 v0x13e78ece0_0;
    %parti/s 1, 13, 5;
    %xor;
    %concat/vec4; draw_concat_vec4
    %assign/vec4 v0x13e78ece0_0, 0;
    %load/vec4 v0x13e78ece0_0;
    %parti/s 1, 0, 2;
    %assign/vec4 v0x13e78ed90_0, 0;
T_3.1 ;
    %jmp T_3;
    .thread T_3;
    .scope S_0x13e78e530;
T_4 ;
    %pushi/vec4 0, 0, 32;
    %store/vec4 v0x13e78fce0_0, 0, 32;
    %pushi/vec4 64659, 0, 32;
    %store/vec4 v0x13e78f0d0_0, 0, 32;
    %pushi/vec4 8192, 0, 32;
    %store/vec4 v0x13e78f6d0_0, 0, 32;
    %pushi/vec4 8192, 0, 32;
    %store/vec4 v0x13e78fd90_0, 0, 32;
    %pushi/vec4 256, 0, 32;
    %store/vec4 v0x13e78f460_0, 0, 32;
    %end;
    .thread T_4;
    .scope S_0x13e78e530;
T_5 ;
    %wait E_0x13e78ebd0;
    %load/vec4 v0x13e78fac0_0;
    %flag_set/vec4 8;
    %jmp/0xz  T_5.0, 8;
    %pushi/vec4 0, 0, 8;
    %assign/vec4 v0x13e78f820_0, 0;
    %pushi/vec4 0, 0, 1;
    %assign/vec4 v0x13e78f5c0_0, 0;
    %jmp T_5.1;
T_5.0 ;
    %load/vec4 v0x13e78f8d0_0;
    %dup/vec4;
    %pushi/vec4 0, 0, 8;
    %cmp/u;
    %jmp/1 T_5.2, 6;
    %dup/vec4;
    %pushi/vec4 1, 0, 8;
    %cmp/u;
    %jmp/1 T_5.3, 6;
    %dup/vec4;
    %pushi/vec4 2, 0, 8;
    %cmp/u;
    %jmp/1 T_5.4, 6;
    %jmp T_5.5;
T_5.2 ;
    %pushi/vec4 0, 0, 1;
    %assign/vec4 v0x13e78f5c0_0, 0;
    %pushi/vec4 1, 0, 8;
    %assign/vec4 v0x13e78f820_0, 0;
    %jmp T_5.5;
T_5.3 ;
    %load/vec4 v0x13e78f980_0;
    %flag_set/vec4 8;
    %jmp/0xz  T_5.6, 8;
    %pushi/vec4 0, 0, 32;
    %store/vec4 v0x13e78f170_0, 0, 32;
    %pushi/vec4 0, 0, 32;
    %store/vec4 v0x13e78f770_0, 0, 32;
T_5.8 ;
    %load/vec4 v0x13e78f770_0;
    %cmpi/s 8, 0, 32;
    %jmp/0xz T_5.9, 5;
    %load/vec4 v0x13e78f170_0;
    %load/vec4 v0x13e78fb50_0;
    %load/vec4 v0x13e78f770_0;
    %part/s 1;
    %pad/u 32;
    %load/vec4 v0x13e78fd90_0;
    %mul;
    %add;
    %store/vec4 v0x13e78f170_0, 0, 32;
    ; show_stmt_assign_vector: Get l-value for compressed += operand
    %load/vec4 v0x13e78f770_0;
    %pushi/vec4 1, 0, 32;
    %add;
    %store/vec4 v0x13e78f770_0, 0, 32;
    %jmp T_5.8;
T_5.9 ;
    %pushi/vec4 0, 0, 32;
    %store/vec4 v0x13e78f2d0_0, 0, 32;
    %pushi/vec4 0, 0, 32;
    %store/vec4 v0x13e78f510_0, 0, 32;
T_5.10 ;
    %load/vec4 v0x13e78f510_0;
    %cmpi/s 32, 0, 32;
    %jmp/0xz T_5.11, 5;
    %load/vec4 v0x13e78f2d0_0;
    %load/vec4 v0x13e78f3b0_0;
    %load/vec4 v0x13e78f510_0;
    %part/s 1;
    %pad/u 32;
    %load/vec4 v0x13e78f460_0;
    %mul;
    %add;
    %store/vec4 v0x13e78f2d0_0, 0, 32;
    ; show_stmt_assign_vector: Get l-value for compressed += operand
    %load/vec4 v0x13e78f510_0;
    %pushi/vec4 1, 0, 32;
    %add;
    %store/vec4 v0x13e78f510_0, 0, 32;
    %jmp T_5.10;
T_5.11 ;
    %load/vec4 v0x13e78f170_0;
    %load/vec4 v0x13e78f2d0_0;
    %add;
    %cmpi/s 0, 0, 32;
    %flag_or 5, 4; GT is !LE
    %flag_inv 5;
    %jmp/0xz  T_5.12, 5;
    %load/vec4 v0x13e78fce0_0;
    %load/vec4 v0x13e78f170_0;
    %add;
    %load/vec4 v0x13e78f2d0_0;
    %add;
    %assign/vec4 v0x13e78fce0_0, 0;
    %jmp T_5.13;
T_5.12 ;
    %load/vec4 v0x13e78fce0_0;
    %cmpi/s 0, 0, 32;
    %flag_or 5, 4; GT is !LE
    %flag_inv 5;
    %jmp/0xz  T_5.14, 5;
    %load/vec4 v0x13e78fce0_0;
    %load/vec4 v0x13e78f6d0_0;
    %sub;
    %assign/vec4 v0x13e78fce0_0, 0;
    %load/vec4 v0x13e78fce0_0;
    %cmpi/s 0, 0, 32;
    %jmp/0xz  T_5.16, 5;
    %pushi/vec4 0, 0, 32;
    %assign/vec4 v0x13e78fce0_0, 0;
T_5.16 ;
T_5.14 ;
T_5.13 ;
    %load/vec4 v0x13e78fce0_0;
    %cmpi/s 0, 0, 32;
    %jmp/0xz  T_5.18, 5;
    %pushi/vec4 0, 0, 32;
    %assign/vec4 v0x13e78fce0_0, 0;
T_5.18 ;
    %load/vec4 v0x13e78fce0_0;
    %assign/vec4 v0x13e78f010_0, 0;
    %load/vec4 v0x13e78f0d0_0;
    %load/vec4 v0x13e78fce0_0;
    %cmp/s;
    %flag_or 5, 4;
    %jmp/0xz  T_5.20, 5;
    %pushi/vec4 2, 0, 8;
    %assign/vec4 v0x13e78f820_0, 0;
T_5.20 ;
T_5.6 ;
    %jmp T_5.5;
T_5.4 ;
    %pushi/vec4 0, 0, 32;
    %assign/vec4 v0x13e78fce0_0, 0;
    %pushi/vec4 0, 0, 32;
    %assign/vec4 v0x13e78f010_0, 0;
    %pushi/vec4 1, 0, 1;
    %assign/vec4 v0x13e78f5c0_0, 0;
    %pushi/vec4 0, 0, 8;
    %assign/vec4 v0x13e78f820_0, 0;
    %jmp T_5.5;
T_5.5 ;
    %pop/vec4 1;
T_5.1 ;
    %jmp T_5;
    .thread T_5;
    .scope S_0x13e791b70;
T_6 ;
    %wait E_0x13e78ebd0;
    %load/vec4 v0x13e791ff0_0;
    %flag_set/vec4 8;
    %jmp/0xz  T_6.0, 8;
    %load/vec4 v0x13e792100_0;
    %assign/vec4 v0x13e791ec0_0, 0;
    %pushi/vec4 0, 0, 1;
    %assign/vec4 v0x13e791f60_0, 0;
    %jmp T_6.1;
T_6.0 ;
    %load/vec4 v0x13e791ec0_0;
    %parti/s 15, 0, 2;
    %load/vec4 v0x13e791ec0_0;
    %parti/s 1, 15, 5;
    %load/vec4 v0x13e791ec0_0;
    %parti/s 1, 13, 5;
    %xor;
    %concat/vec4; draw_concat_vec4
    %assign/vec4 v0x13e791ec0_0, 0;
    %load/vec4 v0x13e791ec0_0;
    %parti/s 1, 0, 2;
    %assign/vec4 v0x13e791f60_0, 0;
T_6.1 ;
    %jmp T_6;
    .thread T_6;
    .scope S_0x13e7917b0;
T_7 ;
    %pushi/vec4 0, 0, 32;
    %store/vec4 v0x13e792eb0_0, 0, 32;
    %pushi/vec4 64659, 0, 32;
    %store/vec4 v0x13e7922a0_0, 0, 32;
    %pushi/vec4 8192, 0, 32;
    %store/vec4 v0x13e7928a0_0, 0, 32;
    %pushi/vec4 8192, 0, 32;
    %store/vec4 v0x13e792f50_0, 0, 32;
    %pushi/vec4 256, 0, 32;
    %store/vec4 v0x13e792650_0, 0, 32;
    %end;
    .thread T_7;
    .scope S_0x13e7917b0;
T_8 ;
    %wait E_0x13e78ebd0;
    %load/vec4 v0x13e792c90_0;
    %flag_set/vec4 8;
    %jmp/0xz  T_8.0, 8;
    %pushi/vec4 0, 0, 8;
    %assign/vec4 v0x13e7929f0_0, 0;
    %pushi/vec4 0, 0, 1;
    %assign/vec4 v0x13e792790_0, 0;
    %jmp T_8.1;
T_8.0 ;
    %load/vec4 v0x13e792aa0_0;
    %dup/vec4;
    %pushi/vec4 0, 0, 8;
    %cmp/u;
    %jmp/1 T_8.2, 6;
    %dup/vec4;
    %pushi/vec4 1, 0, 8;
    %cmp/u;
    %jmp/1 T_8.3, 6;
    %dup/vec4;
    %pushi/vec4 2, 0, 8;
    %cmp/u;
    %jmp/1 T_8.4, 6;
    %jmp T_8.5;
T_8.2 ;
    %pushi/vec4 0, 0, 1;
    %assign/vec4 v0x13e792790_0, 0;
    %pushi/vec4 1, 0, 8;
    %assign/vec4 v0x13e7929f0_0, 0;
    %jmp T_8.5;
T_8.3 ;
    %load/vec4 v0x13e792b50_0;
    %flag_set/vec4 8;
    %jmp/0xz  T_8.6, 8;
    %pushi/vec4 0, 0, 32;
    %store/vec4 v0x13e792340_0, 0, 32;
    %pushi/vec4 0, 0, 32;
    %store/vec4 v0x13e792940_0, 0, 32;
T_8.8 ;
    %load/vec4 v0x13e792940_0;
    %cmpi/s 8, 0, 32;
    %jmp/0xz T_8.9, 5;
    %load/vec4 v0x13e792340_0;
    %load/vec4 v0x13e792d20_0;
    %load/vec4 v0x13e792940_0;
    %part/s 1;
    %pad/u 32;
    %load/vec4 v0x13e792f50_0;
    %mul;
    %add;
    %store/vec4 v0x13e792340_0, 0, 32;
    ; show_stmt_assign_vector: Get l-value for compressed += operand
    %load/vec4 v0x13e792940_0;
    %pushi/vec4 1, 0, 32;
    %add;
    %store/vec4 v0x13e792940_0, 0, 32;
    %jmp T_8.8;
T_8.9 ;
    %pushi/vec4 0, 0, 32;
    %store/vec4 v0x13e792480_0, 0, 32;
    %pushi/vec4 0, 0, 32;
    %store/vec4 v0x13e7926e0_0, 0, 32;
T_8.10 ;
    %load/vec4 v0x13e7926e0_0;
    %cmpi/s 32, 0, 32;
    %jmp/0xz T_8.11, 5;
    %load/vec4 v0x13e792480_0;
    %load/vec4 v0x13e792570_0;
    %load/vec4 v0x13e7926e0_0;
    %part/s 1;
    %pad/u 32;
    %load/vec4 v0x13e792650_0;
    %mul;
    %add;
    %store/vec4 v0x13e792480_0, 0, 32;
    ; show_stmt_assign_vector: Get l-value for compressed += operand
    %load/vec4 v0x13e7926e0_0;
    %pushi/vec4 1, 0, 32;
    %add;
    %store/vec4 v0x13e7926e0_0, 0, 32;
    %jmp T_8.10;
T_8.11 ;
    %load/vec4 v0x13e792340_0;
    %load/vec4 v0x13e792480_0;
    %add;
    %cmpi/s 0, 0, 32;
    %flag_or 5, 4; GT is !LE
    %flag_inv 5;
    %jmp/0xz  T_8.12, 5;
    %load/vec4 v0x13e792eb0_0;
    %load/vec4 v0x13e792340_0;
    %add;
    %load/vec4 v0x13e792480_0;
    %add;
    %assign/vec4 v0x13e792eb0_0, 0;
    %jmp T_8.13;
T_8.12 ;
    %load/vec4 v0x13e792eb0_0;
    %cmpi/s 0, 0, 32;
    %flag_or 5, 4; GT is !LE
    %flag_inv 5;
    %jmp/0xz  T_8.14, 5;
    %load/vec4 v0x13e792eb0_0;
    %load/vec4 v0x13e7928a0_0;
    %sub;
    %assign/vec4 v0x13e792eb0_0, 0;
    %load/vec4 v0x13e792eb0_0;
    %cmpi/s 0, 0, 32;
    %jmp/0xz  T_8.16, 5;
    %pushi/vec4 0, 0, 32;
    %assign/vec4 v0x13e792eb0_0, 0;
T_8.16 ;
T_8.14 ;
T_8.13 ;
    %load/vec4 v0x13e792eb0_0;
    %cmpi/s 0, 0, 32;
    %jmp/0xz  T_8.18, 5;
    %pushi/vec4 0, 0, 32;
    %assign/vec4 v0x13e792eb0_0, 0;
T_8.18 ;
    %load/vec4 v0x13e792eb0_0;
    %assign/vec4 v0x13e7921e0_0, 0;
    %load/vec4 v0x13e7922a0_0;
    %load/vec4 v0x13e792eb0_0;
    %cmp/s;
    %flag_or 5, 4;
    %jmp/0xz  T_8.20, 5;
    %pushi/vec4 2, 0, 8;
    %assign/vec4 v0x13e7929f0_0, 0;
T_8.20 ;
T_8.6 ;
    %jmp T_8.5;
T_8.4 ;
    %pushi/vec4 0, 0, 32;
    %assign/vec4 v0x13e792eb0_0, 0;
    %pushi/vec4 0, 0, 32;
    %assign/vec4 v0x13e7921e0_0, 0;
    %pushi/vec4 1, 0, 1;
    %assign/vec4 v0x13e792790_0, 0;
    %pushi/vec4 0, 0, 8;
    %assign/vec4 v0x13e7929f0_0, 0;
    %jmp T_8.5;
T_8.5 ;
    %pop/vec4 1;
T_8.1 ;
    %jmp T_8;
    .thread T_8;
    .scope S_0x13e793490;
T_9 ;
    %wait E_0x13e78ebd0;
    %load/vec4 v0x13e7938c0_0;
    %flag_set/vec4 8;
    %jmp/0xz  T_9.0, 8;
    %load/vec4 v0x13e793950_0;
    %assign/vec4 v0x13e793760_0, 0;
    %pushi/vec4 0, 0, 1;
    %assign/vec4 v0x13e793810_0, 0;
    %jmp T_9.1;
T_9.0 ;
    %load/vec4 v0x13e793760_0;
    %parti/s 15, 0, 2;
    %load/vec4 v0x13e793760_0;
    %parti/s 1, 15, 5;
    %load/vec4 v0x13e793760_0;
    %parti/s 1, 13, 5;
    %xor;
    %concat/vec4; draw_concat_vec4
    %assign/vec4 v0x13e793760_0, 0;
    %load/vec4 v0x13e793760_0;
    %parti/s 1, 0, 2;
    %assign/vec4 v0x13e793810_0, 0;
T_9.1 ;
    %jmp T_9;
    .thread T_9;
    .scope S_0x13e7930b0;
T_10 ;
    %pushi/vec4 0, 0, 32;
    %store/vec4 v0x13e794730_0, 0, 32;
    %pushi/vec4 64659, 0, 32;
    %store/vec4 v0x13e793b40_0, 0, 32;
    %pushi/vec4 8192, 0, 32;
    %store/vec4 v0x13e794120_0, 0, 32;
    %pushi/vec4 8192, 0, 32;
    %store/vec4 v0x13e7947d0_0, 0, 32;
    %pushi/vec4 256, 0, 32;
    %store/vec4 v0x13e793eb0_0, 0, 32;
    %end;
    .thread T_10;
    .scope S_0x13e7930b0;
T_11 ;
    %wait E_0x13e78ebd0;
    %load/vec4 v0x13e794510_0;
    %flag_set/vec4 8;
    %jmp/0xz  T_11.0, 8;
    %pushi/vec4 0, 0, 8;
    %assign/vec4 v0x13e794270_0, 0;
    %pushi/vec4 0, 0, 1;
    %assign/vec4 v0x13e794010_0, 0;
    %jmp T_11.1;
T_11.0 ;
    %load/vec4 v0x13e794320_0;
    %dup/vec4;
    %pushi/vec4 0, 0, 8;
    %cmp/u;
    %jmp/1 T_11.2, 6;
    %dup/vec4;
    %pushi/vec4 1, 0, 8;
    %cmp/u;
    %jmp/1 T_11.3, 6;
    %dup/vec4;
    %pushi/vec4 2, 0, 8;
    %cmp/u;
    %jmp/1 T_11.4, 6;
    %jmp T_11.5;
T_11.2 ;
    %pushi/vec4 0, 0, 1;
    %assign/vec4 v0x13e794010_0, 0;
    %pushi/vec4 1, 0, 8;
    %assign/vec4 v0x13e794270_0, 0;
    %jmp T_11.5;
T_11.3 ;
    %load/vec4 v0x13e7943d0_0;
    %flag_set/vec4 8;
    %jmp/0xz  T_11.6, 8;
    %pushi/vec4 0, 0, 32;
    %store/vec4 v0x13e793be0_0, 0, 32;
    %pushi/vec4 0, 0, 32;
    %store/vec4 v0x13e7941c0_0, 0, 32;
T_11.8 ;
    %load/vec4 v0x13e7941c0_0;
    %cmpi/s 8, 0, 32;
    %jmp/0xz T_11.9, 5;
    %load/vec4 v0x13e793be0_0;
    %load/vec4 v0x13e7945a0_0;
    %load/vec4 v0x13e7941c0_0;
    %part/s 1;
    %pad/u 32;
    %load/vec4 v0x13e7947d0_0;
    %mul;
    %add;
    %store/vec4 v0x13e793be0_0, 0, 32;
    ; show_stmt_assign_vector: Get l-value for compressed += operand
    %load/vec4 v0x13e7941c0_0;
    %pushi/vec4 1, 0, 32;
    %add;
    %store/vec4 v0x13e7941c0_0, 0, 32;
    %jmp T_11.8;
T_11.9 ;
    %pushi/vec4 0, 0, 32;
    %store/vec4 v0x13e793d20_0, 0, 32;
    %pushi/vec4 0, 0, 32;
    %store/vec4 v0x13e793f60_0, 0, 32;
T_11.10 ;
    %load/vec4 v0x13e793f60_0;
    %cmpi/s 32, 0, 32;
    %jmp/0xz T_11.11, 5;
    %load/vec4 v0x13e793d20_0;
    %load/vec4 v0x13e793e10_0;
    %load/vec4 v0x13e793f60_0;
    %part/s 1;
    %pad/u 32;
    %load/vec4 v0x13e793eb0_0;
    %mul;
    %add;
    %store/vec4 v0x13e793d20_0, 0, 32;
    ; show_stmt_assign_vector: Get l-value for compressed += operand
    %load/vec4 v0x13e793f60_0;
    %pushi/vec4 1, 0, 32;
    %add;
    %store/vec4 v0x13e793f60_0, 0, 32;
    %jmp T_11.10;
T_11.11 ;
    %load/vec4 v0x13e793be0_0;
    %load/vec4 v0x13e793d20_0;
    %add;
    %cmpi/s 0, 0, 32;
    %flag_or 5, 4; GT is !LE
    %flag_inv 5;
    %jmp/0xz  T_11.12, 5;
    %load/vec4 v0x13e794730_0;
    %load/vec4 v0x13e793be0_0;
    %add;
    %load/vec4 v0x13e793d20_0;
    %add;
    %assign/vec4 v0x13e794730_0, 0;
    %jmp T_11.13;
T_11.12 ;
    %load/vec4 v0x13e794730_0;
    %cmpi/s 0, 0, 32;
    %flag_or 5, 4; GT is !LE
    %flag_inv 5;
    %jmp/0xz  T_11.14, 5;
    %load/vec4 v0x13e794730_0;
    %load/vec4 v0x13e794120_0;
    %sub;
    %assign/vec4 v0x13e794730_0, 0;
    %load/vec4 v0x13e794730_0;
    %cmpi/s 0, 0, 32;
    %jmp/0xz  T_11.16, 5;
    %pushi/vec4 0, 0, 32;
    %assign/vec4 v0x13e794730_0, 0;
T_11.16 ;
T_11.14 ;
T_11.13 ;
    %load/vec4 v0x13e794730_0;
    %cmpi/s 0, 0, 32;
    %jmp/0xz  T_11.18, 5;
    %pushi/vec4 0, 0, 32;
    %assign/vec4 v0x13e794730_0, 0;
T_11.18 ;
    %load/vec4 v0x13e794730_0;
    %assign/vec4 v0x13e793a80_0, 0;
    %load/vec4 v0x13e793b40_0;
    %load/vec4 v0x13e794730_0;
    %cmp/s;
    %flag_or 5, 4;
    %jmp/0xz  T_11.20, 5;
    %pushi/vec4 2, 0, 8;
    %assign/vec4 v0x13e794270_0, 0;
T_11.20 ;
T_11.6 ;
    %jmp T_11.5;
T_11.4 ;
    %pushi/vec4 0, 0, 32;
    %assign/vec4 v0x13e794730_0, 0;
    %pushi/vec4 0, 0, 32;
    %assign/vec4 v0x13e793a80_0, 0;
    %pushi/vec4 1, 0, 1;
    %assign/vec4 v0x13e794010_0, 0;
    %pushi/vec4 0, 0, 8;
    %assign/vec4 v0x13e794270_0, 0;
    %jmp T_11.5;
T_11.5 ;
    %pop/vec4 1;
T_11.1 ;
    %jmp T_11;
    .thread T_11;
    .scope S_0x13e794cf0;
T_12 ;
    %wait E_0x13e78ebd0;
    %load/vec4 v0x13e7951f0_0;
    %flag_set/vec4 8;
    %jmp/0xz  T_12.0, 8;
    %load/vec4 v0x13e795380_0;
    %assign/vec4 v0x13e7950c0_0, 0;
    %pushi/vec4 0, 0, 1;
    %assign/vec4 v0x13e795160_0, 0;
    %jmp T_12.1;
T_12.0 ;
    %load/vec4 v0x13e7950c0_0;
    %parti/s 15, 0, 2;
    %load/vec4 v0x13e7950c0_0;
    %parti/s 1, 15, 5;
    %load/vec4 v0x13e7950c0_0;
    %parti/s 1, 13, 5;
    %xor;
    %concat/vec4; draw_concat_vec4
    %assign/vec4 v0x13e7950c0_0, 0;
    %load/vec4 v0x13e7950c0_0;
    %parti/s 1, 0, 2;
    %assign/vec4 v0x13e795160_0, 0;
T_12.1 ;
    %jmp T_12;
    .thread T_12;
    .scope S_0x13e794930;
T_13 ;
    %pushi/vec4 0, 0, 32;
    %store/vec4 v0x13e7960d0_0, 0, 32;
    %pushi/vec4 64659, 0, 32;
    %store/vec4 v0x13e7954a0_0, 0, 32;
    %pushi/vec4 8192, 0, 32;
    %store/vec4 v0x13e795ae0_0, 0, 32;
    %pushi/vec4 8192, 0, 32;
    %store/vec4 v0x13e796170_0, 0, 32;
    %pushi/vec4 256, 0, 32;
    %store/vec4 v0x13e795890_0, 0, 32;
    %end;
    .thread T_13;
    .scope S_0x13e794930;
T_14 ;
    %wait E_0x13e78ebd0;
    %load/vec4 v0x13e795eb0_0;
    %flag_set/vec4 8;
    %jmp/0xz  T_14.0, 8;
    %pushi/vec4 0, 0, 8;
    %assign/vec4 v0x13e795c10_0, 0;
    %pushi/vec4 0, 0, 1;
    %assign/vec4 v0x13e7959d0_0, 0;
    %jmp T_14.1;
T_14.0 ;
    %load/vec4 v0x13e795cc0_0;
    %dup/vec4;
    %pushi/vec4 0, 0, 8;
    %cmp/u;
    %jmp/1 T_14.2, 6;
    %dup/vec4;
    %pushi/vec4 1, 0, 8;
    %cmp/u;
    %jmp/1 T_14.3, 6;
    %dup/vec4;
    %pushi/vec4 2, 0, 8;
    %cmp/u;
    %jmp/1 T_14.4, 6;
    %jmp T_14.5;
T_14.2 ;
    %pushi/vec4 0, 0, 1;
    %assign/vec4 v0x13e7959d0_0, 0;
    %pushi/vec4 1, 0, 8;
    %assign/vec4 v0x13e795c10_0, 0;
    %jmp T_14.5;
T_14.3 ;
    %load/vec4 v0x13e795d70_0;
    %flag_set/vec4 8;
    %jmp/0xz  T_14.6, 8;
    %pushi/vec4 0, 0, 32;
    %store/vec4 v0x13e795540_0, 0, 32;
    %pushi/vec4 0, 0, 32;
    %store/vec4 v0x13e795b70_0, 0, 32;
T_14.8 ;
    %load/vec4 v0x13e795b70_0;
    %cmpi/s 8, 0, 32;
    %jmp/0xz T_14.9, 5;
    %load/vec4 v0x13e795540_0;
    %load/vec4 v0x13e795f40_0;
    %load/vec4 v0x13e795b70_0;
    %part/s 1;
    %pad/u 32;
    %load/vec4 v0x13e796170_0;
    %mul;
    %add;
    %store/vec4 v0x13e795540_0, 0, 32;
    ; show_stmt_assign_vector: Get l-value for compressed += operand
    %load/vec4 v0x13e795b70_0;
    %pushi/vec4 1, 0, 32;
    %add;
    %store/vec4 v0x13e795b70_0, 0, 32;
    %jmp T_14.8;
T_14.9 ;
    %pushi/vec4 0, 0, 32;
    %store/vec4 v0x13e795680_0, 0, 32;
    %pushi/vec4 0, 0, 32;
    %store/vec4 v0x13e795920_0, 0, 32;
T_14.10 ;
    %load/vec4 v0x13e795920_0;
    %cmpi/s 32, 0, 32;
    %jmp/0xz T_14.11, 5;
    %load/vec4 v0x13e795680_0;
    %load/vec4 v0x13e795770_0;
    %load/vec4 v0x13e795920_0;
    %part/s 1;
    %pad/u 32;
    %load/vec4 v0x13e795890_0;
    %mul;
    %add;
    %store/vec4 v0x13e795680_0, 0, 32;
    ; show_stmt_assign_vector: Get l-value for compressed += operand
    %load/vec4 v0x13e795920_0;
    %pushi/vec4 1, 0, 32;
    %add;
    %store/vec4 v0x13e795920_0, 0, 32;
    %jmp T_14.10;
T_14.11 ;
    %load/vec4 v0x13e795540_0;
    %load/vec4 v0x13e795680_0;
    %add;
    %cmpi/s 0, 0, 32;
    %flag_or 5, 4; GT is !LE
    %flag_inv 5;
    %jmp/0xz  T_14.12, 5;
    %load/vec4 v0x13e7960d0_0;
    %load/vec4 v0x13e795540_0;
    %add;
    %load/vec4 v0x13e795680_0;
    %add;
    %assign/vec4 v0x13e7960d0_0, 0;
    %jmp T_14.13;
T_14.12 ;
    %load/vec4 v0x13e7960d0_0;
    %cmpi/s 0, 0, 32;
    %flag_or 5, 4; GT is !LE
    %flag_inv 5;
    %jmp/0xz  T_14.14, 5;
    %load/vec4 v0x13e7960d0_0;
    %load/vec4 v0x13e795ae0_0;
    %sub;
    %assign/vec4 v0x13e7960d0_0, 0;
    %load/vec4 v0x13e7960d0_0;
    %cmpi/s 0, 0, 32;
    %jmp/0xz  T_14.16, 5;
    %pushi/vec4 0, 0, 32;
    %assign/vec4 v0x13e7960d0_0, 0;
T_14.16 ;
T_14.14 ;
T_14.13 ;
    %load/vec4 v0x13e7960d0_0;
    %cmpi/s 0, 0, 32;
    %jmp/0xz  T_14.18, 5;
    %pushi/vec4 0, 0, 32;
    %assign/vec4 v0x13e7960d0_0, 0;
T_14.18 ;
    %load/vec4 v0x13e7960d0_0;
    %assign/vec4 v0x13e795410_0, 0;
    %load/vec4 v0x13e7954a0_0;
    %load/vec4 v0x13e7960d0_0;
    %cmp/s;
    %flag_or 5, 4;
    %jmp/0xz  T_14.20, 5;
    %pushi/vec4 2, 0, 8;
    %assign/vec4 v0x13e795c10_0, 0;
T_14.20 ;
T_14.6 ;
    %jmp T_14.5;
T_14.4 ;
    %pushi/vec4 0, 0, 32;
    %assign/vec4 v0x13e7960d0_0, 0;
    %pushi/vec4 0, 0, 32;
    %assign/vec4 v0x13e795410_0, 0;
    %pushi/vec4 1, 0, 1;
    %assign/vec4 v0x13e7959d0_0, 0;
    %pushi/vec4 0, 0, 8;
    %assign/vec4 v0x13e795c10_0, 0;
    %jmp T_14.5;
T_14.5 ;
    %pop/vec4 1;
T_14.1 ;
    %jmp T_14;
    .thread T_14;
    .scope S_0x13e796690;
T_15 ;
    %wait E_0x13e78ebd0;
    %load/vec4 v0x13e796ac0_0;
    %flag_set/vec4 8;
    %jmp/0xz  T_15.0, 8;
    %load/vec4 v0x13e796b50_0;
    %assign/vec4 v0x13e796960_0, 0;
    %pushi/vec4 0, 0, 1;
    %assign/vec4 v0x13e796a10_0, 0;
    %jmp T_15.1;
T_15.0 ;
    %load/vec4 v0x13e796960_0;
    %parti/s 15, 0, 2;
    %load/vec4 v0x13e796960_0;
    %parti/s 1, 15, 5;
    %load/vec4 v0x13e796960_0;
    %parti/s 1, 13, 5;
    %xor;
    %concat/vec4; draw_concat_vec4
    %assign/vec4 v0x13e796960_0, 0;
    %load/vec4 v0x13e796960_0;
    %parti/s 1, 0, 2;
    %assign/vec4 v0x13e796a10_0, 0;
T_15.1 ;
    %jmp T_15;
    .thread T_15;
    .scope S_0x13e7962d0;
T_16 ;
    %pushi/vec4 0, 0, 32;
    %store/vec4 v0x13e797930_0, 0, 32;
    %pushi/vec4 64659, 0, 32;
    %store/vec4 v0x13e796d40_0, 0, 32;
    %pushi/vec4 8192, 0, 32;
    %store/vec4 v0x13e797320_0, 0, 32;
    %pushi/vec4 8192, 0, 32;
    %store/vec4 v0x13e7979d0_0, 0, 32;
    %pushi/vec4 256, 0, 32;
    %store/vec4 v0x13e7970b0_0, 0, 32;
    %end;
    .thread T_16;
    .scope S_0x13e7962d0;
T_17 ;
    %wait E_0x13e78ebd0;
    %load/vec4 v0x13e797710_0;
    %flag_set/vec4 8;
    %jmp/0xz  T_17.0, 8;
    %pushi/vec4 0, 0, 8;
    %assign/vec4 v0x13e797470_0, 0;
    %pushi/vec4 0, 0, 1;
    %assign/vec4 v0x13e797210_0, 0;
    %jmp T_17.1;
T_17.0 ;
    %load/vec4 v0x13e797520_0;
    %dup/vec4;
    %pushi/vec4 0, 0, 8;
    %cmp/u;
    %jmp/1 T_17.2, 6;
    %dup/vec4;
    %pushi/vec4 1, 0, 8;
    %cmp/u;
    %jmp/1 T_17.3, 6;
    %dup/vec4;
    %pushi/vec4 2, 0, 8;
    %cmp/u;
    %jmp/1 T_17.4, 6;
    %jmp T_17.5;
T_17.2 ;
    %pushi/vec4 0, 0, 1;
    %assign/vec4 v0x13e797210_0, 0;
    %pushi/vec4 1, 0, 8;
    %assign/vec4 v0x13e797470_0, 0;
    %jmp T_17.5;
T_17.3 ;
    %load/vec4 v0x13e7975d0_0;
    %flag_set/vec4 8;
    %jmp/0xz  T_17.6, 8;
    %pushi/vec4 0, 0, 32;
    %store/vec4 v0x13e796de0_0, 0, 32;
    %pushi/vec4 0, 0, 32;
    %store/vec4 v0x13e7973c0_0, 0, 32;
T_17.8 ;
    %load/vec4 v0x13e7973c0_0;
    %cmpi/s 8, 0, 32;
    %jmp/0xz T_17.9, 5;
    %load/vec4 v0x13e796de0_0;
    %load/vec4 v0x13e7977a0_0;
    %load/vec4 v0x13e7973c0_0;
    %part/s 1;
    %pad/u 32;
    %load/vec4 v0x13e7979d0_0;
    %mul;
    %add;
    %store/vec4 v0x13e796de0_0, 0, 32;
    ; show_stmt_assign_vector: Get l-value for compressed += operand
    %load/vec4 v0x13e7973c0_0;
    %pushi/vec4 1, 0, 32;
    %add;
    %store/vec4 v0x13e7973c0_0, 0, 32;
    %jmp T_17.8;
T_17.9 ;
    %pushi/vec4 0, 0, 32;
    %store/vec4 v0x13e796f20_0, 0, 32;
    %pushi/vec4 0, 0, 32;
    %store/vec4 v0x13e797160_0, 0, 32;
T_17.10 ;
    %load/vec4 v0x13e797160_0;
    %cmpi/s 32, 0, 32;
    %jmp/0xz T_17.11, 5;
    %load/vec4 v0x13e796f20_0;
    %load/vec4 v0x13e797010_0;
    %load/vec4 v0x13e797160_0;
    %part/s 1;
    %pad/u 32;
    %load/vec4 v0x13e7970b0_0;
    %mul;
    %add;
    %store/vec4 v0x13e796f20_0, 0, 32;
    ; show_stmt_assign_vector: Get l-value for compressed += operand
    %load/vec4 v0x13e797160_0;
    %pushi/vec4 1, 0, 32;
    %add;
    %store/vec4 v0x13e797160_0, 0, 32;
    %jmp T_17.10;
T_17.11 ;
    %load/vec4 v0x13e796de0_0;
    %load/vec4 v0x13e796f20_0;
    %add;
    %cmpi/s 0, 0, 32;
    %flag_or 5, 4; GT is !LE
    %flag_inv 5;
    %jmp/0xz  T_17.12, 5;
    %load/vec4 v0x13e797930_0;
    %load/vec4 v0x13e796de0_0;
    %add;
    %load/vec4 v0x13e796f20_0;
    %add;
    %assign/vec4 v0x13e797930_0, 0;
    %jmp T_17.13;
T_17.12 ;
    %load/vec4 v0x13e797930_0;
    %cmpi/s 0, 0, 32;
    %flag_or 5, 4; GT is !LE
    %flag_inv 5;
    %jmp/0xz  T_17.14, 5;
    %load/vec4 v0x13e797930_0;
    %load/vec4 v0x13e797320_0;
    %sub;
    %assign/vec4 v0x13e797930_0, 0;
    %load/vec4 v0x13e797930_0;
    %cmpi/s 0, 0, 32;
    %jmp/0xz  T_17.16, 5;
    %pushi/vec4 0, 0, 32;
    %assign/vec4 v0x13e797930_0, 0;
T_17.16 ;
T_17.14 ;
T_17.13 ;
    %load/vec4 v0x13e797930_0;
    %cmpi/s 0, 0, 32;
    %jmp/0xz  T_17.18, 5;
    %pushi/vec4 0, 0, 32;
    %assign/vec4 v0x13e797930_0, 0;
T_17.18 ;
    %load/vec4 v0x13e797930_0;
    %assign/vec4 v0x13e796c80_0, 0;
    %load/vec4 v0x13e796d40_0;
    %load/vec4 v0x13e797930_0;
    %cmp/s;
    %flag_or 5, 4;
    %jmp/0xz  T_17.20, 5;
    %pushi/vec4 2, 0, 8;
    %assign/vec4 v0x13e797470_0, 0;
T_17.20 ;
T_17.6 ;
    %jmp T_17.5;
T_17.4 ;
    %pushi/vec4 0, 0, 32;
    %assign/vec4 v0x13e797930_0, 0;
    %pushi/vec4 0, 0, 32;
    %assign/vec4 v0x13e796c80_0, 0;
    %pushi/vec4 1, 0, 1;
    %assign/vec4 v0x13e797210_0, 0;
    %pushi/vec4 0, 0, 8;
    %assign/vec4 v0x13e797470_0, 0;
    %jmp T_17.5;
T_17.5 ;
    %pop/vec4 1;
T_17.1 ;
    %jmp T_17;
    .thread T_17;
    .scope S_0x13e797ef0;
T_18 ;
    %wait E_0x13e78ebd0;
    %load/vec4 v0x13e798320_0;
    %flag_set/vec4 8;
    %jmp/0xz  T_18.0, 8;
    %load/vec4 v0x13e7983b0_0;
    %assign/vec4 v0x13e7981c0_0, 0;
    %pushi/vec4 0, 0, 1;
    %assign/vec4 v0x13e798270_0, 0;
    %jmp T_18.1;
T_18.0 ;
    %load/vec4 v0x13e7981c0_0;
    %parti/s 15, 0, 2;
    %load/vec4 v0x13e7981c0_0;
    %parti/s 1, 15, 5;
    %load/vec4 v0x13e7981c0_0;
    %parti/s 1, 13, 5;
    %xor;
    %concat/vec4; draw_concat_vec4
    %assign/vec4 v0x13e7981c0_0, 0;
    %load/vec4 v0x13e7981c0_0;
    %parti/s 1, 0, 2;
    %assign/vec4 v0x13e798270_0, 0;
T_18.1 ;
    %jmp T_18;
    .thread T_18;
    .scope S_0x13e797b30;
T_19 ;
    %pushi/vec4 0, 0, 32;
    %store/vec4 v0x13e799190_0, 0, 32;
    %pushi/vec4 64659, 0, 32;
    %store/vec4 v0x13e7985a0_0, 0, 32;
    %pushi/vec4 8192, 0, 32;
    %store/vec4 v0x13e798b80_0, 0, 32;
    %pushi/vec4 8192, 0, 32;
    %store/vec4 v0x13e799230_0, 0, 32;
    %pushi/vec4 256, 0, 32;
    %store/vec4 v0x13e798910_0, 0, 32;
    %end;
    .thread T_19;
    .scope S_0x13e797b30;
T_20 ;
    %wait E_0x13e78ebd0;
    %load/vec4 v0x13e798f70_0;
    %flag_set/vec4 8;
    %jmp/0xz  T_20.0, 8;
    %pushi/vec4 0, 0, 8;
    %assign/vec4 v0x13e798cd0_0, 0;
    %pushi/vec4 0, 0, 1;
    %assign/vec4 v0x13e798a70_0, 0;
    %jmp T_20.1;
T_20.0 ;
    %load/vec4 v0x13e798d80_0;
    %dup/vec4;
    %pushi/vec4 0, 0, 8;
    %cmp/u;
    %jmp/1 T_20.2, 6;
    %dup/vec4;
    %pushi/vec4 1, 0, 8;
    %cmp/u;
    %jmp/1 T_20.3, 6;
    %dup/vec4;
    %pushi/vec4 2, 0, 8;
    %cmp/u;
    %jmp/1 T_20.4, 6;
    %jmp T_20.5;
T_20.2 ;
    %pushi/vec4 0, 0, 1;
    %assign/vec4 v0x13e798a70_0, 0;
    %pushi/vec4 1, 0, 8;
    %assign/vec4 v0x13e798cd0_0, 0;
    %jmp T_20.5;
T_20.3 ;
    %load/vec4 v0x13e798e30_0;
    %flag_set/vec4 8;
    %jmp/0xz  T_20.6, 8;
    %pushi/vec4 0, 0, 32;
    %store/vec4 v0x13e798640_0, 0, 32;
    %pushi/vec4 0, 0, 32;
    %store/vec4 v0x13e798c20_0, 0, 32;
T_20.8 ;
    %load/vec4 v0x13e798c20_0;
    %cmpi/s 8, 0, 32;
    %jmp/0xz T_20.9, 5;
    %load/vec4 v0x13e798640_0;
    %load/vec4 v0x13e799000_0;
    %load/vec4 v0x13e798c20_0;
    %part/s 1;
    %pad/u 32;
    %load/vec4 v0x13e799230_0;
    %mul;
    %add;
    %store/vec4 v0x13e798640_0, 0, 32;
    ; show_stmt_assign_vector: Get l-value for compressed += operand
    %load/vec4 v0x13e798c20_0;
    %pushi/vec4 1, 0, 32;
    %add;
    %store/vec4 v0x13e798c20_0, 0, 32;
    %jmp T_20.8;
T_20.9 ;
    %pushi/vec4 0, 0, 32;
    %store/vec4 v0x13e798780_0, 0, 32;
    %pushi/vec4 0, 0, 32;
    %store/vec4 v0x13e7989c0_0, 0, 32;
T_20.10 ;
    %load/vec4 v0x13e7989c0_0;
    %cmpi/s 32, 0, 32;
    %jmp/0xz T_20.11, 5;
    %load/vec4 v0x13e798780_0;
    %load/vec4 v0x13e798870_0;
    %load/vec4 v0x13e7989c0_0;
    %part/s 1;
    %pad/u 32;
    %load/vec4 v0x13e798910_0;
    %mul;
    %add;
    %store/vec4 v0x13e798780_0, 0, 32;
    ; show_stmt_assign_vector: Get l-value for compressed += operand
    %load/vec4 v0x13e7989c0_0;
    %pushi/vec4 1, 0, 32;
    %add;
    %store/vec4 v0x13e7989c0_0, 0, 32;
    %jmp T_20.10;
T_20.11 ;
    %load/vec4 v0x13e798640_0;
    %load/vec4 v0x13e798780_0;
    %add;
    %cmpi/s 0, 0, 32;
    %flag_or 5, 4; GT is !LE
    %flag_inv 5;
    %jmp/0xz  T_20.12, 5;
    %load/vec4 v0x13e799190_0;
    %load/vec4 v0x13e798640_0;
    %add;
    %load/vec4 v0x13e798780_0;
    %add;
    %assign/vec4 v0x13e799190_0, 0;
    %jmp T_20.13;
T_20.12 ;
    %load/vec4 v0x13e799190_0;
    %cmpi/s 0, 0, 32;
    %flag_or 5, 4; GT is !LE
    %flag_inv 5;
    %jmp/0xz  T_20.14, 5;
    %load/vec4 v0x13e799190_0;
    %load/vec4 v0x13e798b80_0;
    %sub;
    %assign/vec4 v0x13e799190_0, 0;
    %load/vec4 v0x13e799190_0;
    %cmpi/s 0, 0, 32;
    %jmp/0xz  T_20.16, 5;
    %pushi/vec4 0, 0, 32;
    %assign/vec4 v0x13e799190_0, 0;
T_20.16 ;
T_20.14 ;
T_20.13 ;
    %load/vec4 v0x13e799190_0;
    %cmpi/s 0, 0, 32;
    %jmp/0xz  T_20.18, 5;
    %pushi/vec4 0, 0, 32;
    %assign/vec4 v0x13e799190_0, 0;
T_20.18 ;
    %load/vec4 v0x13e799190_0;
    %assign/vec4 v0x13e7984e0_0, 0;
    %load/vec4 v0x13e7985a0_0;
    %load/vec4 v0x13e799190_0;
    %cmp/s;
    %flag_or 5, 4;
    %jmp/0xz  T_20.20, 5;
    %pushi/vec4 2, 0, 8;
    %assign/vec4 v0x13e798cd0_0, 0;
T_20.20 ;
T_20.6 ;
    %jmp T_20.5;
T_20.4 ;
    %pushi/vec4 0, 0, 32;
    %assign/vec4 v0x13e799190_0, 0;
    %pushi/vec4 0, 0, 32;
    %assign/vec4 v0x13e7984e0_0, 0;
    %pushi/vec4 1, 0, 1;
    %assign/vec4 v0x13e798a70_0, 0;
    %pushi/vec4 0, 0, 8;
    %assign/vec4 v0x13e798cd0_0, 0;
    %jmp T_20.5;
T_20.5 ;
    %pop/vec4 1;
T_20.1 ;
    %jmp T_20;
    .thread T_20;
    .scope S_0x13e799790;
T_21 ;
    %wait E_0x13e78ebd0;
    %load/vec4 v0x13e799bc0_0;
    %flag_set/vec4 8;
    %jmp/0xz  T_21.0, 8;
    %load/vec4 v0x13e799c50_0;
    %assign/vec4 v0x13e799a60_0, 0;
    %pushi/vec4 0, 0, 1;
    %assign/vec4 v0x13e799b10_0, 0;
    %jmp T_21.1;
T_21.0 ;
    %load/vec4 v0x13e799a60_0;
    %parti/s 15, 0, 2;
    %load/vec4 v0x13e799a60_0;
    %parti/s 1, 15, 5;
    %load/vec4 v0x13e799a60_0;
    %parti/s 1, 13, 5;
    %xor;
    %concat/vec4; draw_concat_vec4
    %assign/vec4 v0x13e799a60_0, 0;
    %load/vec4 v0x13e799a60_0;
    %parti/s 1, 0, 2;
    %assign/vec4 v0x13e799b10_0, 0;
T_21.1 ;
    %jmp T_21;
    .thread T_21;
    .scope S_0x13e799390;
T_22 ;
    %pushi/vec4 0, 0, 32;
    %store/vec4 v0x13e79aa30_0, 0, 32;
    %pushi/vec4 64659, 0, 32;
    %store/vec4 v0x13e799e40_0, 0, 32;
    %pushi/vec4 8192, 0, 32;
    %store/vec4 v0x13e79a420_0, 0, 32;
    %pushi/vec4 8192, 0, 32;
    %store/vec4 v0x13e79aad0_0, 0, 32;
    %pushi/vec4 256, 0, 32;
    %store/vec4 v0x13e79a1b0_0, 0, 32;
    %end;
    .thread T_22;
    .scope S_0x13e799390;
T_23 ;
    %wait E_0x13e78ebd0;
    %load/vec4 v0x13e79a810_0;
    %flag_set/vec4 8;
    %jmp/0xz  T_23.0, 8;
    %pushi/vec4 0, 0, 8;
    %assign/vec4 v0x13e79a570_0, 0;
    %pushi/vec4 0, 0, 1;
    %assign/vec4 v0x13e79a310_0, 0;
    %jmp T_23.1;
T_23.0 ;
    %load/vec4 v0x13e79a620_0;
    %dup/vec4;
    %pushi/vec4 0, 0, 8;
    %cmp/u;
    %jmp/1 T_23.2, 6;
    %dup/vec4;
    %pushi/vec4 1, 0, 8;
    %cmp/u;
    %jmp/1 T_23.3, 6;
    %dup/vec4;
    %pushi/vec4 2, 0, 8;
    %cmp/u;
    %jmp/1 T_23.4, 6;
    %jmp T_23.5;
T_23.2 ;
    %pushi/vec4 0, 0, 1;
    %assign/vec4 v0x13e79a310_0, 0;
    %pushi/vec4 1, 0, 8;
    %assign/vec4 v0x13e79a570_0, 0;
    %jmp T_23.5;
T_23.3 ;
    %load/vec4 v0x13e79a6d0_0;
    %flag_set/vec4 8;
    %jmp/0xz  T_23.6, 8;
    %pushi/vec4 0, 0, 32;
    %store/vec4 v0x13e799ee0_0, 0, 32;
    %pushi/vec4 0, 0, 32;
    %store/vec4 v0x13e79a4c0_0, 0, 32;
T_23.8 ;
    %load/vec4 v0x13e79a4c0_0;
    %cmpi/s 8, 0, 32;
    %jmp/0xz T_23.9, 5;
    %load/vec4 v0x13e799ee0_0;
    %load/vec4 v0x13e79a8a0_0;
    %load/vec4 v0x13e79a4c0_0;
    %part/s 1;
    %pad/u 32;
    %load/vec4 v0x13e79aad0_0;
    %mul;
    %add;
    %store/vec4 v0x13e799ee0_0, 0, 32;
    ; show_stmt_assign_vector: Get l-value for compressed += operand
    %load/vec4 v0x13e79a4c0_0;
    %pushi/vec4 1, 0, 32;
    %add;
    %store/vec4 v0x13e79a4c0_0, 0, 32;
    %jmp T_23.8;
T_23.9 ;
    %pushi/vec4 0, 0, 32;
    %store/vec4 v0x13e79a020_0, 0, 32;
    %pushi/vec4 0, 0, 32;
    %store/vec4 v0x13e79a260_0, 0, 32;
T_23.10 ;
    %load/vec4 v0x13e79a260_0;
    %cmpi/s 32, 0, 32;
    %jmp/0xz T_23.11, 5;
    %load/vec4 v0x13e79a020_0;
    %load/vec4 v0x13e79a110_0;
    %load/vec4 v0x13e79a260_0;
    %part/s 1;
    %pad/u 32;
    %load/vec4 v0x13e79a1b0_0;
    %mul;
    %add;
    %store/vec4 v0x13e79a020_0, 0, 32;
    ; show_stmt_assign_vector: Get l-value for compressed += operand
    %load/vec4 v0x13e79a260_0;
    %pushi/vec4 1, 0, 32;
    %add;
    %store/vec4 v0x13e79a260_0, 0, 32;
    %jmp T_23.10;
T_23.11 ;
    %load/vec4 v0x13e799ee0_0;
    %load/vec4 v0x13e79a020_0;
    %add;
    %cmpi/s 0, 0, 32;
    %flag_or 5, 4; GT is !LE
    %flag_inv 5;
    %jmp/0xz  T_23.12, 5;
    %load/vec4 v0x13e79aa30_0;
    %load/vec4 v0x13e799ee0_0;
    %add;
    %load/vec4 v0x13e79a020_0;
    %add;
    %assign/vec4 v0x13e79aa30_0, 0;
    %jmp T_23.13;
T_23.12 ;
    %load/vec4 v0x13e79aa30_0;
    %cmpi/s 0, 0, 32;
    %flag_or 5, 4; GT is !LE
    %flag_inv 5;
    %jmp/0xz  T_23.14, 5;
    %load/vec4 v0x13e79aa30_0;
    %load/vec4 v0x13e79a420_0;
    %sub;
    %assign/vec4 v0x13e79aa30_0, 0;
    %load/vec4 v0x13e79aa30_0;
    %cmpi/s 0, 0, 32;
    %jmp/0xz  T_23.16, 5;
    %pushi/vec4 0, 0, 32;
    %assign/vec4 v0x13e79aa30_0, 0;
T_23.16 ;
T_23.14 ;
T_23.13 ;
    %load/vec4 v0x13e79aa30_0;
    %cmpi/s 0, 0, 32;
    %jmp/0xz  T_23.18, 5;
    %pushi/vec4 0, 0, 32;
    %assign/vec4 v0x13e79aa30_0, 0;
T_23.18 ;
    %load/vec4 v0x13e79aa30_0;
    %assign/vec4 v0x13e799d80_0, 0;
    %load/vec4 v0x13e799e40_0;
    %load/vec4 v0x13e79aa30_0;
    %cmp/s;
    %flag_or 5, 4;
    %jmp/0xz  T_23.20, 5;
    %pushi/vec4 2, 0, 8;
    %assign/vec4 v0x13e79a570_0, 0;
T_23.20 ;
T_23.6 ;
    %jmp T_23.5;
T_23.4 ;
    %pushi/vec4 0, 0, 32;
    %assign/vec4 v0x13e79aa30_0, 0;
    %pushi/vec4 0, 0, 32;
    %assign/vec4 v0x13e799d80_0, 0;
    %pushi/vec4 1, 0, 1;
    %assign/vec4 v0x13e79a310_0, 0;
    %pushi/vec4 0, 0, 8;
    %assign/vec4 v0x13e79a570_0, 0;
    %jmp T_23.5;
T_23.5 ;
    %pop/vec4 1;
T_23.1 ;
    %jmp T_23;
    .thread T_23;
    .scope S_0x13e79aff0;
T_24 ;
    %wait E_0x13e78ebd0;
    %load/vec4 v0x13e79b550_0;
    %flag_set/vec4 8;
    %jmp/0xz  T_24.0, 8;
    %load/vec4 v0x13e795280_0;
    %assign/vec4 v0x13e794fc0_0, 0;
    %pushi/vec4 0, 0, 1;
    %assign/vec4 v0x13e79b4c0_0, 0;
    %jmp T_24.1;
T_24.0 ;
    %load/vec4 v0x13e794fc0_0;
    %parti/s 15, 0, 2;
    %load/vec4 v0x13e794fc0_0;
    %parti/s 1, 15, 5;
    %load/vec4 v0x13e794fc0_0;
    %parti/s 1, 13, 5;
    %xor;
    %concat/vec4; draw_concat_vec4
    %assign/vec4 v0x13e794fc0_0, 0;
    %load/vec4 v0x13e794fc0_0;
    %parti/s 1, 0, 2;
    %assign/vec4 v0x13e79b4c0_0, 0;
T_24.1 ;
    %jmp T_24;
    .thread T_24;
    .scope S_0x13e79ac30;
T_25 ;
    %pushi/vec4 0, 0, 32;
    %store/vec4 v0x13e79c510_0, 0, 32;
    %pushi/vec4 64659, 0, 32;
    %store/vec4 v0x13e79b8a0_0, 0, 32;
    %pushi/vec4 8192, 0, 32;
    %store/vec4 v0x13e79bef0_0, 0, 32;
    %pushi/vec4 8192, 0, 32;
    %store/vec4 v0x13e79c5b0_0, 0, 32;
    %pushi/vec4 256, 0, 32;
    %store/vec4 v0x13e79bd10_0, 0, 32;
    %end;
    .thread T_25;
    .scope S_0x13e79ac30;
T_26 ;
    %wait E_0x13e78ebd0;
    %load/vec4 v0x13e79c2f0_0;
    %flag_set/vec4 8;
    %jmp/0xz  T_26.0, 8;
    %pushi/vec4 0, 0, 8;
    %assign/vec4 v0x13e79c050_0, 0;
    %pushi/vec4 0, 0, 1;
    %assign/vec4 v0x13e79be50_0, 0;
    %jmp T_26.1;
T_26.0 ;
    %load/vec4 v0x13e79c100_0;
    %dup/vec4;
    %pushi/vec4 0, 0, 8;
    %cmp/u;
    %jmp/1 T_26.2, 6;
    %dup/vec4;
    %pushi/vec4 1, 0, 8;
    %cmp/u;
    %jmp/1 T_26.3, 6;
    %dup/vec4;
    %pushi/vec4 2, 0, 8;
    %cmp/u;
    %jmp/1 T_26.4, 6;
    %jmp T_26.5;
T_26.2 ;
    %pushi/vec4 0, 0, 1;
    %assign/vec4 v0x13e79be50_0, 0;
    %pushi/vec4 1, 0, 8;
    %assign/vec4 v0x13e79c050_0, 0;
    %jmp T_26.5;
T_26.3 ;
    %load/vec4 v0x13e79c1b0_0;
    %flag_set/vec4 8;
    %jmp/0xz  T_26.6, 8;
    %pushi/vec4 0, 0, 32;
    %store/vec4 v0x13e79b940_0, 0, 32;
    %pushi/vec4 0, 0, 32;
    %store/vec4 v0x13e79bfa0_0, 0, 32;
T_26.8 ;
    %load/vec4 v0x13e79bfa0_0;
    %cmpi/s 8, 0, 32;
    %jmp/0xz T_26.9, 5;
    %load/vec4 v0x13e79b940_0;
    %load/vec4 v0x13e79c380_0;
    %load/vec4 v0x13e79bfa0_0;
    %part/s 1;
    %pad/u 32;
    %load/vec4 v0x13e79c5b0_0;
    %mul;
    %add;
    %store/vec4 v0x13e79b940_0, 0, 32;
    ; show_stmt_assign_vector: Get l-value for compressed += operand
    %load/vec4 v0x13e79bfa0_0;
    %pushi/vec4 1, 0, 32;
    %add;
    %store/vec4 v0x13e79bfa0_0, 0, 32;
    %jmp T_26.8;
T_26.9 ;
    %pushi/vec4 0, 0, 32;
    %store/vec4 v0x13e79ba80_0, 0, 32;
    %pushi/vec4 0, 0, 32;
    %store/vec4 v0x13e79bda0_0, 0, 32;
T_26.10 ;
    %load/vec4 v0x13e79bda0_0;
    %cmpi/s 32, 0, 32;
    %jmp/0xz T_26.11, 5;
    %load/vec4 v0x13e79ba80_0;
    %load/vec4 v0x13e79bb70_0;
    %load/vec4 v0x13e79bda0_0;
    %part/s 1;
    %pad/u 32;
    %load/vec4 v0x13e79bd10_0;
    %mul;
    %add;
    %store/vec4 v0x13e79ba80_0, 0, 32;
    ; show_stmt_assign_vector: Get l-value for compressed += operand
    %load/vec4 v0x13e79bda0_0;
    %pushi/vec4 1, 0, 32;
    %add;
    %store/vec4 v0x13e79bda0_0, 0, 32;
    %jmp T_26.10;
T_26.11 ;
    %load/vec4 v0x13e79b940_0;
    %load/vec4 v0x13e79ba80_0;
    %add;
    %cmpi/s 0, 0, 32;
    %flag_or 5, 4; GT is !LE
    %flag_inv 5;
    %jmp/0xz  T_26.12, 5;
    %load/vec4 v0x13e79c510_0;
    %load/vec4 v0x13e79b940_0;
    %add;
    %load/vec4 v0x13e79ba80_0;
    %add;
    %assign/vec4 v0x13e79c510_0, 0;
    %jmp T_26.13;
T_26.12 ;
    %load/vec4 v0x13e79c510_0;
    %cmpi/s 0, 0, 32;
    %flag_or 5, 4; GT is !LE
    %flag_inv 5;
    %jmp/0xz  T_26.14, 5;
    %load/vec4 v0x13e79c510_0;
    %load/vec4 v0x13e79bef0_0;
    %sub;
    %assign/vec4 v0x13e79c510_0, 0;
    %load/vec4 v0x13e79c510_0;
    %cmpi/s 0, 0, 32;
    %jmp/0xz  T_26.16, 5;
    %pushi/vec4 0, 0, 32;
    %assign/vec4 v0x13e79c510_0, 0;
T_26.16 ;
T_26.14 ;
T_26.13 ;
    %load/vec4 v0x13e79c510_0;
    %cmpi/s 0, 0, 32;
    %jmp/0xz  T_26.18, 5;
    %pushi/vec4 0, 0, 32;
    %assign/vec4 v0x13e79c510_0, 0;
T_26.18 ;
    %load/vec4 v0x13e79c510_0;
    %assign/vec4 v0x13e79b7e0_0, 0;
    %load/vec4 v0x13e79b8a0_0;
    %load/vec4 v0x13e79c510_0;
    %cmp/s;
    %flag_or 5, 4;
    %jmp/0xz  T_26.20, 5;
    %pushi/vec4 2, 0, 8;
    %assign/vec4 v0x13e79c050_0, 0;
T_26.20 ;
T_26.6 ;
    %jmp T_26.5;
T_26.4 ;
    %pushi/vec4 0, 0, 32;
    %assign/vec4 v0x13e79c510_0, 0;
    %pushi/vec4 0, 0, 32;
    %assign/vec4 v0x13e79b7e0_0, 0;
    %pushi/vec4 1, 0, 1;
    %assign/vec4 v0x13e79be50_0, 0;
    %pushi/vec4 0, 0, 8;
    %assign/vec4 v0x13e79c050_0, 0;
    %jmp T_26.5;
T_26.5 ;
    %pop/vec4 1;
T_26.1 ;
    %jmp T_26;
    .thread T_26;
    .scope S_0x13e79cad0;
T_27 ;
    %wait E_0x13e78ebd0;
    %load/vec4 v0x13e79cf00_0;
    %flag_set/vec4 8;
    %jmp/0xz  T_27.0, 8;
    %load/vec4 v0x13e79cf90_0;
    %assign/vec4 v0x13e79cda0_0, 0;
    %pushi/vec4 0, 0, 1;
    %assign/vec4 v0x13e79ce50_0, 0;
    %jmp T_27.1;
T_27.0 ;
    %load/vec4 v0x13e79cda0_0;
    %parti/s 15, 0, 2;
    %load/vec4 v0x13e79cda0_0;
    %parti/s 1, 15, 5;
    %load/vec4 v0x13e79cda0_0;
    %parti/s 1, 13, 5;
    %xor;
    %concat/vec4; draw_concat_vec4
    %assign/vec4 v0x13e79cda0_0, 0;
    %load/vec4 v0x13e79cda0_0;
    %parti/s 1, 0, 2;
    %assign/vec4 v0x13e79ce50_0, 0;
T_27.1 ;
    %jmp T_27;
    .thread T_27;
    .scope S_0x13e79c710;
T_28 ;
    %pushi/vec4 0, 0, 32;
    %store/vec4 v0x13e79dd70_0, 0, 32;
    %pushi/vec4 64659, 0, 32;
    %store/vec4 v0x13e79d180_0, 0, 32;
    %pushi/vec4 8192, 0, 32;
    %store/vec4 v0x13e79d760_0, 0, 32;
    %pushi/vec4 8192, 0, 32;
    %store/vec4 v0x13e79de10_0, 0, 32;
    %pushi/vec4 256, 0, 32;
    %store/vec4 v0x13e79d4f0_0, 0, 32;
    %end;
    .thread T_28;
    .scope S_0x13e79c710;
T_29 ;
    %wait E_0x13e78ebd0;
    %load/vec4 v0x13e79db50_0;
    %flag_set/vec4 8;
    %jmp/0xz  T_29.0, 8;
    %pushi/vec4 0, 0, 8;
    %assign/vec4 v0x13e79d8b0_0, 0;
    %pushi/vec4 0, 0, 1;
    %assign/vec4 v0x13e79d650_0, 0;
    %jmp T_29.1;
T_29.0 ;
    %load/vec4 v0x13e79d960_0;
    %dup/vec4;
    %pushi/vec4 0, 0, 8;
    %cmp/u;
    %jmp/1 T_29.2, 6;
    %dup/vec4;
    %pushi/vec4 1, 0, 8;
    %cmp/u;
    %jmp/1 T_29.3, 6;
    %dup/vec4;
    %pushi/vec4 2, 0, 8;
    %cmp/u;
    %jmp/1 T_29.4, 6;
    %jmp T_29.5;
T_29.2 ;
    %pushi/vec4 0, 0, 1;
    %assign/vec4 v0x13e79d650_0, 0;
    %pushi/vec4 1, 0, 8;
    %assign/vec4 v0x13e79d8b0_0, 0;
    %jmp T_29.5;
T_29.3 ;
    %load/vec4 v0x13e79da10_0;
    %flag_set/vec4 8;
    %jmp/0xz  T_29.6, 8;
    %pushi/vec4 0, 0, 32;
    %store/vec4 v0x13e79d220_0, 0, 32;
    %pushi/vec4 0, 0, 32;
    %store/vec4 v0x13e79d800_0, 0, 32;
T_29.8 ;
    %load/vec4 v0x13e79d800_0;
    %cmpi/s 8, 0, 32;
    %jmp/0xz T_29.9, 5;
    %load/vec4 v0x13e79d220_0;
    %load/vec4 v0x13e79dbe0_0;
    %load/vec4 v0x13e79d800_0;
    %part/s 1;
    %pad/u 32;
    %load/vec4 v0x13e79de10_0;
    %mul;
    %add;
    %store/vec4 v0x13e79d220_0, 0, 32;
    ; show_stmt_assign_vector: Get l-value for compressed += operand
    %load/vec4 v0x13e79d800_0;
    %pushi/vec4 1, 0, 32;
    %add;
    %store/vec4 v0x13e79d800_0, 0, 32;
    %jmp T_29.8;
T_29.9 ;
    %pushi/vec4 0, 0, 32;
    %store/vec4 v0x13e79d360_0, 0, 32;
    %pushi/vec4 0, 0, 32;
    %store/vec4 v0x13e79d5a0_0, 0, 32;
T_29.10 ;
    %load/vec4 v0x13e79d5a0_0;
    %cmpi/s 32, 0, 32;
    %jmp/0xz T_29.11, 5;
    %load/vec4 v0x13e79d360_0;
    %load/vec4 v0x13e79d450_0;
    %load/vec4 v0x13e79d5a0_0;
    %part/s 1;
    %pad/u 32;
    %load/vec4 v0x13e79d4f0_0;
    %mul;
    %add;
    %store/vec4 v0x13e79d360_0, 0, 32;
    ; show_stmt_assign_vector: Get l-value for compressed += operand
    %load/vec4 v0x13e79d5a0_0;
    %pushi/vec4 1, 0, 32;
    %add;
    %store/vec4 v0x13e79d5a0_0, 0, 32;
    %jmp T_29.10;
T_29.11 ;
    %load/vec4 v0x13e79d220_0;
    %load/vec4 v0x13e79d360_0;
    %add;
    %cmpi/s 0, 0, 32;
    %flag_or 5, 4; GT is !LE
    %flag_inv 5;
    %jmp/0xz  T_29.12, 5;
    %load/vec4 v0x13e79dd70_0;
    %load/vec4 v0x13e79d220_0;
    %add;
    %load/vec4 v0x13e79d360_0;
    %add;
    %assign/vec4 v0x13e79dd70_0, 0;
    %jmp T_29.13;
T_29.12 ;
    %load/vec4 v0x13e79dd70_0;
    %cmpi/s 0, 0, 32;
    %flag_or 5, 4; GT is !LE
    %flag_inv 5;
    %jmp/0xz  T_29.14, 5;
    %load/vec4 v0x13e79dd70_0;
    %load/vec4 v0x13e79d760_0;
    %sub;
    %assign/vec4 v0x13e79dd70_0, 0;
    %load/vec4 v0x13e79dd70_0;
    %cmpi/s 0, 0, 32;
    %jmp/0xz  T_29.16, 5;
    %pushi/vec4 0, 0, 32;
    %assign/vec4 v0x13e79dd70_0, 0;
T_29.16 ;
T_29.14 ;
T_29.13 ;
    %load/vec4 v0x13e79dd70_0;
    %cmpi/s 0, 0, 32;
    %jmp/0xz  T_29.18, 5;
    %pushi/vec4 0, 0, 32;
    %assign/vec4 v0x13e79dd70_0, 0;
T_29.18 ;
    %load/vec4 v0x13e79dd70_0;
    %assign/vec4 v0x13e79d0c0_0, 0;
    %load/vec4 v0x13e79d180_0;
    %load/vec4 v0x13e79dd70_0;
    %cmp/s;
    %flag_or 5, 4;
    %jmp/0xz  T_29.20, 5;
    %pushi/vec4 2, 0, 8;
    %assign/vec4 v0x13e79d8b0_0, 0;
T_29.20 ;
T_29.6 ;
    %jmp T_29.5;
T_29.4 ;
    %pushi/vec4 0, 0, 32;
    %assign/vec4 v0x13e79dd70_0, 0;
    %pushi/vec4 0, 0, 32;
    %assign/vec4 v0x13e79d0c0_0, 0;
    %pushi/vec4 1, 0, 1;
    %assign/vec4 v0x13e79d650_0, 0;
    %pushi/vec4 0, 0, 8;
    %assign/vec4 v0x13e79d8b0_0, 0;
    %jmp T_29.5;
T_29.5 ;
    %pop/vec4 1;
T_29.1 ;
    %jmp T_29;
    .thread T_29;
    .scope S_0x13e7902c0;
T_30 ;
    %wait E_0x13e78ebd0;
    %load/vec4 v0x13e790720_0;
    %flag_set/vec4 8;
    %jmp/0xz  T_30.0, 8;
    %load/vec4 v0x13e7907f0_0;
    %assign/vec4 v0x13e7905d0_0, 0;
    %pushi/vec4 0, 0, 1;
    %assign/vec4 v0x13e790670_0, 0;
    %jmp T_30.1;
T_30.0 ;
    %load/vec4 v0x13e7905d0_0;
    %parti/s 15, 0, 2;
    %load/vec4 v0x13e7905d0_0;
    %parti/s 1, 15, 5;
    %load/vec4 v0x13e7905d0_0;
    %parti/s 1, 13, 5;
    %xor;
    %concat/vec4; draw_concat_vec4
    %assign/vec4 v0x13e7905d0_0, 0;
    %load/vec4 v0x13e7905d0_0;
    %parti/s 1, 0, 2;
    %assign/vec4 v0x13e790670_0, 0;
T_30.1 ;
    %jmp T_30;
    .thread T_30;
    .scope S_0x13e78fef0;
T_31 ;
    %pushi/vec4 0, 0, 32;
    %store/vec4 v0x13e7915b0_0, 0, 32;
    %pushi/vec4 64659, 0, 32;
    %store/vec4 v0x13e7909b0_0, 0, 32;
    %pushi/vec4 8192, 0, 32;
    %store/vec4 v0x13e790f90_0, 0, 32;
    %pushi/vec4 8192, 0, 32;
    %store/vec4 v0x13e791650_0, 0, 32;
    %pushi/vec4 256, 0, 32;
    %store/vec4 v0x13e790d20_0, 0, 32;
    %end;
    .thread T_31;
    .scope S_0x13e78fef0;
T_32 ;
    %wait E_0x13e78ebd0;
    %load/vec4 v0x13e791390_0;
    %flag_set/vec4 8;
    %jmp/0xz  T_32.0, 8;
    %pushi/vec4 0, 0, 8;
    %assign/vec4 v0x13e7910f0_0, 0;
    %pushi/vec4 0, 0, 1;
    %assign/vec4 v0x13e790e70_0, 0;
    %jmp T_32.1;
T_32.0 ;
    %load/vec4 v0x13e7911a0_0;
    %dup/vec4;
    %pushi/vec4 0, 0, 8;
    %cmp/u;
    %jmp/1 T_32.2, 6;
    %dup/vec4;
    %pushi/vec4 1, 0, 8;
    %cmp/u;
    %jmp/1 T_32.3, 6;
    %dup/vec4;
    %pushi/vec4 2, 0, 8;
    %cmp/u;
    %jmp/1 T_32.4, 6;
    %jmp T_32.5;
T_32.2 ;
    %pushi/vec4 0, 0, 1;
    %assign/vec4 v0x13e790e70_0, 0;
    %pushi/vec4 1, 0, 8;
    %assign/vec4 v0x13e7910f0_0, 0;
    %jmp T_32.5;
T_32.3 ;
    %load/vec4 v0x13e791250_0;
    %flag_set/vec4 8;
    %jmp/0xz  T_32.6, 8;
    %pushi/vec4 0, 0, 32;
    %store/vec4 v0x13e790a50_0, 0, 32;
    %pushi/vec4 0, 0, 32;
    %store/vec4 v0x13e791040_0, 0, 32;
T_32.8 ;
    %load/vec4 v0x13e791040_0;
    %cmpi/s 8, 0, 32;
    %jmp/0xz T_32.9, 5;
    %load/vec4 v0x13e790a50_0;
    %load/vec4 v0x13e791420_0;
    %load/vec4 v0x13e791040_0;
    %part/s 1;
    %pad/u 32;
    %load/vec4 v0x13e791650_0;
    %mul;
    %add;
    %store/vec4 v0x13e790a50_0, 0, 32;
    ; show_stmt_assign_vector: Get l-value for compressed += operand
    %load/vec4 v0x13e791040_0;
    %pushi/vec4 1, 0, 32;
    %add;
    %store/vec4 v0x13e791040_0, 0, 32;
    %jmp T_32.8;
T_32.9 ;
    %pushi/vec4 0, 0, 32;
    %store/vec4 v0x13e790b90_0, 0, 32;
    %pushi/vec4 0, 0, 32;
    %store/vec4 v0x13e790dc0_0, 0, 32;
T_32.10 ;
    %load/vec4 v0x13e790dc0_0;
    %cmpi/s 32, 0, 32;
    %jmp/0xz T_32.11, 5;
    %load/vec4 v0x13e790b90_0;
    %load/vec4 v0x13e790c80_0;
    %load/vec4 v0x13e790dc0_0;
    %part/s 1;
    %pad/u 32;
    %load/vec4 v0x13e790d20_0;
    %mul;
    %add;
    %store/vec4 v0x13e790b90_0, 0, 32;
    ; show_stmt_assign_vector: Get l-value for compressed += operand
    %load/vec4 v0x13e790dc0_0;
    %pushi/vec4 1, 0, 32;
    %add;
    %store/vec4 v0x13e790dc0_0, 0, 32;
    %jmp T_32.10;
T_32.11 ;
    %load/vec4 v0x13e790a50_0;
    %load/vec4 v0x13e790b90_0;
    %add;
    %cmpi/s 0, 0, 32;
    %flag_or 5, 4; GT is !LE
    %flag_inv 5;
    %jmp/0xz  T_32.12, 5;
    %load/vec4 v0x13e7915b0_0;
    %load/vec4 v0x13e790a50_0;
    %add;
    %load/vec4 v0x13e790b90_0;
    %add;
    %assign/vec4 v0x13e7915b0_0, 0;
    %jmp T_32.13;
T_32.12 ;
    %load/vec4 v0x13e7915b0_0;
    %cmpi/s 0, 0, 32;
    %flag_or 5, 4; GT is !LE
    %flag_inv 5;
    %jmp/0xz  T_32.14, 5;
    %load/vec4 v0x13e7915b0_0;
    %load/vec4 v0x13e790f90_0;
    %sub;
    %assign/vec4 v0x13e7915b0_0, 0;
    %load/vec4 v0x13e7915b0_0;
    %cmpi/s 0, 0, 32;
    %jmp/0xz  T_32.16, 5;
    %pushi/vec4 0, 0, 32;
    %assign/vec4 v0x13e7915b0_0, 0;
T_32.16 ;
T_32.14 ;
T_32.13 ;
    %load/vec4 v0x13e7915b0_0;
    %cmpi/s 0, 0, 32;
    %jmp/0xz  T_32.18, 5;
    %pushi/vec4 0, 0, 32;
    %assign/vec4 v0x13e7915b0_0, 0;
T_32.18 ;
    %load/vec4 v0x13e7915b0_0;
    %assign/vec4 v0x13e7908f0_0, 0;
    %load/vec4 v0x13e7909b0_0;
    %load/vec4 v0x13e7915b0_0;
    %cmp/s;
    %flag_or 5, 4;
    %jmp/0xz  T_32.20, 5;
    %pushi/vec4 2, 0, 8;
    %assign/vec4 v0x13e7910f0_0, 0;
T_32.20 ;
T_32.6 ;
    %jmp T_32.5;
T_32.4 ;
    %pushi/vec4 0, 0, 32;
    %assign/vec4 v0x13e7915b0_0, 0;
    %pushi/vec4 0, 0, 32;
    %assign/vec4 v0x13e7908f0_0, 0;
    %pushi/vec4 1, 0, 1;
    %assign/vec4 v0x13e790e70_0, 0;
    %pushi/vec4 0, 0, 8;
    %assign/vec4 v0x13e7910f0_0, 0;
    %jmp T_32.5;
T_32.5 ;
    %pop/vec4 1;
T_32.1 ;
    %jmp T_32;
    .thread T_32;
    .scope S_0x13e778d20;
T_33 ;
    %pushi/vec4 0, 0, 1;
    %store/vec4 v0x13e79fac0_0, 0, 1;
    %pushi/vec4 0, 0, 32;
    %store/vec4 v0x13e79fbe0_0, 0, 32;
    %pushi/vec4 44257, 0, 16;
    %store/vec4 v0x13e79ffe0_0, 0, 16;
    %pushi/vec4 48879, 0, 16;
    %store/vec4 v0x13e7a0150_0, 0, 16;
    %pushi/vec4 49374, 0, 16;
    %store/vec4 v0x13e7a0220_0, 0, 16;
    %pushi/vec4 57005, 0, 16;
    %store/vec4 v0x13e7a02f0_0, 0, 16;
    %pushi/vec4 64206, 0, 16;
    %store/vec4 v0x13e7a03c0_0, 0, 16;
    %pushi/vec4 4660, 0, 16;
    %store/vec4 v0x13e7a0490_0, 0, 16;
    %pushi/vec4 22136, 0, 16;
    %store/vec4 v0x13e7a0560_0, 0, 16;
    %pushi/vec4 39612, 0, 16;
    %store/vec4 v0x13e7a0630_0, 0, 16;
    %pushi/vec4 57072, 0, 16;
    %store/vec4 v0x13e7a0700_0, 0, 16;
    %pushi/vec4 65244, 0, 16;
    %store/vec4 v0x13e7a00c0_0, 0, 16;
    %end;
    .thread T_33;
    .scope S_0x13e778d20;
T_34 ;
    %vpi_func 2 148 "$fopen" 32, "sim_res/output_waveforms_step.csv", "w" {0 0 0};
    %store/vec4 v0x13e79fb50_0, 0, 32;
    %load/vec4 v0x13e79fb50_0;
    %nor/r;
    %flag_set/vec4 8;
    %jmp/0xz  T_34.0, 8;
    %vpi_call 2 150 "$display", "Error: Could not open CSV file for writing." {0 0 0};
    %vpi_call 2 151 "$finish" {0 0 0};
T_34.0 ;
    %vpi_call 2 155 "$fwrite", v0x13e79fb50_0, "Time (ns), Step Input (Float), Bits\012" {0 0 0};
    %vpi_call 2 158 "$dumpfile", "verilog_out/top_level_ESN_system_step.vcd" {0 0 0};
    %vpi_call 2 159 "$dumpvars", 32'sb00000000000000000000000000000000, S_0x13e778d20 {0 0 0};
    %pushi/vec4 1, 0, 1;
    %store/vec4 v0x13e79ff50_0, 0, 1;
    %pushi/vec4 5, 0, 8;
    %store/vec4 v0x13e79fc70_0, 0, 8;
    %delay 5000, 0;
    %pushi/vec4 0, 0, 1;
    %store/vec4 v0x13e79ff50_0, 0, 1;
    %delay 50000000, 0;
    %vpi_call 2 172 "$fclose", v0x13e79fb50_0 {0 0 0};
    %vpi_call 2 175 "$finish" {0 0 0};
    %end;
    .thread T_34;
    .scope S_0x13e778d20;
T_35 ;
    %delay 10000, 0;
    %load/vec4 v0x13e79fac0_0;
    %inv;
    %store/vec4 v0x13e79fac0_0, 0, 1;
    %load/vec4 v0x13e79f9f0_0;
    %store/vec4 v0x13e79fbe0_0, 0, 32;
    %pushi/vec4 0, 0, 7;
    %load/vec4 v0x13e79fda0_0;
    %parti/s 1, 9, 5;
    %concat/vec4; draw_concat_vec4
    %store/vec4 v0x13e7a07d0_0, 0, 8;
    %pushi/vec4 0, 0, 7;
    %load/vec4 v0x13e79fda0_0;
    %parti/s 1, 0, 2;
    %concat/vec4; draw_concat_vec4
    %store/vec4 v0x13e7a08f0_0, 0, 8;
    %pushi/vec4 0, 0, 7;
    %load/vec4 v0x13e79fda0_0;
    %parti/s 1, 1, 2;
    %concat/vec4; draw_concat_vec4
    %store/vec4 v0x13e7a0980_0, 0, 8;
    %pushi/vec4 0, 0, 7;
    %load/vec4 v0x13e79fda0_0;
    %parti/s 1, 2, 3;
    %concat/vec4; draw_concat_vec4
    %store/vec4 v0x13e7a0a10_0, 0, 8;
    %pushi/vec4 0, 0, 7;
    %load/vec4 v0x13e79fda0_0;
    %parti/s 1, 3, 3;
    %concat/vec4; draw_concat_vec4
    %store/vec4 v0x13e79fe30_0, 0, 8;
    %pushi/vec4 0, 0, 7;
    %load/vec4 v0x13e79fda0_0;
    %parti/s 1, 4, 4;
    %concat/vec4; draw_concat_vec4
    %store/vec4 v0x13e7a0ca0_0, 0, 8;
    %pushi/vec4 0, 0, 7;
    %load/vec4 v0x13e79fda0_0;
    %parti/s 1, 5, 4;
    %concat/vec4; draw_concat_vec4
    %store/vec4 v0x13e7a0d30_0, 0, 8;
    %pushi/vec4 0, 0, 7;
    %load/vec4 v0x13e79fda0_0;
    %parti/s 1, 6, 4;
    %concat/vec4; draw_concat_vec4
    %store/vec4 v0x13e7a0dc0_0, 0, 8;
    %pushi/vec4 0, 0, 7;
    %load/vec4 v0x13e79fda0_0;
    %parti/s 1, 7, 4;
    %concat/vec4; draw_concat_vec4
    %store/vec4 v0x13e7a0e50_0, 0, 8;
    %pushi/vec4 0, 0, 7;
    %load/vec4 v0x13e79fda0_0;
    %parti/s 1, 8, 5;
    %concat/vec4; draw_concat_vec4
    %store/vec4 v0x13e7a0860_0, 0, 8;
    %jmp T_35;
    .thread T_35;
    .scope S_0x13e778d20;
T_36 ;
    %wait E_0x13e77cbf0;
    %load/vec4 v0x13e79ff50_0;
    %nor/r;
    %flag_set/vec4 8;
    %jmp/0xz  T_36.0, 8;
    %load/vec4 v0x13e7a0f00_0;
    %store/vec4 v0x13e78e490_0, 0, 16;
    %callf/real TD_top_level_ESN_system.convert_to_real, S_0x13e773cb0;
    %vpi_call 2 201 "$fwrite", v0x13e79fb50_0, "%0t, %0f", $time, W<0,r> {0 1 0};
    %pushi/vec4 0, 0, 32;
    %store/vec4 v0x13e79fd00_0, 0, 32;
T_36.2 ;
    %load/vec4 v0x13e79fd00_0;
    %cmpi/s 10, 0, 32;
    %jmp/0xz T_36.3, 5;
    %vpi_call 2 203 "$fwrite", v0x13e79fb50_0, ", %0b", &PV<v0x13e79fda0_0, v0x13e79fd00_0, 1> {0 0 0};
    %load/vec4 v0x13e79fd00_0;
    %addi 1, 0, 32;
    %store/vec4 v0x13e79fd00_0, 0, 32;
    %jmp T_36.2;
T_36.3 ;
    %vpi_call 2 205 "$fwrite", v0x13e79fb50_0, "\012" {0 0 0};
T_36.0 ;
    %jmp T_36;
    .thread T_36;
# The file index is used to find the file name in the following table.
:file_names 4;
    "N/A";
    "<interactive>";
    "/Users/ingaschoyen/NE/NE_Project/verilog/testbench_step.sv";
    "/Users/ingaschoyen/NE/NE_Project/verilog/design_step.sv";
