#! /opt/homebrew/Cellar/icarus-verilog/12.0/bin/vvp
:ivl_version "12.0 (stable)";
:ivl_delay_selection "TYPICAL";
:vpi_time_precision - 12;
:vpi_module "/opt/homebrew/Cellar/icarus-verilog/12.0/lib/ivl/system.vpi";
:vpi_module "/opt/homebrew/Cellar/icarus-verilog/12.0/lib/ivl/vhdl_sys.vpi";
:vpi_module "/opt/homebrew/Cellar/icarus-verilog/12.0/lib/ivl/vhdl_textio.vpi";
:vpi_module "/opt/homebrew/Cellar/icarus-verilog/12.0/lib/ivl/v2005_math.vpi";
:vpi_module "/opt/homebrew/Cellar/icarus-verilog/12.0/lib/ivl/va_math.vpi";
S_0x12ae7a6d0 .scope module, "top_level_ESN_system" "top_level_ESN_system" 2 3;
 .timescale -9 -12;
v0x12aea1300_0 .net/s "VOUT1", 31 0, v0x12ae91080_0;  1 drivers
v0x12aea13b0_0 .net/s "VOUT10", 31 0, v0x12ae92960_0;  1 drivers
v0x12aea1440_0 .net/s "VOUT2", 31 0, v0x12ae94250_0;  1 drivers
v0x12aea1510_0 .net/s "VOUT3", 31 0, v0x12ae95af0_0;  1 drivers
v0x12aea15c0_0 .net/s "VOUT4", 31 0, v0x12ae97480_0;  1 drivers
v0x12aea1690_0 .net/s "VOUT5", 31 0, v0x12ae98cf0_0;  1 drivers
v0x12aea1740_0 .net/s "VOUT6", 31 0, v0x12ae9a550_0;  1 drivers
v0x12aea17f0_0 .net/s "VOUT7", 31 0, v0x12ae9bdf0_0;  1 drivers
v0x12aea18a0_0 .net/s "VOUT8", 31 0, v0x12ae9d850_0;  1 drivers
v0x12aea19d0_0 .net/s "VOUT9", 31 0, v0x12ae9f130_0;  1 drivers
v0x12aea1a60_0 .net "bitstream_out", 31 0, v0x12aea0440_0;  1 drivers
v0x12aea1b30_0 .var "clk", 0 0;
v0x12aea1bc0_0 .var/i "csv_file", 31 0;
v0x12aea1c50_0 .var "ext_input", 31 0;
v0x12aea1ce0_0 .var "freq_control", 7 0;
v0x12aea1d70_0 .var/i "i", 31 0;
v0x12aea1e10_0 .net "i_outs", 9 0, L_0x12aea36e0;  1 drivers
v0x12aea1fc0_0 .var "rst", 0 0;
v0x12aea2050_0 .var "seed1", 15 0;
v0x12aea2130_0 .var "seed10", 15 0;
v0x12aea21c0_0 .var "seed2", 15 0;
v0x12aea2290_0 .var "seed3", 15 0;
v0x12aea2360_0 .var "seed4", 15 0;
v0x12aea2430_0 .var "seed5", 15 0;
v0x12aea2500_0 .var "seed6", 15 0;
v0x12aea25d0_0 .var "seed7", 15 0;
v0x12aea26a0_0 .var "seed8", 15 0;
v0x12aea2770_0 .var "seed9", 15 0;
v0x12aea2840_0 .var "sp_in_1", 7 0;
v0x12aea28d0_0 .var "sp_in_10", 7 0;
v0x12aea2960_0 .var "sp_in_2", 7 0;
v0x12aea29f0_0 .var "sp_in_3", 7 0;
v0x12aea2a80_0 .var "sp_in_4", 7 0;
v0x12aea1ea0_0 .var "sp_in_5", 7 0;
v0x12aea2d10_0 .var "sp_in_6", 7 0;
v0x12aea2da0_0 .var "sp_in_7", 7 0;
v0x12aea2e30_0 .var "sp_in_8", 7 0;
v0x12aea2ec0_0 .var "sp_in_9", 7 0;
v0x12aea2f70_0 .net "step_wave_out", 15 0, v0x12aea0e60_0;  1 drivers
E_0x12ae7e5a0 .event posedge, v0x12ae90ca0_0;
LS_0x12aea36e0_0_0 .concat8 [ 1 1 1 1], v0x12ae91630_0, v0x12ae94800_0, v0x12ae96080_0, v0x12ae97a40_0;
LS_0x12aea36e0_0_4 .concat8 [ 1 1 1 1], v0x12ae99280_0, v0x12ae9aae0_0, v0x12ae9c380_0, v0x12ae9dec0_0;
LS_0x12aea36e0_0_8 .concat8 [ 1 1 0 0], v0x12ae9f6c0_0, v0x12ae92ee0_0;
L_0x12aea36e0 .concat8 [ 4 4 2 0], LS_0x12aea36e0_0_0, LS_0x12aea36e0_0_4, LS_0x12aea36e0_0_8;
S_0x12ae75660 .scope function.real, "convert_to_real" "convert_to_real" 2 211, 2 211 0, S_0x12ae7a6d0;
 .timescale -9 -12;
; Variable convert_to_real is REAL return value of scope S_0x12ae75660
v0x12ae90500_0 .var "fixed_point_value", 15 0;
TD_top_level_ESN_system.convert_to_real ;
    %load/vec4 v0x12ae90500_0;
    %cvt/rv;
    %pushi/real 1073741824, 4076; load=1024.00
    %div/wr;
    %ret/real 0; Assign to convert_to_real
    %end;
S_0x12ae905a0 .scope module, "neuron1" "lif_neuron" 2 44, 3 99 0, S_0x12ae7a6d0;
 .timescale -9 -12;
    .port_info 0 /INPUT 8 "sp_in";
    .port_info 1 /INPUT 32 "ext_input";
    .port_info 2 /INPUT 1 "clk";
    .port_info 3 /INPUT 1 "rst";
    .port_info 4 /INPUT 16 "req_seed";
    .port_info 5 /OUTPUT 32 "VOUT";
    .port_info 6 /OUTPUT 1 "i_out";
P_0x12ae90760 .param/l "s0" 0 3 123, C4<00000000>;
P_0x12ae907a0 .param/l "s1" 0 3 124, C4<00000001>;
P_0x12ae907e0 .param/l "s2" 0 3 125, C4<00000010>;
L_0x12aea3000 .functor BUFZ 8, v0x12ae91890_0, C4<00000000>, C4<00000000>, C4<00000000>;
v0x12ae91080_0 .var/s "VOUT", 31 0;
v0x12ae91140_0 .var/s "Vth", 31 0;
v0x12ae911e0_0 .var/s "a", 31 0;
v0x12ae91290_0 .net "clk", 0 0, v0x12aea1b30_0;  1 drivers
v0x12ae91340_0 .var/s "ext_a", 31 0;
v0x12ae91420_0 .net "ext_input", 31 0, v0x12aea1c50_0;  1 drivers
v0x12ae914d0_0 .var/s "ext_w", 31 0;
v0x12ae91580_0 .var/i "i", 31 0;
v0x12ae91630_0 .var "i_out", 0 0;
v0x12ae91740_0 .var/s "leaky", 31 0;
v0x12ae917e0_0 .var/i "n", 31 0;
v0x12ae91890_0 .var "n_s", 7 0;
v0x12ae91940_0 .net "p_s", 7 0, L_0x12aea3000;  1 drivers
v0x12ae919f0_0 .net "req", 0 0, v0x12ae90e00_0;  1 drivers
v0x12ae91aa0_0 .net "req_seed", 0 15, v0x12aea2050_0;  1 drivers
v0x12ae91b30_0 .net "rst", 0 0, v0x12aea1fc0_0;  1 drivers
v0x12ae91bc0_0 .net "sp_in", 7 0, v0x12aea2840_0;  1 drivers
v0x12ae91d50_0 .var/s "v", 31 0;
v0x12ae91e00_0 .var/s "w", 31 0;
S_0x12ae90a10 .scope module, "req_gen" "lfsr_req_generator" 3 132, 3 1 0, S_0x12ae905a0;
 .timescale -9 -12;
    .port_info 0 /INPUT 1 "clk";
    .port_info 1 /INPUT 1 "rst";
    .port_info 2 /INPUT 16 "seed";
    .port_info 3 /OUTPUT 1 "req";
v0x12ae90ca0_0 .net "clk", 0 0, v0x12aea1b30_0;  alias, 1 drivers
v0x12ae90d50_0 .var "lfsr", 15 0;
v0x12ae90e00_0 .var "req", 0 0;
v0x12ae90eb0_0 .net "rst", 0 0, v0x12aea1fc0_0;  alias, 1 drivers
v0x12ae90f50_0 .net "seed", 15 0, v0x12aea2050_0;  alias, 1 drivers
E_0x12ae90c40 .event posedge, v0x12ae90eb0_0, v0x12ae90ca0_0;
S_0x12ae91f60 .scope module, "neuron10" "lif_neuron" 2 134, 3 99 0, S_0x12ae7a6d0;
 .timescale -9 -12;
    .port_info 0 /INPUT 8 "sp_in";
    .port_info 1 /INPUT 32 "ext_input";
    .port_info 2 /INPUT 1 "clk";
    .port_info 3 /INPUT 1 "rst";
    .port_info 4 /INPUT 16 "req_seed";
    .port_info 5 /OUTPUT 32 "VOUT";
    .port_info 6 /OUTPUT 1 "i_out";
P_0x12ae920d0 .param/l "s0" 0 3 123, C4<00000000>;
P_0x12ae92110 .param/l "s1" 0 3 124, C4<00000001>;
P_0x12ae92150 .param/l "s2" 0 3 125, C4<00000010>;
L_0x12aea3630 .functor BUFZ 8, v0x12ae93160_0, C4<00000000>, C4<00000000>, C4<00000000>;
v0x12ae92960_0 .var/s "VOUT", 31 0;
v0x12ae92a20_0 .var/s "Vth", 31 0;
v0x12ae92ac0_0 .var/s "a", 31 0;
v0x12ae92b70_0 .net "clk", 0 0, v0x12aea1b30_0;  alias, 1 drivers
v0x12ae92c00_0 .var/s "ext_a", 31 0;
v0x12ae92cf0_0 .net "ext_input", 31 0, v0x12aea1c50_0;  alias, 1 drivers
v0x12ae92d90_0 .var/s "ext_w", 31 0;
v0x12ae92e30_0 .var/i "i", 31 0;
v0x12ae92ee0_0 .var "i_out", 0 0;
v0x12ae93000_0 .var/s "leaky", 31 0;
v0x12ae930b0_0 .var/i "n", 31 0;
v0x12ae93160_0 .var "n_s", 7 0;
v0x12ae93210_0 .net "p_s", 7 0, L_0x12aea3630;  1 drivers
v0x12ae932c0_0 .net "req", 0 0, v0x12ae926e0_0;  1 drivers
v0x12ae93370_0 .net "req_seed", 0 15, v0x12aea2130_0;  1 drivers
v0x12ae93400_0 .net "rst", 0 0, v0x12aea1fc0_0;  alias, 1 drivers
v0x12ae93490_0 .net "sp_in", 7 0, v0x12aea28d0_0;  1 drivers
v0x12ae93620_0 .var/s "v", 31 0;
v0x12ae936c0_0 .var/s "w", 31 0;
S_0x12ae92330 .scope module, "req_gen" "lfsr_req_generator" 3 132, 3 1 0, S_0x12ae91f60;
 .timescale -9 -12;
    .port_info 0 /INPUT 1 "clk";
    .port_info 1 /INPUT 1 "rst";
    .port_info 2 /INPUT 16 "seed";
    .port_info 3 /OUTPUT 1 "req";
v0x12ae92560_0 .net "clk", 0 0, v0x12aea1b30_0;  alias, 1 drivers
v0x12ae92640_0 .var "lfsr", 15 0;
v0x12ae926e0_0 .var "req", 0 0;
v0x12ae92790_0 .net "rst", 0 0, v0x12aea1fc0_0;  alias, 1 drivers
v0x12ae92860_0 .net "seed", 15 0, v0x12aea2130_0;  alias, 1 drivers
S_0x12ae93820 .scope module, "neuron2" "lif_neuron" 2 54, 3 99 0, S_0x12ae7a6d0;
 .timescale -9 -12;
    .port_info 0 /INPUT 8 "sp_in";
    .port_info 1 /INPUT 32 "ext_input";
    .port_info 2 /INPUT 1 "clk";
    .port_info 3 /INPUT 1 "rst";
    .port_info 4 /INPUT 16 "req_seed";
    .port_info 5 /OUTPUT 32 "VOUT";
    .port_info 6 /OUTPUT 1 "i_out";
P_0x12ae93990 .param/l "s0" 0 3 123, C4<00000000>;
P_0x12ae939d0 .param/l "s1" 0 3 124, C4<00000001>;
P_0x12ae93a10 .param/l "s2" 0 3 125, C4<00000010>;
L_0x12aea30b0 .functor BUFZ 8, v0x12ae94a60_0, C4<00000000>, C4<00000000>, C4<00000000>;
v0x12ae94250_0 .var/s "VOUT", 31 0;
v0x12ae94310_0 .var/s "Vth", 31 0;
v0x12ae943b0_0 .var/s "a", 31 0;
v0x12ae94460_0 .net "clk", 0 0, v0x12aea1b30_0;  alias, 1 drivers
v0x12ae944f0_0 .var/s "ext_a", 31 0;
v0x12ae945e0_0 .net "ext_input", 31 0, v0x12aea1c50_0;  alias, 1 drivers
v0x12ae946c0_0 .var/s "ext_w", 31 0;
v0x12ae94750_0 .var/i "i", 31 0;
v0x12ae94800_0 .var "i_out", 0 0;
v0x12ae94910_0 .var/s "leaky", 31 0;
v0x12ae949b0_0 .var/i "n", 31 0;
v0x12ae94a60_0 .var "n_s", 7 0;
v0x12ae94b10_0 .net "p_s", 7 0, L_0x12aea30b0;  1 drivers
v0x12ae94bc0_0 .net "req", 0 0, v0x12ae93fd0_0;  1 drivers
v0x12ae94c70_0 .net "req_seed", 0 15, v0x12aea21c0_0;  1 drivers
v0x12ae94d00_0 .net "rst", 0 0, v0x12aea1fc0_0;  alias, 1 drivers
v0x12ae94d90_0 .net "sp_in", 7 0, v0x12aea2960_0;  1 drivers
v0x12ae94f20_0 .var/s "v", 31 0;
v0x12ae94fc0_0 .var/s "w", 31 0;
S_0x12ae93be0 .scope module, "req_gen" "lfsr_req_generator" 3 132, 3 1 0, S_0x12ae93820;
 .timescale -9 -12;
    .port_info 0 /INPUT 1 "clk";
    .port_info 1 /INPUT 1 "rst";
    .port_info 2 /INPUT 16 "seed";
    .port_info 3 /OUTPUT 1 "req";
v0x12ae93e10_0 .net "clk", 0 0, v0x12aea1b30_0;  alias, 1 drivers
v0x12ae93f30_0 .var "lfsr", 15 0;
v0x12ae93fd0_0 .var "req", 0 0;
v0x12ae94060_0 .net "rst", 0 0, v0x12aea1fc0_0;  alias, 1 drivers
v0x12ae94170_0 .net "seed", 15 0, v0x12aea21c0_0;  alias, 1 drivers
S_0x12ae95120 .scope module, "neuron3" "lif_neuron" 2 64, 3 99 0, S_0x12ae7a6d0;
 .timescale -9 -12;
    .port_info 0 /INPUT 8 "sp_in";
    .port_info 1 /INPUT 32 "ext_input";
    .port_info 2 /INPUT 1 "clk";
    .port_info 3 /INPUT 1 "rst";
    .port_info 4 /INPUT 16 "req_seed";
    .port_info 5 /OUTPUT 32 "VOUT";
    .port_info 6 /OUTPUT 1 "i_out";
P_0x12ae95290 .param/l "s0" 0 3 123, C4<00000000>;
P_0x12ae952d0 .param/l "s1" 0 3 124, C4<00000001>;
P_0x12ae95310 .param/l "s2" 0 3 125, C4<00000010>;
L_0x12aea3160 .functor BUFZ 8, v0x12ae962e0_0, C4<00000000>, C4<00000000>, C4<00000000>;
v0x12ae95af0_0 .var/s "VOUT", 31 0;
v0x12ae95bb0_0 .var/s "Vth", 31 0;
v0x12ae95c50_0 .var/s "a", 31 0;
v0x12ae95d00_0 .net "clk", 0 0, v0x12aea1b30_0;  alias, 1 drivers
v0x12ae95d90_0 .var/s "ext_a", 31 0;
v0x12ae95e80_0 .net "ext_input", 31 0, v0x12aea1c50_0;  alias, 1 drivers
v0x12ae95f20_0 .var/s "ext_w", 31 0;
v0x12ae95fd0_0 .var/i "i", 31 0;
v0x12ae96080_0 .var "i_out", 0 0;
v0x12ae96190_0 .var/s "leaky", 31 0;
v0x12ae96230_0 .var/i "n", 31 0;
v0x12ae962e0_0 .var "n_s", 7 0;
v0x12ae96390_0 .net "p_s", 7 0, L_0x12aea3160;  1 drivers
v0x12ae96440_0 .net "req", 0 0, v0x12ae95880_0;  1 drivers
v0x12ae964f0_0 .net "req_seed", 0 15, v0x12aea2290_0;  1 drivers
v0x12ae96580_0 .net "rst", 0 0, v0x12aea1fc0_0;  alias, 1 drivers
v0x12ae96610_0 .net "sp_in", 7 0, v0x12aea29f0_0;  1 drivers
v0x12ae967a0_0 .var/s "v", 31 0;
v0x12ae96840_0 .var/s "w", 31 0;
S_0x12ae95500 .scope module, "req_gen" "lfsr_req_generator" 3 132, 3 1 0, S_0x12ae95120;
 .timescale -9 -12;
    .port_info 0 /INPUT 1 "clk";
    .port_info 1 /INPUT 1 "rst";
    .port_info 2 /INPUT 16 "seed";
    .port_info 3 /OUTPUT 1 "req";
v0x12ae95730_0 .net "clk", 0 0, v0x12aea1b30_0;  alias, 1 drivers
v0x12ae957d0_0 .var "lfsr", 15 0;
v0x12ae95880_0 .var "req", 0 0;
v0x12ae95930_0 .net "rst", 0 0, v0x12aea1fc0_0;  alias, 1 drivers
v0x12ae959c0_0 .net "seed", 15 0, v0x12aea2290_0;  alias, 1 drivers
S_0x12ae969a0 .scope module, "neuron4" "lif_neuron" 2 74, 3 99 0, S_0x12ae7a6d0;
 .timescale -9 -12;
    .port_info 0 /INPUT 8 "sp_in";
    .port_info 1 /INPUT 32 "ext_input";
    .port_info 2 /INPUT 1 "clk";
    .port_info 3 /INPUT 1 "rst";
    .port_info 4 /INPUT 16 "req_seed";
    .port_info 5 /OUTPUT 32 "VOUT";
    .port_info 6 /OUTPUT 1 "i_out";
P_0x12ae96b10 .param/l "s0" 0 3 123, C4<00000000>;
P_0x12ae96b50 .param/l "s1" 0 3 124, C4<00000001>;
P_0x12ae96b90 .param/l "s2" 0 3 125, C4<00000010>;
L_0x12aea3210 .functor BUFZ 8, v0x12ae97c80_0, C4<00000000>, C4<00000000>, C4<00000000>;
v0x12ae97480_0 .var/s "VOUT", 31 0;
v0x12ae97510_0 .var/s "Vth", 31 0;
v0x12ae975b0_0 .var/s "a", 31 0;
v0x12ae97660_0 .net "clk", 0 0, v0x12aea1b30_0;  alias, 1 drivers
v0x12ae976f0_0 .var/s "ext_a", 31 0;
v0x12ae977e0_0 .net "ext_input", 31 0, v0x12aea1c50_0;  alias, 1 drivers
v0x12ae97900_0 .var/s "ext_w", 31 0;
v0x12ae97990_0 .var/i "i", 31 0;
v0x12ae97a40_0 .var "i_out", 0 0;
v0x12ae97b50_0 .var/s "leaky", 31 0;
v0x12ae97be0_0 .var/i "n", 31 0;
v0x12ae97c80_0 .var "n_s", 7 0;
v0x12ae97d30_0 .net "p_s", 7 0, L_0x12aea3210;  1 drivers
v0x12ae97de0_0 .net "req", 0 0, v0x12ae971d0_0;  1 drivers
v0x12ae97e90_0 .net "req_seed", 0 15, v0x12aea2360_0;  1 drivers
v0x12ae97f20_0 .net "rst", 0 0, v0x12aea1fc0_0;  alias, 1 drivers
v0x12ae97fb0_0 .net "sp_in", 7 0, v0x12aea2a80_0;  1 drivers
v0x12ae98140_0 .var/s "v", 31 0;
v0x12ae981e0_0 .var/s "w", 31 0;
S_0x12ae96d60 .scope module, "req_gen" "lfsr_req_generator" 3 132, 3 1 0, S_0x12ae969a0;
 .timescale -9 -12;
    .port_info 0 /INPUT 1 "clk";
    .port_info 1 /INPUT 1 "rst";
    .port_info 2 /INPUT 16 "seed";
    .port_info 3 /OUTPUT 1 "req";
v0x12ae96f90_0 .net "clk", 0 0, v0x12aea1b30_0;  alias, 1 drivers
v0x12ae97130_0 .var "lfsr", 15 0;
v0x12ae971d0_0 .var "req", 0 0;
v0x12ae97260_0 .net "rst", 0 0, v0x12aea1fc0_0;  alias, 1 drivers
v0x12ae973f0_0 .net "seed", 15 0, v0x12aea2360_0;  alias, 1 drivers
S_0x12ae98340 .scope module, "neuron5" "lif_neuron" 2 84, 3 99 0, S_0x12ae7a6d0;
 .timescale -9 -12;
    .port_info 0 /INPUT 8 "sp_in";
    .port_info 1 /INPUT 32 "ext_input";
    .port_info 2 /INPUT 1 "clk";
    .port_info 3 /INPUT 1 "rst";
    .port_info 4 /INPUT 16 "req_seed";
    .port_info 5 /OUTPUT 32 "VOUT";
    .port_info 6 /OUTPUT 1 "i_out";
P_0x12ae984b0 .param/l "s0" 0 3 123, C4<00000000>;
P_0x12ae984f0 .param/l "s1" 0 3 124, C4<00000001>;
P_0x12ae98530 .param/l "s2" 0 3 125, C4<00000010>;
L_0x12aea32c0 .functor BUFZ 8, v0x12ae994e0_0, C4<00000000>, C4<00000000>, C4<00000000>;
v0x12ae98cf0_0 .var/s "VOUT", 31 0;
v0x12ae98db0_0 .var/s "Vth", 31 0;
v0x12ae98e50_0 .var/s "a", 31 0;
v0x12ae98f00_0 .net "clk", 0 0, v0x12aea1b30_0;  alias, 1 drivers
v0x12ae98f90_0 .var/s "ext_a", 31 0;
v0x12ae99080_0 .net "ext_input", 31 0, v0x12aea1c50_0;  alias, 1 drivers
v0x12ae99120_0 .var/s "ext_w", 31 0;
v0x12ae991d0_0 .var/i "i", 31 0;
v0x12ae99280_0 .var "i_out", 0 0;
v0x12ae99390_0 .var/s "leaky", 31 0;
v0x12ae99430_0 .var/i "n", 31 0;
v0x12ae994e0_0 .var "n_s", 7 0;
v0x12ae99590_0 .net "p_s", 7 0, L_0x12aea32c0;  1 drivers
v0x12ae99640_0 .net "req", 0 0, v0x12ae98a80_0;  1 drivers
v0x12ae996f0_0 .net "req_seed", 0 15, v0x12aea2430_0;  1 drivers
v0x12ae99780_0 .net "rst", 0 0, v0x12aea1fc0_0;  alias, 1 drivers
v0x12ae99810_0 .net "sp_in", 7 0, v0x12aea1ea0_0;  1 drivers
v0x12ae999a0_0 .var/s "v", 31 0;
v0x12ae99a40_0 .var/s "w", 31 0;
S_0x12ae98700 .scope module, "req_gen" "lfsr_req_generator" 3 132, 3 1 0, S_0x12ae98340;
 .timescale -9 -12;
    .port_info 0 /INPUT 1 "clk";
    .port_info 1 /INPUT 1 "rst";
    .port_info 2 /INPUT 16 "seed";
    .port_info 3 /OUTPUT 1 "req";
v0x12ae98930_0 .net "clk", 0 0, v0x12aea1b30_0;  alias, 1 drivers
v0x12ae989d0_0 .var "lfsr", 15 0;
v0x12ae98a80_0 .var "req", 0 0;
v0x12ae98b30_0 .net "rst", 0 0, v0x12aea1fc0_0;  alias, 1 drivers
v0x12ae98bc0_0 .net "seed", 15 0, v0x12aea2430_0;  alias, 1 drivers
S_0x12ae99ba0 .scope module, "neuron6" "lif_neuron" 2 94, 3 99 0, S_0x12ae7a6d0;
 .timescale -9 -12;
    .port_info 0 /INPUT 8 "sp_in";
    .port_info 1 /INPUT 32 "ext_input";
    .port_info 2 /INPUT 1 "clk";
    .port_info 3 /INPUT 1 "rst";
    .port_info 4 /INPUT 16 "req_seed";
    .port_info 5 /OUTPUT 32 "VOUT";
    .port_info 6 /OUTPUT 1 "i_out";
P_0x12ae99d10 .param/l "s0" 0 3 123, C4<00000000>;
P_0x12ae99d50 .param/l "s1" 0 3 124, C4<00000001>;
P_0x12ae99d90 .param/l "s2" 0 3 125, C4<00000010>;
L_0x12aea3370 .functor BUFZ 8, v0x12ae9ad40_0, C4<00000000>, C4<00000000>, C4<00000000>;
v0x12ae9a550_0 .var/s "VOUT", 31 0;
v0x12ae9a610_0 .var/s "Vth", 31 0;
v0x12ae9a6b0_0 .var/s "a", 31 0;
v0x12ae9a760_0 .net "clk", 0 0, v0x12aea1b30_0;  alias, 1 drivers
v0x12ae9a7f0_0 .var/s "ext_a", 31 0;
v0x12ae9a8e0_0 .net "ext_input", 31 0, v0x12aea1c50_0;  alias, 1 drivers
v0x12ae9a980_0 .var/s "ext_w", 31 0;
v0x12ae9aa30_0 .var/i "i", 31 0;
v0x12ae9aae0_0 .var "i_out", 0 0;
v0x12ae9abf0_0 .var/s "leaky", 31 0;
v0x12ae9ac90_0 .var/i "n", 31 0;
v0x12ae9ad40_0 .var "n_s", 7 0;
v0x12ae9adf0_0 .net "p_s", 7 0, L_0x12aea3370;  1 drivers
v0x12ae9aea0_0 .net "req", 0 0, v0x12ae9a2e0_0;  1 drivers
v0x12ae9af50_0 .net "req_seed", 0 15, v0x12aea2500_0;  1 drivers
v0x12ae9afe0_0 .net "rst", 0 0, v0x12aea1fc0_0;  alias, 1 drivers
v0x12ae9b070_0 .net "sp_in", 7 0, v0x12aea2d10_0;  1 drivers
v0x12ae9b200_0 .var/s "v", 31 0;
v0x12ae9b2a0_0 .var/s "w", 31 0;
S_0x12ae99f60 .scope module, "req_gen" "lfsr_req_generator" 3 132, 3 1 0, S_0x12ae99ba0;
 .timescale -9 -12;
    .port_info 0 /INPUT 1 "clk";
    .port_info 1 /INPUT 1 "rst";
    .port_info 2 /INPUT 16 "seed";
    .port_info 3 /OUTPUT 1 "req";
v0x12ae9a190_0 .net "clk", 0 0, v0x12aea1b30_0;  alias, 1 drivers
v0x12ae9a230_0 .var "lfsr", 15 0;
v0x12ae9a2e0_0 .var "req", 0 0;
v0x12ae9a390_0 .net "rst", 0 0, v0x12aea1fc0_0;  alias, 1 drivers
v0x12ae9a420_0 .net "seed", 15 0, v0x12aea2500_0;  alias, 1 drivers
S_0x12ae9b400 .scope module, "neuron7" "lif_neuron" 2 104, 3 99 0, S_0x12ae7a6d0;
 .timescale -9 -12;
    .port_info 0 /INPUT 8 "sp_in";
    .port_info 1 /INPUT 32 "ext_input";
    .port_info 2 /INPUT 1 "clk";
    .port_info 3 /INPUT 1 "rst";
    .port_info 4 /INPUT 16 "req_seed";
    .port_info 5 /OUTPUT 32 "VOUT";
    .port_info 6 /OUTPUT 1 "i_out";
P_0x12ae9b5f0 .param/l "s0" 0 3 123, C4<00000000>;
P_0x12ae9b630 .param/l "s1" 0 3 124, C4<00000001>;
P_0x12ae9b670 .param/l "s2" 0 3 125, C4<00000010>;
L_0x12aea3420 .functor BUFZ 8, v0x12ae9c5e0_0, C4<00000000>, C4<00000000>, C4<00000000>;
v0x12ae9bdf0_0 .var/s "VOUT", 31 0;
v0x12ae9beb0_0 .var/s "Vth", 31 0;
v0x12ae9bf50_0 .var/s "a", 31 0;
v0x12ae9c000_0 .net "clk", 0 0, v0x12aea1b30_0;  alias, 1 drivers
v0x12ae9c090_0 .var/s "ext_a", 31 0;
v0x12ae9c180_0 .net "ext_input", 31 0, v0x12aea1c50_0;  alias, 1 drivers
v0x12ae9c220_0 .var/s "ext_w", 31 0;
v0x12ae9c2d0_0 .var/i "i", 31 0;
v0x12ae9c380_0 .var "i_out", 0 0;
v0x12ae9c490_0 .var/s "leaky", 31 0;
v0x12ae9c530_0 .var/i "n", 31 0;
v0x12ae9c5e0_0 .var "n_s", 7 0;
v0x12ae9c690_0 .net "p_s", 7 0, L_0x12aea3420;  1 drivers
v0x12ae9c740_0 .net "req", 0 0, v0x12ae9bb80_0;  1 drivers
v0x12ae9c7f0_0 .net "req_seed", 0 15, v0x12aea25d0_0;  1 drivers
v0x12ae9c880_0 .net "rst", 0 0, v0x12aea1fc0_0;  alias, 1 drivers
v0x12ae9c910_0 .net "sp_in", 7 0, v0x12aea2da0_0;  1 drivers
v0x12ae9caa0_0 .var/s "v", 31 0;
v0x12ae9cb40_0 .var/s "w", 31 0;
S_0x12ae9b800 .scope module, "req_gen" "lfsr_req_generator" 3 132, 3 1 0, S_0x12ae9b400;
 .timescale -9 -12;
    .port_info 0 /INPUT 1 "clk";
    .port_info 1 /INPUT 1 "rst";
    .port_info 2 /INPUT 16 "seed";
    .port_info 3 /OUTPUT 1 "req";
v0x12ae9ba30_0 .net "clk", 0 0, v0x12aea1b30_0;  alias, 1 drivers
v0x12ae9bad0_0 .var "lfsr", 15 0;
v0x12ae9bb80_0 .var "req", 0 0;
v0x12ae9bc30_0 .net "rst", 0 0, v0x12aea1fc0_0;  alias, 1 drivers
v0x12ae9bcc0_0 .net "seed", 15 0, v0x12aea25d0_0;  alias, 1 drivers
S_0x12ae9cca0 .scope module, "neuron8" "lif_neuron" 2 114, 3 99 0, S_0x12ae7a6d0;
 .timescale -9 -12;
    .port_info 0 /INPUT 8 "sp_in";
    .port_info 1 /INPUT 32 "ext_input";
    .port_info 2 /INPUT 1 "clk";
    .port_info 3 /INPUT 1 "rst";
    .port_info 4 /INPUT 16 "req_seed";
    .port_info 5 /OUTPUT 32 "VOUT";
    .port_info 6 /OUTPUT 1 "i_out";
P_0x12ae9ce10 .param/l "s0" 0 3 123, C4<00000000>;
P_0x12ae9ce50 .param/l "s1" 0 3 124, C4<00000001>;
P_0x12ae9ce90 .param/l "s2" 0 3 125, C4<00000010>;
L_0x12aea34d0 .functor BUFZ 8, v0x12ae9e0c0_0, C4<00000000>, C4<00000000>, C4<00000000>;
v0x12ae9d850_0 .var/s "VOUT", 31 0;
v0x12ae9d910_0 .var/s "Vth", 31 0;
v0x12ae9d9b0_0 .var/s "a", 31 0;
v0x12ae9da60_0 .net "clk", 0 0, v0x12aea1b30_0;  alias, 1 drivers
v0x12ae9daf0_0 .var/s "ext_a", 31 0;
v0x12ae9dbe0_0 .net "ext_input", 31 0, v0x12aea1c50_0;  alias, 1 drivers
v0x12ae9dd80_0 .var/s "ext_w", 31 0;
v0x12ae9de10_0 .var/i "i", 31 0;
v0x12ae9dec0_0 .var "i_out", 0 0;
v0x12ae9df60_0 .var/s "leaky", 31 0;
v0x12ae9e010_0 .var/i "n", 31 0;
v0x12ae9e0c0_0 .var "n_s", 7 0;
v0x12ae9e170_0 .net "p_s", 7 0, L_0x12aea34d0;  1 drivers
v0x12ae9e220_0 .net "req", 0 0, v0x12ae9d530_0;  1 drivers
v0x12ae9e2d0_0 .net "req_seed", 0 15, v0x12aea26a0_0;  1 drivers
v0x12ae9e360_0 .net "rst", 0 0, v0x12aea1fc0_0;  alias, 1 drivers
v0x12ae9e3f0_0 .net "sp_in", 7 0, v0x12aea2e30_0;  1 drivers
v0x12ae9e580_0 .var/s "v", 31 0;
v0x12ae9e620_0 .var/s "w", 31 0;
S_0x12ae9d060 .scope module, "req_gen" "lfsr_req_generator" 3 132, 3 1 0, S_0x12ae9cca0;
 .timescale -9 -12;
    .port_info 0 /INPUT 1 "clk";
    .port_info 1 /INPUT 1 "rst";
    .port_info 2 /INPUT 16 "seed";
    .port_info 3 /OUTPUT 1 "req";
v0x12ae9d290_0 .net "clk", 0 0, v0x12aea1b30_0;  alias, 1 drivers
v0x12ae97030_0 .var "lfsr", 15 0;
v0x12ae9d530_0 .var "req", 0 0;
v0x12ae9d5c0_0 .net "rst", 0 0, v0x12aea1fc0_0;  alias, 1 drivers
v0x12ae972f0_0 .net "seed", 15 0, v0x12aea26a0_0;  alias, 1 drivers
S_0x12ae9e780 .scope module, "neuron9" "lif_neuron" 2 124, 3 99 0, S_0x12ae7a6d0;
 .timescale -9 -12;
    .port_info 0 /INPUT 8 "sp_in";
    .port_info 1 /INPUT 32 "ext_input";
    .port_info 2 /INPUT 1 "clk";
    .port_info 3 /INPUT 1 "rst";
    .port_info 4 /INPUT 16 "req_seed";
    .port_info 5 /OUTPUT 32 "VOUT";
    .port_info 6 /OUTPUT 1 "i_out";
P_0x12ae9e8f0 .param/l "s0" 0 3 123, C4<00000000>;
P_0x12ae9e930 .param/l "s1" 0 3 124, C4<00000001>;
P_0x12ae9e970 .param/l "s2" 0 3 125, C4<00000010>;
L_0x12aea3580 .functor BUFZ 8, v0x12ae9f920_0, C4<00000000>, C4<00000000>, C4<00000000>;
v0x12ae9f130_0 .var/s "VOUT", 31 0;
v0x12ae9f1f0_0 .var/s "Vth", 31 0;
v0x12ae9f290_0 .var/s "a", 31 0;
v0x12ae9f340_0 .net "clk", 0 0, v0x12aea1b30_0;  alias, 1 drivers
v0x12ae9f3d0_0 .var/s "ext_a", 31 0;
v0x12ae9f4c0_0 .net "ext_input", 31 0, v0x12aea1c50_0;  alias, 1 drivers
v0x12ae9f560_0 .var/s "ext_w", 31 0;
v0x12ae9f610_0 .var/i "i", 31 0;
v0x12ae9f6c0_0 .var "i_out", 0 0;
v0x12ae9f7d0_0 .var/s "leaky", 31 0;
v0x12ae9f870_0 .var/i "n", 31 0;
v0x12ae9f920_0 .var "n_s", 7 0;
v0x12ae9f9d0_0 .net "p_s", 7 0, L_0x12aea3580;  1 drivers
v0x12ae9fa80_0 .net "req", 0 0, v0x12ae9eec0_0;  1 drivers
v0x12ae9fb30_0 .net "req_seed", 0 15, v0x12aea2770_0;  1 drivers
v0x12ae9fbc0_0 .net "rst", 0 0, v0x12aea1fc0_0;  alias, 1 drivers
v0x12ae9fc50_0 .net "sp_in", 7 0, v0x12aea2ec0_0;  1 drivers
v0x12ae9fde0_0 .var/s "v", 31 0;
v0x12ae9fe80_0 .var/s "w", 31 0;
S_0x12ae9eb40 .scope module, "req_gen" "lfsr_req_generator" 3 132, 3 1 0, S_0x12ae9e780;
 .timescale -9 -12;
    .port_info 0 /INPUT 1 "clk";
    .port_info 1 /INPUT 1 "rst";
    .port_info 2 /INPUT 16 "seed";
    .port_info 3 /OUTPUT 1 "req";
v0x12ae9ed70_0 .net "clk", 0 0, v0x12aea1b30_0;  alias, 1 drivers
v0x12ae9ee10_0 .var "lfsr", 15 0;
v0x12ae9eec0_0 .var "req", 0 0;
v0x12ae9ef70_0 .net "rst", 0 0, v0x12aea1fc0_0;  alias, 1 drivers
v0x12ae9f000_0 .net "seed", 15 0, v0x12aea2770_0;  alias, 1 drivers
S_0x12ae9ffe0 .scope module, "uut" "top_module" 2 35, 3 50 0, S_0x12ae7a6d0;
 .timescale -9 -12;
    .port_info 0 /INPUT 1 "clk";
    .port_info 1 /INPUT 1 "rst";
    .port_info 2 /INPUT 8 "freq_control";
    .port_info 3 /OUTPUT 32 "bitstream_out";
    .port_info 4 /OUTPUT 16 "step_wave_out";
v0x12aea0f00_0 .net "bitstream_out", 31 0, v0x12aea0440_0;  alias, 1 drivers
v0x12aea0fb0_0 .net "clk", 0 0, v0x12aea1b30_0;  alias, 1 drivers
v0x12aea1040_0 .net "freq_control", 7 0, v0x12aea1ce0_0;  1 drivers
v0x12aea10f0_0 .net "rst", 0 0, v0x12aea1fc0_0;  alias, 1 drivers
v0x12aea1180_0 .net "step_wave_out", 15 0, v0x12aea0e60_0;  alias, 1 drivers
S_0x12aea01d0 .scope module, "bitstream_conv" "bitstream_converter" 3 64, 3 72 0, S_0x12ae9ffe0;
 .timescale -9 -12;
    .port_info 0 /INPUT 16 "y_t";
    .port_info 1 /INPUT 1 "rst";
    .port_info 2 /OUTPUT 32 "bitstream_out";
v0x12aea0440_0 .var "bitstream_out", 31 0;
v0x12aea0500_0 .var/i "i", 31 0;
v0x12aea05b0_0 .var/i "num_on_bits", 31 0;
v0x12aea0670_0 .net "rst", 0 0, v0x12aea1fc0_0;  alias, 1 drivers
v0x12aea0700_0 .net "y_t", 15 0, v0x12aea0e60_0;  alias, 1 drivers
E_0x12ae9ea50 .event anyedge, v0x12ae90eb0_0, v0x12aea0700_0, v0x12aea05b0_0;
S_0x12aea0820 .scope module, "step_wave" "step_function" 3 58, 3 21 0, S_0x12ae9ffe0;
 .timescale -9 -12;
    .port_info 0 /INPUT 1 "clk";
    .port_info 1 /INPUT 1 "rst";
    .port_info 2 /OUTPUT 16 "step_wave_out";
P_0x12aea09f0 .param/l "MAX_STEPS" 0 3 27, +C4<00000000000000000000000000100000>;
P_0x12aea0a30 .param/l "STEP_INTERVAL" 1 3 33, +C4<00000000000000000000000000000010>;
P_0x12aea0a70 .param/l "T" 0 3 26, +C4<00000000000000000000000001000000>;
v0x12aea0ca0_0 .net "clk", 0 0, v0x12aea1b30_0;  alias, 1 drivers
v0x12aea0d30_0 .var "counter", 6 0;
v0x12aea0dd0_0 .net "rst", 0 0, v0x12aea1fc0_0;  alias, 1 drivers
v0x12aea0e60_0 .var "step_wave_out", 15 0;
    .scope S_0x12aea0820;
T_1 ;
    %wait E_0x12ae90c40;
    %load/vec4 v0x12aea0dd0_0;
    %flag_set/vec4 8;
    %jmp/0xz  T_1.0, 8;
    %pushi/vec4 0, 0, 16;
    %assign/vec4 v0x12aea0e60_0, 0;
    %pushi/vec4 0, 0, 7;
    %assign/vec4 v0x12aea0d30_0, 0;
    %jmp T_1.1;
T_1.0 ;
    %load/vec4 v0x12aea0d30_0;
    %addi 1, 0, 7;
    %assign/vec4 v0x12aea0d30_0, 0;
    %load/vec4 v0x12aea0d30_0;
    %pad/u 32;
    %pushi/vec4 2, 0, 32;
    %mod;
    %cmpi/e 0, 0, 32;
    %flag_get/vec4 4;
    %jmp/0 T_1.4, 4;
    %load/vec4 v0x12aea0e60_0;
    %pad/u 32;
    %cmpi/u 32, 0, 32;
    %flag_get/vec4 5;
    %and;
T_1.4;
    %flag_set/vec4 8;
    %jmp/0xz  T_1.2, 8;
    %load/vec4 v0x12aea0e60_0;
    %addi 1, 0, 16;
    %assign/vec4 v0x12aea0e60_0, 0;
T_1.2 ;
T_1.1 ;
    %jmp T_1;
    .thread T_1;
    .scope S_0x12aea01d0;
T_2 ;
    %wait E_0x12ae9ea50;
    %load/vec4 v0x12aea0670_0;
    %flag_set/vec4 8;
    %jmp/0xz  T_2.0, 8;
    %pushi/vec4 0, 0, 32;
    %store/vec4 v0x12aea0440_0, 0, 32;
    %jmp T_2.1;
T_2.0 ;
    %load/vec4 v0x12aea0700_0;
    %pad/u 32;
    %muli 32, 0, 32;
    %ix/load 4, 16, 0;
    %flag_set/imm 4, 0;
    %shiftr 4;
    %store/vec4 v0x12aea05b0_0, 0, 32;
    %pushi/vec4 0, 0, 32;
    %store/vec4 v0x12aea0440_0, 0, 32;
    %pushi/vec4 0, 0, 32;
    %store/vec4 v0x12aea0500_0, 0, 32;
T_2.2 ;
    %load/vec4 v0x12aea0500_0;
    %load/vec4 v0x12aea05b0_0;
    %cmp/s;
    %jmp/0xz T_2.3, 5;
    %pushi/vec4 1, 0, 1;
    %ix/getv/s 4, v0x12aea0500_0;
    %store/vec4 v0x12aea0440_0, 4, 1;
    %load/vec4 v0x12aea0500_0;
    %addi 1, 0, 32;
    %store/vec4 v0x12aea0500_0, 0, 32;
    %jmp T_2.2;
T_2.3 ;
T_2.1 ;
    %jmp T_2;
    .thread T_2, $push;
    .scope S_0x12ae90a10;
T_3 ;
    %wait E_0x12ae90c40;
    %load/vec4 v0x12ae90eb0_0;
    %flag_set/vec4 8;
    %jmp/0xz  T_3.0, 8;
    %load/vec4 v0x12ae90f50_0;
    %assign/vec4 v0x12ae90d50_0, 0;
    %pushi/vec4 0, 0, 1;
    %assign/vec4 v0x12ae90e00_0, 0;
    %jmp T_3.1;
T_3.0 ;
    %load/vec4 v0x12ae90d50_0;
    %parti/s 15, 0, 2;
    %load/vec4 v0x12ae90d50_0;
    %parti/s 1, 15, 5;
    %load/vec4 v0x12ae90d50_0;
    %parti/s 1, 13, 5;
    %xor;
    %concat/vec4; draw_concat_vec4
    %assign/vec4 v0x12ae90d50_0, 0;
    %load/vec4 v0x12ae90d50_0;
    %parti/s 1, 0, 2;
    %assign/vec4 v0x12ae90e00_0, 0;
T_3.1 ;
    %jmp T_3;
    .thread T_3;
    .scope S_0x12ae905a0;
T_4 ;
    %pushi/vec4 0, 0, 32;
    %store/vec4 v0x12ae91d50_0, 0, 32;
    %pushi/vec4 64659, 0, 32;
    %store/vec4 v0x12ae91140_0, 0, 32;
    %pushi/vec4 8192, 0, 32;
    %store/vec4 v0x12ae91740_0, 0, 32;
    %pushi/vec4 8192, 0, 32;
    %store/vec4 v0x12ae91e00_0, 0, 32;
    %pushi/vec4 256, 0, 32;
    %store/vec4 v0x12ae914d0_0, 0, 32;
    %end;
    .thread T_4;
    .scope S_0x12ae905a0;
T_5 ;
    %wait E_0x12ae90c40;
    %load/vec4 v0x12ae91b30_0;
    %flag_set/vec4 8;
    %jmp/0xz  T_5.0, 8;
    %pushi/vec4 0, 0, 8;
    %assign/vec4 v0x12ae91890_0, 0;
    %pushi/vec4 0, 0, 1;
    %assign/vec4 v0x12ae91630_0, 0;
    %jmp T_5.1;
T_5.0 ;
    %load/vec4 v0x12ae91940_0;
    %dup/vec4;
    %pushi/vec4 0, 0, 8;
    %cmp/u;
    %jmp/1 T_5.2, 6;
    %dup/vec4;
    %pushi/vec4 1, 0, 8;
    %cmp/u;
    %jmp/1 T_5.3, 6;
    %dup/vec4;
    %pushi/vec4 2, 0, 8;
    %cmp/u;
    %jmp/1 T_5.4, 6;
    %jmp T_5.5;
T_5.2 ;
    %pushi/vec4 0, 0, 1;
    %assign/vec4 v0x12ae91630_0, 0;
    %pushi/vec4 1, 0, 8;
    %assign/vec4 v0x12ae91890_0, 0;
    %jmp T_5.5;
T_5.3 ;
    %load/vec4 v0x12ae919f0_0;
    %flag_set/vec4 8;
    %jmp/0xz  T_5.6, 8;
    %pushi/vec4 0, 0, 32;
    %store/vec4 v0x12ae911e0_0, 0, 32;
    %pushi/vec4 0, 0, 32;
    %store/vec4 v0x12ae917e0_0, 0, 32;
T_5.8 ;
    %load/vec4 v0x12ae917e0_0;
    %cmpi/s 8, 0, 32;
    %jmp/0xz T_5.9, 5;
    %load/vec4 v0x12ae911e0_0;
    %load/vec4 v0x12ae91bc0_0;
    %load/vec4 v0x12ae917e0_0;
    %part/s 1;
    %pad/u 32;
    %load/vec4 v0x12ae91e00_0;
    %mul;
    %add;
    %store/vec4 v0x12ae911e0_0, 0, 32;
    ; show_stmt_assign_vector: Get l-value for compressed += operand
    %load/vec4 v0x12ae917e0_0;
    %pushi/vec4 1, 0, 32;
    %add;
    %store/vec4 v0x12ae917e0_0, 0, 32;
    %jmp T_5.8;
T_5.9 ;
    %pushi/vec4 0, 0, 32;
    %store/vec4 v0x12ae91340_0, 0, 32;
    %pushi/vec4 0, 0, 32;
    %store/vec4 v0x12ae91580_0, 0, 32;
T_5.10 ;
    %load/vec4 v0x12ae91580_0;
    %cmpi/s 32, 0, 32;
    %jmp/0xz T_5.11, 5;
    %load/vec4 v0x12ae91340_0;
    %load/vec4 v0x12ae91420_0;
    %load/vec4 v0x12ae91580_0;
    %part/s 1;
    %pad/u 32;
    %load/vec4 v0x12ae914d0_0;
    %mul;
    %add;
    %store/vec4 v0x12ae91340_0, 0, 32;
    ; show_stmt_assign_vector: Get l-value for compressed += operand
    %load/vec4 v0x12ae91580_0;
    %pushi/vec4 1, 0, 32;
    %add;
    %store/vec4 v0x12ae91580_0, 0, 32;
    %jmp T_5.10;
T_5.11 ;
    %load/vec4 v0x12ae911e0_0;
    %load/vec4 v0x12ae91340_0;
    %add;
    %cmpi/s 0, 0, 32;
    %flag_or 5, 4; GT is !LE
    %flag_inv 5;
    %jmp/0xz  T_5.12, 5;
    %load/vec4 v0x12ae91d50_0;
    %load/vec4 v0x12ae911e0_0;
    %add;
    %load/vec4 v0x12ae91340_0;
    %add;
    %assign/vec4 v0x12ae91d50_0, 0;
    %jmp T_5.13;
T_5.12 ;
    %load/vec4 v0x12ae91d50_0;
    %cmpi/s 0, 0, 32;
    %flag_or 5, 4; GT is !LE
    %flag_inv 5;
    %jmp/0xz  T_5.14, 5;
    %load/vec4 v0x12ae91d50_0;
    %load/vec4 v0x12ae91740_0;
    %sub;
    %assign/vec4 v0x12ae91d50_0, 0;
    %load/vec4 v0x12ae91d50_0;
    %cmpi/s 0, 0, 32;
    %jmp/0xz  T_5.16, 5;
    %pushi/vec4 0, 0, 32;
    %assign/vec4 v0x12ae91d50_0, 0;
T_5.16 ;
T_5.14 ;
T_5.13 ;
    %load/vec4 v0x12ae91d50_0;
    %cmpi/s 0, 0, 32;
    %jmp/0xz  T_5.18, 5;
    %pushi/vec4 0, 0, 32;
    %assign/vec4 v0x12ae91d50_0, 0;
T_5.18 ;
    %load/vec4 v0x12ae91d50_0;
    %assign/vec4 v0x12ae91080_0, 0;
    %load/vec4 v0x12ae91140_0;
    %load/vec4 v0x12ae91d50_0;
    %cmp/s;
    %flag_or 5, 4;
    %jmp/0xz  T_5.20, 5;
    %pushi/vec4 2, 0, 8;
    %assign/vec4 v0x12ae91890_0, 0;
T_5.20 ;
T_5.6 ;
    %jmp T_5.5;
T_5.4 ;
    %pushi/vec4 0, 0, 32;
    %assign/vec4 v0x12ae91d50_0, 0;
    %pushi/vec4 0, 0, 32;
    %assign/vec4 v0x12ae91080_0, 0;
    %pushi/vec4 1, 0, 1;
    %assign/vec4 v0x12ae91630_0, 0;
    %pushi/vec4 0, 0, 8;
    %assign/vec4 v0x12ae91890_0, 0;
    %jmp T_5.5;
T_5.5 ;
    %pop/vec4 1;
T_5.1 ;
    %jmp T_5;
    .thread T_5;
    .scope S_0x12ae93be0;
T_6 ;
    %wait E_0x12ae90c40;
    %load/vec4 v0x12ae94060_0;
    %flag_set/vec4 8;
    %jmp/0xz  T_6.0, 8;
    %load/vec4 v0x12ae94170_0;
    %assign/vec4 v0x12ae93f30_0, 0;
    %pushi/vec4 0, 0, 1;
    %assign/vec4 v0x12ae93fd0_0, 0;
    %jmp T_6.1;
T_6.0 ;
    %load/vec4 v0x12ae93f30_0;
    %parti/s 15, 0, 2;
    %load/vec4 v0x12ae93f30_0;
    %parti/s 1, 15, 5;
    %load/vec4 v0x12ae93f30_0;
    %parti/s 1, 13, 5;
    %xor;
    %concat/vec4; draw_concat_vec4
    %assign/vec4 v0x12ae93f30_0, 0;
    %load/vec4 v0x12ae93f30_0;
    %parti/s 1, 0, 2;
    %assign/vec4 v0x12ae93fd0_0, 0;
T_6.1 ;
    %jmp T_6;
    .thread T_6;
    .scope S_0x12ae93820;
T_7 ;
    %pushi/vec4 0, 0, 32;
    %store/vec4 v0x12ae94f20_0, 0, 32;
    %pushi/vec4 64659, 0, 32;
    %store/vec4 v0x12ae94310_0, 0, 32;
    %pushi/vec4 8192, 0, 32;
    %store/vec4 v0x12ae94910_0, 0, 32;
    %pushi/vec4 8192, 0, 32;
    %store/vec4 v0x12ae94fc0_0, 0, 32;
    %pushi/vec4 256, 0, 32;
    %store/vec4 v0x12ae946c0_0, 0, 32;
    %end;
    .thread T_7;
    .scope S_0x12ae93820;
T_8 ;
    %wait E_0x12ae90c40;
    %load/vec4 v0x12ae94d00_0;
    %flag_set/vec4 8;
    %jmp/0xz  T_8.0, 8;
    %pushi/vec4 0, 0, 8;
    %assign/vec4 v0x12ae94a60_0, 0;
    %pushi/vec4 0, 0, 1;
    %assign/vec4 v0x12ae94800_0, 0;
    %jmp T_8.1;
T_8.0 ;
    %load/vec4 v0x12ae94b10_0;
    %dup/vec4;
    %pushi/vec4 0, 0, 8;
    %cmp/u;
    %jmp/1 T_8.2, 6;
    %dup/vec4;
    %pushi/vec4 1, 0, 8;
    %cmp/u;
    %jmp/1 T_8.3, 6;
    %dup/vec4;
    %pushi/vec4 2, 0, 8;
    %cmp/u;
    %jmp/1 T_8.4, 6;
    %jmp T_8.5;
T_8.2 ;
    %pushi/vec4 0, 0, 1;
    %assign/vec4 v0x12ae94800_0, 0;
    %pushi/vec4 1, 0, 8;
    %assign/vec4 v0x12ae94a60_0, 0;
    %jmp T_8.5;
T_8.3 ;
    %load/vec4 v0x12ae94bc0_0;
    %flag_set/vec4 8;
    %jmp/0xz  T_8.6, 8;
    %pushi/vec4 0, 0, 32;
    %store/vec4 v0x12ae943b0_0, 0, 32;
    %pushi/vec4 0, 0, 32;
    %store/vec4 v0x12ae949b0_0, 0, 32;
T_8.8 ;
    %load/vec4 v0x12ae949b0_0;
    %cmpi/s 8, 0, 32;
    %jmp/0xz T_8.9, 5;
    %load/vec4 v0x12ae943b0_0;
    %load/vec4 v0x12ae94d90_0;
    %load/vec4 v0x12ae949b0_0;
    %part/s 1;
    %pad/u 32;
    %load/vec4 v0x12ae94fc0_0;
    %mul;
    %add;
    %store/vec4 v0x12ae943b0_0, 0, 32;
    ; show_stmt_assign_vector: Get l-value for compressed += operand
    %load/vec4 v0x12ae949b0_0;
    %pushi/vec4 1, 0, 32;
    %add;
    %store/vec4 v0x12ae949b0_0, 0, 32;
    %jmp T_8.8;
T_8.9 ;
    %pushi/vec4 0, 0, 32;
    %store/vec4 v0x12ae944f0_0, 0, 32;
    %pushi/vec4 0, 0, 32;
    %store/vec4 v0x12ae94750_0, 0, 32;
T_8.10 ;
    %load/vec4 v0x12ae94750_0;
    %cmpi/s 32, 0, 32;
    %jmp/0xz T_8.11, 5;
    %load/vec4 v0x12ae944f0_0;
    %load/vec4 v0x12ae945e0_0;
    %load/vec4 v0x12ae94750_0;
    %part/s 1;
    %pad/u 32;
    %load/vec4 v0x12ae946c0_0;
    %mul;
    %add;
    %store/vec4 v0x12ae944f0_0, 0, 32;
    ; show_stmt_assign_vector: Get l-value for compressed += operand
    %load/vec4 v0x12ae94750_0;
    %pushi/vec4 1, 0, 32;
    %add;
    %store/vec4 v0x12ae94750_0, 0, 32;
    %jmp T_8.10;
T_8.11 ;
    %load/vec4 v0x12ae943b0_0;
    %load/vec4 v0x12ae944f0_0;
    %add;
    %cmpi/s 0, 0, 32;
    %flag_or 5, 4; GT is !LE
    %flag_inv 5;
    %jmp/0xz  T_8.12, 5;
    %load/vec4 v0x12ae94f20_0;
    %load/vec4 v0x12ae943b0_0;
    %add;
    %load/vec4 v0x12ae944f0_0;
    %add;
    %assign/vec4 v0x12ae94f20_0, 0;
    %jmp T_8.13;
T_8.12 ;
    %load/vec4 v0x12ae94f20_0;
    %cmpi/s 0, 0, 32;
    %flag_or 5, 4; GT is !LE
    %flag_inv 5;
    %jmp/0xz  T_8.14, 5;
    %load/vec4 v0x12ae94f20_0;
    %load/vec4 v0x12ae94910_0;
    %sub;
    %assign/vec4 v0x12ae94f20_0, 0;
    %load/vec4 v0x12ae94f20_0;
    %cmpi/s 0, 0, 32;
    %jmp/0xz  T_8.16, 5;
    %pushi/vec4 0, 0, 32;
    %assign/vec4 v0x12ae94f20_0, 0;
T_8.16 ;
T_8.14 ;
T_8.13 ;
    %load/vec4 v0x12ae94f20_0;
    %cmpi/s 0, 0, 32;
    %jmp/0xz  T_8.18, 5;
    %pushi/vec4 0, 0, 32;
    %assign/vec4 v0x12ae94f20_0, 0;
T_8.18 ;
    %load/vec4 v0x12ae94f20_0;
    %assign/vec4 v0x12ae94250_0, 0;
    %load/vec4 v0x12ae94310_0;
    %load/vec4 v0x12ae94f20_0;
    %cmp/s;
    %flag_or 5, 4;
    %jmp/0xz  T_8.20, 5;
    %pushi/vec4 2, 0, 8;
    %assign/vec4 v0x12ae94a60_0, 0;
T_8.20 ;
T_8.6 ;
    %jmp T_8.5;
T_8.4 ;
    %pushi/vec4 0, 0, 32;
    %assign/vec4 v0x12ae94f20_0, 0;
    %pushi/vec4 0, 0, 32;
    %assign/vec4 v0x12ae94250_0, 0;
    %pushi/vec4 1, 0, 1;
    %assign/vec4 v0x12ae94800_0, 0;
    %pushi/vec4 0, 0, 8;
    %assign/vec4 v0x12ae94a60_0, 0;
    %jmp T_8.5;
T_8.5 ;
    %pop/vec4 1;
T_8.1 ;
    %jmp T_8;
    .thread T_8;
    .scope S_0x12ae95500;
T_9 ;
    %wait E_0x12ae90c40;
    %load/vec4 v0x12ae95930_0;
    %flag_set/vec4 8;
    %jmp/0xz  T_9.0, 8;
    %load/vec4 v0x12ae959c0_0;
    %assign/vec4 v0x12ae957d0_0, 0;
    %pushi/vec4 0, 0, 1;
    %assign/vec4 v0x12ae95880_0, 0;
    %jmp T_9.1;
T_9.0 ;
    %load/vec4 v0x12ae957d0_0;
    %parti/s 15, 0, 2;
    %load/vec4 v0x12ae957d0_0;
    %parti/s 1, 15, 5;
    %load/vec4 v0x12ae957d0_0;
    %parti/s 1, 13, 5;
    %xor;
    %concat/vec4; draw_concat_vec4
    %assign/vec4 v0x12ae957d0_0, 0;
    %load/vec4 v0x12ae957d0_0;
    %parti/s 1, 0, 2;
    %assign/vec4 v0x12ae95880_0, 0;
T_9.1 ;
    %jmp T_9;
    .thread T_9;
    .scope S_0x12ae95120;
T_10 ;
    %pushi/vec4 0, 0, 32;
    %store/vec4 v0x12ae967a0_0, 0, 32;
    %pushi/vec4 64659, 0, 32;
    %store/vec4 v0x12ae95bb0_0, 0, 32;
    %pushi/vec4 8192, 0, 32;
    %store/vec4 v0x12ae96190_0, 0, 32;
    %pushi/vec4 8192, 0, 32;
    %store/vec4 v0x12ae96840_0, 0, 32;
    %pushi/vec4 256, 0, 32;
    %store/vec4 v0x12ae95f20_0, 0, 32;
    %end;
    .thread T_10;
    .scope S_0x12ae95120;
T_11 ;
    %wait E_0x12ae90c40;
    %load/vec4 v0x12ae96580_0;
    %flag_set/vec4 8;
    %jmp/0xz  T_11.0, 8;
    %pushi/vec4 0, 0, 8;
    %assign/vec4 v0x12ae962e0_0, 0;
    %pushi/vec4 0, 0, 1;
    %assign/vec4 v0x12ae96080_0, 0;
    %jmp T_11.1;
T_11.0 ;
    %load/vec4 v0x12ae96390_0;
    %dup/vec4;
    %pushi/vec4 0, 0, 8;
    %cmp/u;
    %jmp/1 T_11.2, 6;
    %dup/vec4;
    %pushi/vec4 1, 0, 8;
    %cmp/u;
    %jmp/1 T_11.3, 6;
    %dup/vec4;
    %pushi/vec4 2, 0, 8;
    %cmp/u;
    %jmp/1 T_11.4, 6;
    %jmp T_11.5;
T_11.2 ;
    %pushi/vec4 0, 0, 1;
    %assign/vec4 v0x12ae96080_0, 0;
    %pushi/vec4 1, 0, 8;
    %assign/vec4 v0x12ae962e0_0, 0;
    %jmp T_11.5;
T_11.3 ;
    %load/vec4 v0x12ae96440_0;
    %flag_set/vec4 8;
    %jmp/0xz  T_11.6, 8;
    %pushi/vec4 0, 0, 32;
    %store/vec4 v0x12ae95c50_0, 0, 32;
    %pushi/vec4 0, 0, 32;
    %store/vec4 v0x12ae96230_0, 0, 32;
T_11.8 ;
    %load/vec4 v0x12ae96230_0;
    %cmpi/s 8, 0, 32;
    %jmp/0xz T_11.9, 5;
    %load/vec4 v0x12ae95c50_0;
    %load/vec4 v0x12ae96610_0;
    %load/vec4 v0x12ae96230_0;
    %part/s 1;
    %pad/u 32;
    %load/vec4 v0x12ae96840_0;
    %mul;
    %add;
    %store/vec4 v0x12ae95c50_0, 0, 32;
    ; show_stmt_assign_vector: Get l-value for compressed += operand
    %load/vec4 v0x12ae96230_0;
    %pushi/vec4 1, 0, 32;
    %add;
    %store/vec4 v0x12ae96230_0, 0, 32;
    %jmp T_11.8;
T_11.9 ;
    %pushi/vec4 0, 0, 32;
    %store/vec4 v0x12ae95d90_0, 0, 32;
    %pushi/vec4 0, 0, 32;
    %store/vec4 v0x12ae95fd0_0, 0, 32;
T_11.10 ;
    %load/vec4 v0x12ae95fd0_0;
    %cmpi/s 32, 0, 32;
    %jmp/0xz T_11.11, 5;
    %load/vec4 v0x12ae95d90_0;
    %load/vec4 v0x12ae95e80_0;
    %load/vec4 v0x12ae95fd0_0;
    %part/s 1;
    %pad/u 32;
    %load/vec4 v0x12ae95f20_0;
    %mul;
    %add;
    %store/vec4 v0x12ae95d90_0, 0, 32;
    ; show_stmt_assign_vector: Get l-value for compressed += operand
    %load/vec4 v0x12ae95fd0_0;
    %pushi/vec4 1, 0, 32;
    %add;
    %store/vec4 v0x12ae95fd0_0, 0, 32;
    %jmp T_11.10;
T_11.11 ;
    %load/vec4 v0x12ae95c50_0;
    %load/vec4 v0x12ae95d90_0;
    %add;
    %cmpi/s 0, 0, 32;
    %flag_or 5, 4; GT is !LE
    %flag_inv 5;
    %jmp/0xz  T_11.12, 5;
    %load/vec4 v0x12ae967a0_0;
    %load/vec4 v0x12ae95c50_0;
    %add;
    %load/vec4 v0x12ae95d90_0;
    %add;
    %assign/vec4 v0x12ae967a0_0, 0;
    %jmp T_11.13;
T_11.12 ;
    %load/vec4 v0x12ae967a0_0;
    %cmpi/s 0, 0, 32;
    %flag_or 5, 4; GT is !LE
    %flag_inv 5;
    %jmp/0xz  T_11.14, 5;
    %load/vec4 v0x12ae967a0_0;
    %load/vec4 v0x12ae96190_0;
    %sub;
    %assign/vec4 v0x12ae967a0_0, 0;
    %load/vec4 v0x12ae967a0_0;
    %cmpi/s 0, 0, 32;
    %jmp/0xz  T_11.16, 5;
    %pushi/vec4 0, 0, 32;
    %assign/vec4 v0x12ae967a0_0, 0;
T_11.16 ;
T_11.14 ;
T_11.13 ;
    %load/vec4 v0x12ae967a0_0;
    %cmpi/s 0, 0, 32;
    %jmp/0xz  T_11.18, 5;
    %pushi/vec4 0, 0, 32;
    %assign/vec4 v0x12ae967a0_0, 0;
T_11.18 ;
    %load/vec4 v0x12ae967a0_0;
    %assign/vec4 v0x12ae95af0_0, 0;
    %load/vec4 v0x12ae95bb0_0;
    %load/vec4 v0x12ae967a0_0;
    %cmp/s;
    %flag_or 5, 4;
    %jmp/0xz  T_11.20, 5;
    %pushi/vec4 2, 0, 8;
    %assign/vec4 v0x12ae962e0_0, 0;
T_11.20 ;
T_11.6 ;
    %jmp T_11.5;
T_11.4 ;
    %pushi/vec4 0, 0, 32;
    %assign/vec4 v0x12ae967a0_0, 0;
    %pushi/vec4 0, 0, 32;
    %assign/vec4 v0x12ae95af0_0, 0;
    %pushi/vec4 1, 0, 1;
    %assign/vec4 v0x12ae96080_0, 0;
    %pushi/vec4 0, 0, 8;
    %assign/vec4 v0x12ae962e0_0, 0;
    %jmp T_11.5;
T_11.5 ;
    %pop/vec4 1;
T_11.1 ;
    %jmp T_11;
    .thread T_11;
    .scope S_0x12ae96d60;
T_12 ;
    %wait E_0x12ae90c40;
    %load/vec4 v0x12ae97260_0;
    %flag_set/vec4 8;
    %jmp/0xz  T_12.0, 8;
    %load/vec4 v0x12ae973f0_0;
    %assign/vec4 v0x12ae97130_0, 0;
    %pushi/vec4 0, 0, 1;
    %assign/vec4 v0x12ae971d0_0, 0;
    %jmp T_12.1;
T_12.0 ;
    %load/vec4 v0x12ae97130_0;
    %parti/s 15, 0, 2;
    %load/vec4 v0x12ae97130_0;
    %parti/s 1, 15, 5;
    %load/vec4 v0x12ae97130_0;
    %parti/s 1, 13, 5;
    %xor;
    %concat/vec4; draw_concat_vec4
    %assign/vec4 v0x12ae97130_0, 0;
    %load/vec4 v0x12ae97130_0;
    %parti/s 1, 0, 2;
    %assign/vec4 v0x12ae971d0_0, 0;
T_12.1 ;
    %jmp T_12;
    .thread T_12;
    .scope S_0x12ae969a0;
T_13 ;
    %pushi/vec4 0, 0, 32;
    %store/vec4 v0x12ae98140_0, 0, 32;
    %pushi/vec4 64659, 0, 32;
    %store/vec4 v0x12ae97510_0, 0, 32;
    %pushi/vec4 8192, 0, 32;
    %store/vec4 v0x12ae97b50_0, 0, 32;
    %pushi/vec4 8192, 0, 32;
    %store/vec4 v0x12ae981e0_0, 0, 32;
    %pushi/vec4 256, 0, 32;
    %store/vec4 v0x12ae97900_0, 0, 32;
    %end;
    .thread T_13;
    .scope S_0x12ae969a0;
T_14 ;
    %wait E_0x12ae90c40;
    %load/vec4 v0x12ae97f20_0;
    %flag_set/vec4 8;
    %jmp/0xz  T_14.0, 8;
    %pushi/vec4 0, 0, 8;
    %assign/vec4 v0x12ae97c80_0, 0;
    %pushi/vec4 0, 0, 1;
    %assign/vec4 v0x12ae97a40_0, 0;
    %jmp T_14.1;
T_14.0 ;
    %load/vec4 v0x12ae97d30_0;
    %dup/vec4;
    %pushi/vec4 0, 0, 8;
    %cmp/u;
    %jmp/1 T_14.2, 6;
    %dup/vec4;
    %pushi/vec4 1, 0, 8;
    %cmp/u;
    %jmp/1 T_14.3, 6;
    %dup/vec4;
    %pushi/vec4 2, 0, 8;
    %cmp/u;
    %jmp/1 T_14.4, 6;
    %jmp T_14.5;
T_14.2 ;
    %pushi/vec4 0, 0, 1;
    %assign/vec4 v0x12ae97a40_0, 0;
    %pushi/vec4 1, 0, 8;
    %assign/vec4 v0x12ae97c80_0, 0;
    %jmp T_14.5;
T_14.3 ;
    %load/vec4 v0x12ae97de0_0;
    %flag_set/vec4 8;
    %jmp/0xz  T_14.6, 8;
    %pushi/vec4 0, 0, 32;
    %store/vec4 v0x12ae975b0_0, 0, 32;
    %pushi/vec4 0, 0, 32;
    %store/vec4 v0x12ae97be0_0, 0, 32;
T_14.8 ;
    %load/vec4 v0x12ae97be0_0;
    %cmpi/s 8, 0, 32;
    %jmp/0xz T_14.9, 5;
    %load/vec4 v0x12ae975b0_0;
    %load/vec4 v0x12ae97fb0_0;
    %load/vec4 v0x12ae97be0_0;
    %part/s 1;
    %pad/u 32;
    %load/vec4 v0x12ae981e0_0;
    %mul;
    %add;
    %store/vec4 v0x12ae975b0_0, 0, 32;
    ; show_stmt_assign_vector: Get l-value for compressed += operand
    %load/vec4 v0x12ae97be0_0;
    %pushi/vec4 1, 0, 32;
    %add;
    %store/vec4 v0x12ae97be0_0, 0, 32;
    %jmp T_14.8;
T_14.9 ;
    %pushi/vec4 0, 0, 32;
    %store/vec4 v0x12ae976f0_0, 0, 32;
    %pushi/vec4 0, 0, 32;
    %store/vec4 v0x12ae97990_0, 0, 32;
T_14.10 ;
    %load/vec4 v0x12ae97990_0;
    %cmpi/s 32, 0, 32;
    %jmp/0xz T_14.11, 5;
    %load/vec4 v0x12ae976f0_0;
    %load/vec4 v0x12ae977e0_0;
    %load/vec4 v0x12ae97990_0;
    %part/s 1;
    %pad/u 32;
    %load/vec4 v0x12ae97900_0;
    %mul;
    %add;
    %store/vec4 v0x12ae976f0_0, 0, 32;
    ; show_stmt_assign_vector: Get l-value for compressed += operand
    %load/vec4 v0x12ae97990_0;
    %pushi/vec4 1, 0, 32;
    %add;
    %store/vec4 v0x12ae97990_0, 0, 32;
    %jmp T_14.10;
T_14.11 ;
    %load/vec4 v0x12ae975b0_0;
    %load/vec4 v0x12ae976f0_0;
    %add;
    %cmpi/s 0, 0, 32;
    %flag_or 5, 4; GT is !LE
    %flag_inv 5;
    %jmp/0xz  T_14.12, 5;
    %load/vec4 v0x12ae98140_0;
    %load/vec4 v0x12ae975b0_0;
    %add;
    %load/vec4 v0x12ae976f0_0;
    %add;
    %assign/vec4 v0x12ae98140_0, 0;
    %jmp T_14.13;
T_14.12 ;
    %load/vec4 v0x12ae98140_0;
    %cmpi/s 0, 0, 32;
    %flag_or 5, 4; GT is !LE
    %flag_inv 5;
    %jmp/0xz  T_14.14, 5;
    %load/vec4 v0x12ae98140_0;
    %load/vec4 v0x12ae97b50_0;
    %sub;
    %assign/vec4 v0x12ae98140_0, 0;
    %load/vec4 v0x12ae98140_0;
    %cmpi/s 0, 0, 32;
    %jmp/0xz  T_14.16, 5;
    %pushi/vec4 0, 0, 32;
    %assign/vec4 v0x12ae98140_0, 0;
T_14.16 ;
T_14.14 ;
T_14.13 ;
    %load/vec4 v0x12ae98140_0;
    %cmpi/s 0, 0, 32;
    %jmp/0xz  T_14.18, 5;
    %pushi/vec4 0, 0, 32;
    %assign/vec4 v0x12ae98140_0, 0;
T_14.18 ;
    %load/vec4 v0x12ae98140_0;
    %assign/vec4 v0x12ae97480_0, 0;
    %load/vec4 v0x12ae97510_0;
    %load/vec4 v0x12ae98140_0;
    %cmp/s;
    %flag_or 5, 4;
    %jmp/0xz  T_14.20, 5;
    %pushi/vec4 2, 0, 8;
    %assign/vec4 v0x12ae97c80_0, 0;
T_14.20 ;
T_14.6 ;
    %jmp T_14.5;
T_14.4 ;
    %pushi/vec4 0, 0, 32;
    %assign/vec4 v0x12ae98140_0, 0;
    %pushi/vec4 0, 0, 32;
    %assign/vec4 v0x12ae97480_0, 0;
    %pushi/vec4 1, 0, 1;
    %assign/vec4 v0x12ae97a40_0, 0;
    %pushi/vec4 0, 0, 8;
    %assign/vec4 v0x12ae97c80_0, 0;
    %jmp T_14.5;
T_14.5 ;
    %pop/vec4 1;
T_14.1 ;
    %jmp T_14;
    .thread T_14;
    .scope S_0x12ae98700;
T_15 ;
    %wait E_0x12ae90c40;
    %load/vec4 v0x12ae98b30_0;
    %flag_set/vec4 8;
    %jmp/0xz  T_15.0, 8;
    %load/vec4 v0x12ae98bc0_0;
    %assign/vec4 v0x12ae989d0_0, 0;
    %pushi/vec4 0, 0, 1;
    %assign/vec4 v0x12ae98a80_0, 0;
    %jmp T_15.1;
T_15.0 ;
    %load/vec4 v0x12ae989d0_0;
    %parti/s 15, 0, 2;
    %load/vec4 v0x12ae989d0_0;
    %parti/s 1, 15, 5;
    %load/vec4 v0x12ae989d0_0;
    %parti/s 1, 13, 5;
    %xor;
    %concat/vec4; draw_concat_vec4
    %assign/vec4 v0x12ae989d0_0, 0;
    %load/vec4 v0x12ae989d0_0;
    %parti/s 1, 0, 2;
    %assign/vec4 v0x12ae98a80_0, 0;
T_15.1 ;
    %jmp T_15;
    .thread T_15;
    .scope S_0x12ae98340;
T_16 ;
    %pushi/vec4 0, 0, 32;
    %store/vec4 v0x12ae999a0_0, 0, 32;
    %pushi/vec4 64659, 0, 32;
    %store/vec4 v0x12ae98db0_0, 0, 32;
    %pushi/vec4 8192, 0, 32;
    %store/vec4 v0x12ae99390_0, 0, 32;
    %pushi/vec4 8192, 0, 32;
    %store/vec4 v0x12ae99a40_0, 0, 32;
    %pushi/vec4 256, 0, 32;
    %store/vec4 v0x12ae99120_0, 0, 32;
    %end;
    .thread T_16;
    .scope S_0x12ae98340;
T_17 ;
    %wait E_0x12ae90c40;
    %load/vec4 v0x12ae99780_0;
    %flag_set/vec4 8;
    %jmp/0xz  T_17.0, 8;
    %pushi/vec4 0, 0, 8;
    %assign/vec4 v0x12ae994e0_0, 0;
    %pushi/vec4 0, 0, 1;
    %assign/vec4 v0x12ae99280_0, 0;
    %jmp T_17.1;
T_17.0 ;
    %load/vec4 v0x12ae99590_0;
    %dup/vec4;
    %pushi/vec4 0, 0, 8;
    %cmp/u;
    %jmp/1 T_17.2, 6;
    %dup/vec4;
    %pushi/vec4 1, 0, 8;
    %cmp/u;
    %jmp/1 T_17.3, 6;
    %dup/vec4;
    %pushi/vec4 2, 0, 8;
    %cmp/u;
    %jmp/1 T_17.4, 6;
    %jmp T_17.5;
T_17.2 ;
    %pushi/vec4 0, 0, 1;
    %assign/vec4 v0x12ae99280_0, 0;
    %pushi/vec4 1, 0, 8;
    %assign/vec4 v0x12ae994e0_0, 0;
    %jmp T_17.5;
T_17.3 ;
    %load/vec4 v0x12ae99640_0;
    %flag_set/vec4 8;
    %jmp/0xz  T_17.6, 8;
    %pushi/vec4 0, 0, 32;
    %store/vec4 v0x12ae98e50_0, 0, 32;
    %pushi/vec4 0, 0, 32;
    %store/vec4 v0x12ae99430_0, 0, 32;
T_17.8 ;
    %load/vec4 v0x12ae99430_0;
    %cmpi/s 8, 0, 32;
    %jmp/0xz T_17.9, 5;
    %load/vec4 v0x12ae98e50_0;
    %load/vec4 v0x12ae99810_0;
    %load/vec4 v0x12ae99430_0;
    %part/s 1;
    %pad/u 32;
    %load/vec4 v0x12ae99a40_0;
    %mul;
    %add;
    %store/vec4 v0x12ae98e50_0, 0, 32;
    ; show_stmt_assign_vector: Get l-value for compressed += operand
    %load/vec4 v0x12ae99430_0;
    %pushi/vec4 1, 0, 32;
    %add;
    %store/vec4 v0x12ae99430_0, 0, 32;
    %jmp T_17.8;
T_17.9 ;
    %pushi/vec4 0, 0, 32;
    %store/vec4 v0x12ae98f90_0, 0, 32;
    %pushi/vec4 0, 0, 32;
    %store/vec4 v0x12ae991d0_0, 0, 32;
T_17.10 ;
    %load/vec4 v0x12ae991d0_0;
    %cmpi/s 32, 0, 32;
    %jmp/0xz T_17.11, 5;
    %load/vec4 v0x12ae98f90_0;
    %load/vec4 v0x12ae99080_0;
    %load/vec4 v0x12ae991d0_0;
    %part/s 1;
    %pad/u 32;
    %load/vec4 v0x12ae99120_0;
    %mul;
    %add;
    %store/vec4 v0x12ae98f90_0, 0, 32;
    ; show_stmt_assign_vector: Get l-value for compressed += operand
    %load/vec4 v0x12ae991d0_0;
    %pushi/vec4 1, 0, 32;
    %add;
    %store/vec4 v0x12ae991d0_0, 0, 32;
    %jmp T_17.10;
T_17.11 ;
    %load/vec4 v0x12ae98e50_0;
    %load/vec4 v0x12ae98f90_0;
    %add;
    %cmpi/s 0, 0, 32;
    %flag_or 5, 4; GT is !LE
    %flag_inv 5;
    %jmp/0xz  T_17.12, 5;
    %load/vec4 v0x12ae999a0_0;
    %load/vec4 v0x12ae98e50_0;
    %add;
    %load/vec4 v0x12ae98f90_0;
    %add;
    %assign/vec4 v0x12ae999a0_0, 0;
    %jmp T_17.13;
T_17.12 ;
    %load/vec4 v0x12ae999a0_0;
    %cmpi/s 0, 0, 32;
    %flag_or 5, 4; GT is !LE
    %flag_inv 5;
    %jmp/0xz  T_17.14, 5;
    %load/vec4 v0x12ae999a0_0;
    %load/vec4 v0x12ae99390_0;
    %sub;
    %assign/vec4 v0x12ae999a0_0, 0;
    %load/vec4 v0x12ae999a0_0;
    %cmpi/s 0, 0, 32;
    %jmp/0xz  T_17.16, 5;
    %pushi/vec4 0, 0, 32;
    %assign/vec4 v0x12ae999a0_0, 0;
T_17.16 ;
T_17.14 ;
T_17.13 ;
    %load/vec4 v0x12ae999a0_0;
    %cmpi/s 0, 0, 32;
    %jmp/0xz  T_17.18, 5;
    %pushi/vec4 0, 0, 32;
    %assign/vec4 v0x12ae999a0_0, 0;
T_17.18 ;
    %load/vec4 v0x12ae999a0_0;
    %assign/vec4 v0x12ae98cf0_0, 0;
    %load/vec4 v0x12ae98db0_0;
    %load/vec4 v0x12ae999a0_0;
    %cmp/s;
    %flag_or 5, 4;
    %jmp/0xz  T_17.20, 5;
    %pushi/vec4 2, 0, 8;
    %assign/vec4 v0x12ae994e0_0, 0;
T_17.20 ;
T_17.6 ;
    %jmp T_17.5;
T_17.4 ;
    %pushi/vec4 0, 0, 32;
    %assign/vec4 v0x12ae999a0_0, 0;
    %pushi/vec4 0, 0, 32;
    %assign/vec4 v0x12ae98cf0_0, 0;
    %pushi/vec4 1, 0, 1;
    %assign/vec4 v0x12ae99280_0, 0;
    %pushi/vec4 0, 0, 8;
    %assign/vec4 v0x12ae994e0_0, 0;
    %jmp T_17.5;
T_17.5 ;
    %pop/vec4 1;
T_17.1 ;
    %jmp T_17;
    .thread T_17;
    .scope S_0x12ae99f60;
T_18 ;
    %wait E_0x12ae90c40;
    %load/vec4 v0x12ae9a390_0;
    %flag_set/vec4 8;
    %jmp/0xz  T_18.0, 8;
    %load/vec4 v0x12ae9a420_0;
    %assign/vec4 v0x12ae9a230_0, 0;
    %pushi/vec4 0, 0, 1;
    %assign/vec4 v0x12ae9a2e0_0, 0;
    %jmp T_18.1;
T_18.0 ;
    %load/vec4 v0x12ae9a230_0;
    %parti/s 15, 0, 2;
    %load/vec4 v0x12ae9a230_0;
    %parti/s 1, 15, 5;
    %load/vec4 v0x12ae9a230_0;
    %parti/s 1, 13, 5;
    %xor;
    %concat/vec4; draw_concat_vec4
    %assign/vec4 v0x12ae9a230_0, 0;
    %load/vec4 v0x12ae9a230_0;
    %parti/s 1, 0, 2;
    %assign/vec4 v0x12ae9a2e0_0, 0;
T_18.1 ;
    %jmp T_18;
    .thread T_18;
    .scope S_0x12ae99ba0;
T_19 ;
    %pushi/vec4 0, 0, 32;
    %store/vec4 v0x12ae9b200_0, 0, 32;
    %pushi/vec4 64659, 0, 32;
    %store/vec4 v0x12ae9a610_0, 0, 32;
    %pushi/vec4 8192, 0, 32;
    %store/vec4 v0x12ae9abf0_0, 0, 32;
    %pushi/vec4 8192, 0, 32;
    %store/vec4 v0x12ae9b2a0_0, 0, 32;
    %pushi/vec4 256, 0, 32;
    %store/vec4 v0x12ae9a980_0, 0, 32;
    %end;
    .thread T_19;
    .scope S_0x12ae99ba0;
T_20 ;
    %wait E_0x12ae90c40;
    %load/vec4 v0x12ae9afe0_0;
    %flag_set/vec4 8;
    %jmp/0xz  T_20.0, 8;
    %pushi/vec4 0, 0, 8;
    %assign/vec4 v0x12ae9ad40_0, 0;
    %pushi/vec4 0, 0, 1;
    %assign/vec4 v0x12ae9aae0_0, 0;
    %jmp T_20.1;
T_20.0 ;
    %load/vec4 v0x12ae9adf0_0;
    %dup/vec4;
    %pushi/vec4 0, 0, 8;
    %cmp/u;
    %jmp/1 T_20.2, 6;
    %dup/vec4;
    %pushi/vec4 1, 0, 8;
    %cmp/u;
    %jmp/1 T_20.3, 6;
    %dup/vec4;
    %pushi/vec4 2, 0, 8;
    %cmp/u;
    %jmp/1 T_20.4, 6;
    %jmp T_20.5;
T_20.2 ;
    %pushi/vec4 0, 0, 1;
    %assign/vec4 v0x12ae9aae0_0, 0;
    %pushi/vec4 1, 0, 8;
    %assign/vec4 v0x12ae9ad40_0, 0;
    %jmp T_20.5;
T_20.3 ;
    %load/vec4 v0x12ae9aea0_0;
    %flag_set/vec4 8;
    %jmp/0xz  T_20.6, 8;
    %pushi/vec4 0, 0, 32;
    %store/vec4 v0x12ae9a6b0_0, 0, 32;
    %pushi/vec4 0, 0, 32;
    %store/vec4 v0x12ae9ac90_0, 0, 32;
T_20.8 ;
    %load/vec4 v0x12ae9ac90_0;
    %cmpi/s 8, 0, 32;
    %jmp/0xz T_20.9, 5;
    %load/vec4 v0x12ae9a6b0_0;
    %load/vec4 v0x12ae9b070_0;
    %load/vec4 v0x12ae9ac90_0;
    %part/s 1;
    %pad/u 32;
    %load/vec4 v0x12ae9b2a0_0;
    %mul;
    %add;
    %store/vec4 v0x12ae9a6b0_0, 0, 32;
    ; show_stmt_assign_vector: Get l-value for compressed += operand
    %load/vec4 v0x12ae9ac90_0;
    %pushi/vec4 1, 0, 32;
    %add;
    %store/vec4 v0x12ae9ac90_0, 0, 32;
    %jmp T_20.8;
T_20.9 ;
    %pushi/vec4 0, 0, 32;
    %store/vec4 v0x12ae9a7f0_0, 0, 32;
    %pushi/vec4 0, 0, 32;
    %store/vec4 v0x12ae9aa30_0, 0, 32;
T_20.10 ;
    %load/vec4 v0x12ae9aa30_0;
    %cmpi/s 32, 0, 32;
    %jmp/0xz T_20.11, 5;
    %load/vec4 v0x12ae9a7f0_0;
    %load/vec4 v0x12ae9a8e0_0;
    %load/vec4 v0x12ae9aa30_0;
    %part/s 1;
    %pad/u 32;
    %load/vec4 v0x12ae9a980_0;
    %mul;
    %add;
    %store/vec4 v0x12ae9a7f0_0, 0, 32;
    ; show_stmt_assign_vector: Get l-value for compressed += operand
    %load/vec4 v0x12ae9aa30_0;
    %pushi/vec4 1, 0, 32;
    %add;
    %store/vec4 v0x12ae9aa30_0, 0, 32;
    %jmp T_20.10;
T_20.11 ;
    %load/vec4 v0x12ae9a6b0_0;
    %load/vec4 v0x12ae9a7f0_0;
    %add;
    %cmpi/s 0, 0, 32;
    %flag_or 5, 4; GT is !LE
    %flag_inv 5;
    %jmp/0xz  T_20.12, 5;
    %load/vec4 v0x12ae9b200_0;
    %load/vec4 v0x12ae9a6b0_0;
    %add;
    %load/vec4 v0x12ae9a7f0_0;
    %add;
    %assign/vec4 v0x12ae9b200_0, 0;
    %jmp T_20.13;
T_20.12 ;
    %load/vec4 v0x12ae9b200_0;
    %cmpi/s 0, 0, 32;
    %flag_or 5, 4; GT is !LE
    %flag_inv 5;
    %jmp/0xz  T_20.14, 5;
    %load/vec4 v0x12ae9b200_0;
    %load/vec4 v0x12ae9abf0_0;
    %sub;
    %assign/vec4 v0x12ae9b200_0, 0;
    %load/vec4 v0x12ae9b200_0;
    %cmpi/s 0, 0, 32;
    %jmp/0xz  T_20.16, 5;
    %pushi/vec4 0, 0, 32;
    %assign/vec4 v0x12ae9b200_0, 0;
T_20.16 ;
T_20.14 ;
T_20.13 ;
    %load/vec4 v0x12ae9b200_0;
    %cmpi/s 0, 0, 32;
    %jmp/0xz  T_20.18, 5;
    %pushi/vec4 0, 0, 32;
    %assign/vec4 v0x12ae9b200_0, 0;
T_20.18 ;
    %load/vec4 v0x12ae9b200_0;
    %assign/vec4 v0x12ae9a550_0, 0;
    %load/vec4 v0x12ae9a610_0;
    %load/vec4 v0x12ae9b200_0;
    %cmp/s;
    %flag_or 5, 4;
    %jmp/0xz  T_20.20, 5;
    %pushi/vec4 2, 0, 8;
    %assign/vec4 v0x12ae9ad40_0, 0;
T_20.20 ;
T_20.6 ;
    %jmp T_20.5;
T_20.4 ;
    %pushi/vec4 0, 0, 32;
    %assign/vec4 v0x12ae9b200_0, 0;
    %pushi/vec4 0, 0, 32;
    %assign/vec4 v0x12ae9a550_0, 0;
    %pushi/vec4 1, 0, 1;
    %assign/vec4 v0x12ae9aae0_0, 0;
    %pushi/vec4 0, 0, 8;
    %assign/vec4 v0x12ae9ad40_0, 0;
    %jmp T_20.5;
T_20.5 ;
    %pop/vec4 1;
T_20.1 ;
    %jmp T_20;
    .thread T_20;
    .scope S_0x12ae9b800;
T_21 ;
    %wait E_0x12ae90c40;
    %load/vec4 v0x12ae9bc30_0;
    %flag_set/vec4 8;
    %jmp/0xz  T_21.0, 8;
    %load/vec4 v0x12ae9bcc0_0;
    %assign/vec4 v0x12ae9bad0_0, 0;
    %pushi/vec4 0, 0, 1;
    %assign/vec4 v0x12ae9bb80_0, 0;
    %jmp T_21.1;
T_21.0 ;
    %load/vec4 v0x12ae9bad0_0;
    %parti/s 15, 0, 2;
    %load/vec4 v0x12ae9bad0_0;
    %parti/s 1, 15, 5;
    %load/vec4 v0x12ae9bad0_0;
    %parti/s 1, 13, 5;
    %xor;
    %concat/vec4; draw_concat_vec4
    %assign/vec4 v0x12ae9bad0_0, 0;
    %load/vec4 v0x12ae9bad0_0;
    %parti/s 1, 0, 2;
    %assign/vec4 v0x12ae9bb80_0, 0;
T_21.1 ;
    %jmp T_21;
    .thread T_21;
    .scope S_0x12ae9b400;
T_22 ;
    %pushi/vec4 0, 0, 32;
    %store/vec4 v0x12ae9caa0_0, 0, 32;
    %pushi/vec4 64659, 0, 32;
    %store/vec4 v0x12ae9beb0_0, 0, 32;
    %pushi/vec4 8192, 0, 32;
    %store/vec4 v0x12ae9c490_0, 0, 32;
    %pushi/vec4 8192, 0, 32;
    %store/vec4 v0x12ae9cb40_0, 0, 32;
    %pushi/vec4 256, 0, 32;
    %store/vec4 v0x12ae9c220_0, 0, 32;
    %end;
    .thread T_22;
    .scope S_0x12ae9b400;
T_23 ;
    %wait E_0x12ae90c40;
    %load/vec4 v0x12ae9c880_0;
    %flag_set/vec4 8;
    %jmp/0xz  T_23.0, 8;
    %pushi/vec4 0, 0, 8;
    %assign/vec4 v0x12ae9c5e0_0, 0;
    %pushi/vec4 0, 0, 1;
    %assign/vec4 v0x12ae9c380_0, 0;
    %jmp T_23.1;
T_23.0 ;
    %load/vec4 v0x12ae9c690_0;
    %dup/vec4;
    %pushi/vec4 0, 0, 8;
    %cmp/u;
    %jmp/1 T_23.2, 6;
    %dup/vec4;
    %pushi/vec4 1, 0, 8;
    %cmp/u;
    %jmp/1 T_23.3, 6;
    %dup/vec4;
    %pushi/vec4 2, 0, 8;
    %cmp/u;
    %jmp/1 T_23.4, 6;
    %jmp T_23.5;
T_23.2 ;
    %pushi/vec4 0, 0, 1;
    %assign/vec4 v0x12ae9c380_0, 0;
    %pushi/vec4 1, 0, 8;
    %assign/vec4 v0x12ae9c5e0_0, 0;
    %jmp T_23.5;
T_23.3 ;
    %load/vec4 v0x12ae9c740_0;
    %flag_set/vec4 8;
    %jmp/0xz  T_23.6, 8;
    %pushi/vec4 0, 0, 32;
    %store/vec4 v0x12ae9bf50_0, 0, 32;
    %pushi/vec4 0, 0, 32;
    %store/vec4 v0x12ae9c530_0, 0, 32;
T_23.8 ;
    %load/vec4 v0x12ae9c530_0;
    %cmpi/s 8, 0, 32;
    %jmp/0xz T_23.9, 5;
    %load/vec4 v0x12ae9bf50_0;
    %load/vec4 v0x12ae9c910_0;
    %load/vec4 v0x12ae9c530_0;
    %part/s 1;
    %pad/u 32;
    %load/vec4 v0x12ae9cb40_0;
    %mul;
    %add;
    %store/vec4 v0x12ae9bf50_0, 0, 32;
    ; show_stmt_assign_vector: Get l-value for compressed += operand
    %load/vec4 v0x12ae9c530_0;
    %pushi/vec4 1, 0, 32;
    %add;
    %store/vec4 v0x12ae9c530_0, 0, 32;
    %jmp T_23.8;
T_23.9 ;
    %pushi/vec4 0, 0, 32;
    %store/vec4 v0x12ae9c090_0, 0, 32;
    %pushi/vec4 0, 0, 32;
    %store/vec4 v0x12ae9c2d0_0, 0, 32;
T_23.10 ;
    %load/vec4 v0x12ae9c2d0_0;
    %cmpi/s 32, 0, 32;
    %jmp/0xz T_23.11, 5;
    %load/vec4 v0x12ae9c090_0;
    %load/vec4 v0x12ae9c180_0;
    %load/vec4 v0x12ae9c2d0_0;
    %part/s 1;
    %pad/u 32;
    %load/vec4 v0x12ae9c220_0;
    %mul;
    %add;
    %store/vec4 v0x12ae9c090_0, 0, 32;
    ; show_stmt_assign_vector: Get l-value for compressed += operand
    %load/vec4 v0x12ae9c2d0_0;
    %pushi/vec4 1, 0, 32;
    %add;
    %store/vec4 v0x12ae9c2d0_0, 0, 32;
    %jmp T_23.10;
T_23.11 ;
    %load/vec4 v0x12ae9bf50_0;
    %load/vec4 v0x12ae9c090_0;
    %add;
    %cmpi/s 0, 0, 32;
    %flag_or 5, 4; GT is !LE
    %flag_inv 5;
    %jmp/0xz  T_23.12, 5;
    %load/vec4 v0x12ae9caa0_0;
    %load/vec4 v0x12ae9bf50_0;
    %add;
    %load/vec4 v0x12ae9c090_0;
    %add;
    %assign/vec4 v0x12ae9caa0_0, 0;
    %jmp T_23.13;
T_23.12 ;
    %load/vec4 v0x12ae9caa0_0;
    %cmpi/s 0, 0, 32;
    %flag_or 5, 4; GT is !LE
    %flag_inv 5;
    %jmp/0xz  T_23.14, 5;
    %load/vec4 v0x12ae9caa0_0;
    %load/vec4 v0x12ae9c490_0;
    %sub;
    %assign/vec4 v0x12ae9caa0_0, 0;
    %load/vec4 v0x12ae9caa0_0;
    %cmpi/s 0, 0, 32;
    %jmp/0xz  T_23.16, 5;
    %pushi/vec4 0, 0, 32;
    %assign/vec4 v0x12ae9caa0_0, 0;
T_23.16 ;
T_23.14 ;
T_23.13 ;
    %load/vec4 v0x12ae9caa0_0;
    %cmpi/s 0, 0, 32;
    %jmp/0xz  T_23.18, 5;
    %pushi/vec4 0, 0, 32;
    %assign/vec4 v0x12ae9caa0_0, 0;
T_23.18 ;
    %load/vec4 v0x12ae9caa0_0;
    %assign/vec4 v0x12ae9bdf0_0, 0;
    %load/vec4 v0x12ae9beb0_0;
    %load/vec4 v0x12ae9caa0_0;
    %cmp/s;
    %flag_or 5, 4;
    %jmp/0xz  T_23.20, 5;
    %pushi/vec4 2, 0, 8;
    %assign/vec4 v0x12ae9c5e0_0, 0;
T_23.20 ;
T_23.6 ;
    %jmp T_23.5;
T_23.4 ;
    %pushi/vec4 0, 0, 32;
    %assign/vec4 v0x12ae9caa0_0, 0;
    %pushi/vec4 0, 0, 32;
    %assign/vec4 v0x12ae9bdf0_0, 0;
    %pushi/vec4 1, 0, 1;
    %assign/vec4 v0x12ae9c380_0, 0;
    %pushi/vec4 0, 0, 8;
    %assign/vec4 v0x12ae9c5e0_0, 0;
    %jmp T_23.5;
T_23.5 ;
    %pop/vec4 1;
T_23.1 ;
    %jmp T_23;
    .thread T_23;
    .scope S_0x12ae9d060;
T_24 ;
    %wait E_0x12ae90c40;
    %load/vec4 v0x12ae9d5c0_0;
    %flag_set/vec4 8;
    %jmp/0xz  T_24.0, 8;
    %load/vec4 v0x12ae972f0_0;
    %assign/vec4 v0x12ae97030_0, 0;
    %pushi/vec4 0, 0, 1;
    %assign/vec4 v0x12ae9d530_0, 0;
    %jmp T_24.1;
T_24.0 ;
    %load/vec4 v0x12ae97030_0;
    %parti/s 15, 0, 2;
    %load/vec4 v0x12ae97030_0;
    %parti/s 1, 15, 5;
    %load/vec4 v0x12ae97030_0;
    %parti/s 1, 13, 5;
    %xor;
    %concat/vec4; draw_concat_vec4
    %assign/vec4 v0x12ae97030_0, 0;
    %load/vec4 v0x12ae97030_0;
    %parti/s 1, 0, 2;
    %assign/vec4 v0x12ae9d530_0, 0;
T_24.1 ;
    %jmp T_24;
    .thread T_24;
    .scope S_0x12ae9cca0;
T_25 ;
    %pushi/vec4 0, 0, 32;
    %store/vec4 v0x12ae9e580_0, 0, 32;
    %pushi/vec4 64659, 0, 32;
    %store/vec4 v0x12ae9d910_0, 0, 32;
    %pushi/vec4 8192, 0, 32;
    %store/vec4 v0x12ae9df60_0, 0, 32;
    %pushi/vec4 8192, 0, 32;
    %store/vec4 v0x12ae9e620_0, 0, 32;
    %pushi/vec4 256, 0, 32;
    %store/vec4 v0x12ae9dd80_0, 0, 32;
    %end;
    .thread T_25;
    .scope S_0x12ae9cca0;
T_26 ;
    %wait E_0x12ae90c40;
    %load/vec4 v0x12ae9e360_0;
    %flag_set/vec4 8;
    %jmp/0xz  T_26.0, 8;
    %pushi/vec4 0, 0, 8;
    %assign/vec4 v0x12ae9e0c0_0, 0;
    %pushi/vec4 0, 0, 1;
    %assign/vec4 v0x12ae9dec0_0, 0;
    %jmp T_26.1;
T_26.0 ;
    %load/vec4 v0x12ae9e170_0;
    %dup/vec4;
    %pushi/vec4 0, 0, 8;
    %cmp/u;
    %jmp/1 T_26.2, 6;
    %dup/vec4;
    %pushi/vec4 1, 0, 8;
    %cmp/u;
    %jmp/1 T_26.3, 6;
    %dup/vec4;
    %pushi/vec4 2, 0, 8;
    %cmp/u;
    %jmp/1 T_26.4, 6;
    %jmp T_26.5;
T_26.2 ;
    %pushi/vec4 0, 0, 1;
    %assign/vec4 v0x12ae9dec0_0, 0;
    %pushi/vec4 1, 0, 8;
    %assign/vec4 v0x12ae9e0c0_0, 0;
    %jmp T_26.5;
T_26.3 ;
    %load/vec4 v0x12ae9e220_0;
    %flag_set/vec4 8;
    %jmp/0xz  T_26.6, 8;
    %pushi/vec4 0, 0, 32;
    %store/vec4 v0x12ae9d9b0_0, 0, 32;
    %pushi/vec4 0, 0, 32;
    %store/vec4 v0x12ae9e010_0, 0, 32;
T_26.8 ;
    %load/vec4 v0x12ae9e010_0;
    %cmpi/s 8, 0, 32;
    %jmp/0xz T_26.9, 5;
    %load/vec4 v0x12ae9d9b0_0;
    %load/vec4 v0x12ae9e3f0_0;
    %load/vec4 v0x12ae9e010_0;
    %part/s 1;
    %pad/u 32;
    %load/vec4 v0x12ae9e620_0;
    %mul;
    %add;
    %store/vec4 v0x12ae9d9b0_0, 0, 32;
    ; show_stmt_assign_vector: Get l-value for compressed += operand
    %load/vec4 v0x12ae9e010_0;
    %pushi/vec4 1, 0, 32;
    %add;
    %store/vec4 v0x12ae9e010_0, 0, 32;
    %jmp T_26.8;
T_26.9 ;
    %pushi/vec4 0, 0, 32;
    %store/vec4 v0x12ae9daf0_0, 0, 32;
    %pushi/vec4 0, 0, 32;
    %store/vec4 v0x12ae9de10_0, 0, 32;
T_26.10 ;
    %load/vec4 v0x12ae9de10_0;
    %cmpi/s 32, 0, 32;
    %jmp/0xz T_26.11, 5;
    %load/vec4 v0x12ae9daf0_0;
    %load/vec4 v0x12ae9dbe0_0;
    %load/vec4 v0x12ae9de10_0;
    %part/s 1;
    %pad/u 32;
    %load/vec4 v0x12ae9dd80_0;
    %mul;
    %add;
    %store/vec4 v0x12ae9daf0_0, 0, 32;
    ; show_stmt_assign_vector: Get l-value for compressed += operand
    %load/vec4 v0x12ae9de10_0;
    %pushi/vec4 1, 0, 32;
    %add;
    %store/vec4 v0x12ae9de10_0, 0, 32;
    %jmp T_26.10;
T_26.11 ;
    %load/vec4 v0x12ae9d9b0_0;
    %load/vec4 v0x12ae9daf0_0;
    %add;
    %cmpi/s 0, 0, 32;
    %flag_or 5, 4; GT is !LE
    %flag_inv 5;
    %jmp/0xz  T_26.12, 5;
    %load/vec4 v0x12ae9e580_0;
    %load/vec4 v0x12ae9d9b0_0;
    %add;
    %load/vec4 v0x12ae9daf0_0;
    %add;
    %assign/vec4 v0x12ae9e580_0, 0;
    %jmp T_26.13;
T_26.12 ;
    %load/vec4 v0x12ae9e580_0;
    %cmpi/s 0, 0, 32;
    %flag_or 5, 4; GT is !LE
    %flag_inv 5;
    %jmp/0xz  T_26.14, 5;
    %load/vec4 v0x12ae9e580_0;
    %load/vec4 v0x12ae9df60_0;
    %sub;
    %assign/vec4 v0x12ae9e580_0, 0;
    %load/vec4 v0x12ae9e580_0;
    %cmpi/s 0, 0, 32;
    %jmp/0xz  T_26.16, 5;
    %pushi/vec4 0, 0, 32;
    %assign/vec4 v0x12ae9e580_0, 0;
T_26.16 ;
T_26.14 ;
T_26.13 ;
    %load/vec4 v0x12ae9e580_0;
    %cmpi/s 0, 0, 32;
    %jmp/0xz  T_26.18, 5;
    %pushi/vec4 0, 0, 32;
    %assign/vec4 v0x12ae9e580_0, 0;
T_26.18 ;
    %load/vec4 v0x12ae9e580_0;
    %assign/vec4 v0x12ae9d850_0, 0;
    %load/vec4 v0x12ae9d910_0;
    %load/vec4 v0x12ae9e580_0;
    %cmp/s;
    %flag_or 5, 4;
    %jmp/0xz  T_26.20, 5;
    %pushi/vec4 2, 0, 8;
    %assign/vec4 v0x12ae9e0c0_0, 0;
T_26.20 ;
T_26.6 ;
    %jmp T_26.5;
T_26.4 ;
    %pushi/vec4 0, 0, 32;
    %assign/vec4 v0x12ae9e580_0, 0;
    %pushi/vec4 0, 0, 32;
    %assign/vec4 v0x12ae9d850_0, 0;
    %pushi/vec4 1, 0, 1;
    %assign/vec4 v0x12ae9dec0_0, 0;
    %pushi/vec4 0, 0, 8;
    %assign/vec4 v0x12ae9e0c0_0, 0;
    %jmp T_26.5;
T_26.5 ;
    %pop/vec4 1;
T_26.1 ;
    %jmp T_26;
    .thread T_26;
    .scope S_0x12ae9eb40;
T_27 ;
    %wait E_0x12ae90c40;
    %load/vec4 v0x12ae9ef70_0;
    %flag_set/vec4 8;
    %jmp/0xz  T_27.0, 8;
    %load/vec4 v0x12ae9f000_0;
    %assign/vec4 v0x12ae9ee10_0, 0;
    %pushi/vec4 0, 0, 1;
    %assign/vec4 v0x12ae9eec0_0, 0;
    %jmp T_27.1;
T_27.0 ;
    %load/vec4 v0x12ae9ee10_0;
    %parti/s 15, 0, 2;
    %load/vec4 v0x12ae9ee10_0;
    %parti/s 1, 15, 5;
    %load/vec4 v0x12ae9ee10_0;
    %parti/s 1, 13, 5;
    %xor;
    %concat/vec4; draw_concat_vec4
    %assign/vec4 v0x12ae9ee10_0, 0;
    %load/vec4 v0x12ae9ee10_0;
    %parti/s 1, 0, 2;
    %assign/vec4 v0x12ae9eec0_0, 0;
T_27.1 ;
    %jmp T_27;
    .thread T_27;
    .scope S_0x12ae9e780;
T_28 ;
    %pushi/vec4 0, 0, 32;
    %store/vec4 v0x12ae9fde0_0, 0, 32;
    %pushi/vec4 64659, 0, 32;
    %store/vec4 v0x12ae9f1f0_0, 0, 32;
    %pushi/vec4 8192, 0, 32;
    %store/vec4 v0x12ae9f7d0_0, 0, 32;
    %pushi/vec4 8192, 0, 32;
    %store/vec4 v0x12ae9fe80_0, 0, 32;
    %pushi/vec4 256, 0, 32;
    %store/vec4 v0x12ae9f560_0, 0, 32;
    %end;
    .thread T_28;
    .scope S_0x12ae9e780;
T_29 ;
    %wait E_0x12ae90c40;
    %load/vec4 v0x12ae9fbc0_0;
    %flag_set/vec4 8;
    %jmp/0xz  T_29.0, 8;
    %pushi/vec4 0, 0, 8;
    %assign/vec4 v0x12ae9f920_0, 0;
    %pushi/vec4 0, 0, 1;
    %assign/vec4 v0x12ae9f6c0_0, 0;
    %jmp T_29.1;
T_29.0 ;
    %load/vec4 v0x12ae9f9d0_0;
    %dup/vec4;
    %pushi/vec4 0, 0, 8;
    %cmp/u;
    %jmp/1 T_29.2, 6;
    %dup/vec4;
    %pushi/vec4 1, 0, 8;
    %cmp/u;
    %jmp/1 T_29.3, 6;
    %dup/vec4;
    %pushi/vec4 2, 0, 8;
    %cmp/u;
    %jmp/1 T_29.4, 6;
    %jmp T_29.5;
T_29.2 ;
    %pushi/vec4 0, 0, 1;
    %assign/vec4 v0x12ae9f6c0_0, 0;
    %pushi/vec4 1, 0, 8;
    %assign/vec4 v0x12ae9f920_0, 0;
    %jmp T_29.5;
T_29.3 ;
    %load/vec4 v0x12ae9fa80_0;
    %flag_set/vec4 8;
    %jmp/0xz  T_29.6, 8;
    %pushi/vec4 0, 0, 32;
    %store/vec4 v0x12ae9f290_0, 0, 32;
    %pushi/vec4 0, 0, 32;
    %store/vec4 v0x12ae9f870_0, 0, 32;
T_29.8 ;
    %load/vec4 v0x12ae9f870_0;
    %cmpi/s 8, 0, 32;
    %jmp/0xz T_29.9, 5;
    %load/vec4 v0x12ae9f290_0;
    %load/vec4 v0x12ae9fc50_0;
    %load/vec4 v0x12ae9f870_0;
    %part/s 1;
    %pad/u 32;
    %load/vec4 v0x12ae9fe80_0;
    %mul;
    %add;
    %store/vec4 v0x12ae9f290_0, 0, 32;
    ; show_stmt_assign_vector: Get l-value for compressed += operand
    %load/vec4 v0x12ae9f870_0;
    %pushi/vec4 1, 0, 32;
    %add;
    %store/vec4 v0x12ae9f870_0, 0, 32;
    %jmp T_29.8;
T_29.9 ;
    %pushi/vec4 0, 0, 32;
    %store/vec4 v0x12ae9f3d0_0, 0, 32;
    %pushi/vec4 0, 0, 32;
    %store/vec4 v0x12ae9f610_0, 0, 32;
T_29.10 ;
    %load/vec4 v0x12ae9f610_0;
    %cmpi/s 32, 0, 32;
    %jmp/0xz T_29.11, 5;
    %load/vec4 v0x12ae9f3d0_0;
    %load/vec4 v0x12ae9f4c0_0;
    %load/vec4 v0x12ae9f610_0;
    %part/s 1;
    %pad/u 32;
    %load/vec4 v0x12ae9f560_0;
    %mul;
    %add;
    %store/vec4 v0x12ae9f3d0_0, 0, 32;
    ; show_stmt_assign_vector: Get l-value for compressed += operand
    %load/vec4 v0x12ae9f610_0;
    %pushi/vec4 1, 0, 32;
    %add;
    %store/vec4 v0x12ae9f610_0, 0, 32;
    %jmp T_29.10;
T_29.11 ;
    %load/vec4 v0x12ae9f290_0;
    %load/vec4 v0x12ae9f3d0_0;
    %add;
    %cmpi/s 0, 0, 32;
    %flag_or 5, 4; GT is !LE
    %flag_inv 5;
    %jmp/0xz  T_29.12, 5;
    %load/vec4 v0x12ae9fde0_0;
    %load/vec4 v0x12ae9f290_0;
    %add;
    %load/vec4 v0x12ae9f3d0_0;
    %add;
    %assign/vec4 v0x12ae9fde0_0, 0;
    %jmp T_29.13;
T_29.12 ;
    %load/vec4 v0x12ae9fde0_0;
    %cmpi/s 0, 0, 32;
    %flag_or 5, 4; GT is !LE
    %flag_inv 5;
    %jmp/0xz  T_29.14, 5;
    %load/vec4 v0x12ae9fde0_0;
    %load/vec4 v0x12ae9f7d0_0;
    %sub;
    %assign/vec4 v0x12ae9fde0_0, 0;
    %load/vec4 v0x12ae9fde0_0;
    %cmpi/s 0, 0, 32;
    %jmp/0xz  T_29.16, 5;
    %pushi/vec4 0, 0, 32;
    %assign/vec4 v0x12ae9fde0_0, 0;
T_29.16 ;
T_29.14 ;
T_29.13 ;
    %load/vec4 v0x12ae9fde0_0;
    %cmpi/s 0, 0, 32;
    %jmp/0xz  T_29.18, 5;
    %pushi/vec4 0, 0, 32;
    %assign/vec4 v0x12ae9fde0_0, 0;
T_29.18 ;
    %load/vec4 v0x12ae9fde0_0;
    %assign/vec4 v0x12ae9f130_0, 0;
    %load/vec4 v0x12ae9f1f0_0;
    %load/vec4 v0x12ae9fde0_0;
    %cmp/s;
    %flag_or 5, 4;
    %jmp/0xz  T_29.20, 5;
    %pushi/vec4 2, 0, 8;
    %assign/vec4 v0x12ae9f920_0, 0;
T_29.20 ;
T_29.6 ;
    %jmp T_29.5;
T_29.4 ;
    %pushi/vec4 0, 0, 32;
    %assign/vec4 v0x12ae9fde0_0, 0;
    %pushi/vec4 0, 0, 32;
    %assign/vec4 v0x12ae9f130_0, 0;
    %pushi/vec4 1, 0, 1;
    %assign/vec4 v0x12ae9f6c0_0, 0;
    %pushi/vec4 0, 0, 8;
    %assign/vec4 v0x12ae9f920_0, 0;
    %jmp T_29.5;
T_29.5 ;
    %pop/vec4 1;
T_29.1 ;
    %jmp T_29;
    .thread T_29;
    .scope S_0x12ae92330;
T_30 ;
    %wait E_0x12ae90c40;
    %load/vec4 v0x12ae92790_0;
    %flag_set/vec4 8;
    %jmp/0xz  T_30.0, 8;
    %load/vec4 v0x12ae92860_0;
    %assign/vec4 v0x12ae92640_0, 0;
    %pushi/vec4 0, 0, 1;
    %assign/vec4 v0x12ae926e0_0, 0;
    %jmp T_30.1;
T_30.0 ;
    %load/vec4 v0x12ae92640_0;
    %parti/s 15, 0, 2;
    %load/vec4 v0x12ae92640_0;
    %parti/s 1, 15, 5;
    %load/vec4 v0x12ae92640_0;
    %parti/s 1, 13, 5;
    %xor;
    %concat/vec4; draw_concat_vec4
    %assign/vec4 v0x12ae92640_0, 0;
    %load/vec4 v0x12ae92640_0;
    %parti/s 1, 0, 2;
    %assign/vec4 v0x12ae926e0_0, 0;
T_30.1 ;
    %jmp T_30;
    .thread T_30;
    .scope S_0x12ae91f60;
T_31 ;
    %pushi/vec4 0, 0, 32;
    %store/vec4 v0x12ae93620_0, 0, 32;
    %pushi/vec4 64659, 0, 32;
    %store/vec4 v0x12ae92a20_0, 0, 32;
    %pushi/vec4 8192, 0, 32;
    %store/vec4 v0x12ae93000_0, 0, 32;
    %pushi/vec4 8192, 0, 32;
    %store/vec4 v0x12ae936c0_0, 0, 32;
    %pushi/vec4 256, 0, 32;
    %store/vec4 v0x12ae92d90_0, 0, 32;
    %end;
    .thread T_31;
    .scope S_0x12ae91f60;
T_32 ;
    %wait E_0x12ae90c40;
    %load/vec4 v0x12ae93400_0;
    %flag_set/vec4 8;
    %jmp/0xz  T_32.0, 8;
    %pushi/vec4 0, 0, 8;
    %assign/vec4 v0x12ae93160_0, 0;
    %pushi/vec4 0, 0, 1;
    %assign/vec4 v0x12ae92ee0_0, 0;
    %jmp T_32.1;
T_32.0 ;
    %load/vec4 v0x12ae93210_0;
    %dup/vec4;
    %pushi/vec4 0, 0, 8;
    %cmp/u;
    %jmp/1 T_32.2, 6;
    %dup/vec4;
    %pushi/vec4 1, 0, 8;
    %cmp/u;
    %jmp/1 T_32.3, 6;
    %dup/vec4;
    %pushi/vec4 2, 0, 8;
    %cmp/u;
    %jmp/1 T_32.4, 6;
    %jmp T_32.5;
T_32.2 ;
    %pushi/vec4 0, 0, 1;
    %assign/vec4 v0x12ae92ee0_0, 0;
    %pushi/vec4 1, 0, 8;
    %assign/vec4 v0x12ae93160_0, 0;
    %jmp T_32.5;
T_32.3 ;
    %load/vec4 v0x12ae932c0_0;
    %flag_set/vec4 8;
    %jmp/0xz  T_32.6, 8;
    %pushi/vec4 0, 0, 32;
    %store/vec4 v0x12ae92ac0_0, 0, 32;
    %pushi/vec4 0, 0, 32;
    %store/vec4 v0x12ae930b0_0, 0, 32;
T_32.8 ;
    %load/vec4 v0x12ae930b0_0;
    %cmpi/s 8, 0, 32;
    %jmp/0xz T_32.9, 5;
    %load/vec4 v0x12ae92ac0_0;
    %load/vec4 v0x12ae93490_0;
    %load/vec4 v0x12ae930b0_0;
    %part/s 1;
    %pad/u 32;
    %load/vec4 v0x12ae936c0_0;
    %mul;
    %add;
    %store/vec4 v0x12ae92ac0_0, 0, 32;
    ; show_stmt_assign_vector: Get l-value for compressed += operand
    %load/vec4 v0x12ae930b0_0;
    %pushi/vec4 1, 0, 32;
    %add;
    %store/vec4 v0x12ae930b0_0, 0, 32;
    %jmp T_32.8;
T_32.9 ;
    %pushi/vec4 0, 0, 32;
    %store/vec4 v0x12ae92c00_0, 0, 32;
    %pushi/vec4 0, 0, 32;
    %store/vec4 v0x12ae92e30_0, 0, 32;
T_32.10 ;
    %load/vec4 v0x12ae92e30_0;
    %cmpi/s 32, 0, 32;
    %jmp/0xz T_32.11, 5;
    %load/vec4 v0x12ae92c00_0;
    %load/vec4 v0x12ae92cf0_0;
    %load/vec4 v0x12ae92e30_0;
    %part/s 1;
    %pad/u 32;
    %load/vec4 v0x12ae92d90_0;
    %mul;
    %add;
    %store/vec4 v0x12ae92c00_0, 0, 32;
    ; show_stmt_assign_vector: Get l-value for compressed += operand
    %load/vec4 v0x12ae92e30_0;
    %pushi/vec4 1, 0, 32;
    %add;
    %store/vec4 v0x12ae92e30_0, 0, 32;
    %jmp T_32.10;
T_32.11 ;
    %load/vec4 v0x12ae92ac0_0;
    %load/vec4 v0x12ae92c00_0;
    %add;
    %cmpi/s 0, 0, 32;
    %flag_or 5, 4; GT is !LE
    %flag_inv 5;
    %jmp/0xz  T_32.12, 5;
    %load/vec4 v0x12ae93620_0;
    %load/vec4 v0x12ae92ac0_0;
    %add;
    %load/vec4 v0x12ae92c00_0;
    %add;
    %assign/vec4 v0x12ae93620_0, 0;
    %jmp T_32.13;
T_32.12 ;
    %load/vec4 v0x12ae93620_0;
    %cmpi/s 0, 0, 32;
    %flag_or 5, 4; GT is !LE
    %flag_inv 5;
    %jmp/0xz  T_32.14, 5;
    %load/vec4 v0x12ae93620_0;
    %load/vec4 v0x12ae93000_0;
    %sub;
    %assign/vec4 v0x12ae93620_0, 0;
    %load/vec4 v0x12ae93620_0;
    %cmpi/s 0, 0, 32;
    %jmp/0xz  T_32.16, 5;
    %pushi/vec4 0, 0, 32;
    %assign/vec4 v0x12ae93620_0, 0;
T_32.16 ;
T_32.14 ;
T_32.13 ;
    %load/vec4 v0x12ae93620_0;
    %cmpi/s 0, 0, 32;
    %jmp/0xz  T_32.18, 5;
    %pushi/vec4 0, 0, 32;
    %assign/vec4 v0x12ae93620_0, 0;
T_32.18 ;
    %load/vec4 v0x12ae93620_0;
    %assign/vec4 v0x12ae92960_0, 0;
    %load/vec4 v0x12ae92a20_0;
    %load/vec4 v0x12ae93620_0;
    %cmp/s;
    %flag_or 5, 4;
    %jmp/0xz  T_32.20, 5;
    %pushi/vec4 2, 0, 8;
    %assign/vec4 v0x12ae93160_0, 0;
T_32.20 ;
T_32.6 ;
    %jmp T_32.5;
T_32.4 ;
    %pushi/vec4 0, 0, 32;
    %assign/vec4 v0x12ae93620_0, 0;
    %pushi/vec4 0, 0, 32;
    %assign/vec4 v0x12ae92960_0, 0;
    %pushi/vec4 1, 0, 1;
    %assign/vec4 v0x12ae92ee0_0, 0;
    %pushi/vec4 0, 0, 8;
    %assign/vec4 v0x12ae93160_0, 0;
    %jmp T_32.5;
T_32.5 ;
    %pop/vec4 1;
T_32.1 ;
    %jmp T_32;
    .thread T_32;
    .scope S_0x12ae7a6d0;
T_33 ;
    %pushi/vec4 0, 0, 1;
    %store/vec4 v0x12aea1b30_0, 0, 1;
    %pushi/vec4 0, 0, 32;
    %store/vec4 v0x12aea1c50_0, 0, 32;
    %pushi/vec4 44257, 0, 16;
    %store/vec4 v0x12aea2050_0, 0, 16;
    %pushi/vec4 48879, 0, 16;
    %store/vec4 v0x12aea21c0_0, 0, 16;
    %pushi/vec4 49374, 0, 16;
    %store/vec4 v0x12aea2290_0, 0, 16;
    %pushi/vec4 57005, 0, 16;
    %store/vec4 v0x12aea2360_0, 0, 16;
    %pushi/vec4 64206, 0, 16;
    %store/vec4 v0x12aea2430_0, 0, 16;
    %pushi/vec4 4660, 0, 16;
    %store/vec4 v0x12aea2500_0, 0, 16;
    %pushi/vec4 22136, 0, 16;
    %store/vec4 v0x12aea25d0_0, 0, 16;
    %pushi/vec4 39612, 0, 16;
    %store/vec4 v0x12aea26a0_0, 0, 16;
    %pushi/vec4 57072, 0, 16;
    %store/vec4 v0x12aea2770_0, 0, 16;
    %pushi/vec4 65244, 0, 16;
    %store/vec4 v0x12aea2130_0, 0, 16;
    %end;
    .thread T_33;
    .scope S_0x12ae7a6d0;
T_34 ;
    %vpi_func 2 148 "$fopen" 32, "output_waveforms_step.csv", "w" {0 0 0};
    %store/vec4 v0x12aea1bc0_0, 0, 32;
    %load/vec4 v0x12aea1bc0_0;
    %nor/r;
    %flag_set/vec4 8;
    %jmp/0xz  T_34.0, 8;
    %vpi_call 2 150 "$display", "Error: Could not open CSV file for writing." {0 0 0};
    %vpi_call 2 151 "$finish" {0 0 0};
T_34.0 ;
    %vpi_call 2 155 "$fwrite", v0x12aea1bc0_0, "Time (ns), Step Input (Float), Bits\012" {0 0 0};
    %vpi_call 2 158 "$dumpfile", "top_level_ESN_system_step.vcd" {0 0 0};
    %vpi_call 2 159 "$dumpvars", 32'sb00000000000000000000000000000000, S_0x12ae7a6d0 {0 0 0};
    %pushi/vec4 1, 0, 1;
    %store/vec4 v0x12aea1fc0_0, 0, 1;
    %pushi/vec4 5, 0, 8;
    %store/vec4 v0x12aea1ce0_0, 0, 8;
    %delay 5000, 0;
    %pushi/vec4 0, 0, 1;
    %store/vec4 v0x12aea1fc0_0, 0, 1;
    %delay 50000000, 0;
    %vpi_call 2 172 "$fclose", v0x12aea1bc0_0 {0 0 0};
    %vpi_call 2 175 "$finish" {0 0 0};
    %end;
    .thread T_34;
    .scope S_0x12ae7a6d0;
T_35 ;
    %delay 10000, 0;
    %load/vec4 v0x12aea1b30_0;
    %inv;
    %store/vec4 v0x12aea1b30_0, 0, 1;
    %load/vec4 v0x12aea1a60_0;
    %store/vec4 v0x12aea1c50_0, 0, 32;
    %pushi/vec4 0, 0, 7;
    %load/vec4 v0x12aea1e10_0;
    %parti/s 1, 9, 5;
    %concat/vec4; draw_concat_vec4
    %store/vec4 v0x12aea2840_0, 0, 8;
    %pushi/vec4 0, 0, 7;
    %load/vec4 v0x12aea1e10_0;
    %parti/s 1, 0, 2;
    %concat/vec4; draw_concat_vec4
    %store/vec4 v0x12aea2960_0, 0, 8;
    %pushi/vec4 0, 0, 7;
    %load/vec4 v0x12aea1e10_0;
    %parti/s 1, 1, 2;
    %concat/vec4; draw_concat_vec4
    %store/vec4 v0x12aea29f0_0, 0, 8;
    %pushi/vec4 0, 0, 7;
    %load/vec4 v0x12aea1e10_0;
    %parti/s 1, 2, 3;
    %concat/vec4; draw_concat_vec4
    %store/vec4 v0x12aea2a80_0, 0, 8;
    %pushi/vec4 0, 0, 7;
    %load/vec4 v0x12aea1e10_0;
    %parti/s 1, 3, 3;
    %concat/vec4; draw_concat_vec4
    %store/vec4 v0x12aea1ea0_0, 0, 8;
    %pushi/vec4 0, 0, 7;
    %load/vec4 v0x12aea1e10_0;
    %parti/s 1, 4, 4;
    %concat/vec4; draw_concat_vec4
    %store/vec4 v0x12aea2d10_0, 0, 8;
    %pushi/vec4 0, 0, 7;
    %load/vec4 v0x12aea1e10_0;
    %parti/s 1, 5, 4;
    %concat/vec4; draw_concat_vec4
    %store/vec4 v0x12aea2da0_0, 0, 8;
    %pushi/vec4 0, 0, 7;
    %load/vec4 v0x12aea1e10_0;
    %parti/s 1, 6, 4;
    %concat/vec4; draw_concat_vec4
    %store/vec4 v0x12aea2e30_0, 0, 8;
    %pushi/vec4 0, 0, 7;
    %load/vec4 v0x12aea1e10_0;
    %parti/s 1, 7, 4;
    %concat/vec4; draw_concat_vec4
    %store/vec4 v0x12aea2ec0_0, 0, 8;
    %pushi/vec4 0, 0, 7;
    %load/vec4 v0x12aea1e10_0;
    %parti/s 1, 8, 5;
    %concat/vec4; draw_concat_vec4
    %store/vec4 v0x12aea28d0_0, 0, 8;
    %jmp T_35;
    .thread T_35;
    .scope S_0x12ae7a6d0;
T_36 ;
    %wait E_0x12ae7e5a0;
    %load/vec4 v0x12aea1fc0_0;
    %nor/r;
    %flag_set/vec4 8;
    %jmp/0xz  T_36.0, 8;
    %load/vec4 v0x12aea2f70_0;
    %store/vec4 v0x12ae90500_0, 0, 16;
    %callf/real TD_top_level_ESN_system.convert_to_real, S_0x12ae75660;
    %vpi_call 2 201 "$fwrite", v0x12aea1bc0_0, "%0t, %0f", $time, W<0,r> {0 1 0};
    %pushi/vec4 0, 0, 32;
    %store/vec4 v0x12aea1d70_0, 0, 32;
T_36.2 ;
    %load/vec4 v0x12aea1d70_0;
    %cmpi/s 10, 0, 32;
    %jmp/0xz T_36.3, 5;
    %vpi_call 2 203 "$fwrite", v0x12aea1bc0_0, ", %0b", &PV<v0x12aea1e10_0, v0x12aea1d70_0, 1> {0 0 0};
    %load/vec4 v0x12aea1d70_0;
    %addi 1, 0, 32;
    %store/vec4 v0x12aea1d70_0, 0, 32;
    %jmp T_36.2;
T_36.3 ;
    %vpi_call 2 205 "$fwrite", v0x12aea1bc0_0, "\012" {0 0 0};
T_36.0 ;
    %jmp T_36;
    .thread T_36;
# The file index is used to find the file name in the following table.
:file_names 4;
    "N/A";
    "<interactive>";
    "/Users/ingaschoyen/NE/NE_Project/verilog/testbench_step.sv";
    "/Users/ingaschoyen/NE/NE_Project/verilog/design_step.sv";
