#! /usr/local/bin/vvp
:ivl_version "12.0 (stable)";
:ivl_delay_selection "TYPICAL";
:vpi_time_precision + 0;
:vpi_module "/usr/local/lib/ivl/system.vpi";
:vpi_module "/usr/local/lib/ivl/vhdl_sys.vpi";
:vpi_module "/usr/local/lib/ivl/vhdl_textio.vpi";
:vpi_module "/usr/local/lib/ivl/v2005_math.vpi";
:vpi_module "/usr/local/lib/ivl/va_math.vpi";
:vpi_module "/usr/local/lib/ivl/v2009.vpi";
S_0x21885d0 .scope package, "$unit" "$unit" 2 1;
 .timescale 0 0;
S_0x216f580 .scope module, "RSNN" "RSNN" 3 1;
 .timescale 0 0;
v0x21c2ca0_0 .net/s "VOUT_1", 31 0, v0x21958b0_0;  1 drivers
v0x21c2d80_0 .net/s "VOUT_2", 31 0, v0x21c0f10_0;  1 drivers
v0x21c2e20_0 .net/s "VOUT_3", 31 0, v0x21c1fe0_0;  1 drivers
v0x21c2ef0_0 .var "clk", 0 0;
v0x21c2f90_0 .var "ext_input1", 7 0;
v0x21c3080_0 .var "ext_input2", 7 0;
v0x21c3160_0 .var "ext_input3", 7 0;
v0x21c3240_0 .var "i_in_1", 7 0;
v0x21c3300_0 .var "i_in_2", 7 0;
v0x21c3460_0 .var "i_in_3", 7 0;
v0x21c3530_0 .net "i_out_1", 0 0, v0x21c02f0_0;  1 drivers
v0x21c3600_0 .net "i_out_2", 0 0, v0x21c13c0_0;  1 drivers
v0x21c36d0_0 .net "i_out_3", 0 0, v0x21c24d0_0;  1 drivers
v0x21c37a0_0 .var "rst", 0 0;
S_0x216f710 .scope module, "neuron1" "SLIF_unipolar_multi" 3 13, 4 2 0, S_0x216f580;
 .timescale 0 0;
    .port_info 0 /INPUT 8 "i_in";
    .port_info 1 /INPUT 1 "clk";
    .port_info 2 /INPUT 1 "rst";
    .port_info 3 /OUTPUT 32 "VOUT";
    .port_info 4 /OUTPUT 1 "i_out";
P_0x216f8f0 .param/l "s0" 0 4 20, C4<00000000>;
P_0x216f930 .param/l "s1" 0 4 21, C4<00000001>;
P_0x216f970 .param/l "s2" 0 4 22, C4<00000010>;
L_0x21c3840 .functor BUFZ 8, v0x21c0570_0, C4<00000000>, C4<00000000>, C4<00000000>;
v0x21958b0_0 .var/s "VOUT", 31 0;
v0x21bff30_0 .var/s "Vth", 31 0;
v0x21c0010_0 .var/s "a", 31 0;
v0x21c0100_0 .net "clk", 0 0, v0x21c2ef0_0;  1 drivers
v0x21c01c0_0 .net "i_in", 7 0, v0x21c3240_0;  1 drivers
v0x21c02f0_0 .var "i_out", 0 0;
v0x21c03b0_0 .var/s "leaky", 31 0;
v0x21c0490_0 .var/i "n", 31 0;
v0x21c0570_0 .var "n_s", 7 0;
v0x21c06e0_0 .net "p_s", 7 0, L_0x21c3840;  1 drivers
v0x21c07c0_0 .net "rst", 0 0, v0x21c37a0_0;  1 drivers
v0x21c0880_0 .var/s "v", 31 0;
v0x21c0960_0 .var/s "w", 31 0;
E_0x219df30/0 .event negedge, v0x21c07c0_0;
E_0x219df30/1 .event posedge, v0x21c0100_0;
E_0x219df30 .event/or E_0x219df30/0, E_0x219df30/1;
S_0x21c0ae0 .scope module, "neuron2" "SLIF_unipolar_multi" 3 21, 4 2 0, S_0x216f580;
 .timescale 0 0;
    .port_info 0 /INPUT 8 "i_in";
    .port_info 1 /INPUT 1 "clk";
    .port_info 2 /INPUT 1 "rst";
    .port_info 3 /OUTPUT 32 "VOUT";
    .port_info 4 /OUTPUT 1 "i_out";
P_0x21c0c90 .param/l "s0" 0 4 20, C4<00000000>;
P_0x21c0cd0 .param/l "s1" 0 4 21, C4<00000001>;
P_0x21c0d10 .param/l "s2" 0 4 22, C4<00000010>;
L_0x21c3910 .functor BUFZ 8, v0x21c1640_0, C4<00000000>, C4<00000000>, C4<00000000>;
v0x21c0f10_0 .var/s "VOUT", 31 0;
v0x21c1010_0 .var/s "Vth", 31 0;
v0x21c10f0_0 .var/s "a", 31 0;
v0x21c11e0_0 .net "clk", 0 0, v0x21c2ef0_0;  alias, 1 drivers
v0x21c12b0_0 .net "i_in", 7 0, v0x21c3300_0;  1 drivers
v0x21c13c0_0 .var "i_out", 0 0;
v0x21c1480_0 .var/s "leaky", 31 0;
v0x21c1560_0 .var/i "n", 31 0;
v0x21c1640_0 .var "n_s", 7 0;
v0x21c17b0_0 .net "p_s", 7 0, L_0x21c3910;  1 drivers
v0x21c1890_0 .net "rst", 0 0, v0x21c37a0_0;  alias, 1 drivers
v0x21c1930_0 .var/s "v", 31 0;
v0x21c19f0_0 .var/s "w", 31 0;
S_0x21c1ba0 .scope module, "neuron3" "SLIF_unipolar_multi" 3 29, 4 2 0, S_0x216f580;
 .timescale 0 0;
    .port_info 0 /INPUT 8 "i_in";
    .port_info 1 /INPUT 1 "clk";
    .port_info 2 /INPUT 1 "rst";
    .port_info 3 /OUTPUT 32 "VOUT";
    .port_info 4 /OUTPUT 1 "i_out";
P_0x21c1d30 .param/l "s0" 0 4 20, C4<00000000>;
P_0x21c1d70 .param/l "s1" 0 4 21, C4<00000001>;
P_0x21c1db0 .param/l "s2" 0 4 22, C4<00000010>;
L_0x21c39e0 .functor BUFZ 8, v0x21c2750_0, C4<00000000>, C4<00000000>, C4<00000000>;
v0x21c1fe0_0 .var/s "VOUT", 31 0;
v0x21c20e0_0 .var/s "Vth", 31 0;
v0x21c21c0_0 .var/s "a", 31 0;
v0x21c22b0_0 .net "clk", 0 0, v0x21c2ef0_0;  alias, 1 drivers
v0x21c23a0_0 .net "i_in", 7 0, v0x21c3460_0;  1 drivers
v0x21c24d0_0 .var "i_out", 0 0;
v0x21c2590_0 .var/s "leaky", 31 0;
v0x21c2670_0 .var/i "n", 31 0;
v0x21c2750_0 .var "n_s", 7 0;
v0x21c28c0_0 .net "p_s", 7 0, L_0x21c39e0;  1 drivers
v0x21c29a0_0 .net "rst", 0 0, v0x21c37a0_0;  alias, 1 drivers
v0x21c2a40_0 .var/s "v", 31 0;
v0x21c2b20_0 .var/s "w", 31 0;
    .scope S_0x216f710;
T_0 ;
    %pushi/vec4 0, 0, 32;
    %store/vec4 v0x21c0880_0, 0, 32;
    %pushi/vec4 64659, 0, 32;
    %store/vec4 v0x21bff30_0, 0, 32;
    %pushi/vec4 8192, 0, 32;
    %store/vec4 v0x21c03b0_0, 0, 32;
    %pushi/vec4 8192, 0, 32;
    %store/vec4 v0x21c0960_0, 0, 32;
    %end;
    .thread T_0, $init;
    .scope S_0x216f710;
T_1 ;
    %wait E_0x219df30;
    %load/vec4 v0x21c07c0_0;
    %nor/r;
    %flag_set/vec4 8;
    %jmp/0xz  T_1.0, 8;
    %pushi/vec4 0, 0, 8;
    %assign/vec4 v0x21c0570_0, 0;
    %jmp T_1.1;
T_1.0 ;
    %load/vec4 v0x21c0100_0;
    %flag_set/vec4 8;
    %jmp/0xz  T_1.2, 8;
    %load/vec4 v0x21c06e0_0;
    %dup/vec4;
    %pushi/vec4 0, 0, 8;
    %cmp/u;
    %jmp/1 T_1.4, 6;
    %dup/vec4;
    %pushi/vec4 1, 0, 8;
    %cmp/u;
    %jmp/1 T_1.5, 6;
    %dup/vec4;
    %pushi/vec4 2, 0, 8;
    %cmp/u;
    %jmp/1 T_1.6, 6;
    %jmp T_1.7;
T_1.4 ;
    %pushi/vec4 0, 0, 1;
    %assign/vec4 v0x21c02f0_0, 0;
    %pushi/vec4 1, 0, 8;
    %assign/vec4 v0x21c0570_0, 0;
    %jmp T_1.7;
T_1.5 ;
    %pushi/vec4 0, 0, 32;
    %store/vec4 v0x21c0010_0, 0, 32;
    %pushi/vec4 0, 0, 32;
    %store/vec4 v0x21c0490_0, 0, 32;
T_1.8 ;
    %load/vec4 v0x21c0490_0;
    %cmpi/s 8, 0, 32;
    %jmp/0xz T_1.9, 5;
    %load/vec4 v0x21c0010_0;
    %load/vec4 v0x21c01c0_0;
    %load/vec4 v0x21c0490_0;
    %part/s 1;
    %pad/u 32;
    %load/vec4 v0x21c0960_0;
    %mul;
    %add;
    %store/vec4 v0x21c0010_0, 0, 32;
    ; show_stmt_assign_vector: Get l-value for compressed += operand
    %load/vec4 v0x21c0490_0;
    %pushi/vec4 1, 0, 32;
    %add;
    %store/vec4 v0x21c0490_0, 0, 32;
    %jmp T_1.8;
T_1.9 ;
    %load/vec4 v0x21c0010_0;
    %cmpi/s 0, 0, 32;
    %flag_or 5, 4; GT is !LE
    %flag_inv 5;
    %jmp/0xz  T_1.10, 5;
    %load/vec4 v0x21c0880_0;
    %load/vec4 v0x21c0010_0;
    %add;
    %assign/vec4 v0x21c0880_0, 0;
    %jmp T_1.11;
T_1.10 ;
    %load/vec4 v0x21c0880_0;
    %cmpi/s 0, 0, 32;
    %flag_or 5, 4; GT is !LE
    %flag_inv 5;
    %jmp/0xz  T_1.12, 5;
    %load/vec4 v0x21c0880_0;
    %load/vec4 v0x21c03b0_0;
    %sub;
    %assign/vec4 v0x21c0880_0, 0;
    %load/vec4 v0x21c0880_0;
    %cmpi/s 0, 0, 32;
    %jmp/0xz  T_1.14, 5;
    %pushi/vec4 0, 0, 32;
    %assign/vec4 v0x21c0880_0, 0;
T_1.14 ;
T_1.12 ;
T_1.11 ;
    %load/vec4 v0x21c0880_0;
    %assign/vec4 v0x21958b0_0, 0;
    %load/vec4 v0x21bff30_0;
    %load/vec4 v0x21c0880_0;
    %cmp/s;
    %flag_or 5, 4;
    %jmp/0xz  T_1.16, 5;
    %pushi/vec4 2, 0, 8;
    %assign/vec4 v0x21c0570_0, 0;
T_1.16 ;
    %jmp T_1.7;
T_1.6 ;
    %pushi/vec4 0, 0, 32;
    %assign/vec4 v0x21c0880_0, 0;
    %pushi/vec4 0, 0, 32;
    %assign/vec4 v0x21958b0_0, 0;
    %pushi/vec4 1, 0, 1;
    %assign/vec4 v0x21c02f0_0, 0;
    %pushi/vec4 0, 0, 8;
    %assign/vec4 v0x21c0570_0, 0;
    %jmp T_1.7;
T_1.7 ;
    %pop/vec4 1;
T_1.2 ;
T_1.1 ;
    %jmp T_1;
    .thread T_1;
    .scope S_0x21c0ae0;
T_2 ;
    %pushi/vec4 0, 0, 32;
    %store/vec4 v0x21c1930_0, 0, 32;
    %pushi/vec4 64659, 0, 32;
    %store/vec4 v0x21c1010_0, 0, 32;
    %pushi/vec4 8192, 0, 32;
    %store/vec4 v0x21c1480_0, 0, 32;
    %pushi/vec4 8192, 0, 32;
    %store/vec4 v0x21c19f0_0, 0, 32;
    %end;
    .thread T_2, $init;
    .scope S_0x21c0ae0;
T_3 ;
    %wait E_0x219df30;
    %load/vec4 v0x21c1890_0;
    %nor/r;
    %flag_set/vec4 8;
    %jmp/0xz  T_3.0, 8;
    %pushi/vec4 0, 0, 8;
    %assign/vec4 v0x21c1640_0, 0;
    %jmp T_3.1;
T_3.0 ;
    %load/vec4 v0x21c11e0_0;
    %flag_set/vec4 8;
    %jmp/0xz  T_3.2, 8;
    %load/vec4 v0x21c17b0_0;
    %dup/vec4;
    %pushi/vec4 0, 0, 8;
    %cmp/u;
    %jmp/1 T_3.4, 6;
    %dup/vec4;
    %pushi/vec4 1, 0, 8;
    %cmp/u;
    %jmp/1 T_3.5, 6;
    %dup/vec4;
    %pushi/vec4 2, 0, 8;
    %cmp/u;
    %jmp/1 T_3.6, 6;
    %jmp T_3.7;
T_3.4 ;
    %pushi/vec4 0, 0, 1;
    %assign/vec4 v0x21c13c0_0, 0;
    %pushi/vec4 1, 0, 8;
    %assign/vec4 v0x21c1640_0, 0;
    %jmp T_3.7;
T_3.5 ;
    %pushi/vec4 0, 0, 32;
    %store/vec4 v0x21c10f0_0, 0, 32;
    %pushi/vec4 0, 0, 32;
    %store/vec4 v0x21c1560_0, 0, 32;
T_3.8 ;
    %load/vec4 v0x21c1560_0;
    %cmpi/s 8, 0, 32;
    %jmp/0xz T_3.9, 5;
    %load/vec4 v0x21c10f0_0;
    %load/vec4 v0x21c12b0_0;
    %load/vec4 v0x21c1560_0;
    %part/s 1;
    %pad/u 32;
    %load/vec4 v0x21c19f0_0;
    %mul;
    %add;
    %store/vec4 v0x21c10f0_0, 0, 32;
    ; show_stmt_assign_vector: Get l-value for compressed += operand
    %load/vec4 v0x21c1560_0;
    %pushi/vec4 1, 0, 32;
    %add;
    %store/vec4 v0x21c1560_0, 0, 32;
    %jmp T_3.8;
T_3.9 ;
    %load/vec4 v0x21c10f0_0;
    %cmpi/s 0, 0, 32;
    %flag_or 5, 4; GT is !LE
    %flag_inv 5;
    %jmp/0xz  T_3.10, 5;
    %load/vec4 v0x21c1930_0;
    %load/vec4 v0x21c10f0_0;
    %add;
    %assign/vec4 v0x21c1930_0, 0;
    %jmp T_3.11;
T_3.10 ;
    %load/vec4 v0x21c1930_0;
    %cmpi/s 0, 0, 32;
    %flag_or 5, 4; GT is !LE
    %flag_inv 5;
    %jmp/0xz  T_3.12, 5;
    %load/vec4 v0x21c1930_0;
    %load/vec4 v0x21c1480_0;
    %sub;
    %assign/vec4 v0x21c1930_0, 0;
    %load/vec4 v0x21c1930_0;
    %cmpi/s 0, 0, 32;
    %jmp/0xz  T_3.14, 5;
    %pushi/vec4 0, 0, 32;
    %assign/vec4 v0x21c1930_0, 0;
T_3.14 ;
T_3.12 ;
T_3.11 ;
    %load/vec4 v0x21c1930_0;
    %assign/vec4 v0x21c0f10_0, 0;
    %load/vec4 v0x21c1010_0;
    %load/vec4 v0x21c1930_0;
    %cmp/s;
    %flag_or 5, 4;
    %jmp/0xz  T_3.16, 5;
    %pushi/vec4 2, 0, 8;
    %assign/vec4 v0x21c1640_0, 0;
T_3.16 ;
    %jmp T_3.7;
T_3.6 ;
    %pushi/vec4 0, 0, 32;
    %assign/vec4 v0x21c1930_0, 0;
    %pushi/vec4 0, 0, 32;
    %assign/vec4 v0x21c0f10_0, 0;
    %pushi/vec4 1, 0, 1;
    %assign/vec4 v0x21c13c0_0, 0;
    %pushi/vec4 0, 0, 8;
    %assign/vec4 v0x21c1640_0, 0;
    %jmp T_3.7;
T_3.7 ;
    %pop/vec4 1;
T_3.2 ;
T_3.1 ;
    %jmp T_3;
    .thread T_3;
    .scope S_0x21c1ba0;
T_4 ;
    %pushi/vec4 0, 0, 32;
    %store/vec4 v0x21c2a40_0, 0, 32;
    %pushi/vec4 64659, 0, 32;
    %store/vec4 v0x21c20e0_0, 0, 32;
    %pushi/vec4 8192, 0, 32;
    %store/vec4 v0x21c2590_0, 0, 32;
    %pushi/vec4 8192, 0, 32;
    %store/vec4 v0x21c2b20_0, 0, 32;
    %end;
    .thread T_4, $init;
    .scope S_0x21c1ba0;
T_5 ;
    %wait E_0x219df30;
    %load/vec4 v0x21c29a0_0;
    %nor/r;
    %flag_set/vec4 8;
    %jmp/0xz  T_5.0, 8;
    %pushi/vec4 0, 0, 8;
    %assign/vec4 v0x21c2750_0, 0;
    %jmp T_5.1;
T_5.0 ;
    %load/vec4 v0x21c22b0_0;
    %flag_set/vec4 8;
    %jmp/0xz  T_5.2, 8;
    %load/vec4 v0x21c28c0_0;
    %dup/vec4;
    %pushi/vec4 0, 0, 8;
    %cmp/u;
    %jmp/1 T_5.4, 6;
    %dup/vec4;
    %pushi/vec4 1, 0, 8;
    %cmp/u;
    %jmp/1 T_5.5, 6;
    %dup/vec4;
    %pushi/vec4 2, 0, 8;
    %cmp/u;
    %jmp/1 T_5.6, 6;
    %jmp T_5.7;
T_5.4 ;
    %pushi/vec4 0, 0, 1;
    %assign/vec4 v0x21c24d0_0, 0;
    %pushi/vec4 1, 0, 8;
    %assign/vec4 v0x21c2750_0, 0;
    %jmp T_5.7;
T_5.5 ;
    %pushi/vec4 0, 0, 32;
    %store/vec4 v0x21c21c0_0, 0, 32;
    %pushi/vec4 0, 0, 32;
    %store/vec4 v0x21c2670_0, 0, 32;
T_5.8 ;
    %load/vec4 v0x21c2670_0;
    %cmpi/s 8, 0, 32;
    %jmp/0xz T_5.9, 5;
    %load/vec4 v0x21c21c0_0;
    %load/vec4 v0x21c23a0_0;
    %load/vec4 v0x21c2670_0;
    %part/s 1;
    %pad/u 32;
    %load/vec4 v0x21c2b20_0;
    %mul;
    %add;
    %store/vec4 v0x21c21c0_0, 0, 32;
    ; show_stmt_assign_vector: Get l-value for compressed += operand
    %load/vec4 v0x21c2670_0;
    %pushi/vec4 1, 0, 32;
    %add;
    %store/vec4 v0x21c2670_0, 0, 32;
    %jmp T_5.8;
T_5.9 ;
    %load/vec4 v0x21c21c0_0;
    %cmpi/s 0, 0, 32;
    %flag_or 5, 4; GT is !LE
    %flag_inv 5;
    %jmp/0xz  T_5.10, 5;
    %load/vec4 v0x21c2a40_0;
    %load/vec4 v0x21c21c0_0;
    %add;
    %assign/vec4 v0x21c2a40_0, 0;
    %jmp T_5.11;
T_5.10 ;
    %load/vec4 v0x21c2a40_0;
    %cmpi/s 0, 0, 32;
    %flag_or 5, 4; GT is !LE
    %flag_inv 5;
    %jmp/0xz  T_5.12, 5;
    %load/vec4 v0x21c2a40_0;
    %load/vec4 v0x21c2590_0;
    %sub;
    %assign/vec4 v0x21c2a40_0, 0;
    %load/vec4 v0x21c2a40_0;
    %cmpi/s 0, 0, 32;
    %jmp/0xz  T_5.14, 5;
    %pushi/vec4 0, 0, 32;
    %assign/vec4 v0x21c2a40_0, 0;
T_5.14 ;
T_5.12 ;
T_5.11 ;
    %load/vec4 v0x21c2a40_0;
    %assign/vec4 v0x21c1fe0_0, 0;
    %load/vec4 v0x21c20e0_0;
    %load/vec4 v0x21c2a40_0;
    %cmp/s;
    %flag_or 5, 4;
    %jmp/0xz  T_5.16, 5;
    %pushi/vec4 2, 0, 8;
    %assign/vec4 v0x21c2750_0, 0;
T_5.16 ;
    %jmp T_5.7;
T_5.6 ;
    %pushi/vec4 0, 0, 32;
    %assign/vec4 v0x21c2a40_0, 0;
    %pushi/vec4 0, 0, 32;
    %assign/vec4 v0x21c1fe0_0, 0;
    %pushi/vec4 1, 0, 1;
    %assign/vec4 v0x21c24d0_0, 0;
    %pushi/vec4 0, 0, 8;
    %assign/vec4 v0x21c2750_0, 0;
    %jmp T_5.7;
T_5.7 ;
    %pop/vec4 1;
T_5.2 ;
T_5.1 ;
    %jmp T_5;
    .thread T_5;
    .scope S_0x216f580;
T_6 ;
    %pushi/vec4 0, 0, 1;
    %store/vec4 v0x21c2ef0_0, 0, 1;
    %pushi/vec4 0, 0, 8;
    %store/vec4 v0x21c2f90_0, 0, 8;
    %pushi/vec4 0, 0, 8;
    %store/vec4 v0x21c3080_0, 0, 8;
    %pushi/vec4 0, 0, 8;
    %store/vec4 v0x21c3160_0, 0, 8;
    %end;
    .thread T_6, $init;
    .scope S_0x216f580;
T_7 ;
    %vpi_call/w 3 40 "$dumpfile", "dump.vcd" {0 0 0};
    %vpi_call/w 3 41 "$dumpvars", 32'sb00000000000000000000000000000000, S_0x216f580 {0 0 0};
    %pushi/vec4 0, 0, 1;
    %store/vec4 v0x21c37a0_0, 0, 1;
    %delay 5, 0;
    %pushi/vec4 1, 0, 1;
    %store/vec4 v0x21c37a0_0, 0, 1;
    %delay 1000, 0;
    %pushi/vec4 1, 0, 8;
    %store/vec4 v0x21c2f90_0, 0, 8;
    %delay 1500, 0;
    %pushi/vec4 1, 0, 8;
    %store/vec4 v0x21c3080_0, 0, 8;
    %delay 2000, 0;
    %pushi/vec4 1, 0, 8;
    %store/vec4 v0x21c3160_0, 0, 8;
    %delay 10000, 0;
    %vpi_call/w 3 52 "$finish" {0 0 0};
    %end;
    .thread T_7;
    .scope S_0x216f580;
T_8 ;
    %delay 50, 0;
    %load/vec4 v0x21c2ef0_0;
    %inv;
    %store/vec4 v0x21c2ef0_0, 0, 1;
    %load/vec4 v0x21c2f90_0;
    %load/vec4 v0x21c3600_0;
    %concat/vec4; draw_concat_vec4
    %load/vec4 v0x21c36d0_0;
    %concat/vec4; draw_concat_vec4
    %pad/u 8;
    %store/vec4 v0x21c3240_0, 0, 8;
    %load/vec4 v0x21c3080_0;
    %load/vec4 v0x21c3530_0;
    %concat/vec4; draw_concat_vec4
    %load/vec4 v0x21c36d0_0;
    %concat/vec4; draw_concat_vec4
    %pad/u 8;
    %store/vec4 v0x21c3300_0, 0, 8;
    %load/vec4 v0x21c3160_0;
    %load/vec4 v0x21c3530_0;
    %concat/vec4; draw_concat_vec4
    %load/vec4 v0x21c3600_0;
    %concat/vec4; draw_concat_vec4
    %pad/u 8;
    %store/vec4 v0x21c3460_0, 0, 8;
    %jmp T_8;
    .thread T_8;
# The file index is used to find the file name in the following table.
:file_names 5;
    "N/A";
    "<interactive>";
    "-";
    "testbench.sv";
    "design.sv";
