#! /usr/local/bin/vvp
:ivl_version "12.0 (stable)";
:ivl_delay_selection "TYPICAL";
:vpi_time_precision - 12;
:vpi_module "/usr/local/lib/ivl/system.vpi";
:vpi_module "/usr/local/lib/ivl/vhdl_sys.vpi";
:vpi_module "/usr/local/lib/ivl/vhdl_textio.vpi";
:vpi_module "/usr/local/lib/ivl/v2005_math.vpi";
:vpi_module "/usr/local/lib/ivl/va_math.vpi";
:vpi_module "/usr/local/lib/ivl/v2009.vpi";
S_0xb672d0 .scope package, "$unit" "$unit" 2 1;
 .timescale 0 0;
S_0xb449e0 .scope module, "top_level_ESN_system" "top_level_ESN_system" 3 3;
 .timescale -9 -12;
v0xba5b30_0 .net/s "VOUT1", 31 0, v0xb92070_0;  1 drivers
v0xba5c10_0 .net/s "VOUT10", 31 0, v0xb93ef0_0;  1 drivers
v0xba5cb0_0 .net/s "VOUT2", 31 0, v0xb95d60_0;  1 drivers
v0xba5db0_0 .net/s "VOUT3", 31 0, v0xb97b10_0;  1 drivers
v0xba5e80_0 .net/s "VOUT4", 31 0, v0xb999d0_0;  1 drivers
v0xba5f70_0 .net/s "VOUT5", 31 0, v0xb9b7d0_0;  1 drivers
v0xba6040_0 .net/s "VOUT6", 31 0, v0xb9d590_0;  1 drivers
v0xba6110_0 .net/s "VOUT7", 31 0, v0xb9f390_0;  1 drivers
v0xba61e0_0 .net/s "VOUT8", 31 0, v0xba1350_0;  1 drivers
v0xba6340_0 .net/s "VOUT9", 31 0, v0xba31a0_0;  1 drivers
v0xba6410_0 .net "bitstream_out", 31 0, v0xba4890_0;  1 drivers
v0xba64b0_0 .var "clk", 0 0;
v0xba6550_0 .var/i "csv_file", 31 0;
v0xba6610_0 .var "ext_input", 31 0;
v0xba66d0_0 .var "freq_control", 7 0;
v0xba67e0_0 .var/i "i", 31 0;
v0xba68c0_0 .net "i_outs", 9 0, L_0xba8550;  1 drivers
v0xba6a70_0 .var "rst", 0 0;
v0xba6b10_0 .var "seed1", 15 0;
v0xba6c00_0 .var "seed10", 15 0;
v0xba6cf0_0 .var "seed2", 15 0;
v0xba6e00_0 .var "seed3", 15 0;
v0xba6f10_0 .var "seed4", 15 0;
v0xba7020_0 .var "seed5", 15 0;
v0xba7130_0 .var "seed6", 15 0;
v0xba7240_0 .var "seed7", 15 0;
v0xba7350_0 .var "seed8", 15 0;
v0xba7460_0 .var "seed9", 15 0;
v0xba7570_0 .net "sine_wave_out", 15 0, v0xba5500_0;  1 drivers
v0xba7630_0 .var "sp_in_1", 7 0;
v0xba76f0_0 .var "sp_in_10", 7 0;
v0xba7790_0 .var "sp_in_2", 7 0;
v0xba7830_0 .var "sp_in_3", 7 0;
v0xba6960_0 .var "sp_in_4", 7 0;
v0xba7ae0_0 .var "sp_in_5", 7 0;
v0xba7b80_0 .var "sp_in_6", 7 0;
v0xba7c20_0 .var "sp_in_7", 7 0;
v0xba7cc0_0 .var "sp_in_8", 7 0;
v0xba7d60_0 .var "sp_in_9", 7 0;
E_0xaccea0 .event posedge, v0xb91b70_0;
LS_0xba8550_0_0 .concat8 [ 1 1 1 1], v0xb92790_0, v0xb96450_0, v0xb98200_0, v0xb9a150_0;
LS_0xba8550_0_4 .concat8 [ 1 1 1 1], v0xb9bec0_0, v0xb9dc80_0, v0xb9fa80_0, v0xba1ad0_0;
LS_0xba8550_0_8 .concat8 [ 1 1 0 0], v0xba3890_0, v0xb945c0_0;
L_0xba8550 .concat8 [ 4 4 2 0], LS_0xba8550_0_0, LS_0xba8550_0_4, LS_0xba8550_0_8;
S_0xb6cef0 .scope function.real, "convert_to_real" "convert_to_real" 3 211, 3 211 0, S_0xb449e0;
 .timescale -9 -12;
; Variable convert_to_real is REAL return value of scope S_0xb6cef0
v0xb91280_0 .var "fixed_point_value", 15 0;
TD_top_level_ESN_system.convert_to_real ;
    %load/vec4 v0xb91280_0;
    %cvt/rv;
    %pushi/real 1073741824, 4076; load=1024.00
    %div/wr;
    %ret/real 0; Assign to convert_to_real
    %end;
S_0xb91360 .scope module, "neuron1" "lif_neuron" 3 44, 4 168 0, S_0xb449e0;
 .timescale 0 0;
    .port_info 0 /INPUT 8 "sp_in";
    .port_info 1 /INPUT 32 "ext_input";
    .port_info 2 /INPUT 1 "clk";
    .port_info 3 /INPUT 1 "rst";
    .port_info 4 /INPUT 16 "req_seed";
    .port_info 5 /OUTPUT 32 "VOUT";
    .port_info 6 /OUTPUT 1 "i_out";
P_0xb91560 .param/l "s0" 0 4 192, C4<00000000>;
P_0xb915a0 .param/l "s1" 0 4 193, C4<00000001>;
P_0xb915e0 .param/l "s2" 0 4 194, C4<00000010>;
L_0xba6a00 .functor BUFZ 8, v0xb92aa0_0, C4<00000000>, C4<00000000>, C4<00000000>;
v0xb92070_0 .var/s "VOUT", 31 0;
v0xb92170_0 .var/s "Vth", 31 0;
v0xb92250_0 .var/s "a", 31 0;
v0xb92310_0 .net "clk", 0 0, v0xba64b0_0;  1 drivers
v0xb923e0_0 .var/s "ext_a", 31 0;
v0xb924f0_0 .net "ext_input", 31 0, v0xba6610_0;  1 drivers
v0xb925d0_0 .var/s "ext_w", 31 0;
v0xb926b0_0 .var/i "i", 31 0;
v0xb92790_0 .var "i_out", 0 0;
v0xb928e0_0 .var/s "leaky", 31 0;
v0xb929c0_0 .var/i "n", 31 0;
v0xb92aa0_0 .var "n_s", 7 0;
v0xb92b80_0 .net "p_s", 7 0, L_0xba6a00;  1 drivers
v0xb92c60_0 .net "req", 0 0, v0xb91d30_0;  1 drivers
v0xb92d00_0 .net "req_seed", 0 15, v0xba6b10_0;  1 drivers
v0xb92dd0_0 .net "rst", 0 0, v0xba6a70_0;  1 drivers
v0xb92ea0_0 .net "sp_in", 7 0, v0xba7630_0;  1 drivers
v0xb93050_0 .var/s "v", 31 0;
v0xb930f0_0 .var/s "w", 31 0;
S_0xb91880 .scope module, "req_gen" "lfsr_req_generator" 4 201, 4 1 0, S_0xb91360;
 .timescale 0 0;
    .port_info 0 /INPUT 1 "clk";
    .port_info 1 /INPUT 1 "rst";
    .port_info 2 /INPUT 16 "seed";
    .port_info 3 /OUTPUT 1 "req";
v0xb91b70_0 .net "clk", 0 0, v0xba64b0_0;  alias, 1 drivers
v0xb91c50_0 .var "lfsr", 15 0;
v0xb91d30_0 .var "req", 0 0;
v0xb91e00_0 .net "rst", 0 0, v0xba6a70_0;  alias, 1 drivers
v0xb91ec0_0 .net "seed", 15 0, v0xba6b10_0;  alias, 1 drivers
E_0xb91af0 .event posedge, v0xb91e00_0, v0xb91b70_0;
S_0xb932b0 .scope module, "neuron10" "lif_neuron" 3 134, 4 168 0, S_0xb449e0;
 .timescale 0 0;
    .port_info 0 /INPUT 8 "sp_in";
    .port_info 1 /INPUT 32 "ext_input";
    .port_info 2 /INPUT 1 "clk";
    .port_info 3 /INPUT 1 "rst";
    .port_info 4 /INPUT 16 "req_seed";
    .port_info 5 /OUTPUT 32 "VOUT";
    .port_info 6 /OUTPUT 1 "i_out";
P_0xb93470 .param/l "s0" 0 4 192, C4<00000000>;
P_0xb934b0 .param/l "s1" 0 4 193, C4<00000001>;
P_0xb934f0 .param/l "s2" 0 4 194, C4<00000010>;
L_0xba8480 .functor BUFZ 8, v0xb948d0_0, C4<00000000>, C4<00000000>, C4<00000000>;
v0xb93ef0_0 .var/s "VOUT", 31 0;
v0xb93ff0_0 .var/s "Vth", 31 0;
v0xb940d0_0 .var/s "a", 31 0;
v0xb94190_0 .net "clk", 0 0, v0xba64b0_0;  alias, 1 drivers
v0xb94230_0 .var/s "ext_a", 31 0;
v0xb94360_0 .net "ext_input", 31 0, v0xba6610_0;  alias, 1 drivers
v0xb94420_0 .var/s "ext_w", 31 0;
v0xb944e0_0 .var/i "i", 31 0;
v0xb945c0_0 .var "i_out", 0 0;
v0xb94710_0 .var/s "leaky", 31 0;
v0xb947f0_0 .var/i "n", 31 0;
v0xb948d0_0 .var "n_s", 7 0;
v0xb949b0_0 .net "p_s", 7 0, L_0xba8480;  1 drivers
v0xb94a90_0 .net "req", 0 0, v0xb93bb0_0;  1 drivers
v0xb94b30_0 .net "req_seed", 0 15, v0xba6c00_0;  1 drivers
v0xb94c00_0 .net "rst", 0 0, v0xba6a70_0;  alias, 1 drivers
v0xb94ca0_0 .net "sp_in", 7 0, v0xba76f0_0;  1 drivers
v0xb94e50_0 .var/s "v", 31 0;
v0xb94ef0_0 .var/s "w", 31 0;
S_0xb93750 .scope module, "req_gen" "lfsr_req_generator" 4 201, 4 1 0, S_0xb932b0;
 .timescale 0 0;
    .port_info 0 /INPUT 1 "clk";
    .port_info 1 /INPUT 1 "rst";
    .port_info 2 /INPUT 16 "seed";
    .port_info 3 /OUTPUT 1 "req";
v0xb939c0_0 .net "clk", 0 0, v0xba64b0_0;  alias, 1 drivers
v0xb93ad0_0 .var "lfsr", 15 0;
v0xb93bb0_0 .var "req", 0 0;
v0xb93c50_0 .net "rst", 0 0, v0xba6a70_0;  alias, 1 drivers
v0xb93d40_0 .net "seed", 15 0, v0xba6c00_0;  alias, 1 drivers
S_0xb950d0 .scope module, "neuron2" "lif_neuron" 3 54, 4 168 0, S_0xb449e0;
 .timescale 0 0;
    .port_info 0 /INPUT 8 "sp_in";
    .port_info 1 /INPUT 32 "ext_input";
    .port_info 2 /INPUT 1 "clk";
    .port_info 3 /INPUT 1 "rst";
    .port_info 4 /INPUT 16 "req_seed";
    .port_info 5 /OUTPUT 32 "VOUT";
    .port_info 6 /OUTPUT 1 "i_out";
P_0xb95260 .param/l "s0" 0 4 192, C4<00000000>;
P_0xb952a0 .param/l "s1" 0 4 193, C4<00000001>;
P_0xb952e0 .param/l "s2" 0 4 194, C4<00000010>;
L_0xba7e00 .functor BUFZ 8, v0xb96760_0, C4<00000000>, C4<00000000>, C4<00000000>;
v0xb95d60_0 .var/s "VOUT", 31 0;
v0xb95e60_0 .var/s "Vth", 31 0;
v0xb95f40_0 .var/s "a", 31 0;
v0xb96000_0 .net "clk", 0 0, v0xba64b0_0;  alias, 1 drivers
v0xb960a0_0 .var/s "ext_a", 31 0;
v0xb96180_0 .net "ext_input", 31 0, v0xba6610_0;  alias, 1 drivers
v0xb96290_0 .var/s "ext_w", 31 0;
v0xb96370_0 .var/i "i", 31 0;
v0xb96450_0 .var "i_out", 0 0;
v0xb965a0_0 .var/s "leaky", 31 0;
v0xb96680_0 .var/i "n", 31 0;
v0xb96760_0 .var "n_s", 7 0;
v0xb96840_0 .net "p_s", 7 0, L_0xba7e00;  1 drivers
v0xb96920_0 .net "req", 0 0, v0xb95a00_0;  1 drivers
v0xb969c0_0 .net "req_seed", 0 15, v0xba6cf0_0;  1 drivers
v0xb96a60_0 .net "rst", 0 0, v0xba6a70_0;  alias, 1 drivers
v0xb96b00_0 .net "sp_in", 7 0, v0xba7790_0;  1 drivers
v0xb96cb0_0 .var/s "v", 31 0;
v0xb96d50_0 .var/s "w", 31 0;
S_0xb95560 .scope module, "req_gen" "lfsr_req_generator" 4 201, 4 1 0, S_0xb950d0;
 .timescale 0 0;
    .port_info 0 /INPUT 1 "clk";
    .port_info 1 /INPUT 1 "rst";
    .port_info 2 /INPUT 16 "seed";
    .port_info 3 /OUTPUT 1 "req";
v0xb957d0_0 .net "clk", 0 0, v0xba64b0_0;  alias, 1 drivers
v0xb95920_0 .var "lfsr", 15 0;
v0xb95a00_0 .var "req", 0 0;
v0xb95ad0_0 .net "rst", 0 0, v0xba6a70_0;  alias, 1 drivers
v0xb95c00_0 .net "seed", 15 0, v0xba6cf0_0;  alias, 1 drivers
S_0xb96f30 .scope module, "neuron3" "lif_neuron" 3 64, 4 168 0, S_0xb449e0;
 .timescale 0 0;
    .port_info 0 /INPUT 8 "sp_in";
    .port_info 1 /INPUT 32 "ext_input";
    .port_info 2 /INPUT 1 "clk";
    .port_info 3 /INPUT 1 "rst";
    .port_info 4 /INPUT 16 "req_seed";
    .port_info 5 /OUTPUT 32 "VOUT";
    .port_info 6 /OUTPUT 1 "i_out";
P_0xb97110 .param/l "s0" 0 4 192, C4<00000000>;
P_0xb97150 .param/l "s1" 0 4 193, C4<00000001>;
P_0xb97190 .param/l "s2" 0 4 194, C4<00000010>;
L_0xba7ed0 .functor BUFZ 8, v0xb98510_0, C4<00000000>, C4<00000000>, C4<00000000>;
v0xb97b10_0 .var/s "VOUT", 31 0;
v0xb97c10_0 .var/s "Vth", 31 0;
v0xb97cf0_0 .var/s "a", 31 0;
v0xb97db0_0 .net "clk", 0 0, v0xba64b0_0;  alias, 1 drivers
v0xb97e50_0 .var/s "ext_a", 31 0;
v0xb97f80_0 .net "ext_input", 31 0, v0xba6610_0;  alias, 1 drivers
v0xb98040_0 .var/s "ext_w", 31 0;
v0xb98120_0 .var/i "i", 31 0;
v0xb98200_0 .var "i_out", 0 0;
v0xb98350_0 .var/s "leaky", 31 0;
v0xb98430_0 .var/i "n", 31 0;
v0xb98510_0 .var "n_s", 7 0;
v0xb985f0_0 .net "p_s", 7 0, L_0xba7ed0;  1 drivers
v0xb986d0_0 .net "req", 0 0, v0xb977f0_0;  1 drivers
v0xb98770_0 .net "req_seed", 0 15, v0xba6e00_0;  1 drivers
v0xb98840_0 .net "rst", 0 0, v0xba6a70_0;  alias, 1 drivers
v0xb988e0_0 .net "sp_in", 7 0, v0xba7830_0;  1 drivers
v0xb98a90_0 .var/s "v", 31 0;
v0xb98b30_0 .var/s "w", 31 0;
S_0xb973e0 .scope module, "req_gen" "lfsr_req_generator" 4 201, 4 1 0, S_0xb96f30;
 .timescale 0 0;
    .port_info 0 /INPUT 1 "clk";
    .port_info 1 /INPUT 1 "rst";
    .port_info 2 /INPUT 16 "seed";
    .port_info 3 /OUTPUT 1 "req";
v0xb97650_0 .net "clk", 0 0, v0xba64b0_0;  alias, 1 drivers
v0xb97710_0 .var "lfsr", 15 0;
v0xb977f0_0 .var "req", 0 0;
v0xb978c0_0 .net "rst", 0 0, v0xba6a70_0;  alias, 1 drivers
v0xb97960_0 .net "seed", 15 0, v0xba6e00_0;  alias, 1 drivers
S_0xb98d10 .scope module, "neuron4" "lif_neuron" 3 74, 4 168 0, S_0xb449e0;
 .timescale 0 0;
    .port_info 0 /INPUT 8 "sp_in";
    .port_info 1 /INPUT 32 "ext_input";
    .port_info 2 /INPUT 1 "clk";
    .port_info 3 /INPUT 1 "rst";
    .port_info 4 /INPUT 16 "req_seed";
    .port_info 5 /OUTPUT 32 "VOUT";
    .port_info 6 /OUTPUT 1 "i_out";
P_0xb98ea0 .param/l "s0" 0 4 192, C4<00000000>;
P_0xb98ee0 .param/l "s1" 0 4 193, C4<00000001>;
P_0xb98f20 .param/l "s2" 0 4 194, C4<00000010>;
L_0xba7fa0 .functor BUFZ 8, v0xb9a460_0, C4<00000000>, C4<00000000>, C4<00000000>;
v0xb999d0_0 .var/s "VOUT", 31 0;
v0xb99ad0_0 .var/s "Vth", 31 0;
v0xb99bb0_0 .var/s "a", 31 0;
v0xb99c70_0 .net "clk", 0 0, v0xba64b0_0;  alias, 1 drivers
v0xb99d10_0 .var/s "ext_a", 31 0;
v0xb99e40_0 .net "ext_input", 31 0, v0xba6610_0;  alias, 1 drivers
v0xb99f90_0 .var/s "ext_w", 31 0;
v0xb9a070_0 .var/i "i", 31 0;
v0xb9a150_0 .var "i_out", 0 0;
v0xb9a2a0_0 .var/s "leaky", 31 0;
v0xb9a380_0 .var/i "n", 31 0;
v0xb9a460_0 .var "n_s", 7 0;
v0xb9a540_0 .net "p_s", 7 0, L_0xba7fa0;  1 drivers
v0xb9a620_0 .net "req", 0 0, v0xb99680_0;  1 drivers
v0xb9a6c0_0 .net "req_seed", 0 15, v0xba6f10_0;  1 drivers
v0xb9a790_0 .net "rst", 0 0, v0xba6a70_0;  alias, 1 drivers
v0xb9a830_0 .net "sp_in", 7 0, v0xba6960_0;  1 drivers
v0xb9a9e0_0 .var/s "v", 31 0;
v0xb9aa80_0 .var/s "w", 31 0;
S_0xb991a0 .scope module, "req_gen" "lfsr_req_generator" 4 201, 4 1 0, S_0xb98d10;
 .timescale 0 0;
    .port_info 0 /INPUT 1 "clk";
    .port_info 1 /INPUT 1 "rst";
    .port_info 2 /INPUT 16 "seed";
    .port_info 3 /OUTPUT 1 "req";
v0xb99410_0 .net "clk", 0 0, v0xba64b0_0;  alias, 1 drivers
v0xb995e0_0 .var "lfsr", 15 0;
v0xb99680_0 .var "req", 0 0;
v0xb99720_0 .net "rst", 0 0, v0xba6a70_0;  alias, 1 drivers
v0xb998d0_0 .net "seed", 15 0, v0xba6f10_0;  alias, 1 drivers
S_0xb9ac60 .scope module, "neuron5" "lif_neuron" 3 84, 4 168 0, S_0xb449e0;
 .timescale 0 0;
    .port_info 0 /INPUT 8 "sp_in";
    .port_info 1 /INPUT 32 "ext_input";
    .port_info 2 /INPUT 1 "clk";
    .port_info 3 /INPUT 1 "rst";
    .port_info 4 /INPUT 16 "req_seed";
    .port_info 5 /OUTPUT 32 "VOUT";
    .port_info 6 /OUTPUT 1 "i_out";
P_0xb9adf0 .param/l "s0" 0 4 192, C4<00000000>;
P_0xb9ae30 .param/l "s1" 0 4 193, C4<00000001>;
P_0xb9ae70 .param/l "s2" 0 4 194, C4<00000010>;
L_0xba8070 .functor BUFZ 8, v0xb9c1d0_0, C4<00000000>, C4<00000000>, C4<00000000>;
v0xb9b7d0_0 .var/s "VOUT", 31 0;
v0xb9b8d0_0 .var/s "Vth", 31 0;
v0xb9b9b0_0 .var/s "a", 31 0;
v0xb9ba70_0 .net "clk", 0 0, v0xba64b0_0;  alias, 1 drivers
v0xb9bb10_0 .var/s "ext_a", 31 0;
v0xb9bc40_0 .net "ext_input", 31 0, v0xba6610_0;  alias, 1 drivers
v0xb9bd00_0 .var/s "ext_w", 31 0;
v0xb9bde0_0 .var/i "i", 31 0;
v0xb9bec0_0 .var "i_out", 0 0;
v0xb9c010_0 .var/s "leaky", 31 0;
v0xb9c0f0_0 .var/i "n", 31 0;
v0xb9c1d0_0 .var "n_s", 7 0;
v0xb9c2b0_0 .net "p_s", 7 0, L_0xba8070;  1 drivers
v0xb9c390_0 .net "req", 0 0, v0xb9b4b0_0;  1 drivers
v0xb9c430_0 .net "req_seed", 0 15, v0xba7020_0;  1 drivers
v0xb9c500_0 .net "rst", 0 0, v0xba6a70_0;  alias, 1 drivers
v0xb9c5a0_0 .net "sp_in", 7 0, v0xba7ae0_0;  1 drivers
v0xb9c750_0 .var/s "v", 31 0;
v0xb9c7f0_0 .var/s "w", 31 0;
S_0xb9b0a0 .scope module, "req_gen" "lfsr_req_generator" 4 201, 4 1 0, S_0xb9ac60;
 .timescale 0 0;
    .port_info 0 /INPUT 1 "clk";
    .port_info 1 /INPUT 1 "rst";
    .port_info 2 /INPUT 16 "seed";
    .port_info 3 /OUTPUT 1 "req";
v0xb9b310_0 .net "clk", 0 0, v0xba64b0_0;  alias, 1 drivers
v0xb9b3d0_0 .var "lfsr", 15 0;
v0xb9b4b0_0 .var "req", 0 0;
v0xb9b580_0 .net "rst", 0 0, v0xba6a70_0;  alias, 1 drivers
v0xb9b620_0 .net "seed", 15 0, v0xba7020_0;  alias, 1 drivers
S_0xb9c9d0 .scope module, "neuron6" "lif_neuron" 3 94, 4 168 0, S_0xb449e0;
 .timescale 0 0;
    .port_info 0 /INPUT 8 "sp_in";
    .port_info 1 /INPUT 32 "ext_input";
    .port_info 2 /INPUT 1 "clk";
    .port_info 3 /INPUT 1 "rst";
    .port_info 4 /INPUT 16 "req_seed";
    .port_info 5 /OUTPUT 32 "VOUT";
    .port_info 6 /OUTPUT 1 "i_out";
P_0xb9cb60 .param/l "s0" 0 4 192, C4<00000000>;
P_0xb9cba0 .param/l "s1" 0 4 193, C4<00000001>;
P_0xb9cbe0 .param/l "s2" 0 4 194, C4<00000010>;
L_0xba8140 .functor BUFZ 8, v0xb9df90_0, C4<00000000>, C4<00000000>, C4<00000000>;
v0xb9d590_0 .var/s "VOUT", 31 0;
v0xb9d690_0 .var/s "Vth", 31 0;
v0xb9d770_0 .var/s "a", 31 0;
v0xb9d830_0 .net "clk", 0 0, v0xba64b0_0;  alias, 1 drivers
v0xb9d8d0_0 .var/s "ext_a", 31 0;
v0xb9da00_0 .net "ext_input", 31 0, v0xba6610_0;  alias, 1 drivers
v0xb9dac0_0 .var/s "ext_w", 31 0;
v0xb9dba0_0 .var/i "i", 31 0;
v0xb9dc80_0 .var "i_out", 0 0;
v0xb9ddd0_0 .var/s "leaky", 31 0;
v0xb9deb0_0 .var/i "n", 31 0;
v0xb9df90_0 .var "n_s", 7 0;
v0xb9e070_0 .net "p_s", 7 0, L_0xba8140;  1 drivers
v0xb9e150_0 .net "req", 0 0, v0xb9d270_0;  1 drivers
v0xb9e1f0_0 .net "req_seed", 0 15, v0xba7130_0;  1 drivers
v0xb9e2c0_0 .net "rst", 0 0, v0xba6a70_0;  alias, 1 drivers
v0xb9e360_0 .net "sp_in", 7 0, v0xba7b80_0;  1 drivers
v0xb9e510_0 .var/s "v", 31 0;
v0xb9e5b0_0 .var/s "w", 31 0;
S_0xb9ce60 .scope module, "req_gen" "lfsr_req_generator" 4 201, 4 1 0, S_0xb9c9d0;
 .timescale 0 0;
    .port_info 0 /INPUT 1 "clk";
    .port_info 1 /INPUT 1 "rst";
    .port_info 2 /INPUT 16 "seed";
    .port_info 3 /OUTPUT 1 "req";
v0xb9d0d0_0 .net "clk", 0 0, v0xba64b0_0;  alias, 1 drivers
v0xb9d190_0 .var "lfsr", 15 0;
v0xb9d270_0 .var "req", 0 0;
v0xb9d340_0 .net "rst", 0 0, v0xba6a70_0;  alias, 1 drivers
v0xb9d3e0_0 .net "seed", 15 0, v0xba7130_0;  alias, 1 drivers
S_0xb9e790 .scope module, "neuron7" "lif_neuron" 3 104, 4 168 0, S_0xb449e0;
 .timescale 0 0;
    .port_info 0 /INPUT 8 "sp_in";
    .port_info 1 /INPUT 32 "ext_input";
    .port_info 2 /INPUT 1 "clk";
    .port_info 3 /INPUT 1 "rst";
    .port_info 4 /INPUT 16 "req_seed";
    .port_info 5 /OUTPUT 32 "VOUT";
    .port_info 6 /OUTPUT 1 "i_out";
P_0xb9e9b0 .param/l "s0" 0 4 192, C4<00000000>;
P_0xb9e9f0 .param/l "s1" 0 4 193, C4<00000001>;
P_0xb9ea30 .param/l "s2" 0 4 194, C4<00000010>;
L_0xba8210 .functor BUFZ 8, v0xb9fd90_0, C4<00000000>, C4<00000000>, C4<00000000>;
v0xb9f390_0 .var/s "VOUT", 31 0;
v0xb9f490_0 .var/s "Vth", 31 0;
v0xb9f570_0 .var/s "a", 31 0;
v0xb9f630_0 .net "clk", 0 0, v0xba64b0_0;  alias, 1 drivers
v0xb9f6d0_0 .var/s "ext_a", 31 0;
v0xb9f800_0 .net "ext_input", 31 0, v0xba6610_0;  alias, 1 drivers
v0xb9f8c0_0 .var/s "ext_w", 31 0;
v0xb9f9a0_0 .var/i "i", 31 0;
v0xb9fa80_0 .var "i_out", 0 0;
v0xb9fbd0_0 .var/s "leaky", 31 0;
v0xb9fcb0_0 .var/i "n", 31 0;
v0xb9fd90_0 .var "n_s", 7 0;
v0xb9fe70_0 .net "p_s", 7 0, L_0xba8210;  1 drivers
v0xb9ff50_0 .net "req", 0 0, v0xb9f070_0;  1 drivers
v0xb9fff0_0 .net "req_seed", 0 15, v0xba7240_0;  1 drivers
v0xba00c0_0 .net "rst", 0 0, v0xba6a70_0;  alias, 1 drivers
v0xba0160_0 .net "sp_in", 7 0, v0xba7c20_0;  1 drivers
v0xba0310_0 .var/s "v", 31 0;
v0xba03b0_0 .var/s "w", 31 0;
S_0xb9ec60 .scope module, "req_gen" "lfsr_req_generator" 4 201, 4 1 0, S_0xb9e790;
 .timescale 0 0;
    .port_info 0 /INPUT 1 "clk";
    .port_info 1 /INPUT 1 "rst";
    .port_info 2 /INPUT 16 "seed";
    .port_info 3 /OUTPUT 1 "req";
v0xb9eed0_0 .net "clk", 0 0, v0xba64b0_0;  alias, 1 drivers
v0xb9ef90_0 .var "lfsr", 15 0;
v0xb9f070_0 .var "req", 0 0;
v0xb9f140_0 .net "rst", 0 0, v0xba6a70_0;  alias, 1 drivers
v0xb9f1e0_0 .net "seed", 15 0, v0xba7240_0;  alias, 1 drivers
S_0xba0590 .scope module, "neuron8" "lif_neuron" 3 114, 4 168 0, S_0xb449e0;
 .timescale 0 0;
    .port_info 0 /INPUT 8 "sp_in";
    .port_info 1 /INPUT 32 "ext_input";
    .port_info 2 /INPUT 1 "clk";
    .port_info 3 /INPUT 1 "rst";
    .port_info 4 /INPUT 16 "req_seed";
    .port_info 5 /OUTPUT 32 "VOUT";
    .port_info 6 /OUTPUT 1 "i_out";
P_0xba0720 .param/l "s0" 0 4 192, C4<00000000>;
P_0xba0760 .param/l "s1" 0 4 193, C4<00000001>;
P_0xba07a0 .param/l "s2" 0 4 194, C4<00000010>;
L_0xba82e0 .functor BUFZ 8, v0xba1de0_0, C4<00000000>, C4<00000000>, C4<00000000>;
v0xba1350_0 .var/s "VOUT", 31 0;
v0xba1450_0 .var/s "Vth", 31 0;
v0xba1530_0 .var/s "a", 31 0;
v0xba15f0_0 .net "clk", 0 0, v0xba64b0_0;  alias, 1 drivers
v0xba1690_0 .var/s "ext_a", 31 0;
v0xba17c0_0 .net "ext_input", 31 0, v0xba6610_0;  alias, 1 drivers
v0xba1990_0 .var/s "ext_w", 31 0;
v0xba1a30_0 .var/i "i", 31 0;
v0xba1ad0_0 .var "i_out", 0 0;
v0xba1c20_0 .var/s "leaky", 31 0;
v0xba1d00_0 .var/i "n", 31 0;
v0xba1de0_0 .var "n_s", 7 0;
v0xba1ec0_0 .net "p_s", 7 0, L_0xba82e0;  1 drivers
v0xba1fa0_0 .net "req", 0 0, v0xba0f60_0;  1 drivers
v0xba2040_0 .net "req_seed", 0 15, v0xba7350_0;  1 drivers
v0xba2110_0 .net "rst", 0 0, v0xba6a70_0;  alias, 1 drivers
v0xba21b0_0 .net "sp_in", 7 0, v0xba7cc0_0;  1 drivers
v0xba2360_0 .var/s "v", 31 0;
v0xba2400_0 .var/s "w", 31 0;
S_0xba0a20 .scope module, "req_gen" "lfsr_req_generator" 4 201, 4 1 0, S_0xba0590;
 .timescale 0 0;
    .port_info 0 /INPUT 1 "clk";
    .port_info 1 /INPUT 1 "rst";
    .port_info 2 /INPUT 16 "seed";
    .port_info 3 /OUTPUT 1 "req";
v0xba0c90_0 .net "clk", 0 0, v0xba64b0_0;  alias, 1 drivers
v0xb994d0_0 .var "lfsr", 15 0;
v0xba0f60_0 .var "req", 0 0;
v0xba1000_0 .net "rst", 0 0, v0xba6a70_0;  alias, 1 drivers
v0xb997c0_0 .net "seed", 15 0, v0xba7350_0;  alias, 1 drivers
S_0xba25e0 .scope module, "neuron9" "lif_neuron" 3 124, 4 168 0, S_0xb449e0;
 .timescale 0 0;
    .port_info 0 /INPUT 8 "sp_in";
    .port_info 1 /INPUT 32 "ext_input";
    .port_info 2 /INPUT 1 "clk";
    .port_info 3 /INPUT 1 "rst";
    .port_info 4 /INPUT 16 "req_seed";
    .port_info 5 /OUTPUT 32 "VOUT";
    .port_info 6 /OUTPUT 1 "i_out";
P_0xba2770 .param/l "s0" 0 4 192, C4<00000000>;
P_0xba27b0 .param/l "s1" 0 4 193, C4<00000001>;
P_0xba27f0 .param/l "s2" 0 4 194, C4<00000010>;
L_0xba83b0 .functor BUFZ 8, v0xba3ba0_0, C4<00000000>, C4<00000000>, C4<00000000>;
v0xba31a0_0 .var/s "VOUT", 31 0;
v0xba32a0_0 .var/s "Vth", 31 0;
v0xba3380_0 .var/s "a", 31 0;
v0xba3440_0 .net "clk", 0 0, v0xba64b0_0;  alias, 1 drivers
v0xba34e0_0 .var/s "ext_a", 31 0;
v0xba3610_0 .net "ext_input", 31 0, v0xba6610_0;  alias, 1 drivers
v0xba36d0_0 .var/s "ext_w", 31 0;
v0xba37b0_0 .var/i "i", 31 0;
v0xba3890_0 .var "i_out", 0 0;
v0xba39e0_0 .var/s "leaky", 31 0;
v0xba3ac0_0 .var/i "n", 31 0;
v0xba3ba0_0 .var "n_s", 7 0;
v0xba3c80_0 .net "p_s", 7 0, L_0xba83b0;  1 drivers
v0xba3d60_0 .net "req", 0 0, v0xba2e80_0;  1 drivers
v0xba3e00_0 .net "req_seed", 0 15, v0xba7460_0;  1 drivers
v0xba3ed0_0 .net "rst", 0 0, v0xba6a70_0;  alias, 1 drivers
v0xba3f70_0 .net "sp_in", 7 0, v0xba7d60_0;  1 drivers
v0xba4120_0 .var/s "v", 31 0;
v0xba41c0_0 .var/s "w", 31 0;
S_0xba2a70 .scope module, "req_gen" "lfsr_req_generator" 4 201, 4 1 0, S_0xba25e0;
 .timescale 0 0;
    .port_info 0 /INPUT 1 "clk";
    .port_info 1 /INPUT 1 "rst";
    .port_info 2 /INPUT 16 "seed";
    .port_info 3 /OUTPUT 1 "req";
v0xba2ce0_0 .net "clk", 0 0, v0xba64b0_0;  alias, 1 drivers
v0xba2da0_0 .var "lfsr", 15 0;
v0xba2e80_0 .var "req", 0 0;
v0xba2f50_0 .net "rst", 0 0, v0xba6a70_0;  alias, 1 drivers
v0xba2ff0_0 .net "seed", 15 0, v0xba7460_0;  alias, 1 drivers
S_0xba43a0 .scope module, "uut" "top_module" 3 35, 4 117 0, S_0xb449e0;
 .timescale 0 0;
    .port_info 0 /INPUT 1 "clk";
    .port_info 1 /INPUT 1 "rst";
    .port_info 2 /INPUT 8 "freq_control";
    .port_info 3 /OUTPUT 32 "bitstream_out";
    .port_info 4 /OUTPUT 16 "sine_wave_out";
v0xba5650_0 .net "bitstream_out", 31 0, v0xba4890_0;  alias, 1 drivers
v0xba5730_0 .net "clk", 0 0, v0xba64b0_0;  alias, 1 drivers
v0xba57d0_0 .net "freq_control", 7 0, v0xba66d0_0;  1 drivers
v0xba58d0_0 .net "rst", 0 0, v0xba6a70_0;  alias, 1 drivers
v0xba5970_0 .net "sine_wave_out", 15 0, v0xba5500_0;  alias, 1 drivers
S_0xba45e0 .scope module, "bitstream_conv" "bitstream_converter" 4 133, 4 141 0, S_0xba43a0;
 .timescale 0 0;
    .port_info 0 /INPUT 16 "y_t";
    .port_info 1 /INPUT 1 "rst";
    .port_info 2 /OUTPUT 32 "bitstream_out";
v0xba4890_0 .var "bitstream_out", 31 0;
v0xba4990_0 .var/i "i", 31 0;
v0xba4a70_0 .var/i "num_on_bits", 31 0;
v0xba4b60_0 .net "rst", 0 0, v0xba6a70_0;  alias, 1 drivers
v0xba4c00_0 .net "y_t", 15 0, v0xba5500_0;  alias, 1 drivers
E_0xb91790 .event anyedge, v0xb91e00_0, v0xba4c00_0, v0xba4a70_0;
S_0xba4db0 .scope module, "sine_gen" "sine_wave_generator" 4 126, 4 21 0, S_0xba43a0;
 .timescale 0 0;
    .port_info 0 /INPUT 1 "clk";
    .port_info 1 /INPUT 1 "rst";
    .port_info 2 /INPUT 8 "freq_control";
    .port_info 3 /OUTPUT 16 "sine_wave_out";
v0xba5000_0 .net "clk", 0 0, v0xba64b0_0;  alias, 1 drivers
v0xba50a0_0 .var "clk_divider", 7 0;
v0xba5180_0 .net "freq_control", 7 0, v0xba66d0_0;  alias, 1 drivers
v0xba5270_0 .var "phase_accumulator", 5 0;
v0xba5350_0 .net "rst", 0 0, v0xba6a70_0;  alias, 1 drivers
v0xba5440 .array "sine_lut", 63 0, 15 0;
v0xba5500_0 .var "sine_wave_out", 15 0;
    .scope S_0xba4db0;
T_1 ;
    %pushi/vec4 32768, 0, 16;
    %ix/load 4, 0, 0;
    %flag_set/imm 4, 0;
    %store/vec4a v0xba5440, 4, 0;
    %pushi/vec4 35979, 0, 16;
    %ix/load 4, 1, 0;
    %flag_set/imm 4, 0;
    %store/vec4a v0xba5440, 4, 0;
    %pushi/vec4 39160, 0, 16;
    %ix/load 4, 2, 0;
    %flag_set/imm 4, 0;
    %store/vec4a v0xba5440, 4, 0;
    %pushi/vec4 42279, 0, 16;
    %ix/load 4, 3, 0;
    %flag_set/imm 4, 0;
    %store/vec4a v0xba5440, 4, 0;
    %pushi/vec4 45307, 0, 16;
    %ix/load 4, 4, 0;
    %flag_set/imm 4, 0;
    %store/vec4a v0xba5440, 4, 0;
    %pushi/vec4 48215, 0, 16;
    %ix/load 4, 5, 0;
    %flag_set/imm 4, 0;
    %store/vec4a v0xba5440, 4, 0;
    %pushi/vec4 50972, 0, 16;
    %ix/load 4, 6, 0;
    %flag_set/imm 4, 0;
    %store/vec4a v0xba5440, 4, 0;
    %pushi/vec4 53555, 0, 16;
    %ix/load 4, 7, 0;
    %flag_set/imm 4, 0;
    %store/vec4a v0xba5440, 4, 0;
    %pushi/vec4 55938, 0, 16;
    %ix/load 4, 8, 0;
    %flag_set/imm 4, 0;
    %store/vec4a v0xba5440, 4, 0;
    %pushi/vec4 58098, 0, 16;
    %ix/load 4, 9, 0;
    %flag_set/imm 4, 0;
    %store/vec4a v0xba5440, 4, 0;
    %pushi/vec4 60014, 0, 16;
    %ix/load 4, 10, 0;
    %flag_set/imm 4, 0;
    %store/vec4a v0xba5440, 4, 0;
    %pushi/vec4 61666, 0, 16;
    %ix/load 4, 11, 0;
    %flag_set/imm 4, 0;
    %store/vec4a v0xba5440, 4, 0;
    %pushi/vec4 63041, 0, 16;
    %ix/load 4, 12, 0;
    %flag_set/imm 4, 0;
    %store/vec4a v0xba5440, 4, 0;
    %pushi/vec4 64124, 0, 16;
    %ix/load 4, 13, 0;
    %flag_set/imm 4, 0;
    %store/vec4a v0xba5440, 4, 0;
    %pushi/vec4 64905, 0, 16;
    %ix/load 4, 14, 0;
    %flag_set/imm 4, 0;
    %store/vec4a v0xba5440, 4, 0;
    %pushi/vec4 65377, 0, 16;
    %ix/load 4, 15, 0;
    %flag_set/imm 4, 0;
    %store/vec4a v0xba5440, 4, 0;
    %pushi/vec4 65535, 0, 16;
    %ix/load 4, 16, 0;
    %flag_set/imm 4, 0;
    %store/vec4a v0xba5440, 4, 0;
    %pushi/vec4 65377, 0, 16;
    %ix/load 4, 17, 0;
    %flag_set/imm 4, 0;
    %store/vec4a v0xba5440, 4, 0;
    %pushi/vec4 64905, 0, 16;
    %ix/load 4, 18, 0;
    %flag_set/imm 4, 0;
    %store/vec4a v0xba5440, 4, 0;
    %pushi/vec4 64124, 0, 16;
    %ix/load 4, 19, 0;
    %flag_set/imm 4, 0;
    %store/vec4a v0xba5440, 4, 0;
    %pushi/vec4 63041, 0, 16;
    %ix/load 4, 20, 0;
    %flag_set/imm 4, 0;
    %store/vec4a v0xba5440, 4, 0;
    %pushi/vec4 61666, 0, 16;
    %ix/load 4, 21, 0;
    %flag_set/imm 4, 0;
    %store/vec4a v0xba5440, 4, 0;
    %pushi/vec4 60014, 0, 16;
    %ix/load 4, 22, 0;
    %flag_set/imm 4, 0;
    %store/vec4a v0xba5440, 4, 0;
    %pushi/vec4 58098, 0, 16;
    %ix/load 4, 23, 0;
    %flag_set/imm 4, 0;
    %store/vec4a v0xba5440, 4, 0;
    %pushi/vec4 55938, 0, 16;
    %ix/load 4, 24, 0;
    %flag_set/imm 4, 0;
    %store/vec4a v0xba5440, 4, 0;
    %pushi/vec4 53555, 0, 16;
    %ix/load 4, 25, 0;
    %flag_set/imm 4, 0;
    %store/vec4a v0xba5440, 4, 0;
    %pushi/vec4 50972, 0, 16;
    %ix/load 4, 26, 0;
    %flag_set/imm 4, 0;
    %store/vec4a v0xba5440, 4, 0;
    %pushi/vec4 48215, 0, 16;
    %ix/load 4, 27, 0;
    %flag_set/imm 4, 0;
    %store/vec4a v0xba5440, 4, 0;
    %pushi/vec4 45307, 0, 16;
    %ix/load 4, 28, 0;
    %flag_set/imm 4, 0;
    %store/vec4a v0xba5440, 4, 0;
    %pushi/vec4 42279, 0, 16;
    %ix/load 4, 29, 0;
    %flag_set/imm 4, 0;
    %store/vec4a v0xba5440, 4, 0;
    %pushi/vec4 39160, 0, 16;
    %ix/load 4, 30, 0;
    %flag_set/imm 4, 0;
    %store/vec4a v0xba5440, 4, 0;
    %pushi/vec4 35979, 0, 16;
    %ix/load 4, 31, 0;
    %flag_set/imm 4, 0;
    %store/vec4a v0xba5440, 4, 0;
    %pushi/vec4 32768, 0, 16;
    %ix/load 4, 32, 0;
    %flag_set/imm 4, 0;
    %store/vec4a v0xba5440, 4, 0;
    %pushi/vec4 29557, 0, 16;
    %ix/load 4, 33, 0;
    %flag_set/imm 4, 0;
    %store/vec4a v0xba5440, 4, 0;
    %pushi/vec4 26376, 0, 16;
    %ix/load 4, 34, 0;
    %flag_set/imm 4, 0;
    %store/vec4a v0xba5440, 4, 0;
    %pushi/vec4 23257, 0, 16;
    %ix/load 4, 35, 0;
    %flag_set/imm 4, 0;
    %store/vec4a v0xba5440, 4, 0;
    %pushi/vec4 20229, 0, 16;
    %ix/load 4, 36, 0;
    %flag_set/imm 4, 0;
    %store/vec4a v0xba5440, 4, 0;
    %pushi/vec4 17321, 0, 16;
    %ix/load 4, 37, 0;
    %flag_set/imm 4, 0;
    %store/vec4a v0xba5440, 4, 0;
    %pushi/vec4 14564, 0, 16;
    %ix/load 4, 38, 0;
    %flag_set/imm 4, 0;
    %store/vec4a v0xba5440, 4, 0;
    %pushi/vec4 11981, 0, 16;
    %ix/load 4, 39, 0;
    %flag_set/imm 4, 0;
    %store/vec4a v0xba5440, 4, 0;
    %pushi/vec4 9598, 0, 16;
    %ix/load 4, 40, 0;
    %flag_set/imm 4, 0;
    %store/vec4a v0xba5440, 4, 0;
    %pushi/vec4 7438, 0, 16;
    %ix/load 4, 41, 0;
    %flag_set/imm 4, 0;
    %store/vec4a v0xba5440, 4, 0;
    %pushi/vec4 5522, 0, 16;
    %ix/load 4, 42, 0;
    %flag_set/imm 4, 0;
    %store/vec4a v0xba5440, 4, 0;
    %pushi/vec4 3870, 0, 16;
    %ix/load 4, 43, 0;
    %flag_set/imm 4, 0;
    %store/vec4a v0xba5440, 4, 0;
    %pushi/vec4 2495, 0, 16;
    %ix/load 4, 44, 0;
    %flag_set/imm 4, 0;
    %store/vec4a v0xba5440, 4, 0;
    %pushi/vec4 1404, 0, 16;
    %ix/load 4, 45, 0;
    %flag_set/imm 4, 0;
    %store/vec4a v0xba5440, 4, 0;
    %pushi/vec4 631, 0, 16;
    %ix/load 4, 46, 0;
    %flag_set/imm 4, 0;
    %store/vec4a v0xba5440, 4, 0;
    %pushi/vec4 159, 0, 16;
    %ix/load 4, 47, 0;
    %flag_set/imm 4, 0;
    %store/vec4a v0xba5440, 4, 0;
    %pushi/vec4 1, 0, 16;
    %ix/load 4, 48, 0;
    %flag_set/imm 4, 0;
    %store/vec4a v0xba5440, 4, 0;
    %pushi/vec4 159, 0, 16;
    %ix/load 4, 49, 0;
    %flag_set/imm 4, 0;
    %store/vec4a v0xba5440, 4, 0;
    %pushi/vec4 631, 0, 16;
    %ix/load 4, 50, 0;
    %flag_set/imm 4, 0;
    %store/vec4a v0xba5440, 4, 0;
    %pushi/vec4 1404, 0, 16;
    %ix/load 4, 51, 0;
    %flag_set/imm 4, 0;
    %store/vec4a v0xba5440, 4, 0;
    %pushi/vec4 2495, 0, 16;
    %ix/load 4, 52, 0;
    %flag_set/imm 4, 0;
    %store/vec4a v0xba5440, 4, 0;
    %pushi/vec4 3870, 0, 16;
    %ix/load 4, 53, 0;
    %flag_set/imm 4, 0;
    %store/vec4a v0xba5440, 4, 0;
    %pushi/vec4 5522, 0, 16;
    %ix/load 4, 54, 0;
    %flag_set/imm 4, 0;
    %store/vec4a v0xba5440, 4, 0;
    %pushi/vec4 7438, 0, 16;
    %ix/load 4, 55, 0;
    %flag_set/imm 4, 0;
    %store/vec4a v0xba5440, 4, 0;
    %pushi/vec4 9598, 0, 16;
    %ix/load 4, 56, 0;
    %flag_set/imm 4, 0;
    %store/vec4a v0xba5440, 4, 0;
    %pushi/vec4 11981, 0, 16;
    %ix/load 4, 57, 0;
    %flag_set/imm 4, 0;
    %store/vec4a v0xba5440, 4, 0;
    %pushi/vec4 14564, 0, 16;
    %ix/load 4, 58, 0;
    %flag_set/imm 4, 0;
    %store/vec4a v0xba5440, 4, 0;
    %pushi/vec4 17321, 0, 16;
    %ix/load 4, 59, 0;
    %flag_set/imm 4, 0;
    %store/vec4a v0xba5440, 4, 0;
    %pushi/vec4 20229, 0, 16;
    %ix/load 4, 60, 0;
    %flag_set/imm 4, 0;
    %store/vec4a v0xba5440, 4, 0;
    %pushi/vec4 23257, 0, 16;
    %ix/load 4, 61, 0;
    %flag_set/imm 4, 0;
    %store/vec4a v0xba5440, 4, 0;
    %pushi/vec4 26376, 0, 16;
    %ix/load 4, 62, 0;
    %flag_set/imm 4, 0;
    %store/vec4a v0xba5440, 4, 0;
    %pushi/vec4 29557, 0, 16;
    %ix/load 4, 63, 0;
    %flag_set/imm 4, 0;
    %store/vec4a v0xba5440, 4, 0;
    %end;
    .thread T_1;
    .scope S_0xba4db0;
T_2 ;
    %wait E_0xb91af0;
    %load/vec4 v0xba5350_0;
    %flag_set/vec4 8;
    %jmp/0xz  T_2.0, 8;
    %pushi/vec4 0, 0, 6;
    %assign/vec4 v0xba5270_0, 0;
    %pushi/vec4 0, 0, 16;
    %assign/vec4 v0xba5500_0, 0;
    %pushi/vec4 0, 0, 8;
    %assign/vec4 v0xba50a0_0, 0;
    %jmp T_2.1;
T_2.0 ;
    %load/vec4 v0xba50a0_0;
    %load/vec4 v0xba5180_0;
    %cmp/e;
    %jmp/0xz  T_2.2, 4;
    %pushi/vec4 0, 0, 8;
    %assign/vec4 v0xba50a0_0, 0;
    %load/vec4 v0xba5270_0;
    %addi 1, 0, 6;
    %assign/vec4 v0xba5270_0, 0;
    %load/vec4 v0xba5270_0;
    %pad/u 8;
    %ix/vec4 4;
    %load/vec4a v0xba5440, 4;
    %assign/vec4 v0xba5500_0, 0;
    %jmp T_2.3;
T_2.2 ;
    %load/vec4 v0xba50a0_0;
    %addi 1, 0, 8;
    %assign/vec4 v0xba50a0_0, 0;
T_2.3 ;
T_2.1 ;
    %jmp T_2;
    .thread T_2;
    .scope S_0xba45e0;
T_3 ;
    %wait E_0xb91790;
    %load/vec4 v0xba4b60_0;
    %flag_set/vec4 8;
    %jmp/0xz  T_3.0, 8;
    %pushi/vec4 0, 0, 32;
    %store/vec4 v0xba4890_0, 0, 32;
    %jmp T_3.1;
T_3.0 ;
    %load/vec4 v0xba4c00_0;
    %pad/u 32;
    %muli 32, 0, 32;
    %ix/load 4, 16, 0;
    %flag_set/imm 4, 0;
    %shiftr 4;
    %store/vec4 v0xba4a70_0, 0, 32;
    %pushi/vec4 0, 0, 32;
    %store/vec4 v0xba4890_0, 0, 32;
    %pushi/vec4 0, 0, 32;
    %store/vec4 v0xba4990_0, 0, 32;
T_3.2 ;
    %load/vec4 v0xba4990_0;
    %load/vec4 v0xba4a70_0;
    %cmp/s;
    %jmp/0xz T_3.3, 5;
    %pushi/vec4 1, 0, 1;
    %ix/getv/s 4, v0xba4990_0;
    %store/vec4 v0xba4890_0, 4, 1;
    %load/vec4 v0xba4990_0;
    %addi 1, 0, 32;
    %store/vec4 v0xba4990_0, 0, 32;
    %jmp T_3.2;
T_3.3 ;
T_3.1 ;
    %jmp T_3;
    .thread T_3, $push;
    .scope S_0xb91880;
T_4 ;
    %wait E_0xb91af0;
    %load/vec4 v0xb91e00_0;
    %flag_set/vec4 8;
    %jmp/0xz  T_4.0, 8;
    %load/vec4 v0xb91ec0_0;
    %assign/vec4 v0xb91c50_0, 0;
    %pushi/vec4 0, 0, 1;
    %assign/vec4 v0xb91d30_0, 0;
    %jmp T_4.1;
T_4.0 ;
    %load/vec4 v0xb91c50_0;
    %parti/s 15, 0, 2;
    %load/vec4 v0xb91c50_0;
    %parti/s 1, 15, 5;
    %load/vec4 v0xb91c50_0;
    %parti/s 1, 13, 5;
    %xor;
    %concat/vec4; draw_concat_vec4
    %assign/vec4 v0xb91c50_0, 0;
    %load/vec4 v0xb91c50_0;
    %parti/s 1, 0, 2;
    %assign/vec4 v0xb91d30_0, 0;
T_4.1 ;
    %jmp T_4;
    .thread T_4;
    .scope S_0xb91360;
T_5 ;
    %pushi/vec4 0, 0, 32;
    %store/vec4 v0xb93050_0, 0, 32;
    %pushi/vec4 64659, 0, 32;
    %store/vec4 v0xb92170_0, 0, 32;
    %pushi/vec4 8192, 0, 32;
    %store/vec4 v0xb928e0_0, 0, 32;
    %pushi/vec4 8192, 0, 32;
    %store/vec4 v0xb930f0_0, 0, 32;
    %pushi/vec4 256, 0, 32;
    %store/vec4 v0xb925d0_0, 0, 32;
    %end;
    .thread T_5, $init;
    .scope S_0xb91360;
T_6 ;
    %wait E_0xb91af0;
    %load/vec4 v0xb92dd0_0;
    %flag_set/vec4 8;
    %jmp/0xz  T_6.0, 8;
    %pushi/vec4 0, 0, 8;
    %assign/vec4 v0xb92aa0_0, 0;
    %pushi/vec4 0, 0, 1;
    %assign/vec4 v0xb92790_0, 0;
    %jmp T_6.1;
T_6.0 ;
    %load/vec4 v0xb92b80_0;
    %dup/vec4;
    %pushi/vec4 0, 0, 8;
    %cmp/u;
    %jmp/1 T_6.2, 6;
    %dup/vec4;
    %pushi/vec4 1, 0, 8;
    %cmp/u;
    %jmp/1 T_6.3, 6;
    %dup/vec4;
    %pushi/vec4 2, 0, 8;
    %cmp/u;
    %jmp/1 T_6.4, 6;
    %jmp T_6.5;
T_6.2 ;
    %pushi/vec4 0, 0, 1;
    %assign/vec4 v0xb92790_0, 0;
    %pushi/vec4 1, 0, 8;
    %assign/vec4 v0xb92aa0_0, 0;
    %jmp T_6.5;
T_6.3 ;
    %load/vec4 v0xb92c60_0;
    %flag_set/vec4 8;
    %jmp/0xz  T_6.6, 8;
    %pushi/vec4 0, 0, 32;
    %store/vec4 v0xb92250_0, 0, 32;
    %pushi/vec4 0, 0, 32;
    %store/vec4 v0xb929c0_0, 0, 32;
T_6.8 ;
    %load/vec4 v0xb929c0_0;
    %cmpi/s 8, 0, 32;
    %jmp/0xz T_6.9, 5;
    %load/vec4 v0xb92250_0;
    %load/vec4 v0xb92ea0_0;
    %load/vec4 v0xb929c0_0;
    %part/s 1;
    %pad/u 32;
    %load/vec4 v0xb930f0_0;
    %mul;
    %add;
    %store/vec4 v0xb92250_0, 0, 32;
    ; show_stmt_assign_vector: Get l-value for compressed += operand
    %load/vec4 v0xb929c0_0;
    %pushi/vec4 1, 0, 32;
    %add;
    %store/vec4 v0xb929c0_0, 0, 32;
    %jmp T_6.8;
T_6.9 ;
    %pushi/vec4 0, 0, 32;
    %store/vec4 v0xb923e0_0, 0, 32;
    %pushi/vec4 0, 0, 32;
    %store/vec4 v0xb926b0_0, 0, 32;
T_6.10 ;
    %load/vec4 v0xb926b0_0;
    %cmpi/s 32, 0, 32;
    %jmp/0xz T_6.11, 5;
    %load/vec4 v0xb923e0_0;
    %load/vec4 v0xb924f0_0;
    %load/vec4 v0xb926b0_0;
    %part/s 1;
    %pad/u 32;
    %load/vec4 v0xb925d0_0;
    %mul;
    %add;
    %store/vec4 v0xb923e0_0, 0, 32;
    ; show_stmt_assign_vector: Get l-value for compressed += operand
    %load/vec4 v0xb926b0_0;
    %pushi/vec4 1, 0, 32;
    %add;
    %store/vec4 v0xb926b0_0, 0, 32;
    %jmp T_6.10;
T_6.11 ;
    %load/vec4 v0xb92250_0;
    %load/vec4 v0xb923e0_0;
    %add;
    %cmpi/s 0, 0, 32;
    %flag_or 5, 4; GT is !LE
    %flag_inv 5;
    %jmp/0xz  T_6.12, 5;
    %load/vec4 v0xb93050_0;
    %load/vec4 v0xb92250_0;
    %add;
    %load/vec4 v0xb923e0_0;
    %add;
    %assign/vec4 v0xb93050_0, 0;
    %jmp T_6.13;
T_6.12 ;
    %load/vec4 v0xb93050_0;
    %cmpi/s 0, 0, 32;
    %flag_or 5, 4; GT is !LE
    %flag_inv 5;
    %jmp/0xz  T_6.14, 5;
    %load/vec4 v0xb93050_0;
    %load/vec4 v0xb928e0_0;
    %sub;
    %assign/vec4 v0xb93050_0, 0;
    %load/vec4 v0xb93050_0;
    %cmpi/s 0, 0, 32;
    %jmp/0xz  T_6.16, 5;
    %pushi/vec4 0, 0, 32;
    %assign/vec4 v0xb93050_0, 0;
T_6.16 ;
T_6.14 ;
T_6.13 ;
    %load/vec4 v0xb93050_0;
    %cmpi/s 0, 0, 32;
    %jmp/0xz  T_6.18, 5;
    %pushi/vec4 0, 0, 32;
    %assign/vec4 v0xb93050_0, 0;
T_6.18 ;
    %load/vec4 v0xb93050_0;
    %assign/vec4 v0xb92070_0, 0;
    %load/vec4 v0xb92170_0;
    %load/vec4 v0xb93050_0;
    %cmp/s;
    %flag_or 5, 4;
    %jmp/0xz  T_6.20, 5;
    %pushi/vec4 2, 0, 8;
    %assign/vec4 v0xb92aa0_0, 0;
T_6.20 ;
T_6.6 ;
    %jmp T_6.5;
T_6.4 ;
    %pushi/vec4 0, 0, 32;
    %assign/vec4 v0xb93050_0, 0;
    %pushi/vec4 0, 0, 32;
    %assign/vec4 v0xb92070_0, 0;
    %pushi/vec4 1, 0, 1;
    %assign/vec4 v0xb92790_0, 0;
    %pushi/vec4 0, 0, 8;
    %assign/vec4 v0xb92aa0_0, 0;
    %jmp T_6.5;
T_6.5 ;
    %pop/vec4 1;
T_6.1 ;
    %jmp T_6;
    .thread T_6;
    .scope S_0xb95560;
T_7 ;
    %wait E_0xb91af0;
    %load/vec4 v0xb95ad0_0;
    %flag_set/vec4 8;
    %jmp/0xz  T_7.0, 8;
    %load/vec4 v0xb95c00_0;
    %assign/vec4 v0xb95920_0, 0;
    %pushi/vec4 0, 0, 1;
    %assign/vec4 v0xb95a00_0, 0;
    %jmp T_7.1;
T_7.0 ;
    %load/vec4 v0xb95920_0;
    %parti/s 15, 0, 2;
    %load/vec4 v0xb95920_0;
    %parti/s 1, 15, 5;
    %load/vec4 v0xb95920_0;
    %parti/s 1, 13, 5;
    %xor;
    %concat/vec4; draw_concat_vec4
    %assign/vec4 v0xb95920_0, 0;
    %load/vec4 v0xb95920_0;
    %parti/s 1, 0, 2;
    %assign/vec4 v0xb95a00_0, 0;
T_7.1 ;
    %jmp T_7;
    .thread T_7;
    .scope S_0xb950d0;
T_8 ;
    %pushi/vec4 0, 0, 32;
    %store/vec4 v0xb96cb0_0, 0, 32;
    %pushi/vec4 64659, 0, 32;
    %store/vec4 v0xb95e60_0, 0, 32;
    %pushi/vec4 8192, 0, 32;
    %store/vec4 v0xb965a0_0, 0, 32;
    %pushi/vec4 8192, 0, 32;
    %store/vec4 v0xb96d50_0, 0, 32;
    %pushi/vec4 256, 0, 32;
    %store/vec4 v0xb96290_0, 0, 32;
    %end;
    .thread T_8, $init;
    .scope S_0xb950d0;
T_9 ;
    %wait E_0xb91af0;
    %load/vec4 v0xb96a60_0;
    %flag_set/vec4 8;
    %jmp/0xz  T_9.0, 8;
    %pushi/vec4 0, 0, 8;
    %assign/vec4 v0xb96760_0, 0;
    %pushi/vec4 0, 0, 1;
    %assign/vec4 v0xb96450_0, 0;
    %jmp T_9.1;
T_9.0 ;
    %load/vec4 v0xb96840_0;
    %dup/vec4;
    %pushi/vec4 0, 0, 8;
    %cmp/u;
    %jmp/1 T_9.2, 6;
    %dup/vec4;
    %pushi/vec4 1, 0, 8;
    %cmp/u;
    %jmp/1 T_9.3, 6;
    %dup/vec4;
    %pushi/vec4 2, 0, 8;
    %cmp/u;
    %jmp/1 T_9.4, 6;
    %jmp T_9.5;
T_9.2 ;
    %pushi/vec4 0, 0, 1;
    %assign/vec4 v0xb96450_0, 0;
    %pushi/vec4 1, 0, 8;
    %assign/vec4 v0xb96760_0, 0;
    %jmp T_9.5;
T_9.3 ;
    %load/vec4 v0xb96920_0;
    %flag_set/vec4 8;
    %jmp/0xz  T_9.6, 8;
    %pushi/vec4 0, 0, 32;
    %store/vec4 v0xb95f40_0, 0, 32;
    %pushi/vec4 0, 0, 32;
    %store/vec4 v0xb96680_0, 0, 32;
T_9.8 ;
    %load/vec4 v0xb96680_0;
    %cmpi/s 8, 0, 32;
    %jmp/0xz T_9.9, 5;
    %load/vec4 v0xb95f40_0;
    %load/vec4 v0xb96b00_0;
    %load/vec4 v0xb96680_0;
    %part/s 1;
    %pad/u 32;
    %load/vec4 v0xb96d50_0;
    %mul;
    %add;
    %store/vec4 v0xb95f40_0, 0, 32;
    ; show_stmt_assign_vector: Get l-value for compressed += operand
    %load/vec4 v0xb96680_0;
    %pushi/vec4 1, 0, 32;
    %add;
    %store/vec4 v0xb96680_0, 0, 32;
    %jmp T_9.8;
T_9.9 ;
    %pushi/vec4 0, 0, 32;
    %store/vec4 v0xb960a0_0, 0, 32;
    %pushi/vec4 0, 0, 32;
    %store/vec4 v0xb96370_0, 0, 32;
T_9.10 ;
    %load/vec4 v0xb96370_0;
    %cmpi/s 32, 0, 32;
    %jmp/0xz T_9.11, 5;
    %load/vec4 v0xb960a0_0;
    %load/vec4 v0xb96180_0;
    %load/vec4 v0xb96370_0;
    %part/s 1;
    %pad/u 32;
    %load/vec4 v0xb96290_0;
    %mul;
    %add;
    %store/vec4 v0xb960a0_0, 0, 32;
    ; show_stmt_assign_vector: Get l-value for compressed += operand
    %load/vec4 v0xb96370_0;
    %pushi/vec4 1, 0, 32;
    %add;
    %store/vec4 v0xb96370_0, 0, 32;
    %jmp T_9.10;
T_9.11 ;
    %load/vec4 v0xb95f40_0;
    %load/vec4 v0xb960a0_0;
    %add;
    %cmpi/s 0, 0, 32;
    %flag_or 5, 4; GT is !LE
    %flag_inv 5;
    %jmp/0xz  T_9.12, 5;
    %load/vec4 v0xb96cb0_0;
    %load/vec4 v0xb95f40_0;
    %add;
    %load/vec4 v0xb960a0_0;
    %add;
    %assign/vec4 v0xb96cb0_0, 0;
    %jmp T_9.13;
T_9.12 ;
    %load/vec4 v0xb96cb0_0;
    %cmpi/s 0, 0, 32;
    %flag_or 5, 4; GT is !LE
    %flag_inv 5;
    %jmp/0xz  T_9.14, 5;
    %load/vec4 v0xb96cb0_0;
    %load/vec4 v0xb965a0_0;
    %sub;
    %assign/vec4 v0xb96cb0_0, 0;
    %load/vec4 v0xb96cb0_0;
    %cmpi/s 0, 0, 32;
    %jmp/0xz  T_9.16, 5;
    %pushi/vec4 0, 0, 32;
    %assign/vec4 v0xb96cb0_0, 0;
T_9.16 ;
T_9.14 ;
T_9.13 ;
    %load/vec4 v0xb96cb0_0;
    %cmpi/s 0, 0, 32;
    %jmp/0xz  T_9.18, 5;
    %pushi/vec4 0, 0, 32;
    %assign/vec4 v0xb96cb0_0, 0;
T_9.18 ;
    %load/vec4 v0xb96cb0_0;
    %assign/vec4 v0xb95d60_0, 0;
    %load/vec4 v0xb95e60_0;
    %load/vec4 v0xb96cb0_0;
    %cmp/s;
    %flag_or 5, 4;
    %jmp/0xz  T_9.20, 5;
    %pushi/vec4 2, 0, 8;
    %assign/vec4 v0xb96760_0, 0;
T_9.20 ;
T_9.6 ;
    %jmp T_9.5;
T_9.4 ;
    %pushi/vec4 0, 0, 32;
    %assign/vec4 v0xb96cb0_0, 0;
    %pushi/vec4 0, 0, 32;
    %assign/vec4 v0xb95d60_0, 0;
    %pushi/vec4 1, 0, 1;
    %assign/vec4 v0xb96450_0, 0;
    %pushi/vec4 0, 0, 8;
    %assign/vec4 v0xb96760_0, 0;
    %jmp T_9.5;
T_9.5 ;
    %pop/vec4 1;
T_9.1 ;
    %jmp T_9;
    .thread T_9;
    .scope S_0xb973e0;
T_10 ;
    %wait E_0xb91af0;
    %load/vec4 v0xb978c0_0;
    %flag_set/vec4 8;
    %jmp/0xz  T_10.0, 8;
    %load/vec4 v0xb97960_0;
    %assign/vec4 v0xb97710_0, 0;
    %pushi/vec4 0, 0, 1;
    %assign/vec4 v0xb977f0_0, 0;
    %jmp T_10.1;
T_10.0 ;
    %load/vec4 v0xb97710_0;
    %parti/s 15, 0, 2;
    %load/vec4 v0xb97710_0;
    %parti/s 1, 15, 5;
    %load/vec4 v0xb97710_0;
    %parti/s 1, 13, 5;
    %xor;
    %concat/vec4; draw_concat_vec4
    %assign/vec4 v0xb97710_0, 0;
    %load/vec4 v0xb97710_0;
    %parti/s 1, 0, 2;
    %assign/vec4 v0xb977f0_0, 0;
T_10.1 ;
    %jmp T_10;
    .thread T_10;
    .scope S_0xb96f30;
T_11 ;
    %pushi/vec4 0, 0, 32;
    %store/vec4 v0xb98a90_0, 0, 32;
    %pushi/vec4 64659, 0, 32;
    %store/vec4 v0xb97c10_0, 0, 32;
    %pushi/vec4 8192, 0, 32;
    %store/vec4 v0xb98350_0, 0, 32;
    %pushi/vec4 8192, 0, 32;
    %store/vec4 v0xb98b30_0, 0, 32;
    %pushi/vec4 256, 0, 32;
    %store/vec4 v0xb98040_0, 0, 32;
    %end;
    .thread T_11, $init;
    .scope S_0xb96f30;
T_12 ;
    %wait E_0xb91af0;
    %load/vec4 v0xb98840_0;
    %flag_set/vec4 8;
    %jmp/0xz  T_12.0, 8;
    %pushi/vec4 0, 0, 8;
    %assign/vec4 v0xb98510_0, 0;
    %pushi/vec4 0, 0, 1;
    %assign/vec4 v0xb98200_0, 0;
    %jmp T_12.1;
T_12.0 ;
    %load/vec4 v0xb985f0_0;
    %dup/vec4;
    %pushi/vec4 0, 0, 8;
    %cmp/u;
    %jmp/1 T_12.2, 6;
    %dup/vec4;
    %pushi/vec4 1, 0, 8;
    %cmp/u;
    %jmp/1 T_12.3, 6;
    %dup/vec4;
    %pushi/vec4 2, 0, 8;
    %cmp/u;
    %jmp/1 T_12.4, 6;
    %jmp T_12.5;
T_12.2 ;
    %pushi/vec4 0, 0, 1;
    %assign/vec4 v0xb98200_0, 0;
    %pushi/vec4 1, 0, 8;
    %assign/vec4 v0xb98510_0, 0;
    %jmp T_12.5;
T_12.3 ;
    %load/vec4 v0xb986d0_0;
    %flag_set/vec4 8;
    %jmp/0xz  T_12.6, 8;
    %pushi/vec4 0, 0, 32;
    %store/vec4 v0xb97cf0_0, 0, 32;
    %pushi/vec4 0, 0, 32;
    %store/vec4 v0xb98430_0, 0, 32;
T_12.8 ;
    %load/vec4 v0xb98430_0;
    %cmpi/s 8, 0, 32;
    %jmp/0xz T_12.9, 5;
    %load/vec4 v0xb97cf0_0;
    %load/vec4 v0xb988e0_0;
    %load/vec4 v0xb98430_0;
    %part/s 1;
    %pad/u 32;
    %load/vec4 v0xb98b30_0;
    %mul;
    %add;
    %store/vec4 v0xb97cf0_0, 0, 32;
    ; show_stmt_assign_vector: Get l-value for compressed += operand
    %load/vec4 v0xb98430_0;
    %pushi/vec4 1, 0, 32;
    %add;
    %store/vec4 v0xb98430_0, 0, 32;
    %jmp T_12.8;
T_12.9 ;
    %pushi/vec4 0, 0, 32;
    %store/vec4 v0xb97e50_0, 0, 32;
    %pushi/vec4 0, 0, 32;
    %store/vec4 v0xb98120_0, 0, 32;
T_12.10 ;
    %load/vec4 v0xb98120_0;
    %cmpi/s 32, 0, 32;
    %jmp/0xz T_12.11, 5;
    %load/vec4 v0xb97e50_0;
    %load/vec4 v0xb97f80_0;
    %load/vec4 v0xb98120_0;
    %part/s 1;
    %pad/u 32;
    %load/vec4 v0xb98040_0;
    %mul;
    %add;
    %store/vec4 v0xb97e50_0, 0, 32;
    ; show_stmt_assign_vector: Get l-value for compressed += operand
    %load/vec4 v0xb98120_0;
    %pushi/vec4 1, 0, 32;
    %add;
    %store/vec4 v0xb98120_0, 0, 32;
    %jmp T_12.10;
T_12.11 ;
    %load/vec4 v0xb97cf0_0;
    %load/vec4 v0xb97e50_0;
    %add;
    %cmpi/s 0, 0, 32;
    %flag_or 5, 4; GT is !LE
    %flag_inv 5;
    %jmp/0xz  T_12.12, 5;
    %load/vec4 v0xb98a90_0;
    %load/vec4 v0xb97cf0_0;
    %add;
    %load/vec4 v0xb97e50_0;
    %add;
    %assign/vec4 v0xb98a90_0, 0;
    %jmp T_12.13;
T_12.12 ;
    %load/vec4 v0xb98a90_0;
    %cmpi/s 0, 0, 32;
    %flag_or 5, 4; GT is !LE
    %flag_inv 5;
    %jmp/0xz  T_12.14, 5;
    %load/vec4 v0xb98a90_0;
    %load/vec4 v0xb98350_0;
    %sub;
    %assign/vec4 v0xb98a90_0, 0;
    %load/vec4 v0xb98a90_0;
    %cmpi/s 0, 0, 32;
    %jmp/0xz  T_12.16, 5;
    %pushi/vec4 0, 0, 32;
    %assign/vec4 v0xb98a90_0, 0;
T_12.16 ;
T_12.14 ;
T_12.13 ;
    %load/vec4 v0xb98a90_0;
    %cmpi/s 0, 0, 32;
    %jmp/0xz  T_12.18, 5;
    %pushi/vec4 0, 0, 32;
    %assign/vec4 v0xb98a90_0, 0;
T_12.18 ;
    %load/vec4 v0xb98a90_0;
    %assign/vec4 v0xb97b10_0, 0;
    %load/vec4 v0xb97c10_0;
    %load/vec4 v0xb98a90_0;
    %cmp/s;
    %flag_or 5, 4;
    %jmp/0xz  T_12.20, 5;
    %pushi/vec4 2, 0, 8;
    %assign/vec4 v0xb98510_0, 0;
T_12.20 ;
T_12.6 ;
    %jmp T_12.5;
T_12.4 ;
    %pushi/vec4 0, 0, 32;
    %assign/vec4 v0xb98a90_0, 0;
    %pushi/vec4 0, 0, 32;
    %assign/vec4 v0xb97b10_0, 0;
    %pushi/vec4 1, 0, 1;
    %assign/vec4 v0xb98200_0, 0;
    %pushi/vec4 0, 0, 8;
    %assign/vec4 v0xb98510_0, 0;
    %jmp T_12.5;
T_12.5 ;
    %pop/vec4 1;
T_12.1 ;
    %jmp T_12;
    .thread T_12;
    .scope S_0xb991a0;
T_13 ;
    %wait E_0xb91af0;
    %load/vec4 v0xb99720_0;
    %flag_set/vec4 8;
    %jmp/0xz  T_13.0, 8;
    %load/vec4 v0xb998d0_0;
    %assign/vec4 v0xb995e0_0, 0;
    %pushi/vec4 0, 0, 1;
    %assign/vec4 v0xb99680_0, 0;
    %jmp T_13.1;
T_13.0 ;
    %load/vec4 v0xb995e0_0;
    %parti/s 15, 0, 2;
    %load/vec4 v0xb995e0_0;
    %parti/s 1, 15, 5;
    %load/vec4 v0xb995e0_0;
    %parti/s 1, 13, 5;
    %xor;
    %concat/vec4; draw_concat_vec4
    %assign/vec4 v0xb995e0_0, 0;
    %load/vec4 v0xb995e0_0;
    %parti/s 1, 0, 2;
    %assign/vec4 v0xb99680_0, 0;
T_13.1 ;
    %jmp T_13;
    .thread T_13;
    .scope S_0xb98d10;
T_14 ;
    %pushi/vec4 0, 0, 32;
    %store/vec4 v0xb9a9e0_0, 0, 32;
    %pushi/vec4 64659, 0, 32;
    %store/vec4 v0xb99ad0_0, 0, 32;
    %pushi/vec4 8192, 0, 32;
    %store/vec4 v0xb9a2a0_0, 0, 32;
    %pushi/vec4 8192, 0, 32;
    %store/vec4 v0xb9aa80_0, 0, 32;
    %pushi/vec4 256, 0, 32;
    %store/vec4 v0xb99f90_0, 0, 32;
    %end;
    .thread T_14, $init;
    .scope S_0xb98d10;
T_15 ;
    %wait E_0xb91af0;
    %load/vec4 v0xb9a790_0;
    %flag_set/vec4 8;
    %jmp/0xz  T_15.0, 8;
    %pushi/vec4 0, 0, 8;
    %assign/vec4 v0xb9a460_0, 0;
    %pushi/vec4 0, 0, 1;
    %assign/vec4 v0xb9a150_0, 0;
    %jmp T_15.1;
T_15.0 ;
    %load/vec4 v0xb9a540_0;
    %dup/vec4;
    %pushi/vec4 0, 0, 8;
    %cmp/u;
    %jmp/1 T_15.2, 6;
    %dup/vec4;
    %pushi/vec4 1, 0, 8;
    %cmp/u;
    %jmp/1 T_15.3, 6;
    %dup/vec4;
    %pushi/vec4 2, 0, 8;
    %cmp/u;
    %jmp/1 T_15.4, 6;
    %jmp T_15.5;
T_15.2 ;
    %pushi/vec4 0, 0, 1;
    %assign/vec4 v0xb9a150_0, 0;
    %pushi/vec4 1, 0, 8;
    %assign/vec4 v0xb9a460_0, 0;
    %jmp T_15.5;
T_15.3 ;
    %load/vec4 v0xb9a620_0;
    %flag_set/vec4 8;
    %jmp/0xz  T_15.6, 8;
    %pushi/vec4 0, 0, 32;
    %store/vec4 v0xb99bb0_0, 0, 32;
    %pushi/vec4 0, 0, 32;
    %store/vec4 v0xb9a380_0, 0, 32;
T_15.8 ;
    %load/vec4 v0xb9a380_0;
    %cmpi/s 8, 0, 32;
    %jmp/0xz T_15.9, 5;
    %load/vec4 v0xb99bb0_0;
    %load/vec4 v0xb9a830_0;
    %load/vec4 v0xb9a380_0;
    %part/s 1;
    %pad/u 32;
    %load/vec4 v0xb9aa80_0;
    %mul;
    %add;
    %store/vec4 v0xb99bb0_0, 0, 32;
    ; show_stmt_assign_vector: Get l-value for compressed += operand
    %load/vec4 v0xb9a380_0;
    %pushi/vec4 1, 0, 32;
    %add;
    %store/vec4 v0xb9a380_0, 0, 32;
    %jmp T_15.8;
T_15.9 ;
    %pushi/vec4 0, 0, 32;
    %store/vec4 v0xb99d10_0, 0, 32;
    %pushi/vec4 0, 0, 32;
    %store/vec4 v0xb9a070_0, 0, 32;
T_15.10 ;
    %load/vec4 v0xb9a070_0;
    %cmpi/s 32, 0, 32;
    %jmp/0xz T_15.11, 5;
    %load/vec4 v0xb99d10_0;
    %load/vec4 v0xb99e40_0;
    %load/vec4 v0xb9a070_0;
    %part/s 1;
    %pad/u 32;
    %load/vec4 v0xb99f90_0;
    %mul;
    %add;
    %store/vec4 v0xb99d10_0, 0, 32;
    ; show_stmt_assign_vector: Get l-value for compressed += operand
    %load/vec4 v0xb9a070_0;
    %pushi/vec4 1, 0, 32;
    %add;
    %store/vec4 v0xb9a070_0, 0, 32;
    %jmp T_15.10;
T_15.11 ;
    %load/vec4 v0xb99bb0_0;
    %load/vec4 v0xb99d10_0;
    %add;
    %cmpi/s 0, 0, 32;
    %flag_or 5, 4; GT is !LE
    %flag_inv 5;
    %jmp/0xz  T_15.12, 5;
    %load/vec4 v0xb9a9e0_0;
    %load/vec4 v0xb99bb0_0;
    %add;
    %load/vec4 v0xb99d10_0;
    %add;
    %assign/vec4 v0xb9a9e0_0, 0;
    %jmp T_15.13;
T_15.12 ;
    %load/vec4 v0xb9a9e0_0;
    %cmpi/s 0, 0, 32;
    %flag_or 5, 4; GT is !LE
    %flag_inv 5;
    %jmp/0xz  T_15.14, 5;
    %load/vec4 v0xb9a9e0_0;
    %load/vec4 v0xb9a2a0_0;
    %sub;
    %assign/vec4 v0xb9a9e0_0, 0;
    %load/vec4 v0xb9a9e0_0;
    %cmpi/s 0, 0, 32;
    %jmp/0xz  T_15.16, 5;
    %pushi/vec4 0, 0, 32;
    %assign/vec4 v0xb9a9e0_0, 0;
T_15.16 ;
T_15.14 ;
T_15.13 ;
    %load/vec4 v0xb9a9e0_0;
    %cmpi/s 0, 0, 32;
    %jmp/0xz  T_15.18, 5;
    %pushi/vec4 0, 0, 32;
    %assign/vec4 v0xb9a9e0_0, 0;
T_15.18 ;
    %load/vec4 v0xb9a9e0_0;
    %assign/vec4 v0xb999d0_0, 0;
    %load/vec4 v0xb99ad0_0;
    %load/vec4 v0xb9a9e0_0;
    %cmp/s;
    %flag_or 5, 4;
    %jmp/0xz  T_15.20, 5;
    %pushi/vec4 2, 0, 8;
    %assign/vec4 v0xb9a460_0, 0;
T_15.20 ;
T_15.6 ;
    %jmp T_15.5;
T_15.4 ;
    %pushi/vec4 0, 0, 32;
    %assign/vec4 v0xb9a9e0_0, 0;
    %pushi/vec4 0, 0, 32;
    %assign/vec4 v0xb999d0_0, 0;
    %pushi/vec4 1, 0, 1;
    %assign/vec4 v0xb9a150_0, 0;
    %pushi/vec4 0, 0, 8;
    %assign/vec4 v0xb9a460_0, 0;
    %jmp T_15.5;
T_15.5 ;
    %pop/vec4 1;
T_15.1 ;
    %jmp T_15;
    .thread T_15;
    .scope S_0xb9b0a0;
T_16 ;
    %wait E_0xb91af0;
    %load/vec4 v0xb9b580_0;
    %flag_set/vec4 8;
    %jmp/0xz  T_16.0, 8;
    %load/vec4 v0xb9b620_0;
    %assign/vec4 v0xb9b3d0_0, 0;
    %pushi/vec4 0, 0, 1;
    %assign/vec4 v0xb9b4b0_0, 0;
    %jmp T_16.1;
T_16.0 ;
    %load/vec4 v0xb9b3d0_0;
    %parti/s 15, 0, 2;
    %load/vec4 v0xb9b3d0_0;
    %parti/s 1, 15, 5;
    %load/vec4 v0xb9b3d0_0;
    %parti/s 1, 13, 5;
    %xor;
    %concat/vec4; draw_concat_vec4
    %assign/vec4 v0xb9b3d0_0, 0;
    %load/vec4 v0xb9b3d0_0;
    %parti/s 1, 0, 2;
    %assign/vec4 v0xb9b4b0_0, 0;
T_16.1 ;
    %jmp T_16;
    .thread T_16;
    .scope S_0xb9ac60;
T_17 ;
    %pushi/vec4 0, 0, 32;
    %store/vec4 v0xb9c750_0, 0, 32;
    %pushi/vec4 64659, 0, 32;
    %store/vec4 v0xb9b8d0_0, 0, 32;
    %pushi/vec4 8192, 0, 32;
    %store/vec4 v0xb9c010_0, 0, 32;
    %pushi/vec4 8192, 0, 32;
    %store/vec4 v0xb9c7f0_0, 0, 32;
    %pushi/vec4 256, 0, 32;
    %store/vec4 v0xb9bd00_0, 0, 32;
    %end;
    .thread T_17, $init;
    .scope S_0xb9ac60;
T_18 ;
    %wait E_0xb91af0;
    %load/vec4 v0xb9c500_0;
    %flag_set/vec4 8;
    %jmp/0xz  T_18.0, 8;
    %pushi/vec4 0, 0, 8;
    %assign/vec4 v0xb9c1d0_0, 0;
    %pushi/vec4 0, 0, 1;
    %assign/vec4 v0xb9bec0_0, 0;
    %jmp T_18.1;
T_18.0 ;
    %load/vec4 v0xb9c2b0_0;
    %dup/vec4;
    %pushi/vec4 0, 0, 8;
    %cmp/u;
    %jmp/1 T_18.2, 6;
    %dup/vec4;
    %pushi/vec4 1, 0, 8;
    %cmp/u;
    %jmp/1 T_18.3, 6;
    %dup/vec4;
    %pushi/vec4 2, 0, 8;
    %cmp/u;
    %jmp/1 T_18.4, 6;
    %jmp T_18.5;
T_18.2 ;
    %pushi/vec4 0, 0, 1;
    %assign/vec4 v0xb9bec0_0, 0;
    %pushi/vec4 1, 0, 8;
    %assign/vec4 v0xb9c1d0_0, 0;
    %jmp T_18.5;
T_18.3 ;
    %load/vec4 v0xb9c390_0;
    %flag_set/vec4 8;
    %jmp/0xz  T_18.6, 8;
    %pushi/vec4 0, 0, 32;
    %store/vec4 v0xb9b9b0_0, 0, 32;
    %pushi/vec4 0, 0, 32;
    %store/vec4 v0xb9c0f0_0, 0, 32;
T_18.8 ;
    %load/vec4 v0xb9c0f0_0;
    %cmpi/s 8, 0, 32;
    %jmp/0xz T_18.9, 5;
    %load/vec4 v0xb9b9b0_0;
    %load/vec4 v0xb9c5a0_0;
    %load/vec4 v0xb9c0f0_0;
    %part/s 1;
    %pad/u 32;
    %load/vec4 v0xb9c7f0_0;
    %mul;
    %add;
    %store/vec4 v0xb9b9b0_0, 0, 32;
    ; show_stmt_assign_vector: Get l-value for compressed += operand
    %load/vec4 v0xb9c0f0_0;
    %pushi/vec4 1, 0, 32;
    %add;
    %store/vec4 v0xb9c0f0_0, 0, 32;
    %jmp T_18.8;
T_18.9 ;
    %pushi/vec4 0, 0, 32;
    %store/vec4 v0xb9bb10_0, 0, 32;
    %pushi/vec4 0, 0, 32;
    %store/vec4 v0xb9bde0_0, 0, 32;
T_18.10 ;
    %load/vec4 v0xb9bde0_0;
    %cmpi/s 32, 0, 32;
    %jmp/0xz T_18.11, 5;
    %load/vec4 v0xb9bb10_0;
    %load/vec4 v0xb9bc40_0;
    %load/vec4 v0xb9bde0_0;
    %part/s 1;
    %pad/u 32;
    %load/vec4 v0xb9bd00_0;
    %mul;
    %add;
    %store/vec4 v0xb9bb10_0, 0, 32;
    ; show_stmt_assign_vector: Get l-value for compressed += operand
    %load/vec4 v0xb9bde0_0;
    %pushi/vec4 1, 0, 32;
    %add;
    %store/vec4 v0xb9bde0_0, 0, 32;
    %jmp T_18.10;
T_18.11 ;
    %load/vec4 v0xb9b9b0_0;
    %load/vec4 v0xb9bb10_0;
    %add;
    %cmpi/s 0, 0, 32;
    %flag_or 5, 4; GT is !LE
    %flag_inv 5;
    %jmp/0xz  T_18.12, 5;
    %load/vec4 v0xb9c750_0;
    %load/vec4 v0xb9b9b0_0;
    %add;
    %load/vec4 v0xb9bb10_0;
    %add;
    %assign/vec4 v0xb9c750_0, 0;
    %jmp T_18.13;
T_18.12 ;
    %load/vec4 v0xb9c750_0;
    %cmpi/s 0, 0, 32;
    %flag_or 5, 4; GT is !LE
    %flag_inv 5;
    %jmp/0xz  T_18.14, 5;
    %load/vec4 v0xb9c750_0;
    %load/vec4 v0xb9c010_0;
    %sub;
    %assign/vec4 v0xb9c750_0, 0;
    %load/vec4 v0xb9c750_0;
    %cmpi/s 0, 0, 32;
    %jmp/0xz  T_18.16, 5;
    %pushi/vec4 0, 0, 32;
    %assign/vec4 v0xb9c750_0, 0;
T_18.16 ;
T_18.14 ;
T_18.13 ;
    %load/vec4 v0xb9c750_0;
    %cmpi/s 0, 0, 32;
    %jmp/0xz  T_18.18, 5;
    %pushi/vec4 0, 0, 32;
    %assign/vec4 v0xb9c750_0, 0;
T_18.18 ;
    %load/vec4 v0xb9c750_0;
    %assign/vec4 v0xb9b7d0_0, 0;
    %load/vec4 v0xb9b8d0_0;
    %load/vec4 v0xb9c750_0;
    %cmp/s;
    %flag_or 5, 4;
    %jmp/0xz  T_18.20, 5;
    %pushi/vec4 2, 0, 8;
    %assign/vec4 v0xb9c1d0_0, 0;
T_18.20 ;
T_18.6 ;
    %jmp T_18.5;
T_18.4 ;
    %pushi/vec4 0, 0, 32;
    %assign/vec4 v0xb9c750_0, 0;
    %pushi/vec4 0, 0, 32;
    %assign/vec4 v0xb9b7d0_0, 0;
    %pushi/vec4 1, 0, 1;
    %assign/vec4 v0xb9bec0_0, 0;
    %pushi/vec4 0, 0, 8;
    %assign/vec4 v0xb9c1d0_0, 0;
    %jmp T_18.5;
T_18.5 ;
    %pop/vec4 1;
T_18.1 ;
    %jmp T_18;
    .thread T_18;
    .scope S_0xb9ce60;
T_19 ;
    %wait E_0xb91af0;
    %load/vec4 v0xb9d340_0;
    %flag_set/vec4 8;
    %jmp/0xz  T_19.0, 8;
    %load/vec4 v0xb9d3e0_0;
    %assign/vec4 v0xb9d190_0, 0;
    %pushi/vec4 0, 0, 1;
    %assign/vec4 v0xb9d270_0, 0;
    %jmp T_19.1;
T_19.0 ;
    %load/vec4 v0xb9d190_0;
    %parti/s 15, 0, 2;
    %load/vec4 v0xb9d190_0;
    %parti/s 1, 15, 5;
    %load/vec4 v0xb9d190_0;
    %parti/s 1, 13, 5;
    %xor;
    %concat/vec4; draw_concat_vec4
    %assign/vec4 v0xb9d190_0, 0;
    %load/vec4 v0xb9d190_0;
    %parti/s 1, 0, 2;
    %assign/vec4 v0xb9d270_0, 0;
T_19.1 ;
    %jmp T_19;
    .thread T_19;
    .scope S_0xb9c9d0;
T_20 ;
    %pushi/vec4 0, 0, 32;
    %store/vec4 v0xb9e510_0, 0, 32;
    %pushi/vec4 64659, 0, 32;
    %store/vec4 v0xb9d690_0, 0, 32;
    %pushi/vec4 8192, 0, 32;
    %store/vec4 v0xb9ddd0_0, 0, 32;
    %pushi/vec4 8192, 0, 32;
    %store/vec4 v0xb9e5b0_0, 0, 32;
    %pushi/vec4 256, 0, 32;
    %store/vec4 v0xb9dac0_0, 0, 32;
    %end;
    .thread T_20, $init;
    .scope S_0xb9c9d0;
T_21 ;
    %wait E_0xb91af0;
    %load/vec4 v0xb9e2c0_0;
    %flag_set/vec4 8;
    %jmp/0xz  T_21.0, 8;
    %pushi/vec4 0, 0, 8;
    %assign/vec4 v0xb9df90_0, 0;
    %pushi/vec4 0, 0, 1;
    %assign/vec4 v0xb9dc80_0, 0;
    %jmp T_21.1;
T_21.0 ;
    %load/vec4 v0xb9e070_0;
    %dup/vec4;
    %pushi/vec4 0, 0, 8;
    %cmp/u;
    %jmp/1 T_21.2, 6;
    %dup/vec4;
    %pushi/vec4 1, 0, 8;
    %cmp/u;
    %jmp/1 T_21.3, 6;
    %dup/vec4;
    %pushi/vec4 2, 0, 8;
    %cmp/u;
    %jmp/1 T_21.4, 6;
    %jmp T_21.5;
T_21.2 ;
    %pushi/vec4 0, 0, 1;
    %assign/vec4 v0xb9dc80_0, 0;
    %pushi/vec4 1, 0, 8;
    %assign/vec4 v0xb9df90_0, 0;
    %jmp T_21.5;
T_21.3 ;
    %load/vec4 v0xb9e150_0;
    %flag_set/vec4 8;
    %jmp/0xz  T_21.6, 8;
    %pushi/vec4 0, 0, 32;
    %store/vec4 v0xb9d770_0, 0, 32;
    %pushi/vec4 0, 0, 32;
    %store/vec4 v0xb9deb0_0, 0, 32;
T_21.8 ;
    %load/vec4 v0xb9deb0_0;
    %cmpi/s 8, 0, 32;
    %jmp/0xz T_21.9, 5;
    %load/vec4 v0xb9d770_0;
    %load/vec4 v0xb9e360_0;
    %load/vec4 v0xb9deb0_0;
    %part/s 1;
    %pad/u 32;
    %load/vec4 v0xb9e5b0_0;
    %mul;
    %add;
    %store/vec4 v0xb9d770_0, 0, 32;
    ; show_stmt_assign_vector: Get l-value for compressed += operand
    %load/vec4 v0xb9deb0_0;
    %pushi/vec4 1, 0, 32;
    %add;
    %store/vec4 v0xb9deb0_0, 0, 32;
    %jmp T_21.8;
T_21.9 ;
    %pushi/vec4 0, 0, 32;
    %store/vec4 v0xb9d8d0_0, 0, 32;
    %pushi/vec4 0, 0, 32;
    %store/vec4 v0xb9dba0_0, 0, 32;
T_21.10 ;
    %load/vec4 v0xb9dba0_0;
    %cmpi/s 32, 0, 32;
    %jmp/0xz T_21.11, 5;
    %load/vec4 v0xb9d8d0_0;
    %load/vec4 v0xb9da00_0;
    %load/vec4 v0xb9dba0_0;
    %part/s 1;
    %pad/u 32;
    %load/vec4 v0xb9dac0_0;
    %mul;
    %add;
    %store/vec4 v0xb9d8d0_0, 0, 32;
    ; show_stmt_assign_vector: Get l-value for compressed += operand
    %load/vec4 v0xb9dba0_0;
    %pushi/vec4 1, 0, 32;
    %add;
    %store/vec4 v0xb9dba0_0, 0, 32;
    %jmp T_21.10;
T_21.11 ;
    %load/vec4 v0xb9d770_0;
    %load/vec4 v0xb9d8d0_0;
    %add;
    %cmpi/s 0, 0, 32;
    %flag_or 5, 4; GT is !LE
    %flag_inv 5;
    %jmp/0xz  T_21.12, 5;
    %load/vec4 v0xb9e510_0;
    %load/vec4 v0xb9d770_0;
    %add;
    %load/vec4 v0xb9d8d0_0;
    %add;
    %assign/vec4 v0xb9e510_0, 0;
    %jmp T_21.13;
T_21.12 ;
    %load/vec4 v0xb9e510_0;
    %cmpi/s 0, 0, 32;
    %flag_or 5, 4; GT is !LE
    %flag_inv 5;
    %jmp/0xz  T_21.14, 5;
    %load/vec4 v0xb9e510_0;
    %load/vec4 v0xb9ddd0_0;
    %sub;
    %assign/vec4 v0xb9e510_0, 0;
    %load/vec4 v0xb9e510_0;
    %cmpi/s 0, 0, 32;
    %jmp/0xz  T_21.16, 5;
    %pushi/vec4 0, 0, 32;
    %assign/vec4 v0xb9e510_0, 0;
T_21.16 ;
T_21.14 ;
T_21.13 ;
    %load/vec4 v0xb9e510_0;
    %cmpi/s 0, 0, 32;
    %jmp/0xz  T_21.18, 5;
    %pushi/vec4 0, 0, 32;
    %assign/vec4 v0xb9e510_0, 0;
T_21.18 ;
    %load/vec4 v0xb9e510_0;
    %assign/vec4 v0xb9d590_0, 0;
    %load/vec4 v0xb9d690_0;
    %load/vec4 v0xb9e510_0;
    %cmp/s;
    %flag_or 5, 4;
    %jmp/0xz  T_21.20, 5;
    %pushi/vec4 2, 0, 8;
    %assign/vec4 v0xb9df90_0, 0;
T_21.20 ;
T_21.6 ;
    %jmp T_21.5;
T_21.4 ;
    %pushi/vec4 0, 0, 32;
    %assign/vec4 v0xb9e510_0, 0;
    %pushi/vec4 0, 0, 32;
    %assign/vec4 v0xb9d590_0, 0;
    %pushi/vec4 1, 0, 1;
    %assign/vec4 v0xb9dc80_0, 0;
    %pushi/vec4 0, 0, 8;
    %assign/vec4 v0xb9df90_0, 0;
    %jmp T_21.5;
T_21.5 ;
    %pop/vec4 1;
T_21.1 ;
    %jmp T_21;
    .thread T_21;
    .scope S_0xb9ec60;
T_22 ;
    %wait E_0xb91af0;
    %load/vec4 v0xb9f140_0;
    %flag_set/vec4 8;
    %jmp/0xz  T_22.0, 8;
    %load/vec4 v0xb9f1e0_0;
    %assign/vec4 v0xb9ef90_0, 0;
    %pushi/vec4 0, 0, 1;
    %assign/vec4 v0xb9f070_0, 0;
    %jmp T_22.1;
T_22.0 ;
    %load/vec4 v0xb9ef90_0;
    %parti/s 15, 0, 2;
    %load/vec4 v0xb9ef90_0;
    %parti/s 1, 15, 5;
    %load/vec4 v0xb9ef90_0;
    %parti/s 1, 13, 5;
    %xor;
    %concat/vec4; draw_concat_vec4
    %assign/vec4 v0xb9ef90_0, 0;
    %load/vec4 v0xb9ef90_0;
    %parti/s 1, 0, 2;
    %assign/vec4 v0xb9f070_0, 0;
T_22.1 ;
    %jmp T_22;
    .thread T_22;
    .scope S_0xb9e790;
T_23 ;
    %pushi/vec4 0, 0, 32;
    %store/vec4 v0xba0310_0, 0, 32;
    %pushi/vec4 64659, 0, 32;
    %store/vec4 v0xb9f490_0, 0, 32;
    %pushi/vec4 8192, 0, 32;
    %store/vec4 v0xb9fbd0_0, 0, 32;
    %pushi/vec4 8192, 0, 32;
    %store/vec4 v0xba03b0_0, 0, 32;
    %pushi/vec4 256, 0, 32;
    %store/vec4 v0xb9f8c0_0, 0, 32;
    %end;
    .thread T_23, $init;
    .scope S_0xb9e790;
T_24 ;
    %wait E_0xb91af0;
    %load/vec4 v0xba00c0_0;
    %flag_set/vec4 8;
    %jmp/0xz  T_24.0, 8;
    %pushi/vec4 0, 0, 8;
    %assign/vec4 v0xb9fd90_0, 0;
    %pushi/vec4 0, 0, 1;
    %assign/vec4 v0xb9fa80_0, 0;
    %jmp T_24.1;
T_24.0 ;
    %load/vec4 v0xb9fe70_0;
    %dup/vec4;
    %pushi/vec4 0, 0, 8;
    %cmp/u;
    %jmp/1 T_24.2, 6;
    %dup/vec4;
    %pushi/vec4 1, 0, 8;
    %cmp/u;
    %jmp/1 T_24.3, 6;
    %dup/vec4;
    %pushi/vec4 2, 0, 8;
    %cmp/u;
    %jmp/1 T_24.4, 6;
    %jmp T_24.5;
T_24.2 ;
    %pushi/vec4 0, 0, 1;
    %assign/vec4 v0xb9fa80_0, 0;
    %pushi/vec4 1, 0, 8;
    %assign/vec4 v0xb9fd90_0, 0;
    %jmp T_24.5;
T_24.3 ;
    %load/vec4 v0xb9ff50_0;
    %flag_set/vec4 8;
    %jmp/0xz  T_24.6, 8;
    %pushi/vec4 0, 0, 32;
    %store/vec4 v0xb9f570_0, 0, 32;
    %pushi/vec4 0, 0, 32;
    %store/vec4 v0xb9fcb0_0, 0, 32;
T_24.8 ;
    %load/vec4 v0xb9fcb0_0;
    %cmpi/s 8, 0, 32;
    %jmp/0xz T_24.9, 5;
    %load/vec4 v0xb9f570_0;
    %load/vec4 v0xba0160_0;
    %load/vec4 v0xb9fcb0_0;
    %part/s 1;
    %pad/u 32;
    %load/vec4 v0xba03b0_0;
    %mul;
    %add;
    %store/vec4 v0xb9f570_0, 0, 32;
    ; show_stmt_assign_vector: Get l-value for compressed += operand
    %load/vec4 v0xb9fcb0_0;
    %pushi/vec4 1, 0, 32;
    %add;
    %store/vec4 v0xb9fcb0_0, 0, 32;
    %jmp T_24.8;
T_24.9 ;
    %pushi/vec4 0, 0, 32;
    %store/vec4 v0xb9f6d0_0, 0, 32;
    %pushi/vec4 0, 0, 32;
    %store/vec4 v0xb9f9a0_0, 0, 32;
T_24.10 ;
    %load/vec4 v0xb9f9a0_0;
    %cmpi/s 32, 0, 32;
    %jmp/0xz T_24.11, 5;
    %load/vec4 v0xb9f6d0_0;
    %load/vec4 v0xb9f800_0;
    %load/vec4 v0xb9f9a0_0;
    %part/s 1;
    %pad/u 32;
    %load/vec4 v0xb9f8c0_0;
    %mul;
    %add;
    %store/vec4 v0xb9f6d0_0, 0, 32;
    ; show_stmt_assign_vector: Get l-value for compressed += operand
    %load/vec4 v0xb9f9a0_0;
    %pushi/vec4 1, 0, 32;
    %add;
    %store/vec4 v0xb9f9a0_0, 0, 32;
    %jmp T_24.10;
T_24.11 ;
    %load/vec4 v0xb9f570_0;
    %load/vec4 v0xb9f6d0_0;
    %add;
    %cmpi/s 0, 0, 32;
    %flag_or 5, 4; GT is !LE
    %flag_inv 5;
    %jmp/0xz  T_24.12, 5;
    %load/vec4 v0xba0310_0;
    %load/vec4 v0xb9f570_0;
    %add;
    %load/vec4 v0xb9f6d0_0;
    %add;
    %assign/vec4 v0xba0310_0, 0;
    %jmp T_24.13;
T_24.12 ;
    %load/vec4 v0xba0310_0;
    %cmpi/s 0, 0, 32;
    %flag_or 5, 4; GT is !LE
    %flag_inv 5;
    %jmp/0xz  T_24.14, 5;
    %load/vec4 v0xba0310_0;
    %load/vec4 v0xb9fbd0_0;
    %sub;
    %assign/vec4 v0xba0310_0, 0;
    %load/vec4 v0xba0310_0;
    %cmpi/s 0, 0, 32;
    %jmp/0xz  T_24.16, 5;
    %pushi/vec4 0, 0, 32;
    %assign/vec4 v0xba0310_0, 0;
T_24.16 ;
T_24.14 ;
T_24.13 ;
    %load/vec4 v0xba0310_0;
    %cmpi/s 0, 0, 32;
    %jmp/0xz  T_24.18, 5;
    %pushi/vec4 0, 0, 32;
    %assign/vec4 v0xba0310_0, 0;
T_24.18 ;
    %load/vec4 v0xba0310_0;
    %assign/vec4 v0xb9f390_0, 0;
    %load/vec4 v0xb9f490_0;
    %load/vec4 v0xba0310_0;
    %cmp/s;
    %flag_or 5, 4;
    %jmp/0xz  T_24.20, 5;
    %pushi/vec4 2, 0, 8;
    %assign/vec4 v0xb9fd90_0, 0;
T_24.20 ;
T_24.6 ;
    %jmp T_24.5;
T_24.4 ;
    %pushi/vec4 0, 0, 32;
    %assign/vec4 v0xba0310_0, 0;
    %pushi/vec4 0, 0, 32;
    %assign/vec4 v0xb9f390_0, 0;
    %pushi/vec4 1, 0, 1;
    %assign/vec4 v0xb9fa80_0, 0;
    %pushi/vec4 0, 0, 8;
    %assign/vec4 v0xb9fd90_0, 0;
    %jmp T_24.5;
T_24.5 ;
    %pop/vec4 1;
T_24.1 ;
    %jmp T_24;
    .thread T_24;
    .scope S_0xba0a20;
T_25 ;
    %wait E_0xb91af0;
    %load/vec4 v0xba1000_0;
    %flag_set/vec4 8;
    %jmp/0xz  T_25.0, 8;
    %load/vec4 v0xb997c0_0;
    %assign/vec4 v0xb994d0_0, 0;
    %pushi/vec4 0, 0, 1;
    %assign/vec4 v0xba0f60_0, 0;
    %jmp T_25.1;
T_25.0 ;
    %load/vec4 v0xb994d0_0;
    %parti/s 15, 0, 2;
    %load/vec4 v0xb994d0_0;
    %parti/s 1, 15, 5;
    %load/vec4 v0xb994d0_0;
    %parti/s 1, 13, 5;
    %xor;
    %concat/vec4; draw_concat_vec4
    %assign/vec4 v0xb994d0_0, 0;
    %load/vec4 v0xb994d0_0;
    %parti/s 1, 0, 2;
    %assign/vec4 v0xba0f60_0, 0;
T_25.1 ;
    %jmp T_25;
    .thread T_25;
    .scope S_0xba0590;
T_26 ;
    %pushi/vec4 0, 0, 32;
    %store/vec4 v0xba2360_0, 0, 32;
    %pushi/vec4 64659, 0, 32;
    %store/vec4 v0xba1450_0, 0, 32;
    %pushi/vec4 8192, 0, 32;
    %store/vec4 v0xba1c20_0, 0, 32;
    %pushi/vec4 8192, 0, 32;
    %store/vec4 v0xba2400_0, 0, 32;
    %pushi/vec4 256, 0, 32;
    %store/vec4 v0xba1990_0, 0, 32;
    %end;
    .thread T_26, $init;
    .scope S_0xba0590;
T_27 ;
    %wait E_0xb91af0;
    %load/vec4 v0xba2110_0;
    %flag_set/vec4 8;
    %jmp/0xz  T_27.0, 8;
    %pushi/vec4 0, 0, 8;
    %assign/vec4 v0xba1de0_0, 0;
    %pushi/vec4 0, 0, 1;
    %assign/vec4 v0xba1ad0_0, 0;
    %jmp T_27.1;
T_27.0 ;
    %load/vec4 v0xba1ec0_0;
    %dup/vec4;
    %pushi/vec4 0, 0, 8;
    %cmp/u;
    %jmp/1 T_27.2, 6;
    %dup/vec4;
    %pushi/vec4 1, 0, 8;
    %cmp/u;
    %jmp/1 T_27.3, 6;
    %dup/vec4;
    %pushi/vec4 2, 0, 8;
    %cmp/u;
    %jmp/1 T_27.4, 6;
    %jmp T_27.5;
T_27.2 ;
    %pushi/vec4 0, 0, 1;
    %assign/vec4 v0xba1ad0_0, 0;
    %pushi/vec4 1, 0, 8;
    %assign/vec4 v0xba1de0_0, 0;
    %jmp T_27.5;
T_27.3 ;
    %load/vec4 v0xba1fa0_0;
    %flag_set/vec4 8;
    %jmp/0xz  T_27.6, 8;
    %pushi/vec4 0, 0, 32;
    %store/vec4 v0xba1530_0, 0, 32;
    %pushi/vec4 0, 0, 32;
    %store/vec4 v0xba1d00_0, 0, 32;
T_27.8 ;
    %load/vec4 v0xba1d00_0;
    %cmpi/s 8, 0, 32;
    %jmp/0xz T_27.9, 5;
    %load/vec4 v0xba1530_0;
    %load/vec4 v0xba21b0_0;
    %load/vec4 v0xba1d00_0;
    %part/s 1;
    %pad/u 32;
    %load/vec4 v0xba2400_0;
    %mul;
    %add;
    %store/vec4 v0xba1530_0, 0, 32;
    ; show_stmt_assign_vector: Get l-value for compressed += operand
    %load/vec4 v0xba1d00_0;
    %pushi/vec4 1, 0, 32;
    %add;
    %store/vec4 v0xba1d00_0, 0, 32;
    %jmp T_27.8;
T_27.9 ;
    %pushi/vec4 0, 0, 32;
    %store/vec4 v0xba1690_0, 0, 32;
    %pushi/vec4 0, 0, 32;
    %store/vec4 v0xba1a30_0, 0, 32;
T_27.10 ;
    %load/vec4 v0xba1a30_0;
    %cmpi/s 32, 0, 32;
    %jmp/0xz T_27.11, 5;
    %load/vec4 v0xba1690_0;
    %load/vec4 v0xba17c0_0;
    %load/vec4 v0xba1a30_0;
    %part/s 1;
    %pad/u 32;
    %load/vec4 v0xba1990_0;
    %mul;
    %add;
    %store/vec4 v0xba1690_0, 0, 32;
    ; show_stmt_assign_vector: Get l-value for compressed += operand
    %load/vec4 v0xba1a30_0;
    %pushi/vec4 1, 0, 32;
    %add;
    %store/vec4 v0xba1a30_0, 0, 32;
    %jmp T_27.10;
T_27.11 ;
    %load/vec4 v0xba1530_0;
    %load/vec4 v0xba1690_0;
    %add;
    %cmpi/s 0, 0, 32;
    %flag_or 5, 4; GT is !LE
    %flag_inv 5;
    %jmp/0xz  T_27.12, 5;
    %load/vec4 v0xba2360_0;
    %load/vec4 v0xba1530_0;
    %add;
    %load/vec4 v0xba1690_0;
    %add;
    %assign/vec4 v0xba2360_0, 0;
    %jmp T_27.13;
T_27.12 ;
    %load/vec4 v0xba2360_0;
    %cmpi/s 0, 0, 32;
    %flag_or 5, 4; GT is !LE
    %flag_inv 5;
    %jmp/0xz  T_27.14, 5;
    %load/vec4 v0xba2360_0;
    %load/vec4 v0xba1c20_0;
    %sub;
    %assign/vec4 v0xba2360_0, 0;
    %load/vec4 v0xba2360_0;
    %cmpi/s 0, 0, 32;
    %jmp/0xz  T_27.16, 5;
    %pushi/vec4 0, 0, 32;
    %assign/vec4 v0xba2360_0, 0;
T_27.16 ;
T_27.14 ;
T_27.13 ;
    %load/vec4 v0xba2360_0;
    %cmpi/s 0, 0, 32;
    %jmp/0xz  T_27.18, 5;
    %pushi/vec4 0, 0, 32;
    %assign/vec4 v0xba2360_0, 0;
T_27.18 ;
    %load/vec4 v0xba2360_0;
    %assign/vec4 v0xba1350_0, 0;
    %load/vec4 v0xba1450_0;
    %load/vec4 v0xba2360_0;
    %cmp/s;
    %flag_or 5, 4;
    %jmp/0xz  T_27.20, 5;
    %pushi/vec4 2, 0, 8;
    %assign/vec4 v0xba1de0_0, 0;
T_27.20 ;
T_27.6 ;
    %jmp T_27.5;
T_27.4 ;
    %pushi/vec4 0, 0, 32;
    %assign/vec4 v0xba2360_0, 0;
    %pushi/vec4 0, 0, 32;
    %assign/vec4 v0xba1350_0, 0;
    %pushi/vec4 1, 0, 1;
    %assign/vec4 v0xba1ad0_0, 0;
    %pushi/vec4 0, 0, 8;
    %assign/vec4 v0xba1de0_0, 0;
    %jmp T_27.5;
T_27.5 ;
    %pop/vec4 1;
T_27.1 ;
    %jmp T_27;
    .thread T_27;
    .scope S_0xba2a70;
T_28 ;
    %wait E_0xb91af0;
    %load/vec4 v0xba2f50_0;
    %flag_set/vec4 8;
    %jmp/0xz  T_28.0, 8;
    %load/vec4 v0xba2ff0_0;
    %assign/vec4 v0xba2da0_0, 0;
    %pushi/vec4 0, 0, 1;
    %assign/vec4 v0xba2e80_0, 0;
    %jmp T_28.1;
T_28.0 ;
    %load/vec4 v0xba2da0_0;
    %parti/s 15, 0, 2;
    %load/vec4 v0xba2da0_0;
    %parti/s 1, 15, 5;
    %load/vec4 v0xba2da0_0;
    %parti/s 1, 13, 5;
    %xor;
    %concat/vec4; draw_concat_vec4
    %assign/vec4 v0xba2da0_0, 0;
    %load/vec4 v0xba2da0_0;
    %parti/s 1, 0, 2;
    %assign/vec4 v0xba2e80_0, 0;
T_28.1 ;
    %jmp T_28;
    .thread T_28;
    .scope S_0xba25e0;
T_29 ;
    %pushi/vec4 0, 0, 32;
    %store/vec4 v0xba4120_0, 0, 32;
    %pushi/vec4 64659, 0, 32;
    %store/vec4 v0xba32a0_0, 0, 32;
    %pushi/vec4 8192, 0, 32;
    %store/vec4 v0xba39e0_0, 0, 32;
    %pushi/vec4 8192, 0, 32;
    %store/vec4 v0xba41c0_0, 0, 32;
    %pushi/vec4 256, 0, 32;
    %store/vec4 v0xba36d0_0, 0, 32;
    %end;
    .thread T_29, $init;
    .scope S_0xba25e0;
T_30 ;
    %wait E_0xb91af0;
    %load/vec4 v0xba3ed0_0;
    %flag_set/vec4 8;
    %jmp/0xz  T_30.0, 8;
    %pushi/vec4 0, 0, 8;
    %assign/vec4 v0xba3ba0_0, 0;
    %pushi/vec4 0, 0, 1;
    %assign/vec4 v0xba3890_0, 0;
    %jmp T_30.1;
T_30.0 ;
    %load/vec4 v0xba3c80_0;
    %dup/vec4;
    %pushi/vec4 0, 0, 8;
    %cmp/u;
    %jmp/1 T_30.2, 6;
    %dup/vec4;
    %pushi/vec4 1, 0, 8;
    %cmp/u;
    %jmp/1 T_30.3, 6;
    %dup/vec4;
    %pushi/vec4 2, 0, 8;
    %cmp/u;
    %jmp/1 T_30.4, 6;
    %jmp T_30.5;
T_30.2 ;
    %pushi/vec4 0, 0, 1;
    %assign/vec4 v0xba3890_0, 0;
    %pushi/vec4 1, 0, 8;
    %assign/vec4 v0xba3ba0_0, 0;
    %jmp T_30.5;
T_30.3 ;
    %load/vec4 v0xba3d60_0;
    %flag_set/vec4 8;
    %jmp/0xz  T_30.6, 8;
    %pushi/vec4 0, 0, 32;
    %store/vec4 v0xba3380_0, 0, 32;
    %pushi/vec4 0, 0, 32;
    %store/vec4 v0xba3ac0_0, 0, 32;
T_30.8 ;
    %load/vec4 v0xba3ac0_0;
    %cmpi/s 8, 0, 32;
    %jmp/0xz T_30.9, 5;
    %load/vec4 v0xba3380_0;
    %load/vec4 v0xba3f70_0;
    %load/vec4 v0xba3ac0_0;
    %part/s 1;
    %pad/u 32;
    %load/vec4 v0xba41c0_0;
    %mul;
    %add;
    %store/vec4 v0xba3380_0, 0, 32;
    ; show_stmt_assign_vector: Get l-value for compressed += operand
    %load/vec4 v0xba3ac0_0;
    %pushi/vec4 1, 0, 32;
    %add;
    %store/vec4 v0xba3ac0_0, 0, 32;
    %jmp T_30.8;
T_30.9 ;
    %pushi/vec4 0, 0, 32;
    %store/vec4 v0xba34e0_0, 0, 32;
    %pushi/vec4 0, 0, 32;
    %store/vec4 v0xba37b0_0, 0, 32;
T_30.10 ;
    %load/vec4 v0xba37b0_0;
    %cmpi/s 32, 0, 32;
    %jmp/0xz T_30.11, 5;
    %load/vec4 v0xba34e0_0;
    %load/vec4 v0xba3610_0;
    %load/vec4 v0xba37b0_0;
    %part/s 1;
    %pad/u 32;
    %load/vec4 v0xba36d0_0;
    %mul;
    %add;
    %store/vec4 v0xba34e0_0, 0, 32;
    ; show_stmt_assign_vector: Get l-value for compressed += operand
    %load/vec4 v0xba37b0_0;
    %pushi/vec4 1, 0, 32;
    %add;
    %store/vec4 v0xba37b0_0, 0, 32;
    %jmp T_30.10;
T_30.11 ;
    %load/vec4 v0xba3380_0;
    %load/vec4 v0xba34e0_0;
    %add;
    %cmpi/s 0, 0, 32;
    %flag_or 5, 4; GT is !LE
    %flag_inv 5;
    %jmp/0xz  T_30.12, 5;
    %load/vec4 v0xba4120_0;
    %load/vec4 v0xba3380_0;
    %add;
    %load/vec4 v0xba34e0_0;
    %add;
    %assign/vec4 v0xba4120_0, 0;
    %jmp T_30.13;
T_30.12 ;
    %load/vec4 v0xba4120_0;
    %cmpi/s 0, 0, 32;
    %flag_or 5, 4; GT is !LE
    %flag_inv 5;
    %jmp/0xz  T_30.14, 5;
    %load/vec4 v0xba4120_0;
    %load/vec4 v0xba39e0_0;
    %sub;
    %assign/vec4 v0xba4120_0, 0;
    %load/vec4 v0xba4120_0;
    %cmpi/s 0, 0, 32;
    %jmp/0xz  T_30.16, 5;
    %pushi/vec4 0, 0, 32;
    %assign/vec4 v0xba4120_0, 0;
T_30.16 ;
T_30.14 ;
T_30.13 ;
    %load/vec4 v0xba4120_0;
    %cmpi/s 0, 0, 32;
    %jmp/0xz  T_30.18, 5;
    %pushi/vec4 0, 0, 32;
    %assign/vec4 v0xba4120_0, 0;
T_30.18 ;
    %load/vec4 v0xba4120_0;
    %assign/vec4 v0xba31a0_0, 0;
    %load/vec4 v0xba32a0_0;
    %load/vec4 v0xba4120_0;
    %cmp/s;
    %flag_or 5, 4;
    %jmp/0xz  T_30.20, 5;
    %pushi/vec4 2, 0, 8;
    %assign/vec4 v0xba3ba0_0, 0;
T_30.20 ;
T_30.6 ;
    %jmp T_30.5;
T_30.4 ;
    %pushi/vec4 0, 0, 32;
    %assign/vec4 v0xba4120_0, 0;
    %pushi/vec4 0, 0, 32;
    %assign/vec4 v0xba31a0_0, 0;
    %pushi/vec4 1, 0, 1;
    %assign/vec4 v0xba3890_0, 0;
    %pushi/vec4 0, 0, 8;
    %assign/vec4 v0xba3ba0_0, 0;
    %jmp T_30.5;
T_30.5 ;
    %pop/vec4 1;
T_30.1 ;
    %jmp T_30;
    .thread T_30;
    .scope S_0xb93750;
T_31 ;
    %wait E_0xb91af0;
    %load/vec4 v0xb93c50_0;
    %flag_set/vec4 8;
    %jmp/0xz  T_31.0, 8;
    %load/vec4 v0xb93d40_0;
    %assign/vec4 v0xb93ad0_0, 0;
    %pushi/vec4 0, 0, 1;
    %assign/vec4 v0xb93bb0_0, 0;
    %jmp T_31.1;
T_31.0 ;
    %load/vec4 v0xb93ad0_0;
    %parti/s 15, 0, 2;
    %load/vec4 v0xb93ad0_0;
    %parti/s 1, 15, 5;
    %load/vec4 v0xb93ad0_0;
    %parti/s 1, 13, 5;
    %xor;
    %concat/vec4; draw_concat_vec4
    %assign/vec4 v0xb93ad0_0, 0;
    %load/vec4 v0xb93ad0_0;
    %parti/s 1, 0, 2;
    %assign/vec4 v0xb93bb0_0, 0;
T_31.1 ;
    %jmp T_31;
    .thread T_31;
    .scope S_0xb932b0;
T_32 ;
    %pushi/vec4 0, 0, 32;
    %store/vec4 v0xb94e50_0, 0, 32;
    %pushi/vec4 64659, 0, 32;
    %store/vec4 v0xb93ff0_0, 0, 32;
    %pushi/vec4 8192, 0, 32;
    %store/vec4 v0xb94710_0, 0, 32;
    %pushi/vec4 8192, 0, 32;
    %store/vec4 v0xb94ef0_0, 0, 32;
    %pushi/vec4 256, 0, 32;
    %store/vec4 v0xb94420_0, 0, 32;
    %end;
    .thread T_32, $init;
    .scope S_0xb932b0;
T_33 ;
    %wait E_0xb91af0;
    %load/vec4 v0xb94c00_0;
    %flag_set/vec4 8;
    %jmp/0xz  T_33.0, 8;
    %pushi/vec4 0, 0, 8;
    %assign/vec4 v0xb948d0_0, 0;
    %pushi/vec4 0, 0, 1;
    %assign/vec4 v0xb945c0_0, 0;
    %jmp T_33.1;
T_33.0 ;
    %load/vec4 v0xb949b0_0;
    %dup/vec4;
    %pushi/vec4 0, 0, 8;
    %cmp/u;
    %jmp/1 T_33.2, 6;
    %dup/vec4;
    %pushi/vec4 1, 0, 8;
    %cmp/u;
    %jmp/1 T_33.3, 6;
    %dup/vec4;
    %pushi/vec4 2, 0, 8;
    %cmp/u;
    %jmp/1 T_33.4, 6;
    %jmp T_33.5;
T_33.2 ;
    %pushi/vec4 0, 0, 1;
    %assign/vec4 v0xb945c0_0, 0;
    %pushi/vec4 1, 0, 8;
    %assign/vec4 v0xb948d0_0, 0;
    %jmp T_33.5;
T_33.3 ;
    %load/vec4 v0xb94a90_0;
    %flag_set/vec4 8;
    %jmp/0xz  T_33.6, 8;
    %pushi/vec4 0, 0, 32;
    %store/vec4 v0xb940d0_0, 0, 32;
    %pushi/vec4 0, 0, 32;
    %store/vec4 v0xb947f0_0, 0, 32;
T_33.8 ;
    %load/vec4 v0xb947f0_0;
    %cmpi/s 8, 0, 32;
    %jmp/0xz T_33.9, 5;
    %load/vec4 v0xb940d0_0;
    %load/vec4 v0xb94ca0_0;
    %load/vec4 v0xb947f0_0;
    %part/s 1;
    %pad/u 32;
    %load/vec4 v0xb94ef0_0;
    %mul;
    %add;
    %store/vec4 v0xb940d0_0, 0, 32;
    ; show_stmt_assign_vector: Get l-value for compressed += operand
    %load/vec4 v0xb947f0_0;
    %pushi/vec4 1, 0, 32;
    %add;
    %store/vec4 v0xb947f0_0, 0, 32;
    %jmp T_33.8;
T_33.9 ;
    %pushi/vec4 0, 0, 32;
    %store/vec4 v0xb94230_0, 0, 32;
    %pushi/vec4 0, 0, 32;
    %store/vec4 v0xb944e0_0, 0, 32;
T_33.10 ;
    %load/vec4 v0xb944e0_0;
    %cmpi/s 32, 0, 32;
    %jmp/0xz T_33.11, 5;
    %load/vec4 v0xb94230_0;
    %load/vec4 v0xb94360_0;
    %load/vec4 v0xb944e0_0;
    %part/s 1;
    %pad/u 32;
    %load/vec4 v0xb94420_0;
    %mul;
    %add;
    %store/vec4 v0xb94230_0, 0, 32;
    ; show_stmt_assign_vector: Get l-value for compressed += operand
    %load/vec4 v0xb944e0_0;
    %pushi/vec4 1, 0, 32;
    %add;
    %store/vec4 v0xb944e0_0, 0, 32;
    %jmp T_33.10;
T_33.11 ;
    %load/vec4 v0xb940d0_0;
    %load/vec4 v0xb94230_0;
    %add;
    %cmpi/s 0, 0, 32;
    %flag_or 5, 4; GT is !LE
    %flag_inv 5;
    %jmp/0xz  T_33.12, 5;
    %load/vec4 v0xb94e50_0;
    %load/vec4 v0xb940d0_0;
    %add;
    %load/vec4 v0xb94230_0;
    %add;
    %assign/vec4 v0xb94e50_0, 0;
    %jmp T_33.13;
T_33.12 ;
    %load/vec4 v0xb94e50_0;
    %cmpi/s 0, 0, 32;
    %flag_or 5, 4; GT is !LE
    %flag_inv 5;
    %jmp/0xz  T_33.14, 5;
    %load/vec4 v0xb94e50_0;
    %load/vec4 v0xb94710_0;
    %sub;
    %assign/vec4 v0xb94e50_0, 0;
    %load/vec4 v0xb94e50_0;
    %cmpi/s 0, 0, 32;
    %jmp/0xz  T_33.16, 5;
    %pushi/vec4 0, 0, 32;
    %assign/vec4 v0xb94e50_0, 0;
T_33.16 ;
T_33.14 ;
T_33.13 ;
    %load/vec4 v0xb94e50_0;
    %cmpi/s 0, 0, 32;
    %jmp/0xz  T_33.18, 5;
    %pushi/vec4 0, 0, 32;
    %assign/vec4 v0xb94e50_0, 0;
T_33.18 ;
    %load/vec4 v0xb94e50_0;
    %assign/vec4 v0xb93ef0_0, 0;
    %load/vec4 v0xb93ff0_0;
    %load/vec4 v0xb94e50_0;
    %cmp/s;
    %flag_or 5, 4;
    %jmp/0xz  T_33.20, 5;
    %pushi/vec4 2, 0, 8;
    %assign/vec4 v0xb948d0_0, 0;
T_33.20 ;
T_33.6 ;
    %jmp T_33.5;
T_33.4 ;
    %pushi/vec4 0, 0, 32;
    %assign/vec4 v0xb94e50_0, 0;
    %pushi/vec4 0, 0, 32;
    %assign/vec4 v0xb93ef0_0, 0;
    %pushi/vec4 1, 0, 1;
    %assign/vec4 v0xb945c0_0, 0;
    %pushi/vec4 0, 0, 8;
    %assign/vec4 v0xb948d0_0, 0;
    %jmp T_33.5;
T_33.5 ;
    %pop/vec4 1;
T_33.1 ;
    %jmp T_33;
    .thread T_33;
    .scope S_0xb449e0;
T_34 ;
    %pushi/vec4 0, 0, 1;
    %store/vec4 v0xba64b0_0, 0, 1;
    %pushi/vec4 0, 0, 32;
    %store/vec4 v0xba6610_0, 0, 32;
    %pushi/vec4 44257, 0, 16;
    %store/vec4 v0xba6b10_0, 0, 16;
    %pushi/vec4 48879, 0, 16;
    %store/vec4 v0xba6cf0_0, 0, 16;
    %pushi/vec4 49374, 0, 16;
    %store/vec4 v0xba6e00_0, 0, 16;
    %pushi/vec4 57005, 0, 16;
    %store/vec4 v0xba6f10_0, 0, 16;
    %pushi/vec4 64206, 0, 16;
    %store/vec4 v0xba7020_0, 0, 16;
    %pushi/vec4 4660, 0, 16;
    %store/vec4 v0xba7130_0, 0, 16;
    %pushi/vec4 22136, 0, 16;
    %store/vec4 v0xba7240_0, 0, 16;
    %pushi/vec4 39612, 0, 16;
    %store/vec4 v0xba7350_0, 0, 16;
    %pushi/vec4 57072, 0, 16;
    %store/vec4 v0xba7460_0, 0, 16;
    %pushi/vec4 65244, 0, 16;
    %store/vec4 v0xba6c00_0, 0, 16;
    %end;
    .thread T_34, $init;
    .scope S_0xb449e0;
T_35 ;
    %vpi_func 3 148 "$fopen" 32, "output_waveforms.csv", "w" {0 0 0};
    %store/vec4 v0xba6550_0, 0, 32;
    %load/vec4 v0xba6550_0;
    %nor/r;
    %flag_set/vec4 8;
    %jmp/0xz  T_35.0, 8;
    %vpi_call/w 3 150 "$display", "Error: Could not open CSV file for writing." {0 0 0};
    %vpi_call/w 3 151 "$finish" {0 0 0};
T_35.0 ;
    %vpi_call/w 3 155 "$fwrite", v0xba6550_0, "Time (ns), Sine Input (Float), Bits\012" {0 0 0};
    %vpi_call/w 3 158 "$dumpfile", "top_level_ESN_system.vcd" {0 0 0};
    %vpi_call/w 3 159 "$dumpvars", 32'sb00000000000000000000000000000000, S_0xb449e0 {0 0 0};
    %pushi/vec4 1, 0, 1;
    %store/vec4 v0xba6a70_0, 0, 1;
    %pushi/vec4 5, 0, 8;
    %store/vec4 v0xba66d0_0, 0, 8;
    %delay 5000, 0;
    %pushi/vec4 0, 0, 1;
    %store/vec4 v0xba6a70_0, 0, 1;
    %delay 500000000, 0;
    %vpi_call/w 3 172 "$fclose", v0xba6550_0 {0 0 0};
    %vpi_call/w 3 175 "$finish" {0 0 0};
    %end;
    .thread T_35;
    .scope S_0xb449e0;
T_36 ;
    %delay 10000, 0;
    %load/vec4 v0xba64b0_0;
    %inv;
    %store/vec4 v0xba64b0_0, 0, 1;
    %load/vec4 v0xba6410_0;
    %store/vec4 v0xba6610_0, 0, 32;
    %pushi/vec4 0, 0, 7;
    %load/vec4 v0xba68c0_0;
    %parti/s 1, 9, 5;
    %concat/vec4; draw_concat_vec4
    %store/vec4 v0xba7630_0, 0, 8;
    %pushi/vec4 0, 0, 7;
    %load/vec4 v0xba68c0_0;
    %parti/s 1, 0, 2;
    %concat/vec4; draw_concat_vec4
    %store/vec4 v0xba7790_0, 0, 8;
    %pushi/vec4 0, 0, 7;
    %load/vec4 v0xba68c0_0;
    %parti/s 1, 1, 2;
    %concat/vec4; draw_concat_vec4
    %store/vec4 v0xba7830_0, 0, 8;
    %pushi/vec4 0, 0, 7;
    %load/vec4 v0xba68c0_0;
    %parti/s 1, 2, 3;
    %concat/vec4; draw_concat_vec4
    %store/vec4 v0xba6960_0, 0, 8;
    %pushi/vec4 0, 0, 7;
    %load/vec4 v0xba68c0_0;
    %parti/s 1, 3, 3;
    %concat/vec4; draw_concat_vec4
    %store/vec4 v0xba7ae0_0, 0, 8;
    %pushi/vec4 0, 0, 7;
    %load/vec4 v0xba68c0_0;
    %parti/s 1, 4, 4;
    %concat/vec4; draw_concat_vec4
    %store/vec4 v0xba7b80_0, 0, 8;
    %pushi/vec4 0, 0, 7;
    %load/vec4 v0xba68c0_0;
    %parti/s 1, 5, 4;
    %concat/vec4; draw_concat_vec4
    %store/vec4 v0xba7c20_0, 0, 8;
    %pushi/vec4 0, 0, 7;
    %load/vec4 v0xba68c0_0;
    %parti/s 1, 6, 4;
    %concat/vec4; draw_concat_vec4
    %store/vec4 v0xba7cc0_0, 0, 8;
    %pushi/vec4 0, 0, 7;
    %load/vec4 v0xba68c0_0;
    %parti/s 1, 7, 4;
    %concat/vec4; draw_concat_vec4
    %store/vec4 v0xba7d60_0, 0, 8;
    %pushi/vec4 0, 0, 7;
    %load/vec4 v0xba68c0_0;
    %parti/s 1, 8, 5;
    %concat/vec4; draw_concat_vec4
    %store/vec4 v0xba76f0_0, 0, 8;
    %jmp T_36;
    .thread T_36;
    .scope S_0xb449e0;
T_37 ;
    %wait E_0xaccea0;
    %load/vec4 v0xba6a70_0;
    %nor/r;
    %flag_set/vec4 8;
    %jmp/0xz  T_37.0, 8;
    %load/vec4 v0xba7570_0;
    %store/vec4 v0xb91280_0, 0, 16;
    %callf/real TD_top_level_ESN_system.convert_to_real, S_0xb6cef0;
    %vpi_call/w 3 201 "$fwrite", v0xba6550_0, "%0t, %0f", $time, W<0,r> {0 1 0};
    %pushi/vec4 0, 0, 32;
    %store/vec4 v0xba67e0_0, 0, 32;
T_37.2 ;
    %load/vec4 v0xba67e0_0;
    %cmpi/s 10, 0, 32;
    %jmp/0xz T_37.3, 5;
    %vpi_call/w 3 203 "$fwrite", v0xba6550_0, ", %0b", &PV<v0xba68c0_0, v0xba67e0_0, 1> {0 0 0};
    %load/vec4 v0xba67e0_0;
    %addi 1, 0, 32;
    %store/vec4 v0xba67e0_0, 0, 32;
    %jmp T_37.2;
T_37.3 ;
    %vpi_call/w 3 205 "$fwrite", v0xba6550_0, "\012" {0 0 0};
T_37.0 ;
    %jmp T_37;
    .thread T_37;
# The file index is used to find the file name in the following table.
:file_names 5;
    "N/A";
    "<interactive>";
    "-";
    "testbench.sv";
    "design.sv";
