#! /usr/local/bin/vvp
:ivl_version "12.0 (stable)";
:ivl_delay_selection "TYPICAL";
:vpi_time_precision - 12;
:vpi_module "/usr/local/lib/ivl/system.vpi";
:vpi_module "/usr/local/lib/ivl/vhdl_sys.vpi";
:vpi_module "/usr/local/lib/ivl/vhdl_textio.vpi";
:vpi_module "/usr/local/lib/ivl/v2005_math.vpi";
:vpi_module "/usr/local/lib/ivl/va_math.vpi";
:vpi_module "/usr/local/lib/ivl/v2009.vpi";
S_0x1798920 .scope package, "$unit" "$unit" 2 1;
 .timescale 0 0;
S_0x17aaf50 .scope module, "tb_top_level_narma_system" "tb_top_level_narma_system" 3 3;
 .timescale -9 -12;
v0x17f5480_0 .net/s "VOUT1", 31 0, v0x17e6610_0;  1 drivers
v0x17f5540_0 .net/s "VOUT10", 31 0, v0x17e7c20_0;  1 drivers
v0x17f55e0_0 .net/s "VOUT2", 31 0, v0x17e9270_0;  1 drivers
v0x17f56e0_0 .net/s "VOUT3", 31 0, v0x17ea8d0_0;  1 drivers
v0x17f57b0_0 .net/s "VOUT4", 31 0, v0x17ebed0_0;  1 drivers
v0x17f58a0_0 .net/s "VOUT5", 31 0, v0x17ed4d0_0;  1 drivers
v0x17f5970_0 .net/s "VOUT6", 31 0, v0x17eead0_0;  1 drivers
v0x17f5a40_0 .net/s "VOUT7", 31 0, v0x17f0090_0;  1 drivers
v0x17f5b10_0 .net/s "VOUT8", 31 0, v0x17f16e0_0;  1 drivers
v0x17f5c70_0 .net/s "VOUT9", 31 0, v0x17f2dc0_0;  1 drivers
v0x17f5d40_0 .var "clk", 0 0;
v0x17f5de0_0 .var/i "csv_file", 31 0;
v0x17f5e80_0 .var "ext_input", 31 0;
v0x17f5f40_0 .net "i_outs", 9 0, L_0x17f7340;  1 drivers
v0x17f6020_0 .net "narma_bitstream", 31 0, v0x17e5b80_0;  1 drivers
v0x17f6110_0 .net "narma_output", 15 0, v0x17f4f20_0;  1 drivers
v0x17f61b0_0 .var "rst", 0 0;
v0x17f6360_0 .var "sp_in_1", 7 0;
v0x17f6400_0 .var "sp_in_10", 7 0;
v0x17f64a0_0 .var "sp_in_2", 7 0;
v0x17f6570_0 .var "sp_in_3", 7 0;
v0x17f6640_0 .var "sp_in_4", 7 0;
v0x17f6710_0 .var "sp_in_5", 7 0;
v0x17f67e0_0 .var "sp_in_6", 7 0;
v0x17f68b0_0 .var "sp_in_7", 7 0;
v0x17f6980_0 .var "sp_in_8", 7 0;
v0x17f6a50_0 .var "sp_in_9", 7 0;
E_0x17661f0 .event posedge, v0x17e6990_0;
LS_0x17f7340_0_0 .concat8 [ 1 1 1 1], v0x17e6f90_0, v0x17e9c50_0, v0x17eb210_0, v0x17ec8f0_0;
LS_0x17f7340_0_4 .concat8 [ 1 1 1 1], v0x17ede10_0, v0x17ef410_0, v0x17f09d0_0, v0x17f2140_0;
LS_0x17f7340_0_8 .concat8 [ 1 1 0 0], v0x17f3700_0, v0x17e8550_0;
L_0x17f7340 .concat8 [ 4 4 2 0], LS_0x17f7340_0_0, LS_0x17f7340_0_4, LS_0x17f7340_0_8;
S_0x17b8c00 .scope function.real, "convert_to_real" "convert_to_real" 3 187, 3 187 0, S_0x17aaf50;
 .timescale -9 -12;
; Variable convert_to_real is REAL return value of scope S_0x17b8c00
v0x17e57d0_0 .var "fixed_point_value", 15 0;
TD_tb_top_level_narma_system.convert_to_real ;
    %load/vec4 v0x17e57d0_0;
    %cvt/rv;
    %pushi/real 1073741824, 4076; load=1024.00
    %div/wr;
    %ret/real 0; Assign to convert_to_real
    %end;
S_0x17e58b0 .scope module, "converter" "bitstream_converter" 3 29, 4 88 0, S_0x17aaf50;
 .timescale 0 0;
    .port_info 0 /INPUT 16 "y_t";
    .port_info 1 /INPUT 1 "rst";
    .port_info 2 /OUTPUT 32 "bitstream_out";
v0x17e5b80_0 .var "bitstream_out", 31 0;
v0x17e5c80_0 .var/i "i", 31 0;
v0x17e5d60_0 .var/i "num_on_bits", 31 0;
v0x17e5e50_0 .net "rst", 0 0, v0x17f61b0_0;  1 drivers
v0x17e5f10_0 .net "y_t", 15 0, v0x17f4f20_0;  alias, 1 drivers
E_0x17e5b00 .event anyedge, v0x17e5e50_0, v0x17e5f10_0, v0x17e5d60_0;
S_0x17e60c0 .scope module, "neuron1" "lif_neuron" 3 36, 4 115 0, S_0x17aaf50;
 .timescale 0 0;
    .port_info 0 /INPUT 8 "i_in";
    .port_info 1 /INPUT 32 "ext_input";
    .port_info 2 /INPUT 1 "clk";
    .port_info 3 /INPUT 1 "rst";
    .port_info 4 /OUTPUT 32 "VOUT";
    .port_info 5 /OUTPUT 1 "i_out";
P_0x17e62a0 .param/l "s0" 0 4 139, C4<00000000>;
P_0x17e62e0 .param/l "s1" 0 4 140, C4<00000001>;
P_0x17e6320 .param/l "s2" 0 4 141, C4<00000010>;
L_0x17f6b20 .functor BUFZ 8, v0x17e7210_0, C4<00000000>, C4<00000000>, C4<00000000>;
v0x17e6610_0 .var/s "VOUT", 31 0;
v0x17e6710_0 .var/s "Vth", 31 0;
v0x17e67f0_0 .var/s "a", 31 0;
v0x17e68b0_0 .var/s "a_delayed", 31 0;
v0x17e6990_0 .net "clk", 0 0, v0x17f5d40_0;  1 drivers
v0x17e6aa0_0 .var/s "ext_a", 31 0;
v0x17e6b80_0 .net "ext_input", 31 0, v0x17f5e80_0;  1 drivers
v0x17e6c60_0 .var/s "ext_w", 31 0;
v0x17e6d40_0 .var/i "i", 31 0;
v0x17e6eb0_0 .net "i_in", 7 0, v0x17f6360_0;  1 drivers
v0x17e6f90_0 .var "i_out", 0 0;
v0x17e7050_0 .var/s "leaky", 31 0;
v0x17e7130_0 .var/i "n", 31 0;
v0x17e7210_0 .var "n_s", 7 0;
v0x17e72f0_0 .net "p_s", 7 0, L_0x17f6b20;  1 drivers
v0x17e73d0_0 .net "rst", 0 0, v0x17f61b0_0;  alias, 1 drivers
v0x17e7470_0 .var/s "v", 31 0;
v0x17e7620_0 .var/s "w", 31 0;
E_0x17e6590 .event posedge, v0x17e5e50_0, v0x17e6990_0;
S_0x17e77a0 .scope module, "neuron10" "lif_neuron" 3 117, 4 115 0, S_0x17aaf50;
 .timescale 0 0;
    .port_info 0 /INPUT 8 "i_in";
    .port_info 1 /INPUT 32 "ext_input";
    .port_info 2 /INPUT 1 "clk";
    .port_info 3 /INPUT 1 "rst";
    .port_info 4 /OUTPUT 32 "VOUT";
    .port_info 5 /OUTPUT 1 "i_out";
P_0x17e7930 .param/l "s0" 0 4 139, C4<00000000>;
P_0x17e7970 .param/l "s1" 0 4 140, C4<00000001>;
P_0x17e79b0 .param/l "s2" 0 4 141, C4<00000010>;
L_0x17f7270 .functor BUFZ 8, v0x17e87d0_0, C4<00000000>, C4<00000000>, C4<00000000>;
v0x17e7c20_0 .var/s "VOUT", 31 0;
v0x17e7d20_0 .var/s "Vth", 31 0;
v0x17e7e00_0 .var/s "a", 31 0;
v0x17e7ec0_0 .var/s "a_delayed", 31 0;
v0x17e7fa0_0 .net "clk", 0 0, v0x17f5d40_0;  alias, 1 drivers
v0x17e8090_0 .var/s "ext_a", 31 0;
v0x17e8150_0 .net "ext_input", 31 0, v0x17f5e80_0;  alias, 1 drivers
v0x17e8240_0 .var/s "ext_w", 31 0;
v0x17e8300_0 .var/i "i", 31 0;
v0x17e8470_0 .net "i_in", 7 0, v0x17f6400_0;  1 drivers
v0x17e8550_0 .var "i_out", 0 0;
v0x17e8610_0 .var/s "leaky", 31 0;
v0x17e86f0_0 .var/i "n", 31 0;
v0x17e87d0_0 .var "n_s", 7 0;
v0x17e88b0_0 .net "p_s", 7 0, L_0x17f7270;  1 drivers
v0x17e8990_0 .net "rst", 0 0, v0x17f61b0_0;  alias, 1 drivers
v0x17e8a30_0 .var/s "v", 31 0;
v0x17e8be0_0 .var/s "w", 31 0;
S_0x17e8d80 .scope module, "neuron2" "lif_neuron" 3 45, 4 115 0, S_0x17aaf50;
 .timescale 0 0;
    .port_info 0 /INPUT 8 "i_in";
    .port_info 1 /INPUT 32 "ext_input";
    .port_info 2 /INPUT 1 "clk";
    .port_info 3 /INPUT 1 "rst";
    .port_info 4 /OUTPUT 32 "VOUT";
    .port_info 5 /OUTPUT 1 "i_out";
P_0x17e8fb0 .param/l "s0" 0 4 139, C4<00000000>;
P_0x17e8ff0 .param/l "s1" 0 4 140, C4<00000001>;
P_0x17e9030 .param/l "s2" 0 4 141, C4<00000010>;
L_0x17f6bf0 .functor BUFZ 8, v0x17e9ed0_0, C4<00000000>, C4<00000000>, C4<00000000>;
v0x17e9270_0 .var/s "VOUT", 31 0;
v0x17e9370_0 .var/s "Vth", 31 0;
v0x17e9450_0 .var/s "a", 31 0;
v0x17e9510_0 .var/s "a_delayed", 31 0;
v0x17e95f0_0 .net "clk", 0 0, v0x17f5d40_0;  alias, 1 drivers
v0x17e9730_0 .var/s "ext_a", 31 0;
v0x17e9810_0 .net "ext_input", 31 0, v0x17f5e80_0;  alias, 1 drivers
v0x17e9920_0 .var/s "ext_w", 31 0;
v0x17e9a00_0 .var/i "i", 31 0;
v0x17e9b70_0 .net "i_in", 7 0, v0x17f64a0_0;  1 drivers
v0x17e9c50_0 .var "i_out", 0 0;
v0x17e9d10_0 .var/s "leaky", 31 0;
v0x17e9df0_0 .var/i "n", 31 0;
v0x17e9ed0_0 .var "n_s", 7 0;
v0x17e9fb0_0 .net "p_s", 7 0, L_0x17f6bf0;  1 drivers
v0x17ea090_0 .net "rst", 0 0, v0x17f61b0_0;  alias, 1 drivers
v0x17ea130_0 .var/s "v", 31 0;
v0x17ea2e0_0 .var/s "w", 31 0;
S_0x17ea480 .scope module, "neuron3" "lif_neuron" 3 54, 4 115 0, S_0x17aaf50;
 .timescale 0 0;
    .port_info 0 /INPUT 8 "i_in";
    .port_info 1 /INPUT 32 "ext_input";
    .port_info 2 /INPUT 1 "clk";
    .port_info 3 /INPUT 1 "rst";
    .port_info 4 /OUTPUT 32 "VOUT";
    .port_info 5 /OUTPUT 1 "i_out";
P_0x17ea610 .param/l "s0" 0 4 139, C4<00000000>;
P_0x17ea650 .param/l "s1" 0 4 140, C4<00000001>;
P_0x17ea690 .param/l "s2" 0 4 141, C4<00000010>;
L_0x17f6cc0 .functor BUFZ 8, v0x17eb490_0, C4<00000000>, C4<00000000>, C4<00000000>;
v0x17ea8d0_0 .var/s "VOUT", 31 0;
v0x17ea9d0_0 .var/s "Vth", 31 0;
v0x17eaab0_0 .var/s "a", 31 0;
v0x17eab70_0 .var/s "a_delayed", 31 0;
v0x17eac50_0 .net "clk", 0 0, v0x17f5d40_0;  alias, 1 drivers
v0x17ead40_0 .var/s "ext_a", 31 0;
v0x17eae20_0 .net "ext_input", 31 0, v0x17f5e80_0;  alias, 1 drivers
v0x17eaee0_0 .var/s "ext_w", 31 0;
v0x17eafc0_0 .var/i "i", 31 0;
v0x17eb130_0 .net "i_in", 7 0, v0x17f6570_0;  1 drivers
v0x17eb210_0 .var "i_out", 0 0;
v0x17eb2d0_0 .var/s "leaky", 31 0;
v0x17eb3b0_0 .var/i "n", 31 0;
v0x17eb490_0 .var "n_s", 7 0;
v0x17eb570_0 .net "p_s", 7 0, L_0x17f6cc0;  1 drivers
v0x17eb650_0 .net "rst", 0 0, v0x17f61b0_0;  alias, 1 drivers
v0x17eb780_0 .var/s "v", 31 0;
v0x17eb930_0 .var/s "w", 31 0;
S_0x17ebad0 .scope module, "neuron4" "lif_neuron" 3 63, 4 115 0, S_0x17aaf50;
 .timescale 0 0;
    .port_info 0 /INPUT 8 "i_in";
    .port_info 1 /INPUT 32 "ext_input";
    .port_info 2 /INPUT 1 "clk";
    .port_info 3 /INPUT 1 "rst";
    .port_info 4 /OUTPUT 32 "VOUT";
    .port_info 5 /OUTPUT 1 "i_out";
P_0x17ebc60 .param/l "s0" 0 4 139, C4<00000000>;
P_0x17ebca0 .param/l "s1" 0 4 140, C4<00000001>;
P_0x17ebce0 .param/l "s2" 0 4 141, C4<00000010>;
L_0x17f6d90 .functor BUFZ 8, v0x17ecb70_0, C4<00000000>, C4<00000000>, C4<00000000>;
v0x17ebed0_0 .var/s "VOUT", 31 0;
v0x17ebfd0_0 .var/s "Vth", 31 0;
v0x17ec070_0 .var/s "a", 31 0;
v0x17ec130_0 .var/s "a_delayed", 31 0;
v0x17ec210_0 .net "clk", 0 0, v0x17f5d40_0;  alias, 1 drivers
v0x17ec390_0 .var/s "ext_a", 31 0;
v0x17ec470_0 .net "ext_input", 31 0, v0x17f5e80_0;  alias, 1 drivers
v0x17ec5c0_0 .var/s "ext_w", 31 0;
v0x17ec6a0_0 .var/i "i", 31 0;
v0x17ec810_0 .net "i_in", 7 0, v0x17f6640_0;  1 drivers
v0x17ec8f0_0 .var "i_out", 0 0;
v0x17ec9b0_0 .var/s "leaky", 31 0;
v0x17eca90_0 .var/i "n", 31 0;
v0x17ecb70_0 .var "n_s", 7 0;
v0x17ecc50_0 .net "p_s", 7 0, L_0x17f6d90;  1 drivers
v0x17ecd30_0 .net "rst", 0 0, v0x17f61b0_0;  alias, 1 drivers
v0x17ecdd0_0 .var/s "v", 31 0;
v0x17ecf80_0 .var/s "w", 31 0;
S_0x17ed120 .scope module, "neuron5" "lif_neuron" 3 72, 4 115 0, S_0x17aaf50;
 .timescale 0 0;
    .port_info 0 /INPUT 8 "i_in";
    .port_info 1 /INPUT 32 "ext_input";
    .port_info 2 /INPUT 1 "clk";
    .port_info 3 /INPUT 1 "rst";
    .port_info 4 /OUTPUT 32 "VOUT";
    .port_info 5 /OUTPUT 1 "i_out";
P_0x17ed2b0 .param/l "s0" 0 4 139, C4<00000000>;
P_0x17ed2f0 .param/l "s1" 0 4 140, C4<00000001>;
P_0x17ed330 .param/l "s2" 0 4 141, C4<00000010>;
L_0x17f6e60 .functor BUFZ 8, v0x17ee090_0, C4<00000000>, C4<00000000>, C4<00000000>;
v0x17ed4d0_0 .var/s "VOUT", 31 0;
v0x17ed5d0_0 .var/s "Vth", 31 0;
v0x17ed6b0_0 .var/s "a", 31 0;
v0x17ed770_0 .var/s "a_delayed", 31 0;
v0x17ed850_0 .net "clk", 0 0, v0x17f5d40_0;  alias, 1 drivers
v0x17ed940_0 .var/s "ext_a", 31 0;
v0x17eda20_0 .net "ext_input", 31 0, v0x17f5e80_0;  alias, 1 drivers
v0x17edae0_0 .var/s "ext_w", 31 0;
v0x17edbc0_0 .var/i "i", 31 0;
v0x17edd30_0 .net "i_in", 7 0, v0x17f6710_0;  1 drivers
v0x17ede10_0 .var "i_out", 0 0;
v0x17eded0_0 .var/s "leaky", 31 0;
v0x17edfb0_0 .var/i "n", 31 0;
v0x17ee090_0 .var "n_s", 7 0;
v0x17ee170_0 .net "p_s", 7 0, L_0x17f6e60;  1 drivers
v0x17ee250_0 .net "rst", 0 0, v0x17f61b0_0;  alias, 1 drivers
v0x17ee2f0_0 .var/s "v", 31 0;
v0x17ee4a0_0 .var/s "w", 31 0;
S_0x17ee640 .scope module, "neuron6" "lif_neuron" 3 81, 4 115 0, S_0x17aaf50;
 .timescale 0 0;
    .port_info 0 /INPUT 8 "i_in";
    .port_info 1 /INPUT 32 "ext_input";
    .port_info 2 /INPUT 1 "clk";
    .port_info 3 /INPUT 1 "rst";
    .port_info 4 /OUTPUT 32 "VOUT";
    .port_info 5 /OUTPUT 1 "i_out";
P_0x17ee860 .param/l "s0" 0 4 139, C4<00000000>;
P_0x17ee8a0 .param/l "s1" 0 4 140, C4<00000001>;
P_0x17ee8e0 .param/l "s2" 0 4 141, C4<00000010>;
L_0x17f6f30 .functor BUFZ 8, v0x17ef690_0, C4<00000000>, C4<00000000>, C4<00000000>;
v0x17eead0_0 .var/s "VOUT", 31 0;
v0x17eebd0_0 .var/s "Vth", 31 0;
v0x17eecb0_0 .var/s "a", 31 0;
v0x17eed70_0 .var/s "a_delayed", 31 0;
v0x17eee50_0 .net "clk", 0 0, v0x17f5d40_0;  alias, 1 drivers
v0x17eef40_0 .var/s "ext_a", 31 0;
v0x17ef020_0 .net "ext_input", 31 0, v0x17f5e80_0;  alias, 1 drivers
v0x17ef0e0_0 .var/s "ext_w", 31 0;
v0x17ef1c0_0 .var/i "i", 31 0;
v0x17ef330_0 .net "i_in", 7 0, v0x17f67e0_0;  1 drivers
v0x17ef410_0 .var "i_out", 0 0;
v0x17ef4d0_0 .var/s "leaky", 31 0;
v0x17ef5b0_0 .var/i "n", 31 0;
v0x17ef690_0 .var "n_s", 7 0;
v0x17ef770_0 .net "p_s", 7 0, L_0x17f6f30;  1 drivers
v0x17ef850_0 .net "rst", 0 0, v0x17f61b0_0;  alias, 1 drivers
v0x17ef8f0_0 .var/s "v", 31 0;
v0x17efaa0_0 .var/s "w", 31 0;
S_0x17efc40 .scope module, "neuron7" "lif_neuron" 3 90, 4 115 0, S_0x17aaf50;
 .timescale 0 0;
    .port_info 0 /INPUT 8 "i_in";
    .port_info 1 /INPUT 32 "ext_input";
    .port_info 2 /INPUT 1 "clk";
    .port_info 3 /INPUT 1 "rst";
    .port_info 4 /OUTPUT 32 "VOUT";
    .port_info 5 /OUTPUT 1 "i_out";
P_0x17efdd0 .param/l "s0" 0 4 139, C4<00000000>;
P_0x17efe10 .param/l "s1" 0 4 140, C4<00000001>;
P_0x17efe50 .param/l "s2" 0 4 141, C4<00000010>;
L_0x17f7000 .functor BUFZ 8, v0x17f0c50_0, C4<00000000>, C4<00000000>, C4<00000000>;
v0x17f0090_0 .var/s "VOUT", 31 0;
v0x17f0190_0 .var/s "Vth", 31 0;
v0x17f0270_0 .var/s "a", 31 0;
v0x17f0330_0 .var/s "a_delayed", 31 0;
v0x17f0410_0 .net "clk", 0 0, v0x17f5d40_0;  alias, 1 drivers
v0x17f0500_0 .var/s "ext_a", 31 0;
v0x17f05e0_0 .net "ext_input", 31 0, v0x17f5e80_0;  alias, 1 drivers
v0x17f06a0_0 .var/s "ext_w", 31 0;
v0x17f0780_0 .var/i "i", 31 0;
v0x17f08f0_0 .net "i_in", 7 0, v0x17f68b0_0;  1 drivers
v0x17f09d0_0 .var "i_out", 0 0;
v0x17f0a90_0 .var/s "leaky", 31 0;
v0x17f0b70_0 .var/i "n", 31 0;
v0x17f0c50_0 .var "n_s", 7 0;
v0x17f0d30_0 .net "p_s", 7 0, L_0x17f7000;  1 drivers
v0x17f0e10_0 .net "rst", 0 0, v0x17f61b0_0;  alias, 1 drivers
v0x17f0fc0_0 .var/s "v", 31 0;
v0x17f1170_0 .var/s "w", 31 0;
S_0x17f1290 .scope module, "neuron8" "lif_neuron" 3 99, 4 115 0, S_0x17aaf50;
 .timescale 0 0;
    .port_info 0 /INPUT 8 "i_in";
    .port_info 1 /INPUT 32 "ext_input";
    .port_info 2 /INPUT 1 "clk";
    .port_info 3 /INPUT 1 "rst";
    .port_info 4 /OUTPUT 32 "VOUT";
    .port_info 5 /OUTPUT 1 "i_out";
P_0x17f1420 .param/l "s0" 0 4 139, C4<00000000>;
P_0x17f1460 .param/l "s1" 0 4 140, C4<00000001>;
P_0x17f14a0 .param/l "s2" 0 4 141, C4<00000010>;
L_0x17f70d0 .functor BUFZ 8, v0x17f23c0_0, C4<00000000>, C4<00000000>, C4<00000000>;
v0x17f16e0_0 .var/s "VOUT", 31 0;
v0x17f17e0_0 .var/s "Vth", 31 0;
v0x17f18c0_0 .var/s "a", 31 0;
v0x17f1980_0 .var/s "a_delayed", 31 0;
v0x17f1a60_0 .net "clk", 0 0, v0x17f5d40_0;  alias, 1 drivers
v0x17f1c60_0 .var/s "ext_a", 31 0;
v0x17f1d00_0 .net "ext_input", 31 0, v0x17f5e80_0;  alias, 1 drivers
v0x17f1eb0_0 .var/s "ext_w", 31 0;
v0x17f1f50_0 .var/i "i", 31 0;
v0x17f2080_0 .net "i_in", 7 0, v0x17f6980_0;  1 drivers
v0x17f2140_0 .var "i_out", 0 0;
v0x17f2200_0 .var/s "leaky", 31 0;
v0x17f22e0_0 .var/i "n", 31 0;
v0x17f23c0_0 .var "n_s", 7 0;
v0x17f24a0_0 .net "p_s", 7 0, L_0x17f70d0;  1 drivers
v0x17f2580_0 .net "rst", 0 0, v0x17f61b0_0;  alias, 1 drivers
v0x17f2620_0 .var/s "v", 31 0;
v0x17f27d0_0 .var/s "w", 31 0;
S_0x17f2970 .scope module, "neuron9" "lif_neuron" 3 108, 4 115 0, S_0x17aaf50;
 .timescale 0 0;
    .port_info 0 /INPUT 8 "i_in";
    .port_info 1 /INPUT 32 "ext_input";
    .port_info 2 /INPUT 1 "clk";
    .port_info 3 /INPUT 1 "rst";
    .port_info 4 /OUTPUT 32 "VOUT";
    .port_info 5 /OUTPUT 1 "i_out";
P_0x17f2b00 .param/l "s0" 0 4 139, C4<00000000>;
P_0x17f2b40 .param/l "s1" 0 4 140, C4<00000001>;
P_0x17f2b80 .param/l "s2" 0 4 141, C4<00000010>;
L_0x17f71a0 .functor BUFZ 8, v0x17f3980_0, C4<00000000>, C4<00000000>, C4<00000000>;
v0x17f2dc0_0 .var/s "VOUT", 31 0;
v0x17f2ec0_0 .var/s "Vth", 31 0;
v0x17f2fa0_0 .var/s "a", 31 0;
v0x17f3060_0 .var/s "a_delayed", 31 0;
v0x17f3140_0 .net "clk", 0 0, v0x17f5d40_0;  alias, 1 drivers
v0x17f3230_0 .var/s "ext_a", 31 0;
v0x17f3310_0 .net "ext_input", 31 0, v0x17f5e80_0;  alias, 1 drivers
v0x17f33d0_0 .var/s "ext_w", 31 0;
v0x17f34b0_0 .var/i "i", 31 0;
v0x17f3620_0 .net "i_in", 7 0, v0x17f6a50_0;  1 drivers
v0x17f3700_0 .var "i_out", 0 0;
v0x17f37c0_0 .var/s "leaky", 31 0;
v0x17f38a0_0 .var/i "n", 31 0;
v0x17f3980_0 .var "n_s", 7 0;
v0x17f3a60_0 .net "p_s", 7 0, L_0x17f71a0;  1 drivers
v0x17f3b40_0 .net "rst", 0 0, v0x17f61b0_0;  alias, 1 drivers
v0x17f3be0_0 .var/s "v", 31 0;
v0x17f3d90_0 .var/s "w", 31 0;
S_0x17f3f30 .scope module, "uut" "top_level_narma_system" 3 22, 4 64 0, S_0x17aaf50;
 .timescale 0 0;
    .port_info 0 /INPUT 1 "clk";
    .port_info 1 /INPUT 1 "rst";
    .port_info 2 /OUTPUT 16 "narma_output";
v0x17f50a0_0 .net "clk", 0 0, v0x17f5d40_0;  alias, 1 drivers
v0x17f5160_0 .net "lfsr_output", 15 0, v0x17f4580_0;  1 drivers
v0x17f5270_0 .net "narma_output", 15 0, v0x17f4f20_0;  alias, 1 drivers
v0x17f5360_0 .net "rst", 0 0, v0x17f61b0_0;  alias, 1 drivers
S_0x17f4130 .scope module, "lfsr_inst" "lfsr_random_input" 4 72, 4 2 0, S_0x17f3f30;
 .timescale 0 0;
    .port_info 0 /INPUT 1 "clk";
    .port_info 1 /INPUT 1 "rst";
    .port_info 2 /OUTPUT 16 "lfsr_out";
v0x17f43e0_0 .net "clk", 0 0, v0x17f5d40_0;  alias, 1 drivers
v0x17f44a0_0 .var "lfsr", 15 0;
v0x17f4580_0 .var "lfsr_out", 15 0;
v0x17f4640_0 .net "rst", 0 0, v0x17f61b0_0;  alias, 1 drivers
E_0x17e64b0/0 .event negedge, v0x17e5e50_0;
E_0x17e64b0/1 .event posedge, v0x17e6990_0;
E_0x17e64b0 .event/or E_0x17e64b0/0, E_0x17e64b0/1;
S_0x17f4760 .scope module, "narma_gen" "narma10_generator" 4 79, 4 22 0, S_0x17f3f30;
 .timescale 0 0;
    .port_info 0 /INPUT 1 "clk";
    .port_info 1 /INPUT 1 "rst";
    .port_info 2 /INPUT 16 "u_t";
    .port_info 3 /OUTPUT 16 "y_t";
P_0x17f4940 .param/l "N" 0 4 28, +C4<00000000000000000000000000001010>;
v0x17f4a80_0 .net "clk", 0 0, v0x17f5d40_0;  alias, 1 drivers
v0x17f4b20_0 .var/i "i", 31 0;
v0x17f4c00_0 .net "rst", 0 0, v0x17f61b0_0;  alias, 1 drivers
v0x17f4cd0 .array "u_history", 9 0, 15 0;
v0x17f4d70_0 .net "u_t", 15 0, v0x17f4580_0;  alias, 1 drivers
v0x17f4e80 .array "y_history", 9 0, 15 0;
v0x17f4f20_0 .var "y_t", 15 0;
    .scope S_0x17f4130;
T_1 ;
    %pushi/vec4 44257, 0, 16;
    %store/vec4 v0x17f44a0_0, 0, 16;
    %end;
    .thread T_1, $init;
    .scope S_0x17f4130;
T_2 ;
    %wait E_0x17e64b0;
    %load/vec4 v0x17f4640_0;
    %flag_set/vec4 8;
    %jmp/0xz  T_2.0, 8;
    %pushi/vec4 44257, 0, 16;
    %assign/vec4 v0x17f44a0_0, 0;
    %jmp T_2.1;
T_2.0 ;
    %load/vec4 v0x17f44a0_0;
    %parti/s 15, 0, 2;
    %load/vec4 v0x17f44a0_0;
    %parti/s 1, 15, 5;
    %load/vec4 v0x17f44a0_0;
    %parti/s 1, 13, 5;
    %xor;
    %load/vec4 v0x17f44a0_0;
    %parti/s 1, 12, 5;
    %xor;
    %load/vec4 v0x17f44a0_0;
    %parti/s 1, 10, 5;
    %xor;
    %concat/vec4; draw_concat_vec4
    %assign/vec4 v0x17f44a0_0, 0;
T_2.1 ;
    %load/vec4 v0x17f44a0_0;
    %ix/load 4, 1, 0;
    %flag_set/imm 4, 0;
    %shiftr 4;
    %assign/vec4 v0x17f4580_0, 0;
    %jmp T_2;
    .thread T_2;
    .scope S_0x17f4760;
T_3 ;
    %wait E_0x17e6590;
    %load/vec4 v0x17f4c00_0;
    %flag_set/vec4 8;
    %jmp/0xz  T_3.0, 8;
    %pushi/vec4 0, 0, 32;
    %store/vec4 v0x17f4b20_0, 0, 32;
T_3.2 ;
    %load/vec4 v0x17f4b20_0;
    %cmpi/s 10, 0, 32;
    %jmp/0xz T_3.3, 5;
    %pushi/vec4 0, 0, 16;
    %ix/getv/s 3, v0x17f4b20_0;
    %ix/load 4, 0, 0; Constant delay
    %assign/vec4/a/d v0x17f4e80, 0, 4;
    %pushi/vec4 0, 0, 16;
    %ix/getv/s 3, v0x17f4b20_0;
    %ix/load 4, 0, 0; Constant delay
    %assign/vec4/a/d v0x17f4cd0, 0, 4;
    %load/vec4 v0x17f4b20_0;
    %addi 1, 0, 32;
    %store/vec4 v0x17f4b20_0, 0, 32;
    %jmp T_3.2;
T_3.3 ;
    %pushi/vec4 0, 0, 16;
    %assign/vec4 v0x17f4f20_0, 0;
    %jmp T_3.1;
T_3.0 ;
    %pushi/vec4 9, 0, 32;
    %store/vec4 v0x17f4b20_0, 0, 32;
T_3.4 ;
    %load/vec4 v0x17f4b20_0;
    %cmpi/s 0, 0, 32;
    %flag_or 5, 4; GT is !LE
    %flag_inv 5;
    %jmp/0xz T_3.5, 5;
    %load/vec4 v0x17f4b20_0;
    %subi 1, 0, 32;
    %ix/vec4/s 4;
    %load/vec4a v0x17f4e80, 4;
    %ix/getv/s 3, v0x17f4b20_0;
    %ix/load 4, 0, 0; Constant delay
    %assign/vec4/a/d v0x17f4e80, 0, 4;
    %load/vec4 v0x17f4b20_0;
    %subi 1, 0, 32;
    %ix/vec4/s 4;
    %load/vec4a v0x17f4cd0, 4;
    %ix/getv/s 3, v0x17f4b20_0;
    %ix/load 4, 0, 0; Constant delay
    %assign/vec4/a/d v0x17f4cd0, 0, 4;
    %load/vec4 v0x17f4b20_0;
    %subi 1, 0, 32;
    %store/vec4 v0x17f4b20_0, 0, 32;
    %jmp T_3.4;
T_3.5 ;
    %load/vec4 v0x17f4d70_0;
    %ix/load 3, 0, 0;
    %flag_set/imm 4, 0;
    %ix/load 4, 0, 0; Constant delay
    %assign/vec4/a/d v0x17f4cd0, 0, 4;
    %ix/load 4, 0, 0;
    %flag_set/imm 4, 0;
    %load/vec4a v0x17f4e80, 4;
    %pad/u 32;
    %muli 5, 0, 32;
    %pushi/vec4 10, 0, 32;
    %div;
    %ix/load 4, 0, 0;
    %flag_set/imm 4, 0;
    %load/vec4a v0x17f4e80, 4;
    %pad/u 32;
    %muli 3, 0, 32;
    %ix/load 4, 1, 0;
    %flag_set/imm 4, 0;
    %load/vec4a v0x17f4e80, 4;
    %pad/u 32;
    %ix/load 4, 2, 0;
    %flag_set/imm 4, 0;
    %load/vec4a v0x17f4e80, 4;
    %pad/u 32;
    %add;
    %ix/load 4, 3, 0;
    %flag_set/imm 4, 0;
    %load/vec4a v0x17f4e80, 4;
    %pad/u 32;
    %add;
    %ix/load 4, 4, 0;
    %flag_set/imm 4, 0;
    %load/vec4a v0x17f4e80, 4;
    %pad/u 32;
    %add;
    %ix/load 4, 5, 0;
    %flag_set/imm 4, 0;
    %load/vec4a v0x17f4e80, 4;
    %pad/u 32;
    %add;
    %ix/load 4, 6, 0;
    %flag_set/imm 4, 0;
    %load/vec4a v0x17f4e80, 4;
    %pad/u 32;
    %add;
    %ix/load 4, 7, 0;
    %flag_set/imm 4, 0;
    %load/vec4a v0x17f4e80, 4;
    %pad/u 32;
    %add;
    %ix/load 4, 8, 0;
    %flag_set/imm 4, 0;
    %load/vec4a v0x17f4e80, 4;
    %pad/u 32;
    %add;
    %ix/load 4, 9, 0;
    %flag_set/imm 4, 0;
    %load/vec4a v0x17f4e80, 4;
    %pad/u 32;
    %add;
    %mul;
    %pushi/vec4 10, 0, 32;
    %div;
    %add;
    %ix/load 4, 9, 0;
    %flag_set/imm 4, 0;
    %load/vec4a v0x17f4cd0, 4;
    %pad/u 32;
    %muli 8, 0, 32;
    %ix/load 4, 0, 0;
    %flag_set/imm 4, 0;
    %load/vec4a v0x17f4cd0, 4;
    %pad/u 32;
    %mul;
    %pushi/vec4 10, 0, 32;
    %div;
    %add;
    %addi 1024, 0, 32;
    %pad/u 16;
    %assign/vec4 v0x17f4f20_0, 0;
    %load/vec4 v0x17f4f20_0;
    %ix/load 3, 0, 0;
    %flag_set/imm 4, 0;
    %ix/load 4, 0, 0; Constant delay
    %assign/vec4/a/d v0x17f4e80, 0, 4;
T_3.1 ;
    %jmp T_3;
    .thread T_3;
    .scope S_0x17e58b0;
T_4 ;
    %wait E_0x17e5b00;
    %load/vec4 v0x17e5e50_0;
    %flag_set/vec4 8;
    %jmp/0xz  T_4.0, 8;
    %pushi/vec4 0, 0, 32;
    %store/vec4 v0x17e5b80_0, 0, 32;
    %jmp T_4.1;
T_4.0 ;
    %load/vec4 v0x17e5f10_0;
    %pad/u 32;
    %muli 32, 0, 32;
    %ix/load 4, 16, 0;
    %flag_set/imm 4, 0;
    %shiftr 4;
    %store/vec4 v0x17e5d60_0, 0, 32;
    %pushi/vec4 0, 0, 32;
    %store/vec4 v0x17e5b80_0, 0, 32;
    %pushi/vec4 0, 0, 32;
    %store/vec4 v0x17e5c80_0, 0, 32;
T_4.2 ;
    %load/vec4 v0x17e5c80_0;
    %load/vec4 v0x17e5d60_0;
    %cmp/s;
    %jmp/0xz T_4.3, 5;
    %pushi/vec4 1, 0, 1;
    %ix/getv/s 4, v0x17e5c80_0;
    %store/vec4 v0x17e5b80_0, 4, 1;
    %load/vec4 v0x17e5c80_0;
    %addi 1, 0, 32;
    %store/vec4 v0x17e5c80_0, 0, 32;
    %jmp T_4.2;
T_4.3 ;
T_4.1 ;
    %jmp T_4;
    .thread T_4, $push;
    .scope S_0x17e60c0;
T_5 ;
    %pushi/vec4 0, 0, 32;
    %store/vec4 v0x17e7470_0, 0, 32;
    %pushi/vec4 64659, 0, 32;
    %store/vec4 v0x17e6710_0, 0, 32;
    %pushi/vec4 8192, 0, 32;
    %store/vec4 v0x17e7050_0, 0, 32;
    %pushi/vec4 8192, 0, 32;
    %store/vec4 v0x17e7620_0, 0, 32;
    %pushi/vec4 256, 0, 32;
    %store/vec4 v0x17e6c60_0, 0, 32;
    %end;
    .thread T_5, $init;
    .scope S_0x17e60c0;
T_6 ;
    %wait E_0x17e6590;
    %load/vec4 v0x17e73d0_0;
    %flag_set/vec4 8;
    %jmp/0xz  T_6.0, 8;
    %pushi/vec4 0, 0, 8;
    %assign/vec4 v0x17e7210_0, 0;
    %pushi/vec4 0, 0, 1;
    %assign/vec4 v0x17e6f90_0, 0;
    %pushi/vec4 0, 0, 32;
    %assign/vec4 v0x17e68b0_0, 0;
    %jmp T_6.1;
T_6.0 ;
    %load/vec4 v0x17e72f0_0;
    %dup/vec4;
    %pushi/vec4 0, 0, 8;
    %cmp/u;
    %jmp/1 T_6.2, 6;
    %dup/vec4;
    %pushi/vec4 1, 0, 8;
    %cmp/u;
    %jmp/1 T_6.3, 6;
    %dup/vec4;
    %pushi/vec4 2, 0, 8;
    %cmp/u;
    %jmp/1 T_6.4, 6;
    %jmp T_6.5;
T_6.2 ;
    %pushi/vec4 0, 0, 1;
    %assign/vec4 v0x17e6f90_0, 0;
    %pushi/vec4 1, 0, 8;
    %assign/vec4 v0x17e7210_0, 0;
    %jmp T_6.5;
T_6.3 ;
    %pushi/vec4 0, 0, 32;
    %store/vec4 v0x17e67f0_0, 0, 32;
    %pushi/vec4 0, 0, 32;
    %store/vec4 v0x17e7130_0, 0, 32;
T_6.6 ;
    %load/vec4 v0x17e7130_0;
    %cmpi/s 8, 0, 32;
    %jmp/0xz T_6.7, 5;
    %load/vec4 v0x17e67f0_0;
    %load/vec4 v0x17e6eb0_0;
    %load/vec4 v0x17e7130_0;
    %part/s 1;
    %pad/u 32;
    %load/vec4 v0x17e7620_0;
    %mul;
    %add;
    %store/vec4 v0x17e67f0_0, 0, 32;
    ; show_stmt_assign_vector: Get l-value for compressed += operand
    %load/vec4 v0x17e7130_0;
    %pushi/vec4 1, 0, 32;
    %add;
    %store/vec4 v0x17e7130_0, 0, 32;
    %jmp T_6.6;
T_6.7 ;
    %load/vec4 v0x17e67f0_0;
    %assign/vec4 v0x17e68b0_0, 0;
    %pushi/vec4 0, 0, 32;
    %store/vec4 v0x17e6aa0_0, 0, 32;
    %pushi/vec4 0, 0, 32;
    %store/vec4 v0x17e6d40_0, 0, 32;
T_6.8 ;
    %load/vec4 v0x17e6d40_0;
    %cmpi/s 32, 0, 32;
    %jmp/0xz T_6.9, 5;
    %load/vec4 v0x17e6aa0_0;
    %load/vec4 v0x17e6b80_0;
    %load/vec4 v0x17e6d40_0;
    %part/s 1;
    %pad/u 32;
    %load/vec4 v0x17e6c60_0;
    %mul;
    %add;
    %store/vec4 v0x17e6aa0_0, 0, 32;
    ; show_stmt_assign_vector: Get l-value for compressed += operand
    %load/vec4 v0x17e6d40_0;
    %pushi/vec4 1, 0, 32;
    %add;
    %store/vec4 v0x17e6d40_0, 0, 32;
    %jmp T_6.8;
T_6.9 ;
    %load/vec4 v0x17e68b0_0;
    %load/vec4 v0x17e6aa0_0;
    %add;
    %cmpi/s 0, 0, 32;
    %flag_or 5, 4; GT is !LE
    %flag_inv 5;
    %jmp/0xz  T_6.10, 5;
    %load/vec4 v0x17e7470_0;
    %load/vec4 v0x17e68b0_0;
    %add;
    %load/vec4 v0x17e6aa0_0;
    %add;
    %assign/vec4 v0x17e7470_0, 0;
    %jmp T_6.11;
T_6.10 ;
    %load/vec4 v0x17e7470_0;
    %cmpi/s 0, 0, 32;
    %flag_or 5, 4; GT is !LE
    %flag_inv 5;
    %jmp/0xz  T_6.12, 5;
    %load/vec4 v0x17e7470_0;
    %load/vec4 v0x17e7050_0;
    %sub;
    %assign/vec4 v0x17e7470_0, 0;
    %load/vec4 v0x17e7470_0;
    %cmpi/s 0, 0, 32;
    %jmp/0xz  T_6.14, 5;
    %pushi/vec4 0, 0, 32;
    %assign/vec4 v0x17e7470_0, 0;
T_6.14 ;
T_6.12 ;
T_6.11 ;
    %load/vec4 v0x17e7470_0;
    %assign/vec4 v0x17e6610_0, 0;
    %load/vec4 v0x17e6710_0;
    %load/vec4 v0x17e7470_0;
    %cmp/s;
    %flag_or 5, 4;
    %jmp/0xz  T_6.16, 5;
    %pushi/vec4 2, 0, 8;
    %assign/vec4 v0x17e7210_0, 0;
T_6.16 ;
    %jmp T_6.5;
T_6.4 ;
    %pushi/vec4 0, 0, 32;
    %assign/vec4 v0x17e7470_0, 0;
    %pushi/vec4 0, 0, 32;
    %assign/vec4 v0x17e6610_0, 0;
    %pushi/vec4 1, 0, 1;
    %assign/vec4 v0x17e6f90_0, 0;
    %pushi/vec4 0, 0, 8;
    %assign/vec4 v0x17e7210_0, 0;
    %jmp T_6.5;
T_6.5 ;
    %pop/vec4 1;
T_6.1 ;
    %jmp T_6;
    .thread T_6;
    .scope S_0x17e8d80;
T_7 ;
    %pushi/vec4 0, 0, 32;
    %store/vec4 v0x17ea130_0, 0, 32;
    %pushi/vec4 64659, 0, 32;
    %store/vec4 v0x17e9370_0, 0, 32;
    %pushi/vec4 8192, 0, 32;
    %store/vec4 v0x17e9d10_0, 0, 32;
    %pushi/vec4 8192, 0, 32;
    %store/vec4 v0x17ea2e0_0, 0, 32;
    %pushi/vec4 256, 0, 32;
    %store/vec4 v0x17e9920_0, 0, 32;
    %end;
    .thread T_7, $init;
    .scope S_0x17e8d80;
T_8 ;
    %wait E_0x17e6590;
    %load/vec4 v0x17ea090_0;
    %flag_set/vec4 8;
    %jmp/0xz  T_8.0, 8;
    %pushi/vec4 0, 0, 8;
    %assign/vec4 v0x17e9ed0_0, 0;
    %pushi/vec4 0, 0, 1;
    %assign/vec4 v0x17e9c50_0, 0;
    %pushi/vec4 0, 0, 32;
    %assign/vec4 v0x17e9510_0, 0;
    %jmp T_8.1;
T_8.0 ;
    %load/vec4 v0x17e9fb0_0;
    %dup/vec4;
    %pushi/vec4 0, 0, 8;
    %cmp/u;
    %jmp/1 T_8.2, 6;
    %dup/vec4;
    %pushi/vec4 1, 0, 8;
    %cmp/u;
    %jmp/1 T_8.3, 6;
    %dup/vec4;
    %pushi/vec4 2, 0, 8;
    %cmp/u;
    %jmp/1 T_8.4, 6;
    %jmp T_8.5;
T_8.2 ;
    %pushi/vec4 0, 0, 1;
    %assign/vec4 v0x17e9c50_0, 0;
    %pushi/vec4 1, 0, 8;
    %assign/vec4 v0x17e9ed0_0, 0;
    %jmp T_8.5;
T_8.3 ;
    %pushi/vec4 0, 0, 32;
    %store/vec4 v0x17e9450_0, 0, 32;
    %pushi/vec4 0, 0, 32;
    %store/vec4 v0x17e9df0_0, 0, 32;
T_8.6 ;
    %load/vec4 v0x17e9df0_0;
    %cmpi/s 8, 0, 32;
    %jmp/0xz T_8.7, 5;
    %load/vec4 v0x17e9450_0;
    %load/vec4 v0x17e9b70_0;
    %load/vec4 v0x17e9df0_0;
    %part/s 1;
    %pad/u 32;
    %load/vec4 v0x17ea2e0_0;
    %mul;
    %add;
    %store/vec4 v0x17e9450_0, 0, 32;
    ; show_stmt_assign_vector: Get l-value for compressed += operand
    %load/vec4 v0x17e9df0_0;
    %pushi/vec4 1, 0, 32;
    %add;
    %store/vec4 v0x17e9df0_0, 0, 32;
    %jmp T_8.6;
T_8.7 ;
    %load/vec4 v0x17e9450_0;
    %assign/vec4 v0x17e9510_0, 0;
    %pushi/vec4 0, 0, 32;
    %store/vec4 v0x17e9730_0, 0, 32;
    %pushi/vec4 0, 0, 32;
    %store/vec4 v0x17e9a00_0, 0, 32;
T_8.8 ;
    %load/vec4 v0x17e9a00_0;
    %cmpi/s 32, 0, 32;
    %jmp/0xz T_8.9, 5;
    %load/vec4 v0x17e9730_0;
    %load/vec4 v0x17e9810_0;
    %load/vec4 v0x17e9a00_0;
    %part/s 1;
    %pad/u 32;
    %load/vec4 v0x17e9920_0;
    %mul;
    %add;
    %store/vec4 v0x17e9730_0, 0, 32;
    ; show_stmt_assign_vector: Get l-value for compressed += operand
    %load/vec4 v0x17e9a00_0;
    %pushi/vec4 1, 0, 32;
    %add;
    %store/vec4 v0x17e9a00_0, 0, 32;
    %jmp T_8.8;
T_8.9 ;
    %load/vec4 v0x17e9510_0;
    %load/vec4 v0x17e9730_0;
    %add;
    %cmpi/s 0, 0, 32;
    %flag_or 5, 4; GT is !LE
    %flag_inv 5;
    %jmp/0xz  T_8.10, 5;
    %load/vec4 v0x17ea130_0;
    %load/vec4 v0x17e9510_0;
    %add;
    %load/vec4 v0x17e9730_0;
    %add;
    %assign/vec4 v0x17ea130_0, 0;
    %jmp T_8.11;
T_8.10 ;
    %load/vec4 v0x17ea130_0;
    %cmpi/s 0, 0, 32;
    %flag_or 5, 4; GT is !LE
    %flag_inv 5;
    %jmp/0xz  T_8.12, 5;
    %load/vec4 v0x17ea130_0;
    %load/vec4 v0x17e9d10_0;
    %sub;
    %assign/vec4 v0x17ea130_0, 0;
    %load/vec4 v0x17ea130_0;
    %cmpi/s 0, 0, 32;
    %jmp/0xz  T_8.14, 5;
    %pushi/vec4 0, 0, 32;
    %assign/vec4 v0x17ea130_0, 0;
T_8.14 ;
T_8.12 ;
T_8.11 ;
    %load/vec4 v0x17ea130_0;
    %assign/vec4 v0x17e9270_0, 0;
    %load/vec4 v0x17e9370_0;
    %load/vec4 v0x17ea130_0;
    %cmp/s;
    %flag_or 5, 4;
    %jmp/0xz  T_8.16, 5;
    %pushi/vec4 2, 0, 8;
    %assign/vec4 v0x17e9ed0_0, 0;
T_8.16 ;
    %jmp T_8.5;
T_8.4 ;
    %pushi/vec4 0, 0, 32;
    %assign/vec4 v0x17ea130_0, 0;
    %pushi/vec4 0, 0, 32;
    %assign/vec4 v0x17e9270_0, 0;
    %pushi/vec4 1, 0, 1;
    %assign/vec4 v0x17e9c50_0, 0;
    %pushi/vec4 0, 0, 8;
    %assign/vec4 v0x17e9ed0_0, 0;
    %jmp T_8.5;
T_8.5 ;
    %pop/vec4 1;
T_8.1 ;
    %jmp T_8;
    .thread T_8;
    .scope S_0x17ea480;
T_9 ;
    %pushi/vec4 0, 0, 32;
    %store/vec4 v0x17eb780_0, 0, 32;
    %pushi/vec4 64659, 0, 32;
    %store/vec4 v0x17ea9d0_0, 0, 32;
    %pushi/vec4 8192, 0, 32;
    %store/vec4 v0x17eb2d0_0, 0, 32;
    %pushi/vec4 8192, 0, 32;
    %store/vec4 v0x17eb930_0, 0, 32;
    %pushi/vec4 256, 0, 32;
    %store/vec4 v0x17eaee0_0, 0, 32;
    %end;
    .thread T_9, $init;
    .scope S_0x17ea480;
T_10 ;
    %wait E_0x17e6590;
    %load/vec4 v0x17eb650_0;
    %flag_set/vec4 8;
    %jmp/0xz  T_10.0, 8;
    %pushi/vec4 0, 0, 8;
    %assign/vec4 v0x17eb490_0, 0;
    %pushi/vec4 0, 0, 1;
    %assign/vec4 v0x17eb210_0, 0;
    %pushi/vec4 0, 0, 32;
    %assign/vec4 v0x17eab70_0, 0;
    %jmp T_10.1;
T_10.0 ;
    %load/vec4 v0x17eb570_0;
    %dup/vec4;
    %pushi/vec4 0, 0, 8;
    %cmp/u;
    %jmp/1 T_10.2, 6;
    %dup/vec4;
    %pushi/vec4 1, 0, 8;
    %cmp/u;
    %jmp/1 T_10.3, 6;
    %dup/vec4;
    %pushi/vec4 2, 0, 8;
    %cmp/u;
    %jmp/1 T_10.4, 6;
    %jmp T_10.5;
T_10.2 ;
    %pushi/vec4 0, 0, 1;
    %assign/vec4 v0x17eb210_0, 0;
    %pushi/vec4 1, 0, 8;
    %assign/vec4 v0x17eb490_0, 0;
    %jmp T_10.5;
T_10.3 ;
    %pushi/vec4 0, 0, 32;
    %store/vec4 v0x17eaab0_0, 0, 32;
    %pushi/vec4 0, 0, 32;
    %store/vec4 v0x17eb3b0_0, 0, 32;
T_10.6 ;
    %load/vec4 v0x17eb3b0_0;
    %cmpi/s 8, 0, 32;
    %jmp/0xz T_10.7, 5;
    %load/vec4 v0x17eaab0_0;
    %load/vec4 v0x17eb130_0;
    %load/vec4 v0x17eb3b0_0;
    %part/s 1;
    %pad/u 32;
    %load/vec4 v0x17eb930_0;
    %mul;
    %add;
    %store/vec4 v0x17eaab0_0, 0, 32;
    ; show_stmt_assign_vector: Get l-value for compressed += operand
    %load/vec4 v0x17eb3b0_0;
    %pushi/vec4 1, 0, 32;
    %add;
    %store/vec4 v0x17eb3b0_0, 0, 32;
    %jmp T_10.6;
T_10.7 ;
    %load/vec4 v0x17eaab0_0;
    %assign/vec4 v0x17eab70_0, 0;
    %pushi/vec4 0, 0, 32;
    %store/vec4 v0x17ead40_0, 0, 32;
    %pushi/vec4 0, 0, 32;
    %store/vec4 v0x17eafc0_0, 0, 32;
T_10.8 ;
    %load/vec4 v0x17eafc0_0;
    %cmpi/s 32, 0, 32;
    %jmp/0xz T_10.9, 5;
    %load/vec4 v0x17ead40_0;
    %load/vec4 v0x17eae20_0;
    %load/vec4 v0x17eafc0_0;
    %part/s 1;
    %pad/u 32;
    %load/vec4 v0x17eaee0_0;
    %mul;
    %add;
    %store/vec4 v0x17ead40_0, 0, 32;
    ; show_stmt_assign_vector: Get l-value for compressed += operand
    %load/vec4 v0x17eafc0_0;
    %pushi/vec4 1, 0, 32;
    %add;
    %store/vec4 v0x17eafc0_0, 0, 32;
    %jmp T_10.8;
T_10.9 ;
    %load/vec4 v0x17eab70_0;
    %load/vec4 v0x17ead40_0;
    %add;
    %cmpi/s 0, 0, 32;
    %flag_or 5, 4; GT is !LE
    %flag_inv 5;
    %jmp/0xz  T_10.10, 5;
    %load/vec4 v0x17eb780_0;
    %load/vec4 v0x17eab70_0;
    %add;
    %load/vec4 v0x17ead40_0;
    %add;
    %assign/vec4 v0x17eb780_0, 0;
    %jmp T_10.11;
T_10.10 ;
    %load/vec4 v0x17eb780_0;
    %cmpi/s 0, 0, 32;
    %flag_or 5, 4; GT is !LE
    %flag_inv 5;
    %jmp/0xz  T_10.12, 5;
    %load/vec4 v0x17eb780_0;
    %load/vec4 v0x17eb2d0_0;
    %sub;
    %assign/vec4 v0x17eb780_0, 0;
    %load/vec4 v0x17eb780_0;
    %cmpi/s 0, 0, 32;
    %jmp/0xz  T_10.14, 5;
    %pushi/vec4 0, 0, 32;
    %assign/vec4 v0x17eb780_0, 0;
T_10.14 ;
T_10.12 ;
T_10.11 ;
    %load/vec4 v0x17eb780_0;
    %assign/vec4 v0x17ea8d0_0, 0;
    %load/vec4 v0x17ea9d0_0;
    %load/vec4 v0x17eb780_0;
    %cmp/s;
    %flag_or 5, 4;
    %jmp/0xz  T_10.16, 5;
    %pushi/vec4 2, 0, 8;
    %assign/vec4 v0x17eb490_0, 0;
T_10.16 ;
    %jmp T_10.5;
T_10.4 ;
    %pushi/vec4 0, 0, 32;
    %assign/vec4 v0x17eb780_0, 0;
    %pushi/vec4 0, 0, 32;
    %assign/vec4 v0x17ea8d0_0, 0;
    %pushi/vec4 1, 0, 1;
    %assign/vec4 v0x17eb210_0, 0;
    %pushi/vec4 0, 0, 8;
    %assign/vec4 v0x17eb490_0, 0;
    %jmp T_10.5;
T_10.5 ;
    %pop/vec4 1;
T_10.1 ;
    %jmp T_10;
    .thread T_10;
    .scope S_0x17ebad0;
T_11 ;
    %pushi/vec4 0, 0, 32;
    %store/vec4 v0x17ecdd0_0, 0, 32;
    %pushi/vec4 64659, 0, 32;
    %store/vec4 v0x17ebfd0_0, 0, 32;
    %pushi/vec4 8192, 0, 32;
    %store/vec4 v0x17ec9b0_0, 0, 32;
    %pushi/vec4 8192, 0, 32;
    %store/vec4 v0x17ecf80_0, 0, 32;
    %pushi/vec4 256, 0, 32;
    %store/vec4 v0x17ec5c0_0, 0, 32;
    %end;
    .thread T_11, $init;
    .scope S_0x17ebad0;
T_12 ;
    %wait E_0x17e6590;
    %load/vec4 v0x17ecd30_0;
    %flag_set/vec4 8;
    %jmp/0xz  T_12.0, 8;
    %pushi/vec4 0, 0, 8;
    %assign/vec4 v0x17ecb70_0, 0;
    %pushi/vec4 0, 0, 1;
    %assign/vec4 v0x17ec8f0_0, 0;
    %pushi/vec4 0, 0, 32;
    %assign/vec4 v0x17ec130_0, 0;
    %jmp T_12.1;
T_12.0 ;
    %load/vec4 v0x17ecc50_0;
    %dup/vec4;
    %pushi/vec4 0, 0, 8;
    %cmp/u;
    %jmp/1 T_12.2, 6;
    %dup/vec4;
    %pushi/vec4 1, 0, 8;
    %cmp/u;
    %jmp/1 T_12.3, 6;
    %dup/vec4;
    %pushi/vec4 2, 0, 8;
    %cmp/u;
    %jmp/1 T_12.4, 6;
    %jmp T_12.5;
T_12.2 ;
    %pushi/vec4 0, 0, 1;
    %assign/vec4 v0x17ec8f0_0, 0;
    %pushi/vec4 1, 0, 8;
    %assign/vec4 v0x17ecb70_0, 0;
    %jmp T_12.5;
T_12.3 ;
    %pushi/vec4 0, 0, 32;
    %store/vec4 v0x17ec070_0, 0, 32;
    %pushi/vec4 0, 0, 32;
    %store/vec4 v0x17eca90_0, 0, 32;
T_12.6 ;
    %load/vec4 v0x17eca90_0;
    %cmpi/s 8, 0, 32;
    %jmp/0xz T_12.7, 5;
    %load/vec4 v0x17ec070_0;
    %load/vec4 v0x17ec810_0;
    %load/vec4 v0x17eca90_0;
    %part/s 1;
    %pad/u 32;
    %load/vec4 v0x17ecf80_0;
    %mul;
    %add;
    %store/vec4 v0x17ec070_0, 0, 32;
    ; show_stmt_assign_vector: Get l-value for compressed += operand
    %load/vec4 v0x17eca90_0;
    %pushi/vec4 1, 0, 32;
    %add;
    %store/vec4 v0x17eca90_0, 0, 32;
    %jmp T_12.6;
T_12.7 ;
    %load/vec4 v0x17ec070_0;
    %assign/vec4 v0x17ec130_0, 0;
    %pushi/vec4 0, 0, 32;
    %store/vec4 v0x17ec390_0, 0, 32;
    %pushi/vec4 0, 0, 32;
    %store/vec4 v0x17ec6a0_0, 0, 32;
T_12.8 ;
    %load/vec4 v0x17ec6a0_0;
    %cmpi/s 32, 0, 32;
    %jmp/0xz T_12.9, 5;
    %load/vec4 v0x17ec390_0;
    %load/vec4 v0x17ec470_0;
    %load/vec4 v0x17ec6a0_0;
    %part/s 1;
    %pad/u 32;
    %load/vec4 v0x17ec5c0_0;
    %mul;
    %add;
    %store/vec4 v0x17ec390_0, 0, 32;
    ; show_stmt_assign_vector: Get l-value for compressed += operand
    %load/vec4 v0x17ec6a0_0;
    %pushi/vec4 1, 0, 32;
    %add;
    %store/vec4 v0x17ec6a0_0, 0, 32;
    %jmp T_12.8;
T_12.9 ;
    %load/vec4 v0x17ec130_0;
    %load/vec4 v0x17ec390_0;
    %add;
    %cmpi/s 0, 0, 32;
    %flag_or 5, 4; GT is !LE
    %flag_inv 5;
    %jmp/0xz  T_12.10, 5;
    %load/vec4 v0x17ecdd0_0;
    %load/vec4 v0x17ec130_0;
    %add;
    %load/vec4 v0x17ec390_0;
    %add;
    %assign/vec4 v0x17ecdd0_0, 0;
    %jmp T_12.11;
T_12.10 ;
    %load/vec4 v0x17ecdd0_0;
    %cmpi/s 0, 0, 32;
    %flag_or 5, 4; GT is !LE
    %flag_inv 5;
    %jmp/0xz  T_12.12, 5;
    %load/vec4 v0x17ecdd0_0;
    %load/vec4 v0x17ec9b0_0;
    %sub;
    %assign/vec4 v0x17ecdd0_0, 0;
    %load/vec4 v0x17ecdd0_0;
    %cmpi/s 0, 0, 32;
    %jmp/0xz  T_12.14, 5;
    %pushi/vec4 0, 0, 32;
    %assign/vec4 v0x17ecdd0_0, 0;
T_12.14 ;
T_12.12 ;
T_12.11 ;
    %load/vec4 v0x17ecdd0_0;
    %assign/vec4 v0x17ebed0_0, 0;
    %load/vec4 v0x17ebfd0_0;
    %load/vec4 v0x17ecdd0_0;
    %cmp/s;
    %flag_or 5, 4;
    %jmp/0xz  T_12.16, 5;
    %pushi/vec4 2, 0, 8;
    %assign/vec4 v0x17ecb70_0, 0;
T_12.16 ;
    %jmp T_12.5;
T_12.4 ;
    %pushi/vec4 0, 0, 32;
    %assign/vec4 v0x17ecdd0_0, 0;
    %pushi/vec4 0, 0, 32;
    %assign/vec4 v0x17ebed0_0, 0;
    %pushi/vec4 1, 0, 1;
    %assign/vec4 v0x17ec8f0_0, 0;
    %pushi/vec4 0, 0, 8;
    %assign/vec4 v0x17ecb70_0, 0;
    %jmp T_12.5;
T_12.5 ;
    %pop/vec4 1;
T_12.1 ;
    %jmp T_12;
    .thread T_12;
    .scope S_0x17ed120;
T_13 ;
    %pushi/vec4 0, 0, 32;
    %store/vec4 v0x17ee2f0_0, 0, 32;
    %pushi/vec4 64659, 0, 32;
    %store/vec4 v0x17ed5d0_0, 0, 32;
    %pushi/vec4 8192, 0, 32;
    %store/vec4 v0x17eded0_0, 0, 32;
    %pushi/vec4 8192, 0, 32;
    %store/vec4 v0x17ee4a0_0, 0, 32;
    %pushi/vec4 256, 0, 32;
    %store/vec4 v0x17edae0_0, 0, 32;
    %end;
    .thread T_13, $init;
    .scope S_0x17ed120;
T_14 ;
    %wait E_0x17e6590;
    %load/vec4 v0x17ee250_0;
    %flag_set/vec4 8;
    %jmp/0xz  T_14.0, 8;
    %pushi/vec4 0, 0, 8;
    %assign/vec4 v0x17ee090_0, 0;
    %pushi/vec4 0, 0, 1;
    %assign/vec4 v0x17ede10_0, 0;
    %pushi/vec4 0, 0, 32;
    %assign/vec4 v0x17ed770_0, 0;
    %jmp T_14.1;
T_14.0 ;
    %load/vec4 v0x17ee170_0;
    %dup/vec4;
    %pushi/vec4 0, 0, 8;
    %cmp/u;
    %jmp/1 T_14.2, 6;
    %dup/vec4;
    %pushi/vec4 1, 0, 8;
    %cmp/u;
    %jmp/1 T_14.3, 6;
    %dup/vec4;
    %pushi/vec4 2, 0, 8;
    %cmp/u;
    %jmp/1 T_14.4, 6;
    %jmp T_14.5;
T_14.2 ;
    %pushi/vec4 0, 0, 1;
    %assign/vec4 v0x17ede10_0, 0;
    %pushi/vec4 1, 0, 8;
    %assign/vec4 v0x17ee090_0, 0;
    %jmp T_14.5;
T_14.3 ;
    %pushi/vec4 0, 0, 32;
    %store/vec4 v0x17ed6b0_0, 0, 32;
    %pushi/vec4 0, 0, 32;
    %store/vec4 v0x17edfb0_0, 0, 32;
T_14.6 ;
    %load/vec4 v0x17edfb0_0;
    %cmpi/s 8, 0, 32;
    %jmp/0xz T_14.7, 5;
    %load/vec4 v0x17ed6b0_0;
    %load/vec4 v0x17edd30_0;
    %load/vec4 v0x17edfb0_0;
    %part/s 1;
    %pad/u 32;
    %load/vec4 v0x17ee4a0_0;
    %mul;
    %add;
    %store/vec4 v0x17ed6b0_0, 0, 32;
    ; show_stmt_assign_vector: Get l-value for compressed += operand
    %load/vec4 v0x17edfb0_0;
    %pushi/vec4 1, 0, 32;
    %add;
    %store/vec4 v0x17edfb0_0, 0, 32;
    %jmp T_14.6;
T_14.7 ;
    %load/vec4 v0x17ed6b0_0;
    %assign/vec4 v0x17ed770_0, 0;
    %pushi/vec4 0, 0, 32;
    %store/vec4 v0x17ed940_0, 0, 32;
    %pushi/vec4 0, 0, 32;
    %store/vec4 v0x17edbc0_0, 0, 32;
T_14.8 ;
    %load/vec4 v0x17edbc0_0;
    %cmpi/s 32, 0, 32;
    %jmp/0xz T_14.9, 5;
    %load/vec4 v0x17ed940_0;
    %load/vec4 v0x17eda20_0;
    %load/vec4 v0x17edbc0_0;
    %part/s 1;
    %pad/u 32;
    %load/vec4 v0x17edae0_0;
    %mul;
    %add;
    %store/vec4 v0x17ed940_0, 0, 32;
    ; show_stmt_assign_vector: Get l-value for compressed += operand
    %load/vec4 v0x17edbc0_0;
    %pushi/vec4 1, 0, 32;
    %add;
    %store/vec4 v0x17edbc0_0, 0, 32;
    %jmp T_14.8;
T_14.9 ;
    %load/vec4 v0x17ed770_0;
    %load/vec4 v0x17ed940_0;
    %add;
    %cmpi/s 0, 0, 32;
    %flag_or 5, 4; GT is !LE
    %flag_inv 5;
    %jmp/0xz  T_14.10, 5;
    %load/vec4 v0x17ee2f0_0;
    %load/vec4 v0x17ed770_0;
    %add;
    %load/vec4 v0x17ed940_0;
    %add;
    %assign/vec4 v0x17ee2f0_0, 0;
    %jmp T_14.11;
T_14.10 ;
    %load/vec4 v0x17ee2f0_0;
    %cmpi/s 0, 0, 32;
    %flag_or 5, 4; GT is !LE
    %flag_inv 5;
    %jmp/0xz  T_14.12, 5;
    %load/vec4 v0x17ee2f0_0;
    %load/vec4 v0x17eded0_0;
    %sub;
    %assign/vec4 v0x17ee2f0_0, 0;
    %load/vec4 v0x17ee2f0_0;
    %cmpi/s 0, 0, 32;
    %jmp/0xz  T_14.14, 5;
    %pushi/vec4 0, 0, 32;
    %assign/vec4 v0x17ee2f0_0, 0;
T_14.14 ;
T_14.12 ;
T_14.11 ;
    %load/vec4 v0x17ee2f0_0;
    %assign/vec4 v0x17ed4d0_0, 0;
    %load/vec4 v0x17ed5d0_0;
    %load/vec4 v0x17ee2f0_0;
    %cmp/s;
    %flag_or 5, 4;
    %jmp/0xz  T_14.16, 5;
    %pushi/vec4 2, 0, 8;
    %assign/vec4 v0x17ee090_0, 0;
T_14.16 ;
    %jmp T_14.5;
T_14.4 ;
    %pushi/vec4 0, 0, 32;
    %assign/vec4 v0x17ee2f0_0, 0;
    %pushi/vec4 0, 0, 32;
    %assign/vec4 v0x17ed4d0_0, 0;
    %pushi/vec4 1, 0, 1;
    %assign/vec4 v0x17ede10_0, 0;
    %pushi/vec4 0, 0, 8;
    %assign/vec4 v0x17ee090_0, 0;
    %jmp T_14.5;
T_14.5 ;
    %pop/vec4 1;
T_14.1 ;
    %jmp T_14;
    .thread T_14;
    .scope S_0x17ee640;
T_15 ;
    %pushi/vec4 0, 0, 32;
    %store/vec4 v0x17ef8f0_0, 0, 32;
    %pushi/vec4 64659, 0, 32;
    %store/vec4 v0x17eebd0_0, 0, 32;
    %pushi/vec4 8192, 0, 32;
    %store/vec4 v0x17ef4d0_0, 0, 32;
    %pushi/vec4 8192, 0, 32;
    %store/vec4 v0x17efaa0_0, 0, 32;
    %pushi/vec4 256, 0, 32;
    %store/vec4 v0x17ef0e0_0, 0, 32;
    %end;
    .thread T_15, $init;
    .scope S_0x17ee640;
T_16 ;
    %wait E_0x17e6590;
    %load/vec4 v0x17ef850_0;
    %flag_set/vec4 8;
    %jmp/0xz  T_16.0, 8;
    %pushi/vec4 0, 0, 8;
    %assign/vec4 v0x17ef690_0, 0;
    %pushi/vec4 0, 0, 1;
    %assign/vec4 v0x17ef410_0, 0;
    %pushi/vec4 0, 0, 32;
    %assign/vec4 v0x17eed70_0, 0;
    %jmp T_16.1;
T_16.0 ;
    %load/vec4 v0x17ef770_0;
    %dup/vec4;
    %pushi/vec4 0, 0, 8;
    %cmp/u;
    %jmp/1 T_16.2, 6;
    %dup/vec4;
    %pushi/vec4 1, 0, 8;
    %cmp/u;
    %jmp/1 T_16.3, 6;
    %dup/vec4;
    %pushi/vec4 2, 0, 8;
    %cmp/u;
    %jmp/1 T_16.4, 6;
    %jmp T_16.5;
T_16.2 ;
    %pushi/vec4 0, 0, 1;
    %assign/vec4 v0x17ef410_0, 0;
    %pushi/vec4 1, 0, 8;
    %assign/vec4 v0x17ef690_0, 0;
    %jmp T_16.5;
T_16.3 ;
    %pushi/vec4 0, 0, 32;
    %store/vec4 v0x17eecb0_0, 0, 32;
    %pushi/vec4 0, 0, 32;
    %store/vec4 v0x17ef5b0_0, 0, 32;
T_16.6 ;
    %load/vec4 v0x17ef5b0_0;
    %cmpi/s 8, 0, 32;
    %jmp/0xz T_16.7, 5;
    %load/vec4 v0x17eecb0_0;
    %load/vec4 v0x17ef330_0;
    %load/vec4 v0x17ef5b0_0;
    %part/s 1;
    %pad/u 32;
    %load/vec4 v0x17efaa0_0;
    %mul;
    %add;
    %store/vec4 v0x17eecb0_0, 0, 32;
    ; show_stmt_assign_vector: Get l-value for compressed += operand
    %load/vec4 v0x17ef5b0_0;
    %pushi/vec4 1, 0, 32;
    %add;
    %store/vec4 v0x17ef5b0_0, 0, 32;
    %jmp T_16.6;
T_16.7 ;
    %load/vec4 v0x17eecb0_0;
    %assign/vec4 v0x17eed70_0, 0;
    %pushi/vec4 0, 0, 32;
    %store/vec4 v0x17eef40_0, 0, 32;
    %pushi/vec4 0, 0, 32;
    %store/vec4 v0x17ef1c0_0, 0, 32;
T_16.8 ;
    %load/vec4 v0x17ef1c0_0;
    %cmpi/s 32, 0, 32;
    %jmp/0xz T_16.9, 5;
    %load/vec4 v0x17eef40_0;
    %load/vec4 v0x17ef020_0;
    %load/vec4 v0x17ef1c0_0;
    %part/s 1;
    %pad/u 32;
    %load/vec4 v0x17ef0e0_0;
    %mul;
    %add;
    %store/vec4 v0x17eef40_0, 0, 32;
    ; show_stmt_assign_vector: Get l-value for compressed += operand
    %load/vec4 v0x17ef1c0_0;
    %pushi/vec4 1, 0, 32;
    %add;
    %store/vec4 v0x17ef1c0_0, 0, 32;
    %jmp T_16.8;
T_16.9 ;
    %load/vec4 v0x17eed70_0;
    %load/vec4 v0x17eef40_0;
    %add;
    %cmpi/s 0, 0, 32;
    %flag_or 5, 4; GT is !LE
    %flag_inv 5;
    %jmp/0xz  T_16.10, 5;
    %load/vec4 v0x17ef8f0_0;
    %load/vec4 v0x17eed70_0;
    %add;
    %load/vec4 v0x17eef40_0;
    %add;
    %assign/vec4 v0x17ef8f0_0, 0;
    %jmp T_16.11;
T_16.10 ;
    %load/vec4 v0x17ef8f0_0;
    %cmpi/s 0, 0, 32;
    %flag_or 5, 4; GT is !LE
    %flag_inv 5;
    %jmp/0xz  T_16.12, 5;
    %load/vec4 v0x17ef8f0_0;
    %load/vec4 v0x17ef4d0_0;
    %sub;
    %assign/vec4 v0x17ef8f0_0, 0;
    %load/vec4 v0x17ef8f0_0;
    %cmpi/s 0, 0, 32;
    %jmp/0xz  T_16.14, 5;
    %pushi/vec4 0, 0, 32;
    %assign/vec4 v0x17ef8f0_0, 0;
T_16.14 ;
T_16.12 ;
T_16.11 ;
    %load/vec4 v0x17ef8f0_0;
    %assign/vec4 v0x17eead0_0, 0;
    %load/vec4 v0x17eebd0_0;
    %load/vec4 v0x17ef8f0_0;
    %cmp/s;
    %flag_or 5, 4;
    %jmp/0xz  T_16.16, 5;
    %pushi/vec4 2, 0, 8;
    %assign/vec4 v0x17ef690_0, 0;
T_16.16 ;
    %jmp T_16.5;
T_16.4 ;
    %pushi/vec4 0, 0, 32;
    %assign/vec4 v0x17ef8f0_0, 0;
    %pushi/vec4 0, 0, 32;
    %assign/vec4 v0x17eead0_0, 0;
    %pushi/vec4 1, 0, 1;
    %assign/vec4 v0x17ef410_0, 0;
    %pushi/vec4 0, 0, 8;
    %assign/vec4 v0x17ef690_0, 0;
    %jmp T_16.5;
T_16.5 ;
    %pop/vec4 1;
T_16.1 ;
    %jmp T_16;
    .thread T_16;
    .scope S_0x17efc40;
T_17 ;
    %pushi/vec4 0, 0, 32;
    %store/vec4 v0x17f0fc0_0, 0, 32;
    %pushi/vec4 64659, 0, 32;
    %store/vec4 v0x17f0190_0, 0, 32;
    %pushi/vec4 8192, 0, 32;
    %store/vec4 v0x17f0a90_0, 0, 32;
    %pushi/vec4 8192, 0, 32;
    %store/vec4 v0x17f1170_0, 0, 32;
    %pushi/vec4 256, 0, 32;
    %store/vec4 v0x17f06a0_0, 0, 32;
    %end;
    .thread T_17, $init;
    .scope S_0x17efc40;
T_18 ;
    %wait E_0x17e6590;
    %load/vec4 v0x17f0e10_0;
    %flag_set/vec4 8;
    %jmp/0xz  T_18.0, 8;
    %pushi/vec4 0, 0, 8;
    %assign/vec4 v0x17f0c50_0, 0;
    %pushi/vec4 0, 0, 1;
    %assign/vec4 v0x17f09d0_0, 0;
    %pushi/vec4 0, 0, 32;
    %assign/vec4 v0x17f0330_0, 0;
    %jmp T_18.1;
T_18.0 ;
    %load/vec4 v0x17f0d30_0;
    %dup/vec4;
    %pushi/vec4 0, 0, 8;
    %cmp/u;
    %jmp/1 T_18.2, 6;
    %dup/vec4;
    %pushi/vec4 1, 0, 8;
    %cmp/u;
    %jmp/1 T_18.3, 6;
    %dup/vec4;
    %pushi/vec4 2, 0, 8;
    %cmp/u;
    %jmp/1 T_18.4, 6;
    %jmp T_18.5;
T_18.2 ;
    %pushi/vec4 0, 0, 1;
    %assign/vec4 v0x17f09d0_0, 0;
    %pushi/vec4 1, 0, 8;
    %assign/vec4 v0x17f0c50_0, 0;
    %jmp T_18.5;
T_18.3 ;
    %pushi/vec4 0, 0, 32;
    %store/vec4 v0x17f0270_0, 0, 32;
    %pushi/vec4 0, 0, 32;
    %store/vec4 v0x17f0b70_0, 0, 32;
T_18.6 ;
    %load/vec4 v0x17f0b70_0;
    %cmpi/s 8, 0, 32;
    %jmp/0xz T_18.7, 5;
    %load/vec4 v0x17f0270_0;
    %load/vec4 v0x17f08f0_0;
    %load/vec4 v0x17f0b70_0;
    %part/s 1;
    %pad/u 32;
    %load/vec4 v0x17f1170_0;
    %mul;
    %add;
    %store/vec4 v0x17f0270_0, 0, 32;
    ; show_stmt_assign_vector: Get l-value for compressed += operand
    %load/vec4 v0x17f0b70_0;
    %pushi/vec4 1, 0, 32;
    %add;
    %store/vec4 v0x17f0b70_0, 0, 32;
    %jmp T_18.6;
T_18.7 ;
    %load/vec4 v0x17f0270_0;
    %assign/vec4 v0x17f0330_0, 0;
    %pushi/vec4 0, 0, 32;
    %store/vec4 v0x17f0500_0, 0, 32;
    %pushi/vec4 0, 0, 32;
    %store/vec4 v0x17f0780_0, 0, 32;
T_18.8 ;
    %load/vec4 v0x17f0780_0;
    %cmpi/s 32, 0, 32;
    %jmp/0xz T_18.9, 5;
    %load/vec4 v0x17f0500_0;
    %load/vec4 v0x17f05e0_0;
    %load/vec4 v0x17f0780_0;
    %part/s 1;
    %pad/u 32;
    %load/vec4 v0x17f06a0_0;
    %mul;
    %add;
    %store/vec4 v0x17f0500_0, 0, 32;
    ; show_stmt_assign_vector: Get l-value for compressed += operand
    %load/vec4 v0x17f0780_0;
    %pushi/vec4 1, 0, 32;
    %add;
    %store/vec4 v0x17f0780_0, 0, 32;
    %jmp T_18.8;
T_18.9 ;
    %load/vec4 v0x17f0330_0;
    %load/vec4 v0x17f0500_0;
    %add;
    %cmpi/s 0, 0, 32;
    %flag_or 5, 4; GT is !LE
    %flag_inv 5;
    %jmp/0xz  T_18.10, 5;
    %load/vec4 v0x17f0fc0_0;
    %load/vec4 v0x17f0330_0;
    %add;
    %load/vec4 v0x17f0500_0;
    %add;
    %assign/vec4 v0x17f0fc0_0, 0;
    %jmp T_18.11;
T_18.10 ;
    %load/vec4 v0x17f0fc0_0;
    %cmpi/s 0, 0, 32;
    %flag_or 5, 4; GT is !LE
    %flag_inv 5;
    %jmp/0xz  T_18.12, 5;
    %load/vec4 v0x17f0fc0_0;
    %load/vec4 v0x17f0a90_0;
    %sub;
    %assign/vec4 v0x17f0fc0_0, 0;
    %load/vec4 v0x17f0fc0_0;
    %cmpi/s 0, 0, 32;
    %jmp/0xz  T_18.14, 5;
    %pushi/vec4 0, 0, 32;
    %assign/vec4 v0x17f0fc0_0, 0;
T_18.14 ;
T_18.12 ;
T_18.11 ;
    %load/vec4 v0x17f0fc0_0;
    %assign/vec4 v0x17f0090_0, 0;
    %load/vec4 v0x17f0190_0;
    %load/vec4 v0x17f0fc0_0;
    %cmp/s;
    %flag_or 5, 4;
    %jmp/0xz  T_18.16, 5;
    %pushi/vec4 2, 0, 8;
    %assign/vec4 v0x17f0c50_0, 0;
T_18.16 ;
    %jmp T_18.5;
T_18.4 ;
    %pushi/vec4 0, 0, 32;
    %assign/vec4 v0x17f0fc0_0, 0;
    %pushi/vec4 0, 0, 32;
    %assign/vec4 v0x17f0090_0, 0;
    %pushi/vec4 1, 0, 1;
    %assign/vec4 v0x17f09d0_0, 0;
    %pushi/vec4 0, 0, 8;
    %assign/vec4 v0x17f0c50_0, 0;
    %jmp T_18.5;
T_18.5 ;
    %pop/vec4 1;
T_18.1 ;
    %jmp T_18;
    .thread T_18;
    .scope S_0x17f1290;
T_19 ;
    %pushi/vec4 0, 0, 32;
    %store/vec4 v0x17f2620_0, 0, 32;
    %pushi/vec4 64659, 0, 32;
    %store/vec4 v0x17f17e0_0, 0, 32;
    %pushi/vec4 8192, 0, 32;
    %store/vec4 v0x17f2200_0, 0, 32;
    %pushi/vec4 8192, 0, 32;
    %store/vec4 v0x17f27d0_0, 0, 32;
    %pushi/vec4 256, 0, 32;
    %store/vec4 v0x17f1eb0_0, 0, 32;
    %end;
    .thread T_19, $init;
    .scope S_0x17f1290;
T_20 ;
    %wait E_0x17e6590;
    %load/vec4 v0x17f2580_0;
    %flag_set/vec4 8;
    %jmp/0xz  T_20.0, 8;
    %pushi/vec4 0, 0, 8;
    %assign/vec4 v0x17f23c0_0, 0;
    %pushi/vec4 0, 0, 1;
    %assign/vec4 v0x17f2140_0, 0;
    %pushi/vec4 0, 0, 32;
    %assign/vec4 v0x17f1980_0, 0;
    %jmp T_20.1;
T_20.0 ;
    %load/vec4 v0x17f24a0_0;
    %dup/vec4;
    %pushi/vec4 0, 0, 8;
    %cmp/u;
    %jmp/1 T_20.2, 6;
    %dup/vec4;
    %pushi/vec4 1, 0, 8;
    %cmp/u;
    %jmp/1 T_20.3, 6;
    %dup/vec4;
    %pushi/vec4 2, 0, 8;
    %cmp/u;
    %jmp/1 T_20.4, 6;
    %jmp T_20.5;
T_20.2 ;
    %pushi/vec4 0, 0, 1;
    %assign/vec4 v0x17f2140_0, 0;
    %pushi/vec4 1, 0, 8;
    %assign/vec4 v0x17f23c0_0, 0;
    %jmp T_20.5;
T_20.3 ;
    %pushi/vec4 0, 0, 32;
    %store/vec4 v0x17f18c0_0, 0, 32;
    %pushi/vec4 0, 0, 32;
    %store/vec4 v0x17f22e0_0, 0, 32;
T_20.6 ;
    %load/vec4 v0x17f22e0_0;
    %cmpi/s 8, 0, 32;
    %jmp/0xz T_20.7, 5;
    %load/vec4 v0x17f18c0_0;
    %load/vec4 v0x17f2080_0;
    %load/vec4 v0x17f22e0_0;
    %part/s 1;
    %pad/u 32;
    %load/vec4 v0x17f27d0_0;
    %mul;
    %add;
    %store/vec4 v0x17f18c0_0, 0, 32;
    ; show_stmt_assign_vector: Get l-value for compressed += operand
    %load/vec4 v0x17f22e0_0;
    %pushi/vec4 1, 0, 32;
    %add;
    %store/vec4 v0x17f22e0_0, 0, 32;
    %jmp T_20.6;
T_20.7 ;
    %load/vec4 v0x17f18c0_0;
    %assign/vec4 v0x17f1980_0, 0;
    %pushi/vec4 0, 0, 32;
    %store/vec4 v0x17f1c60_0, 0, 32;
    %pushi/vec4 0, 0, 32;
    %store/vec4 v0x17f1f50_0, 0, 32;
T_20.8 ;
    %load/vec4 v0x17f1f50_0;
    %cmpi/s 32, 0, 32;
    %jmp/0xz T_20.9, 5;
    %load/vec4 v0x17f1c60_0;
    %load/vec4 v0x17f1d00_0;
    %load/vec4 v0x17f1f50_0;
    %part/s 1;
    %pad/u 32;
    %load/vec4 v0x17f1eb0_0;
    %mul;
    %add;
    %store/vec4 v0x17f1c60_0, 0, 32;
    ; show_stmt_assign_vector: Get l-value for compressed += operand
    %load/vec4 v0x17f1f50_0;
    %pushi/vec4 1, 0, 32;
    %add;
    %store/vec4 v0x17f1f50_0, 0, 32;
    %jmp T_20.8;
T_20.9 ;
    %load/vec4 v0x17f1980_0;
    %load/vec4 v0x17f1c60_0;
    %add;
    %cmpi/s 0, 0, 32;
    %flag_or 5, 4; GT is !LE
    %flag_inv 5;
    %jmp/0xz  T_20.10, 5;
    %load/vec4 v0x17f2620_0;
    %load/vec4 v0x17f1980_0;
    %add;
    %load/vec4 v0x17f1c60_0;
    %add;
    %assign/vec4 v0x17f2620_0, 0;
    %jmp T_20.11;
T_20.10 ;
    %load/vec4 v0x17f2620_0;
    %cmpi/s 0, 0, 32;
    %flag_or 5, 4; GT is !LE
    %flag_inv 5;
    %jmp/0xz  T_20.12, 5;
    %load/vec4 v0x17f2620_0;
    %load/vec4 v0x17f2200_0;
    %sub;
    %assign/vec4 v0x17f2620_0, 0;
    %load/vec4 v0x17f2620_0;
    %cmpi/s 0, 0, 32;
    %jmp/0xz  T_20.14, 5;
    %pushi/vec4 0, 0, 32;
    %assign/vec4 v0x17f2620_0, 0;
T_20.14 ;
T_20.12 ;
T_20.11 ;
    %load/vec4 v0x17f2620_0;
    %assign/vec4 v0x17f16e0_0, 0;
    %load/vec4 v0x17f17e0_0;
    %load/vec4 v0x17f2620_0;
    %cmp/s;
    %flag_or 5, 4;
    %jmp/0xz  T_20.16, 5;
    %pushi/vec4 2, 0, 8;
    %assign/vec4 v0x17f23c0_0, 0;
T_20.16 ;
    %jmp T_20.5;
T_20.4 ;
    %pushi/vec4 0, 0, 32;
    %assign/vec4 v0x17f2620_0, 0;
    %pushi/vec4 0, 0, 32;
    %assign/vec4 v0x17f16e0_0, 0;
    %pushi/vec4 1, 0, 1;
    %assign/vec4 v0x17f2140_0, 0;
    %pushi/vec4 0, 0, 8;
    %assign/vec4 v0x17f23c0_0, 0;
    %jmp T_20.5;
T_20.5 ;
    %pop/vec4 1;
T_20.1 ;
    %jmp T_20;
    .thread T_20;
    .scope S_0x17f2970;
T_21 ;
    %pushi/vec4 0, 0, 32;
    %store/vec4 v0x17f3be0_0, 0, 32;
    %pushi/vec4 64659, 0, 32;
    %store/vec4 v0x17f2ec0_0, 0, 32;
    %pushi/vec4 8192, 0, 32;
    %store/vec4 v0x17f37c0_0, 0, 32;
    %pushi/vec4 8192, 0, 32;
    %store/vec4 v0x17f3d90_0, 0, 32;
    %pushi/vec4 256, 0, 32;
    %store/vec4 v0x17f33d0_0, 0, 32;
    %end;
    .thread T_21, $init;
    .scope S_0x17f2970;
T_22 ;
    %wait E_0x17e6590;
    %load/vec4 v0x17f3b40_0;
    %flag_set/vec4 8;
    %jmp/0xz  T_22.0, 8;
    %pushi/vec4 0, 0, 8;
    %assign/vec4 v0x17f3980_0, 0;
    %pushi/vec4 0, 0, 1;
    %assign/vec4 v0x17f3700_0, 0;
    %pushi/vec4 0, 0, 32;
    %assign/vec4 v0x17f3060_0, 0;
    %jmp T_22.1;
T_22.0 ;
    %load/vec4 v0x17f3a60_0;
    %dup/vec4;
    %pushi/vec4 0, 0, 8;
    %cmp/u;
    %jmp/1 T_22.2, 6;
    %dup/vec4;
    %pushi/vec4 1, 0, 8;
    %cmp/u;
    %jmp/1 T_22.3, 6;
    %dup/vec4;
    %pushi/vec4 2, 0, 8;
    %cmp/u;
    %jmp/1 T_22.4, 6;
    %jmp T_22.5;
T_22.2 ;
    %pushi/vec4 0, 0, 1;
    %assign/vec4 v0x17f3700_0, 0;
    %pushi/vec4 1, 0, 8;
    %assign/vec4 v0x17f3980_0, 0;
    %jmp T_22.5;
T_22.3 ;
    %pushi/vec4 0, 0, 32;
    %store/vec4 v0x17f2fa0_0, 0, 32;
    %pushi/vec4 0, 0, 32;
    %store/vec4 v0x17f38a0_0, 0, 32;
T_22.6 ;
    %load/vec4 v0x17f38a0_0;
    %cmpi/s 8, 0, 32;
    %jmp/0xz T_22.7, 5;
    %load/vec4 v0x17f2fa0_0;
    %load/vec4 v0x17f3620_0;
    %load/vec4 v0x17f38a0_0;
    %part/s 1;
    %pad/u 32;
    %load/vec4 v0x17f3d90_0;
    %mul;
    %add;
    %store/vec4 v0x17f2fa0_0, 0, 32;
    ; show_stmt_assign_vector: Get l-value for compressed += operand
    %load/vec4 v0x17f38a0_0;
    %pushi/vec4 1, 0, 32;
    %add;
    %store/vec4 v0x17f38a0_0, 0, 32;
    %jmp T_22.6;
T_22.7 ;
    %load/vec4 v0x17f2fa0_0;
    %assign/vec4 v0x17f3060_0, 0;
    %pushi/vec4 0, 0, 32;
    %store/vec4 v0x17f3230_0, 0, 32;
    %pushi/vec4 0, 0, 32;
    %store/vec4 v0x17f34b0_0, 0, 32;
T_22.8 ;
    %load/vec4 v0x17f34b0_0;
    %cmpi/s 32, 0, 32;
    %jmp/0xz T_22.9, 5;
    %load/vec4 v0x17f3230_0;
    %load/vec4 v0x17f3310_0;
    %load/vec4 v0x17f34b0_0;
    %part/s 1;
    %pad/u 32;
    %load/vec4 v0x17f33d0_0;
    %mul;
    %add;
    %store/vec4 v0x17f3230_0, 0, 32;
    ; show_stmt_assign_vector: Get l-value for compressed += operand
    %load/vec4 v0x17f34b0_0;
    %pushi/vec4 1, 0, 32;
    %add;
    %store/vec4 v0x17f34b0_0, 0, 32;
    %jmp T_22.8;
T_22.9 ;
    %load/vec4 v0x17f3060_0;
    %load/vec4 v0x17f3230_0;
    %add;
    %cmpi/s 0, 0, 32;
    %flag_or 5, 4; GT is !LE
    %flag_inv 5;
    %jmp/0xz  T_22.10, 5;
    %load/vec4 v0x17f3be0_0;
    %load/vec4 v0x17f3060_0;
    %add;
    %load/vec4 v0x17f3230_0;
    %add;
    %assign/vec4 v0x17f3be0_0, 0;
    %jmp T_22.11;
T_22.10 ;
    %load/vec4 v0x17f3be0_0;
    %cmpi/s 0, 0, 32;
    %flag_or 5, 4; GT is !LE
    %flag_inv 5;
    %jmp/0xz  T_22.12, 5;
    %load/vec4 v0x17f3be0_0;
    %load/vec4 v0x17f37c0_0;
    %sub;
    %assign/vec4 v0x17f3be0_0, 0;
    %load/vec4 v0x17f3be0_0;
    %cmpi/s 0, 0, 32;
    %jmp/0xz  T_22.14, 5;
    %pushi/vec4 0, 0, 32;
    %assign/vec4 v0x17f3be0_0, 0;
T_22.14 ;
T_22.12 ;
T_22.11 ;
    %load/vec4 v0x17f3be0_0;
    %assign/vec4 v0x17f2dc0_0, 0;
    %load/vec4 v0x17f2ec0_0;
    %load/vec4 v0x17f3be0_0;
    %cmp/s;
    %flag_or 5, 4;
    %jmp/0xz  T_22.16, 5;
    %pushi/vec4 2, 0, 8;
    %assign/vec4 v0x17f3980_0, 0;
T_22.16 ;
    %jmp T_22.5;
T_22.4 ;
    %pushi/vec4 0, 0, 32;
    %assign/vec4 v0x17f3be0_0, 0;
    %pushi/vec4 0, 0, 32;
    %assign/vec4 v0x17f2dc0_0, 0;
    %pushi/vec4 1, 0, 1;
    %assign/vec4 v0x17f3700_0, 0;
    %pushi/vec4 0, 0, 8;
    %assign/vec4 v0x17f3980_0, 0;
    %jmp T_22.5;
T_22.5 ;
    %pop/vec4 1;
T_22.1 ;
    %jmp T_22;
    .thread T_22;
    .scope S_0x17e77a0;
T_23 ;
    %pushi/vec4 0, 0, 32;
    %store/vec4 v0x17e8a30_0, 0, 32;
    %pushi/vec4 64659, 0, 32;
    %store/vec4 v0x17e7d20_0, 0, 32;
    %pushi/vec4 8192, 0, 32;
    %store/vec4 v0x17e8610_0, 0, 32;
    %pushi/vec4 8192, 0, 32;
    %store/vec4 v0x17e8be0_0, 0, 32;
    %pushi/vec4 256, 0, 32;
    %store/vec4 v0x17e8240_0, 0, 32;
    %end;
    .thread T_23, $init;
    .scope S_0x17e77a0;
T_24 ;
    %wait E_0x17e6590;
    %load/vec4 v0x17e8990_0;
    %flag_set/vec4 8;
    %jmp/0xz  T_24.0, 8;
    %pushi/vec4 0, 0, 8;
    %assign/vec4 v0x17e87d0_0, 0;
    %pushi/vec4 0, 0, 1;
    %assign/vec4 v0x17e8550_0, 0;
    %pushi/vec4 0, 0, 32;
    %assign/vec4 v0x17e7ec0_0, 0;
    %jmp T_24.1;
T_24.0 ;
    %load/vec4 v0x17e88b0_0;
    %dup/vec4;
    %pushi/vec4 0, 0, 8;
    %cmp/u;
    %jmp/1 T_24.2, 6;
    %dup/vec4;
    %pushi/vec4 1, 0, 8;
    %cmp/u;
    %jmp/1 T_24.3, 6;
    %dup/vec4;
    %pushi/vec4 2, 0, 8;
    %cmp/u;
    %jmp/1 T_24.4, 6;
    %jmp T_24.5;
T_24.2 ;
    %pushi/vec4 0, 0, 1;
    %assign/vec4 v0x17e8550_0, 0;
    %pushi/vec4 1, 0, 8;
    %assign/vec4 v0x17e87d0_0, 0;
    %jmp T_24.5;
T_24.3 ;
    %pushi/vec4 0, 0, 32;
    %store/vec4 v0x17e7e00_0, 0, 32;
    %pushi/vec4 0, 0, 32;
    %store/vec4 v0x17e86f0_0, 0, 32;
T_24.6 ;
    %load/vec4 v0x17e86f0_0;
    %cmpi/s 8, 0, 32;
    %jmp/0xz T_24.7, 5;
    %load/vec4 v0x17e7e00_0;
    %load/vec4 v0x17e8470_0;
    %load/vec4 v0x17e86f0_0;
    %part/s 1;
    %pad/u 32;
    %load/vec4 v0x17e8be0_0;
    %mul;
    %add;
    %store/vec4 v0x17e7e00_0, 0, 32;
    ; show_stmt_assign_vector: Get l-value for compressed += operand
    %load/vec4 v0x17e86f0_0;
    %pushi/vec4 1, 0, 32;
    %add;
    %store/vec4 v0x17e86f0_0, 0, 32;
    %jmp T_24.6;
T_24.7 ;
    %load/vec4 v0x17e7e00_0;
    %assign/vec4 v0x17e7ec0_0, 0;
    %pushi/vec4 0, 0, 32;
    %store/vec4 v0x17e8090_0, 0, 32;
    %pushi/vec4 0, 0, 32;
    %store/vec4 v0x17e8300_0, 0, 32;
T_24.8 ;
    %load/vec4 v0x17e8300_0;
    %cmpi/s 32, 0, 32;
    %jmp/0xz T_24.9, 5;
    %load/vec4 v0x17e8090_0;
    %load/vec4 v0x17e8150_0;
    %load/vec4 v0x17e8300_0;
    %part/s 1;
    %pad/u 32;
    %load/vec4 v0x17e8240_0;
    %mul;
    %add;
    %store/vec4 v0x17e8090_0, 0, 32;
    ; show_stmt_assign_vector: Get l-value for compressed += operand
    %load/vec4 v0x17e8300_0;
    %pushi/vec4 1, 0, 32;
    %add;
    %store/vec4 v0x17e8300_0, 0, 32;
    %jmp T_24.8;
T_24.9 ;
    %load/vec4 v0x17e7ec0_0;
    %load/vec4 v0x17e8090_0;
    %add;
    %cmpi/s 0, 0, 32;
    %flag_or 5, 4; GT is !LE
    %flag_inv 5;
    %jmp/0xz  T_24.10, 5;
    %load/vec4 v0x17e8a30_0;
    %load/vec4 v0x17e7ec0_0;
    %add;
    %load/vec4 v0x17e8090_0;
    %add;
    %assign/vec4 v0x17e8a30_0, 0;
    %jmp T_24.11;
T_24.10 ;
    %load/vec4 v0x17e8a30_0;
    %cmpi/s 0, 0, 32;
    %flag_or 5, 4; GT is !LE
    %flag_inv 5;
    %jmp/0xz  T_24.12, 5;
    %load/vec4 v0x17e8a30_0;
    %load/vec4 v0x17e8610_0;
    %sub;
    %assign/vec4 v0x17e8a30_0, 0;
    %load/vec4 v0x17e8a30_0;
    %cmpi/s 0, 0, 32;
    %jmp/0xz  T_24.14, 5;
    %pushi/vec4 0, 0, 32;
    %assign/vec4 v0x17e8a30_0, 0;
T_24.14 ;
T_24.12 ;
T_24.11 ;
    %load/vec4 v0x17e8a30_0;
    %assign/vec4 v0x17e7c20_0, 0;
    %load/vec4 v0x17e7d20_0;
    %load/vec4 v0x17e8a30_0;
    %cmp/s;
    %flag_or 5, 4;
    %jmp/0xz  T_24.16, 5;
    %pushi/vec4 2, 0, 8;
    %assign/vec4 v0x17e87d0_0, 0;
T_24.16 ;
    %jmp T_24.5;
T_24.4 ;
    %pushi/vec4 0, 0, 32;
    %assign/vec4 v0x17e8a30_0, 0;
    %pushi/vec4 0, 0, 32;
    %assign/vec4 v0x17e7c20_0, 0;
    %pushi/vec4 1, 0, 1;
    %assign/vec4 v0x17e8550_0, 0;
    %pushi/vec4 0, 0, 8;
    %assign/vec4 v0x17e87d0_0, 0;
    %jmp T_24.5;
T_24.5 ;
    %pop/vec4 1;
T_24.1 ;
    %jmp T_24;
    .thread T_24;
    .scope S_0x17aaf50;
T_25 ;
    %pushi/vec4 0, 0, 1;
    %store/vec4 v0x17f5d40_0, 0, 1;
    %pushi/vec4 0, 0, 32;
    %store/vec4 v0x17f5e80_0, 0, 32;
    %end;
    .thread T_25, $init;
    .scope S_0x17aaf50;
T_26 ;
    %vpi_func 3 130 "$fopen" 32, "output_waveforms.csv", "w" {0 0 0};
    %store/vec4 v0x17f5de0_0, 0, 32;
    %load/vec4 v0x17f5de0_0;
    %nor/r;
    %flag_set/vec4 8;
    %jmp/0xz  T_26.0, 8;
    %vpi_call/w 3 132 "$display", "Error: Could not open CSV file for writing." {0 0 0};
    %vpi_call/w 3 133 "$finish" {0 0 0};
T_26.0 ;
    %vpi_call/w 3 137 "$fwrite", v0x17f5de0_0, "Time (ns), NARMA Output (Float), Bits\012" {0 0 0};
    %vpi_call/w 3 140 "$dumpfile", "tb_top_level_narma_system.vcd" {0 0 0};
    %vpi_call/w 3 141 "$dumpvars", 32'sb00000000000000000000000000000000, S_0x17aaf50 {0 0 0};
    %pushi/vec4 1, 0, 1;
    %store/vec4 v0x17f61b0_0, 0, 1;
    %delay 5000, 0;
    %pushi/vec4 0, 0, 1;
    %store/vec4 v0x17f61b0_0, 0, 1;
    %delay 20000000, 0;
    %vpi_call/w 3 153 "$fclose", v0x17f5de0_0 {0 0 0};
    %vpi_call/w 3 156 "$finish" {0 0 0};
    %end;
    .thread T_26;
    .scope S_0x17aaf50;
T_27 ;
    %delay 50000, 0;
    %load/vec4 v0x17f5d40_0;
    %inv;
    %store/vec4 v0x17f5d40_0, 0, 1;
    %load/vec4 v0x17f6020_0;
    %store/vec4 v0x17f5e80_0, 0, 32;
    %pushi/vec4 0, 0, 7;
    %load/vec4 v0x17f5f40_0;
    %parti/s 1, 9, 5;
    %concat/vec4; draw_concat_vec4
    %store/vec4 v0x17f6360_0, 0, 8;
    %pushi/vec4 0, 0, 7;
    %load/vec4 v0x17f5f40_0;
    %parti/s 1, 0, 2;
    %concat/vec4; draw_concat_vec4
    %store/vec4 v0x17f64a0_0, 0, 8;
    %pushi/vec4 0, 0, 7;
    %load/vec4 v0x17f5f40_0;
    %parti/s 1, 1, 2;
    %concat/vec4; draw_concat_vec4
    %store/vec4 v0x17f6570_0, 0, 8;
    %pushi/vec4 0, 0, 7;
    %load/vec4 v0x17f5f40_0;
    %parti/s 1, 2, 3;
    %concat/vec4; draw_concat_vec4
    %store/vec4 v0x17f6640_0, 0, 8;
    %pushi/vec4 0, 0, 7;
    %load/vec4 v0x17f5f40_0;
    %parti/s 1, 3, 3;
    %concat/vec4; draw_concat_vec4
    %store/vec4 v0x17f6710_0, 0, 8;
    %pushi/vec4 0, 0, 7;
    %load/vec4 v0x17f5f40_0;
    %parti/s 1, 4, 4;
    %concat/vec4; draw_concat_vec4
    %store/vec4 v0x17f67e0_0, 0, 8;
    %pushi/vec4 0, 0, 7;
    %load/vec4 v0x17f5f40_0;
    %parti/s 1, 5, 4;
    %concat/vec4; draw_concat_vec4
    %store/vec4 v0x17f68b0_0, 0, 8;
    %pushi/vec4 0, 0, 7;
    %load/vec4 v0x17f5f40_0;
    %parti/s 1, 6, 4;
    %concat/vec4; draw_concat_vec4
    %store/vec4 v0x17f6980_0, 0, 8;
    %pushi/vec4 0, 0, 7;
    %load/vec4 v0x17f5f40_0;
    %parti/s 1, 7, 4;
    %concat/vec4; draw_concat_vec4
    %store/vec4 v0x17f6a50_0, 0, 8;
    %pushi/vec4 0, 0, 7;
    %load/vec4 v0x17f5f40_0;
    %parti/s 1, 8, 5;
    %concat/vec4; draw_concat_vec4
    %store/vec4 v0x17f6400_0, 0, 8;
    %jmp T_27;
    .thread T_27;
    .scope S_0x17aaf50;
T_28 ;
    %wait E_0x17661f0;
    %load/vec4 v0x17f61b0_0;
    %nor/r;
    %flag_set/vec4 8;
    %jmp/0xz  T_28.0, 8;
    %load/vec4 v0x17f6110_0;
    %store/vec4 v0x17e57d0_0, 0, 16;
    %callf/real TD_tb_top_level_narma_system.convert_to_real, S_0x17b8c00;
    %vpi_call/w 3 180 "$display", "Time = %0t ns, NARMA Output as float = %f", $time, W<0,r> {0 1 0};
    %load/vec4 v0x17f6110_0;
    %store/vec4 v0x17e57d0_0, 0, 16;
    %callf/real TD_tb_top_level_narma_system.convert_to_real, S_0x17b8c00;
    %vpi_call/w 3 181 "$fwrite", v0x17f5de0_0, "%0t,%f,%0b\012", $time, W<0,r>, v0x17f5e80_0 {0 1 0};
T_28.0 ;
    %jmp T_28;
    .thread T_28;
# The file index is used to find the file name in the following table.
:file_names 5;
    "N/A";
    "<interactive>";
    "-";
    "testbench.sv";
    "design.sv";
